gcc-12.2.0 loaded successful
WARNING: underlay of /etc/localtime required more than 50 (88) bind mounts
WARNING: underlay of /usr/bin/nvidia-smi required more than 50 (410) bind mounts
W1102 17:07:45.375545 37838 torch/distributed/run.py:792] 
W1102 17:07:45.375545 37838 torch/distributed/run.py:792] *****************************************
W1102 17:07:45.375545 37838 torch/distributed/run.py:792] Setting OMP_NUM_THREADS environment variable for each process to be 1 in default, to avoid your system being overloaded, please further tune the variable for optimal performance in your application as needed. 
W1102 17:07:45.375545 37838 torch/distributed/run.py:792] *****************************************
2025-11-02 17:08:07.574671: E external/local_xla/xla/stream_executor/cuda/cuda_fft.cc:467] Unable to register cuFFT factory: Attempting to register factory for plugin cuFFT when one has already been registered
2025-11-02 17:08:07.574675: E external/local_xla/xla/stream_executor/cuda/cuda_fft.cc:467] Unable to register cuFFT factory: Attempting to register factory for plugin cuFFT when one has already been registered
2025-11-02 17:08:07.574672: E external/local_xla/xla/stream_executor/cuda/cuda_fft.cc:467] Unable to register cuFFT factory: Attempting to register factory for plugin cuFFT when one has already been registered
2025-11-02 17:08:07.574677: E external/local_xla/xla/stream_executor/cuda/cuda_fft.cc:467] Unable to register cuFFT factory: Attempting to register factory for plugin cuFFT when one has already been registered
2025-11-02 17:08:07.574682: E external/local_xla/xla/stream_executor/cuda/cuda_fft.cc:467] Unable to register cuFFT factory: Attempting to register factory for plugin cuFFT when one has already been registered
2025-11-02 17:08:07.574674: E external/local_xla/xla/stream_executor/cuda/cuda_fft.cc:467] Unable to register cuFFT factory: Attempting to register factory for plugin cuFFT when one has already been registered
2025-11-02 17:08:07.574676: E external/local_xla/xla/stream_executor/cuda/cuda_fft.cc:467] Unable to register cuFFT factory: Attempting to register factory for plugin cuFFT when one has already been registered
2025-11-02 17:08:07.574678: E external/local_xla/xla/stream_executor/cuda/cuda_fft.cc:467] Unable to register cuFFT factory: Attempting to register factory for plugin cuFFT when one has already been registered
WARNING: All log messages before absl::InitializeLog() is called are written to STDERR
WARNING: All log messages before absl::InitializeLog() is called are written to STDERR
WARNING: All log messages before absl::InitializeLog() is called are written to STDERR
WARNING: All log messages before absl::InitializeLog() is called are written to STDERR
WARNING: All log messages before absl::InitializeLog() is called are written to STDERR
WARNING: All log messages before absl::InitializeLog() is called are written to STDERR
WARNING: All log messages before absl::InitializeLog() is called are written to STDERR
WARNING: All log messages before absl::InitializeLog() is called are written to STDERR
E0000 00:00:1762074487.867806   37849 cuda_dnn.cc:8579] Unable to register cuDNN factory: Attempting to register factory for plugin cuDNN when one has already been registered
E0000 00:00:1762074487.867823   37847 cuda_dnn.cc:8579] Unable to register cuDNN factory: Attempting to register factory for plugin cuDNN when one has already been registered
E0000 00:00:1762074487.867819   37848 cuda_dnn.cc:8579] Unable to register cuDNN factory: Attempting to register factory for plugin cuDNN when one has already been registered
E0000 00:00:1762074487.867812   37850 cuda_dnn.cc:8579] Unable to register cuDNN factory: Attempting to register factory for plugin cuDNN when one has already been registered
E0000 00:00:1762074487.867814   37845 cuda_dnn.cc:8579] Unable to register cuDNN factory: Attempting to register factory for plugin cuDNN when one has already been registered
E0000 00:00:1762074487.867810   37843 cuda_dnn.cc:8579] Unable to register cuDNN factory: Attempting to register factory for plugin cuDNN when one has already been registered
E0000 00:00:1762074487.867819   37844 cuda_dnn.cc:8579] Unable to register cuDNN factory: Attempting to register factory for plugin cuDNN when one has already been registered
E0000 00:00:1762074487.867808   37846 cuda_dnn.cc:8579] Unable to register cuDNN factory: Attempting to register factory for plugin cuDNN when one has already been registered
E0000 00:00:1762074488.522737   37847 cuda_blas.cc:1407] Unable to register cuBLAS factory: Attempting to register factory for plugin cuBLAS when one has already been registered
E0000 00:00:1762074488.522738   37843 cuda_blas.cc:1407] Unable to register cuBLAS factory: Attempting to register factory for plugin cuBLAS when one has already been registered
E0000 00:00:1762074488.522739   37845 cuda_blas.cc:1407] Unable to register cuBLAS factory: Attempting to register factory for plugin cuBLAS when one has already been registered
E0000 00:00:1762074488.522738   37850 cuda_blas.cc:1407] Unable to register cuBLAS factory: Attempting to register factory for plugin cuBLAS when one has already been registered
E0000 00:00:1762074488.522741   37848 cuda_blas.cc:1407] Unable to register cuBLAS factory: Attempting to register factory for plugin cuBLAS when one has already been registered
E0000 00:00:1762074488.522744   37846 cuda_blas.cc:1407] Unable to register cuBLAS factory: Attempting to register factory for plugin cuBLAS when one has already been registered
E0000 00:00:1762074488.522747   37844 cuda_blas.cc:1407] Unable to register cuBLAS factory: Attempting to register factory for plugin cuBLAS when one has already been registered
E0000 00:00:1762074488.522745   37849 cuda_blas.cc:1407] Unable to register cuBLAS factory: Attempting to register factory for plugin cuBLAS when one has already been registered
W0000 00:00:1762074491.955731   37844 computation_placer.cc:177] computation placer already registered. Please check linkage and avoid linking the same target more than once.
W0000 00:00:1762074491.955732   37848 computation_placer.cc:177] computation placer already registered. Please check linkage and avoid linking the same target more than once.
W0000 00:00:1762074491.955732   37843 computation_placer.cc:177] computation placer already registered. Please check linkage and avoid linking the same target more than once.
W0000 00:00:1762074491.955737   37847 computation_placer.cc:177] computation placer already registered. Please check linkage and avoid linking the same target more than once.
W0000 00:00:1762074491.955732   37846 computation_placer.cc:177] computation placer already registered. Please check linkage and avoid linking the same target more than once.
W0000 00:00:1762074491.955731   37850 computation_placer.cc:177] computation placer already registered. Please check linkage and avoid linking the same target more than once.
W0000 00:00:1762074491.955739   37849 computation_placer.cc:177] computation placer already registered. Please check linkage and avoid linking the same target more than once.
W0000 00:00:1762074491.955779   37844 computation_placer.cc:177] computation placer already registered. Please check linkage and avoid linking the same target more than once.
W0000 00:00:1762074491.955756   37845 computation_placer.cc:177] computation placer already registered. Please check linkage and avoid linking the same target more than once.
W0000 00:00:1762074491.955803   37848 computation_placer.cc:177] computation placer already registered. Please check linkage and avoid linking the same target more than once.
W0000 00:00:1762074491.955831   37843 computation_placer.cc:177] computation placer already registered. Please check linkage and avoid linking the same target more than once.
W0000 00:00:1762074491.955854   37847 computation_placer.cc:177] computation placer already registered. Please check linkage and avoid linking the same target more than once.
W0000 00:00:1762074491.955873   37846 computation_placer.cc:177] computation placer already registered. Please check linkage and avoid linking the same target more than once.
W0000 00:00:1762074491.955892   37850 computation_placer.cc:177] computation placer already registered. Please check linkage and avoid linking the same target more than once.
W0000 00:00:1762074491.955920   37849 computation_placer.cc:177] computation placer already registered. Please check linkage and avoid linking the same target more than once.
W0000 00:00:1762074491.955928   37844 computation_placer.cc:177] computation placer already registered. Please check linkage and avoid linking the same target more than once.
W0000 00:00:1762074491.955952   37845 computation_placer.cc:177] computation placer already registered. Please check linkage and avoid linking the same target more than once.
W0000 00:00:1762074491.955960   37848 computation_placer.cc:177] computation placer already registered. Please check linkage and avoid linking the same target more than once.
W0000 00:00:1762074491.955971   37843 computation_placer.cc:177] computation placer already registered. Please check linkage and avoid linking the same target more than once.
W0000 00:00:1762074491.955982   37847 computation_placer.cc:177] computation placer already registered. Please check linkage and avoid linking the same target more than once.
W0000 00:00:1762074491.955991   37846 computation_placer.cc:177] computation placer already registered. Please check linkage and avoid linking the same target more than once.
W0000 00:00:1762074491.956015   37850 computation_placer.cc:177] computation placer already registered. Please check linkage and avoid linking the same target more than once.
W0000 00:00:1762074491.956025   37849 computation_placer.cc:177] computation placer already registered. Please check linkage and avoid linking the same target more than once.
W0000 00:00:1762074491.956035   37844 computation_placer.cc:177] computation placer already registered. Please check linkage and avoid linking the same target more than once.
W0000 00:00:1762074491.956045   37845 computation_placer.cc:177] computation placer already registered. Please check linkage and avoid linking the same target more than once.
W0000 00:00:1762074491.956054   37848 computation_placer.cc:177] computation placer already registered. Please check linkage and avoid linking the same target more than once.
W0000 00:00:1762074491.956064   37843 computation_placer.cc:177] computation placer already registered. Please check linkage and avoid linking the same target more than once.
W0000 00:00:1762074491.956075   37847 computation_placer.cc:177] computation placer already registered. Please check linkage and avoid linking the same target more than once.
W0000 00:00:1762074491.956083   37846 computation_placer.cc:177] computation placer already registered. Please check linkage and avoid linking the same target more than once.
W0000 00:00:1762074491.956102   37849 computation_placer.cc:177] computation placer already registered. Please check linkage and avoid linking the same target more than once.
W0000 00:00:1762074491.956120   37845 computation_placer.cc:177] computation placer already registered. Please check linkage and avoid linking the same target more than once.
W0000 00:00:1762074491.956093   37850 computation_placer.cc:177] computation placer already registered. Please check linkage and avoid linking the same target more than once.
2025-11-02 17:08:12.228093: I tensorflow/core/platform/cpu_feature_guard.cc:210] This TensorFlow binary is optimized to use available CPU instructions in performance-critical operations.
To enable the following instructions: AVX2 FMA, in other operations, rebuild TensorFlow with the appropriate compiler flags.
2025-11-02 17:08:12.228216: I tensorflow/core/platform/cpu_feature_guard.cc:210] This TensorFlow binary is optimized to use available CPU instructions in performance-critical operations.
To enable the following instructions: AVX2 FMA, in other operations, rebuild TensorFlow with the appropriate compiler flags.
2025-11-02 17:08:12.228370: I tensorflow/core/platform/cpu_feature_guard.cc:210] This TensorFlow binary is optimized to use available CPU instructions in performance-critical operations.
To enable the following instructions: AVX2 FMA, in other operations, rebuild TensorFlow with the appropriate compiler flags.
2025-11-02 17:08:12.228467: I tensorflow/core/platform/cpu_feature_guard.cc:210] This TensorFlow binary is optimized to use available CPU instructions in performance-critical operations.
To enable the following instructions: AVX2 FMA, in other operations, rebuild TensorFlow with the appropriate compiler flags.
2025-11-02 17:08:12.228493: I tensorflow/core/platform/cpu_feature_guard.cc:210] This TensorFlow binary is optimized to use available CPU instructions in performance-critical operations.
To enable the following instructions: AVX2 FMA, in other operations, rebuild TensorFlow with the appropriate compiler flags.
2025-11-02 17:08:12.228537: I tensorflow/core/platform/cpu_feature_guard.cc:210] This TensorFlow binary is optimized to use available CPU instructions in performance-critical operations.
To enable the following instructions: AVX2 FMA, in other operations, rebuild TensorFlow with the appropriate compiler flags.
2025-11-02 17:08:12.228581: I tensorflow/core/platform/cpu_feature_guard.cc:210] This TensorFlow binary is optimized to use available CPU instructions in performance-critical operations.
To enable the following instructions: AVX2 FMA, in other operations, rebuild TensorFlow with the appropriate compiler flags.
2025-11-02 17:08:12.228593: I tensorflow/core/platform/cpu_feature_guard.cc:210] This TensorFlow binary is optimized to use available CPU instructions in performance-critical operations.
To enable the following instructions: AVX2 FMA, in other operations, rebuild TensorFlow with the appropriate compiler flags.
[rank7]: Traceback (most recent call last):
[rank7]:   File "/data/run01/scw6f3q/zncao/affincraft/lib/python3.9/site-packages/torch/utils/data/dataloader.py", line 1251, in _try_get_data
[rank7]:     data = self._data_queue.get(timeout=timeout)
[rank7]:   File "/data/run01/scw6f3q/zncao/affincraft/lib/python3.9/queue.py", line 179, in get
[rank7]:     raise Empty
[rank7]: _queue.Empty

[rank7]: The above exception was the direct cause of the following exception:

[rank7]: Traceback (most recent call last):
[rank7]:   File "/data/run01/scw6f3q/zncao/affincraft/bin/fairseq-train", line 8, in <module>
[rank7]:     sys.exit(cli_main())
[rank7]:   File "/data/run01/scw6f3q/zncao/affincraft/lib/python3.9/site-packages/fairseq_cli/train.py", line 557, in cli_main
[rank7]:     distributed_utils.call_main(cfg, main)
[rank7]:   File "/data/run01/scw6f3q/zncao/affincraft/lib/python3.9/site-packages/fairseq/distributed/utils.py", line 354, in call_main
[rank7]:     distributed_main(cfg.distributed_training.device_id, main, cfg, kwargs)
[rank7]:   File "/data/run01/scw6f3q/zncao/affincraft/lib/python3.9/site-packages/fairseq/distributed/utils.py", line 328, in distributed_main
[rank7]:     main(cfg, **kwargs)
[rank7]:   File "/data/run01/scw6f3q/zncao/affincraft/lib/python3.9/site-packages/fairseq_cli/train.py", line 190, in main
[rank7]:     valid_losses, should_stop = train(cfg, trainer, task, epoch_itr)
[rank7]:   File "/data/run01/scw6f3q/zncao/affincraft/lib/python3.9/contextlib.py", line 79, in inner
[rank7]:     return func(*args, **kwds)
[rank7]:   File "/data/run01/scw6f3q/zncao/affincraft/lib/python3.9/site-packages/fairseq_cli/train.py", line 312, in train
[rank7]:     for i, samples in enumerate(progress):
[rank7]:   File "/data/run01/scw6f3q/zncao/affincraft/lib/python3.9/site-packages/fairseq/logging/progress_bar.py", line 272, in __iter__
[rank7]:     for i, obj in enumerate(self.iterable, start=self.n):
[rank7]:   File "/data/run01/scw6f3q/zncao/affincraft/lib/python3.9/site-packages/fairseq/data/iterators.py", line 57, in __next__
[rank7]:     x = next(self._itr)
[rank7]:   File "/data/run01/scw6f3q/zncao/affincraft/lib/python3.9/site-packages/fairseq/data/iterators.py", line 609, in _chunk_iterator
[rank7]:     for x in itr:
[rank7]:   File "/data/run01/scw6f3q/zncao/affincraft/lib/python3.9/site-packages/fairseq/data/iterators.py", line 57, in __next__
[rank7]:     x = next(self._itr)
[rank7]:   File "/data/run01/scw6f3q/zncao/affincraft/lib/python3.9/site-packages/fairseq/data/iterators.py", line 742, in __next__
[rank7]:     raise item
[rank7]:   File "/data/run01/scw6f3q/zncao/affincraft/lib/python3.9/site-packages/fairseq/data/iterators.py", line 672, in run
[rank7]:     for item in self._source:
[rank7]:   File "/data/run01/scw6f3q/zncao/affincraft/lib/python3.9/site-packages/torch/utils/data/dataloader.py", line 708, in __next__
[rank7]:     data = self._next_data()
[rank7]:   File "/data/run01/scw6f3q/zncao/affincraft/lib/python3.9/site-packages/torch/utils/data/dataloader.py", line 1458, in _next_data
[rank7]:     idx, data = self._get_data()
[rank7]:   File "/data/run01/scw6f3q/zncao/affincraft/lib/python3.9/site-packages/torch/utils/data/dataloader.py", line 1410, in _get_data
[rank7]:     success, data = self._try_get_data()
[rank7]:   File "/data/run01/scw6f3q/zncao/affincraft/lib/python3.9/site-packages/torch/utils/data/dataloader.py", line 1264, in _try_get_data
[rank7]:     raise RuntimeError(
[rank7]: RuntimeError: DataLoader worker (pid(s) 8403) exited unexpectedly
W1102 21:45:01.279078 37838 torch/distributed/elastic/multiprocessing/api.py:897] Sending process 37843 closing signal SIGTERM
W1102 21:45:01.286884 37838 torch/distributed/elastic/multiprocessing/api.py:897] Sending process 37844 closing signal SIGTERM
W1102 21:45:01.288292 37838 torch/distributed/elastic/multiprocessing/api.py:897] Sending process 37845 closing signal SIGTERM
W1102 21:45:01.326338 37838 torch/distributed/elastic/multiprocessing/api.py:897] Sending process 37846 closing signal SIGTERM
W1102 21:45:01.351310 37838 torch/distributed/elastic/multiprocessing/api.py:897] Sending process 37847 closing signal SIGTERM
W1102 21:45:01.353560 37838 torch/distributed/elastic/multiprocessing/api.py:897] Sending process 37848 closing signal SIGTERM
W1102 21:45:01.360249 37838 torch/distributed/elastic/multiprocessing/api.py:897] Sending process 37849 closing signal SIGTERM
E1102 21:45:18.090618 37838 torch/distributed/elastic/multiprocessing/api.py:869] failed (exitcode: 1) local_rank: 7 (pid: 37850) of binary: /data/run01/scw6f3q/zncao/affincraft/bin/python
Traceback (most recent call last):
  File "/data/run01/scw6f3q/zncao/affincraft/bin/torchrun", line 8, in <module>
    sys.exit(main())
  File "/data/run01/scw6f3q/zncao/affincraft/lib/python3.9/site-packages/torch/distributed/elastic/multiprocessing/errors/__init__.py", line 355, in wrapper
    return f(*args, **kwargs)
  File "/data/run01/scw6f3q/zncao/affincraft/lib/python3.9/site-packages/torch/distributed/run.py", line 918, in main
    run(args)
  File "/data/run01/scw6f3q/zncao/affincraft/lib/python3.9/site-packages/torch/distributed/run.py", line 909, in run
    elastic_launch(
  File "/data/run01/scw6f3q/zncao/affincraft/lib/python3.9/site-packages/torch/distributed/launcher/api.py", line 138, in __call__
    return launch_agent(self._config, self._entrypoint, list(args))
  File "/data/run01/scw6f3q/zncao/affincraft/lib/python3.9/site-packages/torch/distributed/launcher/api.py", line 269, in launch_agent
    raise ChildFailedError(
torch.distributed.elastic.multiprocessing.errors.ChildFailedError: 
============================================================
/data/run01/scw6f3q/zncao/affincraft/bin/fairseq-train FAILED
------------------------------------------------------------
Failures:
  <NO_OTHER_FAILURES>
------------------------------------------------------------
Root Cause (first observed failure):
[0]:
  time      : 2025-11-02_21:45:01
  host      : g0110.para.ai
  rank      : 7 (local_rank: 7)
  exitcode  : 1 (pid: 37850)
  error_file: <N/A>
  traceback : To enable traceback see: https://pytorch.org/docs/stable/elastic/errors.html
============================================================
