gcc-12.2.0 loaded successful
WARNING: underlay of /etc/localtime required more than 50 (88) bind mounts
WARNING: underlay of /usr/bin/nvidia-smi required more than 50 (410) bind mounts
W1013 21:27:49.012656 19401 torch/distributed/run.py:792] 
W1013 21:27:49.012656 19401 torch/distributed/run.py:792] *****************************************
W1013 21:27:49.012656 19401 torch/distributed/run.py:792] Setting OMP_NUM_THREADS environment variable for each process to be 1 in default, to avoid your system being overloaded, please further tune the variable for optimal performance in your application as needed. 
W1013 21:27:49.012656 19401 torch/distributed/run.py:792] *****************************************
2025-10-13 21:28:23.297250: E external/local_xla/xla/stream_executor/cuda/cuda_fft.cc:467] Unable to register cuFFT factory: Attempting to register factory for plugin cuFFT when one has already been registered
2025-10-13 21:28:23.297244: E external/local_xla/xla/stream_executor/cuda/cuda_fft.cc:467] Unable to register cuFFT factory: Attempting to register factory for plugin cuFFT when one has already been registered
2025-10-13 21:28:23.297223: E external/local_xla/xla/stream_executor/cuda/cuda_fft.cc:467] Unable to register cuFFT factory: Attempting to register factory for plugin cuFFT when one has already been registered
2025-10-13 21:28:23.297234: E external/local_xla/xla/stream_executor/cuda/cuda_fft.cc:467] Unable to register cuFFT factory: Attempting to register factory for plugin cuFFT when one has already been registered
2025-10-13 21:28:23.297263: E external/local_xla/xla/stream_executor/cuda/cuda_fft.cc:467] Unable to register cuFFT factory: Attempting to register factory for plugin cuFFT when one has already been registered
2025-10-13 21:28:23.297227: E external/local_xla/xla/stream_executor/cuda/cuda_fft.cc:467] Unable to register cuFFT factory: Attempting to register factory for plugin cuFFT when one has already been registered
2025-10-13 21:28:23.297226: E external/local_xla/xla/stream_executor/cuda/cuda_fft.cc:467] Unable to register cuFFT factory: Attempting to register factory for plugin cuFFT when one has already been registered
2025-10-13 21:28:23.297256: E external/local_xla/xla/stream_executor/cuda/cuda_fft.cc:467] Unable to register cuFFT factory: Attempting to register factory for plugin cuFFT when one has already been registered
WARNING: All log messages before absl::InitializeLog() is called are written to STDERR
WARNING: All log messages before absl::InitializeLog() is called are written to STDERR
WARNING: All log messages before absl::InitializeLog() is called are written to STDERR
WARNING: All log messages before absl::InitializeLog() is called are written to STDERR
WARNING: All log messages before absl::InitializeLog() is called are written to STDERR
WARNING: All log messages before absl::InitializeLog() is called are written to STDERR
WARNING: All log messages before absl::InitializeLog() is called are written to STDERR
E0000 00:00:1760362104.975722   19414 cuda_dnn.cc:8579] Unable to register cuDNN factory: Attempting to register factory for plugin cuDNN when one has already been registered
WARNING: All log messages before absl::InitializeLog() is called are written to STDERR
E0000 00:00:1760362104.975737   19412 cuda_dnn.cc:8579] Unable to register cuDNN factory: Attempting to register factory for plugin cuDNN when one has already been registered
E0000 00:00:1760362104.975750   19408 cuda_dnn.cc:8579] Unable to register cuDNN factory: Attempting to register factory for plugin cuDNN when one has already been registered
E0000 00:00:1760362104.975734   19407 cuda_dnn.cc:8579] Unable to register cuDNN factory: Attempting to register factory for plugin cuDNN when one has already been registered
E0000 00:00:1760362104.975738   19410 cuda_dnn.cc:8579] Unable to register cuDNN factory: Attempting to register factory for plugin cuDNN when one has already been registered
E0000 00:00:1760362104.975753   19409 cuda_dnn.cc:8579] Unable to register cuDNN factory: Attempting to register factory for plugin cuDNN when one has already been registered
E0000 00:00:1760362104.975742   19411 cuda_dnn.cc:8579] Unable to register cuDNN factory: Attempting to register factory for plugin cuDNN when one has already been registered
E0000 00:00:1760362104.975746   19413 cuda_dnn.cc:8579] Unable to register cuDNN factory: Attempting to register factory for plugin cuDNN when one has already been registered
E0000 00:00:1760362105.433594   19412 cuda_blas.cc:1407] Unable to register cuBLAS factory: Attempting to register factory for plugin cuBLAS when one has already been registered
E0000 00:00:1760362105.433600   19413 cuda_blas.cc:1407] Unable to register cuBLAS factory: Attempting to register factory for plugin cuBLAS when one has already been registered
E0000 00:00:1760362105.433591   19410 cuda_blas.cc:1407] Unable to register cuBLAS factory: Attempting to register factory for plugin cuBLAS when one has already been registered
E0000 00:00:1760362105.433597   19407 cuda_blas.cc:1407] Unable to register cuBLAS factory: Attempting to register factory for plugin cuBLAS when one has already been registered
E0000 00:00:1760362105.433605   19409 cuda_blas.cc:1407] Unable to register cuBLAS factory: Attempting to register factory for plugin cuBLAS when one has already been registered
E0000 00:00:1760362105.433722   19411 cuda_blas.cc:1407] Unable to register cuBLAS factory: Attempting to register factory for plugin cuBLAS when one has already been registered
E0000 00:00:1760362105.433759   19414 cuda_blas.cc:1407] Unable to register cuBLAS factory: Attempting to register factory for plugin cuBLAS when one has already been registered
E0000 00:00:1760362105.433809   19408 cuda_blas.cc:1407] Unable to register cuBLAS factory: Attempting to register factory for plugin cuBLAS when one has already been registered
W0000 00:00:1760362108.946864   19414 computation_placer.cc:177] computation placer already registered. Please check linkage and avoid linking the same target more than once.
W0000 00:00:1760362108.946857   19410 computation_placer.cc:177] computation placer already registered. Please check linkage and avoid linking the same target more than once.
W0000 00:00:1760362108.946868   19409 computation_placer.cc:177] computation placer already registered. Please check linkage and avoid linking the same target more than once.
W0000 00:00:1760362108.946877   19413 computation_placer.cc:177] computation placer already registered. Please check linkage and avoid linking the same target more than once.
W0000 00:00:1760362108.946872   19407 computation_placer.cc:177] computation placer already registered. Please check linkage and avoid linking the same target more than once.
W0000 00:00:1760362108.946884   19411 computation_placer.cc:177] computation placer already registered. Please check linkage and avoid linking the same target more than once.
W0000 00:00:1760362108.946863   19408 computation_placer.cc:177] computation placer already registered. Please check linkage and avoid linking the same target more than once.
W0000 00:00:1760362108.946886   19412 computation_placer.cc:177] computation placer already registered. Please check linkage and avoid linking the same target more than once.
W0000 00:00:1760362108.946949   19414 computation_placer.cc:177] computation placer already registered. Please check linkage and avoid linking the same target more than once.
W0000 00:00:1760362108.946963   19410 computation_placer.cc:177] computation placer already registered. Please check linkage and avoid linking the same target more than once.
W0000 00:00:1760362108.946978   19409 computation_placer.cc:177] computation placer already registered. Please check linkage and avoid linking the same target more than once.
W0000 00:00:1760362108.947017   19413 computation_placer.cc:177] computation placer already registered. Please check linkage and avoid linking the same target more than once.
W0000 00:00:1760362108.947031   19407 computation_placer.cc:177] computation placer already registered. Please check linkage and avoid linking the same target more than once.
W0000 00:00:1760362108.947061   19411 computation_placer.cc:177] computation placer already registered. Please check linkage and avoid linking the same target more than once.
W0000 00:00:1760362108.947078   19408 computation_placer.cc:177] computation placer already registered. Please check linkage and avoid linking the same target more than once.
W0000 00:00:1760362108.947108   19412 computation_placer.cc:177] computation placer already registered. Please check linkage and avoid linking the same target more than once.
W0000 00:00:1760362108.947118   19414 computation_placer.cc:177] computation placer already registered. Please check linkage and avoid linking the same target more than once.
W0000 00:00:1760362108.947123   19410 computation_placer.cc:177] computation placer already registered. Please check linkage and avoid linking the same target more than once.
W0000 00:00:1760362108.947130   19409 computation_placer.cc:177] computation placer already registered. Please check linkage and avoid linking the same target more than once.
W0000 00:00:1760362108.947141   19413 computation_placer.cc:177] computation placer already registered. Please check linkage and avoid linking the same target more than once.
W0000 00:00:1760362108.947147   19407 computation_placer.cc:177] computation placer already registered. Please check linkage and avoid linking the same target more than once.
W0000 00:00:1760362108.947172   19411 computation_placer.cc:177] computation placer already registered. Please check linkage and avoid linking the same target more than once.
W0000 00:00:1760362108.947178   19408 computation_placer.cc:177] computation placer already registered. Please check linkage and avoid linking the same target more than once.
W0000 00:00:1760362108.947189   19412 computation_placer.cc:177] computation placer already registered. Please check linkage and avoid linking the same target more than once.
W0000 00:00:1760362108.947201   19414 computation_placer.cc:177] computation placer already registered. Please check linkage and avoid linking the same target more than once.
W0000 00:00:1760362108.947206   19410 computation_placer.cc:177] computation placer already registered. Please check linkage and avoid linking the same target more than once.
W0000 00:00:1760362108.947212   19409 computation_placer.cc:177] computation placer already registered. Please check linkage and avoid linking the same target more than once.
W0000 00:00:1760362108.947223   19413 computation_placer.cc:177] computation placer already registered. Please check linkage and avoid linking the same target more than once.
W0000 00:00:1760362108.947229   19407 computation_placer.cc:177] computation placer already registered. Please check linkage and avoid linking the same target more than once.
W0000 00:00:1760362108.947240   19411 computation_placer.cc:177] computation placer already registered. Please check linkage and avoid linking the same target more than once.
W0000 00:00:1760362108.947245   19408 computation_placer.cc:177] computation placer already registered. Please check linkage and avoid linking the same target more than once.
W0000 00:00:1760362108.947255   19412 computation_placer.cc:177] computation placer already registered. Please check linkage and avoid linking the same target more than once.
2025-10-13 21:28:29.246561: I tensorflow/core/platform/cpu_feature_guard.cc:210] This TensorFlow binary is optimized to use available CPU instructions in performance-critical operations.
To enable the following instructions: AVX2 FMA, in other operations, rebuild TensorFlow with the appropriate compiler flags.
2025-10-13 21:28:29.246559: I tensorflow/core/platform/cpu_feature_guard.cc:210] This TensorFlow binary is optimized to use available CPU instructions in performance-critical operations.
To enable the following instructions: AVX2 FMA, in other operations, rebuild TensorFlow with the appropriate compiler flags.
2025-10-13 21:28:29.246571: I tensorflow/core/platform/cpu_feature_guard.cc:210] This TensorFlow binary is optimized to use available CPU instructions in performance-critical operations.
To enable the following instructions: AVX2 FMA, in other operations, rebuild TensorFlow with the appropriate compiler flags.
2025-10-13 21:28:29.246566: I tensorflow/core/platform/cpu_feature_guard.cc:210] This TensorFlow binary is optimized to use available CPU instructions in performance-critical operations.
To enable the following instructions: AVX2 FMA, in other operations, rebuild TensorFlow with the appropriate compiler flags.
2025-10-13 21:28:29.246582: I tensorflow/core/platform/cpu_feature_guard.cc:210] This TensorFlow binary is optimized to use available CPU instructions in performance-critical operations.
To enable the following instructions: AVX2 FMA, in other operations, rebuild TensorFlow with the appropriate compiler flags.
2025-10-13 21:28:29.246573: I tensorflow/core/platform/cpu_feature_guard.cc:210] This TensorFlow binary is optimized to use available CPU instructions in performance-critical operations.
To enable the following instructions: AVX2 FMA, in other operations, rebuild TensorFlow with the appropriate compiler flags.
2025-10-13 21:28:29.246589: I tensorflow/core/platform/cpu_feature_guard.cc:210] This TensorFlow binary is optimized to use available CPU instructions in performance-critical operations.
To enable the following instructions: AVX2 FMA, in other operations, rebuild TensorFlow with the appropriate compiler flags.
2025-10-13 21:28:29.246592: I tensorflow/core/platform/cpu_feature_guard.cc:210] This TensorFlow binary is optimized to use available CPU instructions in performance-critical operations.
To enable the following instructions: AVX2 FMA, in other operations, rebuild TensorFlow with the appropriate compiler flags.
[rank2]: Traceback (most recent call last):
[rank2]:   File "/data/run01/scw6f3q/zncao/affincraft/bin/fairseq-train", line 8, in <module>
[rank2]:     sys.exit(cli_main())
[rank2]:   File "/data/run01/scw6f3q/zncao/affincraft/lib/python3.9/site-packages/fairseq_cli/train.py", line 557, in cli_main
[rank2]:     distributed_utils.call_main(cfg, main)
[rank2]:   File "/data/run01/scw6f3q/zncao/affincraft/lib/python3.9/site-packages/fairseq/distributed/utils.py", line 354, in call_main
[rank2]:     distributed_main(cfg.distributed_training.device_id, main, cfg, kwargs)
[rank2]:   File "/data/run01/scw6f3q/zncao/affincraft/lib/python3.9/site-packages/fairseq/distributed/utils.py", line 328, in distributed_main
[rank2]:     main(cfg, **kwargs)
[rank2]:   File "/data/run01/scw6f3q/zncao/affincraft/lib/python3.9/site-packages/fairseq_cli/train.py", line 190, in main
[rank2]:     valid_losses, should_stop = train(cfg, trainer, task, epoch_itr)
[rank2]:   File "/data/run01/scw6f3q/zncao/affincraft/lib/python3.9/contextlib.py", line 79, in inner
[rank2]:     return func(*args, **kwds)
[rank2]:   File "/data/run01/scw6f3q/zncao/affincraft/lib/python3.9/site-packages/fairseq_cli/train.py", line 316, in train
[rank2]:     log_output = trainer.train_step(samples)
[rank2]:   File "/data/run01/scw6f3q/zncao/affincraft/lib/python3.9/contextlib.py", line 79, in inner
[rank2]:     return func(*args, **kwds)
[rank2]:   File "/data/run01/scw6f3q/zncao/affincraft/lib/python3.9/site-packages/fairseq/trainer.py", line 1067, in train_step
[rank2]:     logging_output = self._reduce_and_log_stats(
[rank2]:   File "/data/run01/scw6f3q/zncao/affincraft/lib/python3.9/site-packages/fairseq/trainer.py", line 1510, in _reduce_and_log_stats
[rank2]:     self.task.reduce_metrics(logging_outputs, self.get_criterion())
[rank2]:   File "/data/run01/scw6f3q/zncao/affincraft/lib/python3.9/site-packages/fairseq/tasks/fairseq_task.py", line 596, in reduce_metrics
[rank2]:     criterion.__class__.reduce_metrics(logging_outputs)
[rank2]:   File "/data/run01/scw6f3q/zncao/affincraft/lib/python3.9/site-packages/fairseq/criterions/fairseq_criterion.py", line 90, in reduce_metrics
[rank2]:     agg_logging_outputs = cls.aggregate_logging_outputs(logging_outputs)
[rank2]:   File "/data/run01/scw6f3q/zncao/affincraft/lib/python3.9/site-packages/fairseq/criterions/fairseq_criterion.py", line 81, in aggregate_logging_outputs
[rank2]:     raise NotImplementedError
[rank2]: NotImplementedError
[rank5]: Traceback (most recent call last):
[rank5]:   File "/data/run01/scw6f3q/zncao/affincraft/bin/fairseq-train", line 8, in <module>
[rank5]:     sys.exit(cli_main())
[rank5]:   File "/data/run01/scw6f3q/zncao/affincraft/lib/python3.9/site-packages/fairseq_cli/train.py", line 557, in cli_main
[rank5]:     distributed_utils.call_main(cfg, main)
[rank5]:   File "/data/run01/scw6f3q/zncao/affincraft/lib/python3.9/site-packages/fairseq/distributed/utils.py", line 354, in call_main
[rank5]:     distributed_main(cfg.distributed_training.device_id, main, cfg, kwargs)
[rank5]:   File "/data/run01/scw6f3q/zncao/affincraft/lib/python3.9/site-packages/fairseq/distributed/utils.py", line 328, in distributed_main
[rank5]:     main(cfg, **kwargs)
[rank5]:   File "/data/run01/scw6f3q/zncao/affincraft/lib/python3.9/site-packages/fairseq_cli/train.py", line 190, in main
[rank5]:     valid_losses, should_stop = train(cfg, trainer, task, epoch_itr)
[rank5]:   File "/data/run01/scw6f3q/zncao/affincraft/lib/python3.9/contextlib.py", line 79, in inner
[rank5]:     return func(*args, **kwds)
[rank5]:   File "/data/run01/scw6f3q/zncao/affincraft/lib/python3.9/site-packages/fairseq_cli/train.py", line 316, in train
[rank5]:     log_output = trainer.train_step(samples)
[rank5]:   File "/data/run01/scw6f3q/zncao/affincraft/lib/python3.9/contextlib.py", line 79, in inner
[rank5]:     return func(*args, **kwds)
[rank5]:   File "/data/run01/scw6f3q/zncao/affincraft/lib/python3.9/site-packages/fairseq/trainer.py", line 1067, in train_step
[rank5]:     logging_output = self._reduce_and_log_stats(
[rank5]:   File "/data/run01/scw6f3q/zncao/affincraft/lib/python3.9/site-packages/fairseq/trainer.py", line 1510, in _reduce_and_log_stats
[rank5]:     self.task.reduce_metrics(logging_outputs, self.get_criterion())
[rank5]:   File "/data/run01/scw6f3q/zncao/affincraft/lib/python3.9/site-packages/fairseq/tasks/fairseq_task.py", line 596, in reduce_metrics
[rank5]:     criterion.__class__.reduce_metrics(logging_outputs)
[rank5]:   File "/data/run01/scw6f3q/zncao/affincraft/lib/python3.9/site-packages/fairseq/criterions/fairseq_criterion.py", line 90, in reduce_metrics
[rank5]:     agg_logging_outputs = cls.aggregate_logging_outputs(logging_outputs)
[rank5]:   File "/data/run01/scw6f3q/zncao/affincraft/lib/python3.9/site-packages/fairseq/criterions/fairseq_criterion.py", line 81, in aggregate_logging_outputs
[rank5]:     raise NotImplementedError
[rank5]: NotImplementedError
[rank7]: Traceback (most recent call last):
[rank7]:   File "/data/run01/scw6f3q/zncao/affincraft/bin/fairseq-train", line 8, in <module>
[rank7]:     sys.exit(cli_main())
[rank7]:   File "/data/run01/scw6f3q/zncao/affincraft/lib/python3.9/site-packages/fairseq_cli/train.py", line 557, in cli_main
[rank7]:     distributed_utils.call_main(cfg, main)
[rank7]:   File "/data/run01/scw6f3q/zncao/affincraft/lib/python3.9/site-packages/fairseq/distributed/utils.py", line 354, in call_main
[rank7]:     distributed_main(cfg.distributed_training.device_id, main, cfg, kwargs)
[rank7]:   File "/data/run01/scw6f3q/zncao/affincraft/lib/python3.9/site-packages/fairseq/distributed/utils.py", line 328, in distributed_main
[rank7]:     main(cfg, **kwargs)
[rank7]:   File "/data/run01/scw6f3q/zncao/affincraft/lib/python3.9/site-packages/fairseq_cli/train.py", line 190, in main
[rank7]:     valid_losses, should_stop = train(cfg, trainer, task, epoch_itr)
[rank7]:   File "/data/run01/scw6f3q/zncao/affincraft/lib/python3.9/contextlib.py", line 79, in inner
[rank7]:     return func(*args, **kwds)
[rank7]:   File "/data/run01/scw6f3q/zncao/affincraft/lib/python3.9/site-packages/fairseq_cli/train.py", line 316, in train
[rank7]:     log_output = trainer.train_step(samples)
[rank7]:   File "/data/run01/scw6f3q/zncao/affincraft/lib/python3.9/contextlib.py", line 79, in inner
[rank7]:     return func(*args, **kwds)
[rank7]:   File "/data/run01/scw6f3q/zncao/affincraft/lib/python3.9/site-packages/fairseq/trainer.py", line 1067, in train_step
[rank7]:     logging_output = self._reduce_and_log_stats(
[rank7]:   File "/data/run01/scw6f3q/zncao/affincraft/lib/python3.9/site-packages/fairseq/trainer.py", line 1510, in _reduce_and_log_stats
[rank7]:     self.task.reduce_metrics(logging_outputs, self.get_criterion())
[rank7]:   File "/data/run01/scw6f3q/zncao/affincraft/lib/python3.9/site-packages/fairseq/tasks/fairseq_task.py", line 596, in reduce_metrics
[rank7]:     criterion.__class__.reduce_metrics(logging_outputs)
[rank7]:   File "/data/run01/scw6f3q/zncao/affincraft/lib/python3.9/site-packages/fairseq/criterions/fairseq_criterion.py", line 90, in reduce_metrics
[rank7]:     agg_logging_outputs = cls.aggregate_logging_outputs(logging_outputs)
[rank7]:   File "/data/run01/scw6f3q/zncao/affincraft/lib/python3.9/site-packages/fairseq/criterions/fairseq_criterion.py", line 81, in aggregate_logging_outputs
[rank7]:     raise NotImplementedError
[rank7]: NotImplementedError
[rank0]: Traceback (most recent call last):
[rank0]:   File "/data/run01/scw6f3q/zncao/affincraft/bin/fairseq-train", line 8, in <module>
[rank0]:     sys.exit(cli_main())
[rank0]:   File "/data/run01/scw6f3q/zncao/affincraft/lib/python3.9/site-packages/fairseq_cli/train.py", line 557, in cli_main
[rank0]:     distributed_utils.call_main(cfg, main)
[rank0]:   File "/data/run01/scw6f3q/zncao/affincraft/lib/python3.9/site-packages/fairseq/distributed/utils.py", line 354, in call_main
[rank0]:     distributed_main(cfg.distributed_training.device_id, main, cfg, kwargs)
[rank0]:   File "/data/run01/scw6f3q/zncao/affincraft/lib/python3.9/site-packages/fairseq/distributed/utils.py", line 328, in distributed_main
[rank0]:     main(cfg, **kwargs)
[rank0]:   File "/data/run01/scw6f3q/zncao/affincraft/lib/python3.9/site-packages/fairseq_cli/train.py", line 190, in main
[rank0]:     valid_losses, should_stop = train(cfg, trainer, task, epoch_itr)
[rank0]:   File "/data/run01/scw6f3q/zncao/affincraft/lib/python3.9/contextlib.py", line 79, in inner
[rank0]:     return func(*args, **kwds)
[rank0]:   File "/data/run01/scw6f3q/zncao/affincraft/lib/python3.9/site-packages/fairseq_cli/train.py", line 316, in train
[rank0]:     log_output = trainer.train_step(samples)
[rank0]:   File "/data/run01/scw6f3q/zncao/affincraft/lib/python3.9/contextlib.py", line 79, in inner
[rank0]:     return func(*args, **kwds)
[rank0]:   File "/data/run01/scw6f3q/zncao/affincraft/lib/python3.9/site-packages/fairseq/trainer.py", line 1067, in train_step
[rank0]:     logging_output = self._reduce_and_log_stats(
[rank0]:   File "/data/run01/scw6f3q/zncao/affincraft/lib/python3.9/site-packages/fairseq/trainer.py", line 1510, in _reduce_and_log_stats
[rank0]:     self.task.reduce_metrics(logging_outputs, self.get_criterion())
[rank0]:   File "/data/run01/scw6f3q/zncao/affincraft/lib/python3.9/site-packages/fairseq/tasks/fairseq_task.py", line 596, in reduce_metrics
[rank0]:     criterion.__class__.reduce_metrics(logging_outputs)
[rank0]:   File "/data/run01/scw6f3q/zncao/affincraft/lib/python3.9/site-packages/fairseq/criterions/fairseq_criterion.py", line 90, in reduce_metrics
[rank0]:     agg_logging_outputs = cls.aggregate_logging_outputs(logging_outputs)
[rank0]:   File "/data/run01/scw6f3q/zncao/affincraft/lib/python3.9/site-packages/fairseq/criterions/fairseq_criterion.py", line 81, in aggregate_logging_outputs
[rank0]:     raise NotImplementedError
[rank0]: NotImplementedError
[rank3]: Traceback (most recent call last):
[rank3]:   File "/data/run01/scw6f3q/zncao/affincraft/bin/fairseq-train", line 8, in <module>
[rank3]:     sys.exit(cli_main())
[rank3]:   File "/data/run01/scw6f3q/zncao/affincraft/lib/python3.9/site-packages/fairseq_cli/train.py", line 557, in cli_main
[rank3]:     distributed_utils.call_main(cfg, main)
[rank3]:   File "/data/run01/scw6f3q/zncao/affincraft/lib/python3.9/site-packages/fairseq/distributed/utils.py", line 354, in call_main
[rank3]:     distributed_main(cfg.distributed_training.device_id, main, cfg, kwargs)
[rank3]:   File "/data/run01/scw6f3q/zncao/affincraft/lib/python3.9/site-packages/fairseq/distributed/utils.py", line 328, in distributed_main
[rank3]:     main(cfg, **kwargs)
[rank3]:   File "/data/run01/scw6f3q/zncao/affincraft/lib/python3.9/site-packages/fairseq_cli/train.py", line 190, in main
[rank3]:     valid_losses, should_stop = train(cfg, trainer, task, epoch_itr)
[rank3]:   File "/data/run01/scw6f3q/zncao/affincraft/lib/python3.9/contextlib.py", line 79, in inner
[rank3]:     return func(*args, **kwds)
[rank3]:   File "/data/run01/scw6f3q/zncao/affincraft/lib/python3.9/site-packages/fairseq_cli/train.py", line 316, in train
[rank3]:     log_output = trainer.train_step(samples)
[rank3]:   File "/data/run01/scw6f3q/zncao/affincraft/lib/python3.9/contextlib.py", line 79, in inner
[rank3]:     return func(*args, **kwds)
[rank3]:   File "/data/run01/scw6f3q/zncao/affincraft/lib/python3.9/site-packages/fairseq/trainer.py", line 1067, in train_step
[rank3]:     logging_output = self._reduce_and_log_stats(
[rank3]:   File "/data/run01/scw6f3q/zncao/affincraft/lib/python3.9/site-packages/fairseq/trainer.py", line 1510, in _reduce_and_log_stats
[rank3]:     self.task.reduce_metrics(logging_outputs, self.get_criterion())
[rank3]:   File "/data/run01/scw6f3q/zncao/affincraft/lib/python3.9/site-packages/fairseq/tasks/fairseq_task.py", line 596, in reduce_metrics
[rank3]:     criterion.__class__.reduce_metrics(logging_outputs)
[rank3]:   File "/data/run01/scw6f3q/zncao/affincraft/lib/python3.9/site-packages/fairseq/criterions/fairseq_criterion.py", line 90, in reduce_metrics
[rank3]:     agg_logging_outputs = cls.aggregate_logging_outputs(logging_outputs)
[rank3]:   File "/data/run01/scw6f3q/zncao/affincraft/lib/python3.9/site-packages/fairseq/criterions/fairseq_criterion.py", line 81, in aggregate_logging_outputs
[rank3]:     raise NotImplementedError
[rank3]: NotImplementedError
[rank4]: Traceback (most recent call last):
[rank4]:   File "/data/run01/scw6f3q/zncao/affincraft/bin/fairseq-train", line 8, in <module>
[rank4]:     sys.exit(cli_main())
[rank4]:   File "/data/run01/scw6f3q/zncao/affincraft/lib/python3.9/site-packages/fairseq_cli/train.py", line 557, in cli_main
[rank4]:     distributed_utils.call_main(cfg, main)
[rank4]:   File "/data/run01/scw6f3q/zncao/affincraft/lib/python3.9/site-packages/fairseq/distributed/utils.py", line 354, in call_main
[rank4]:     distributed_main(cfg.distributed_training.device_id, main, cfg, kwargs)
[rank4]:   File "/data/run01/scw6f3q/zncao/affincraft/lib/python3.9/site-packages/fairseq/distributed/utils.py", line 328, in distributed_main
[rank4]:     main(cfg, **kwargs)
[rank4]:   File "/data/run01/scw6f3q/zncao/affincraft/lib/python3.9/site-packages/fairseq_cli/train.py", line 190, in main
[rank4]:     valid_losses, should_stop = train(cfg, trainer, task, epoch_itr)
[rank4]:   File "/data/run01/scw6f3q/zncao/affincraft/lib/python3.9/contextlib.py", line 79, in inner
[rank4]:     return func(*args, **kwds)
[rank4]:   File "/data/run01/scw6f3q/zncao/affincraft/lib/python3.9/site-packages/fairseq_cli/train.py", line 316, in train
[rank4]:     log_output = trainer.train_step(samples)
[rank4]:   File "/data/run01/scw6f3q/zncao/affincraft/lib/python3.9/contextlib.py", line 79, in inner
[rank4]:     return func(*args, **kwds)
[rank4]:   File "/data/run01/scw6f3q/zncao/affincraft/lib/python3.9/site-packages/fairseq/trainer.py", line 1067, in train_step
[rank4]:     logging_output = self._reduce_and_log_stats(
[rank4]:   File "/data/run01/scw6f3q/zncao/affincraft/lib/python3.9/site-packages/fairseq/trainer.py", line 1510, in _reduce_and_log_stats
[rank4]:     self.task.reduce_metrics(logging_outputs, self.get_criterion())
[rank4]:   File "/data/run01/scw6f3q/zncao/affincraft/lib/python3.9/site-packages/fairseq/tasks/fairseq_task.py", line 596, in reduce_metrics
[rank4]:     criterion.__class__.reduce_metrics(logging_outputs)
[rank4]:   File "/data/run01/scw6f3q/zncao/affincraft/lib/python3.9/site-packages/fairseq/criterions/fairseq_criterion.py", line 90, in reduce_metrics
[rank4]:     agg_logging_outputs = cls.aggregate_logging_outputs(logging_outputs)
[rank4]:   File "/data/run01/scw6f3q/zncao/affincraft/lib/python3.9/site-packages/fairseq/criterions/fairseq_criterion.py", line 81, in aggregate_logging_outputs
[rank4]:     raise NotImplementedError
[rank4]: NotImplementedError
[rank6]: Traceback (most recent call last):
[rank6]:   File "/data/run01/scw6f3q/zncao/affincraft/bin/fairseq-train", line 8, in <module>
[rank6]:     sys.exit(cli_main())
[rank6]:   File "/data/run01/scw6f3q/zncao/affincraft/lib/python3.9/site-packages/fairseq_cli/train.py", line 557, in cli_main
[rank6]:     distributed_utils.call_main(cfg, main)
[rank6]:   File "/data/run01/scw6f3q/zncao/affincraft/lib/python3.9/site-packages/fairseq/distributed/utils.py", line 354, in call_main
[rank6]:     distributed_main(cfg.distributed_training.device_id, main, cfg, kwargs)
[rank6]:   File "/data/run01/scw6f3q/zncao/affincraft/lib/python3.9/site-packages/fairseq/distributed/utils.py", line 328, in distributed_main
[rank6]:     main(cfg, **kwargs)
[rank6]:   File "/data/run01/scw6f3q/zncao/affincraft/lib/python3.9/site-packages/fairseq_cli/train.py", line 190, in main
[rank6]:     valid_losses, should_stop = train(cfg, trainer, task, epoch_itr)
[rank6]:   File "/data/run01/scw6f3q/zncao/affincraft/lib/python3.9/contextlib.py", line 79, in inner
[rank6]:     return func(*args, **kwds)
[rank6]:   File "/data/run01/scw6f3q/zncao/affincraft/lib/python3.9/site-packages/fairseq_cli/train.py", line 316, in train
[rank6]:     log_output = trainer.train_step(samples)
[rank6]:   File "/data/run01/scw6f3q/zncao/affincraft/lib/python3.9/contextlib.py", line 79, in inner
[rank6]:     return func(*args, **kwds)
[rank6]:   File "/data/run01/scw6f3q/zncao/affincraft/lib/python3.9/site-packages/fairseq/trainer.py", line 1067, in train_step
[rank6]:     logging_output = self._reduce_and_log_stats(
[rank6]:   File "/data/run01/scw6f3q/zncao/affincraft/lib/python3.9/site-packages/fairseq/trainer.py", line 1510, in _reduce_and_log_stats
[rank6]:     self.task.reduce_metrics(logging_outputs, self.get_criterion())
[rank6]:   File "/data/run01/scw6f3q/zncao/affincraft/lib/python3.9/site-packages/fairseq/tasks/fairseq_task.py", line 596, in reduce_metrics
[rank6]:     criterion.__class__.reduce_metrics(logging_outputs)
[rank6]:   File "/data/run01/scw6f3q/zncao/affincraft/lib/python3.9/site-packages/fairseq/criterions/fairseq_criterion.py", line 90, in reduce_metrics
[rank6]:     agg_logging_outputs = cls.aggregate_logging_outputs(logging_outputs)
[rank6]:   File "/data/run01/scw6f3q/zncao/affincraft/lib/python3.9/site-packages/fairseq/criterions/fairseq_criterion.py", line 81, in aggregate_logging_outputs
[rank6]:     raise NotImplementedError
[rank6]: NotImplementedError
[rank1]: Traceback (most recent call last):
[rank1]:   File "/data/run01/scw6f3q/zncao/affincraft/bin/fairseq-train", line 8, in <module>
[rank1]:     sys.exit(cli_main())
[rank1]:   File "/data/run01/scw6f3q/zncao/affincraft/lib/python3.9/site-packages/fairseq_cli/train.py", line 557, in cli_main
[rank1]:     distributed_utils.call_main(cfg, main)
[rank1]:   File "/data/run01/scw6f3q/zncao/affincraft/lib/python3.9/site-packages/fairseq/distributed/utils.py", line 354, in call_main
[rank1]:     distributed_main(cfg.distributed_training.device_id, main, cfg, kwargs)
[rank1]:   File "/data/run01/scw6f3q/zncao/affincraft/lib/python3.9/site-packages/fairseq/distributed/utils.py", line 328, in distributed_main
[rank1]:     main(cfg, **kwargs)
[rank1]:   File "/data/run01/scw6f3q/zncao/affincraft/lib/python3.9/site-packages/fairseq_cli/train.py", line 190, in main
[rank1]:     valid_losses, should_stop = train(cfg, trainer, task, epoch_itr)
[rank1]:   File "/data/run01/scw6f3q/zncao/affincraft/lib/python3.9/contextlib.py", line 79, in inner
[rank1]:     return func(*args, **kwds)
[rank1]:   File "/data/run01/scw6f3q/zncao/affincraft/lib/python3.9/site-packages/fairseq_cli/train.py", line 316, in train
[rank1]:     log_output = trainer.train_step(samples)
[rank1]:   File "/data/run01/scw6f3q/zncao/affincraft/lib/python3.9/contextlib.py", line 79, in inner
[rank1]:     return func(*args, **kwds)
[rank1]:   File "/data/run01/scw6f3q/zncao/affincraft/lib/python3.9/site-packages/fairseq/trainer.py", line 1067, in train_step
[rank1]:     logging_output = self._reduce_and_log_stats(
[rank1]:   File "/data/run01/scw6f3q/zncao/affincraft/lib/python3.9/site-packages/fairseq/trainer.py", line 1510, in _reduce_and_log_stats
[rank1]:     self.task.reduce_metrics(logging_outputs, self.get_criterion())
[rank1]:   File "/data/run01/scw6f3q/zncao/affincraft/lib/python3.9/site-packages/fairseq/tasks/fairseq_task.py", line 596, in reduce_metrics
[rank1]:     criterion.__class__.reduce_metrics(logging_outputs)
[rank1]:   File "/data/run01/scw6f3q/zncao/affincraft/lib/python3.9/site-packages/fairseq/criterions/fairseq_criterion.py", line 90, in reduce_metrics
[rank1]:     agg_logging_outputs = cls.aggregate_logging_outputs(logging_outputs)
[rank1]:   File "/data/run01/scw6f3q/zncao/affincraft/lib/python3.9/site-packages/fairseq/criterions/fairseq_criterion.py", line 81, in aggregate_logging_outputs
[rank1]:     raise NotImplementedError
[rank1]: NotImplementedError
[rank0]:[W1013 22:19:55.824887913 ProcessGroupNCCL.cpp:1496] Warning: WARNING: destroy_process_group() was not called before program exit, which can leak resources. For more info, please see https://pytorch.org/docs/stable/distributed.html#shutdown (function operator())
W1013 22:20:47.695906 19401 torch/distributed/elastic/multiprocessing/api.py:897] Sending process 19407 closing signal SIGTERM
W1013 22:20:47.698601 19401 torch/distributed/elastic/multiprocessing/api.py:897] Sending process 19408 closing signal SIGTERM
W1013 22:20:47.698762 19401 torch/distributed/elastic/multiprocessing/api.py:897] Sending process 19409 closing signal SIGTERM
W1013 22:20:47.698897 19401 torch/distributed/elastic/multiprocessing/api.py:897] Sending process 19410 closing signal SIGTERM
W1013 22:20:47.699038 19401 torch/distributed/elastic/multiprocessing/api.py:897] Sending process 19411 closing signal SIGTERM
W1013 22:20:47.699177 19401 torch/distributed/elastic/multiprocessing/api.py:897] Sending process 19413 closing signal SIGTERM
W1013 22:20:47.699307 19401 torch/distributed/elastic/multiprocessing/api.py:897] Sending process 19414 closing signal SIGTERM
E1013 22:20:53.267669 19401 torch/distributed/elastic/multiprocessing/api.py:869] failed (exitcode: 1) local_rank: 5 (pid: 19412) of binary: /data/run01/scw6f3q/zncao/affincraft/bin/python
Traceback (most recent call last):
  File "/data/run01/scw6f3q/zncao/affincraft/bin/torchrun", line 8, in <module>
    sys.exit(main())
  File "/data/run01/scw6f3q/zncao/affincraft/lib/python3.9/site-packages/torch/distributed/elastic/multiprocessing/errors/__init__.py", line 355, in wrapper
    return f(*args, **kwargs)
  File "/data/run01/scw6f3q/zncao/affincraft/lib/python3.9/site-packages/torch/distributed/run.py", line 918, in main
    run(args)
  File "/data/run01/scw6f3q/zncao/affincraft/lib/python3.9/site-packages/torch/distributed/run.py", line 909, in run
    elastic_launch(
  File "/data/run01/scw6f3q/zncao/affincraft/lib/python3.9/site-packages/torch/distributed/launcher/api.py", line 138, in __call__
    return launch_agent(self._config, self._entrypoint, list(args))
  File "/data/run01/scw6f3q/zncao/affincraft/lib/python3.9/site-packages/torch/distributed/launcher/api.py", line 269, in launch_agent
    raise ChildFailedError(
torch.distributed.elastic.multiprocessing.errors.ChildFailedError: 
============================================================
/data/run01/scw6f3q/zncao/affincraft/bin/fairseq-train FAILED
------------------------------------------------------------
Failures:
  <NO_OTHER_FAILURES>
------------------------------------------------------------
Root Cause (first observed failure):
[0]:
  time      : 2025-10-13_22:20:47
  host      : g0464.para.ai
  rank      : 5 (local_rank: 5)
  exitcode  : 1 (pid: 19412)
  error_file: <N/A>
  traceback : To enable traceback see: https://pytorch.org/docs/stable/elastic/errors.html
============================================================
