gcc-12.2.0 loaded successful
WARNING: underlay of /etc/localtime required more than 50 (88) bind mounts
WARNING: underlay of /usr/bin/nvidia-smi required more than 50 (410) bind mounts
W1026 16:29:53.825588 20456 torch/distributed/run.py:792] 
W1026 16:29:53.825588 20456 torch/distributed/run.py:792] *****************************************
W1026 16:29:53.825588 20456 torch/distributed/run.py:792] Setting OMP_NUM_THREADS environment variable for each process to be 1 in default, to avoid your system being overloaded, please further tune the variable for optimal performance in your application as needed. 
W1026 16:29:53.825588 20456 torch/distributed/run.py:792] *****************************************
2025-10-26 16:30:17.509357: E external/local_xla/xla/stream_executor/cuda/cuda_fft.cc:467] Unable to register cuFFT factory: Attempting to register factory for plugin cuFFT when one has already been registered
2025-10-26 16:30:17.509363: E external/local_xla/xla/stream_executor/cuda/cuda_fft.cc:467] Unable to register cuFFT factory: Attempting to register factory for plugin cuFFT when one has already been registered
2025-10-26 16:30:17.509365: E external/local_xla/xla/stream_executor/cuda/cuda_fft.cc:467] Unable to register cuFFT factory: Attempting to register factory for plugin cuFFT when one has already been registered
2025-10-26 16:30:17.509371: E external/local_xla/xla/stream_executor/cuda/cuda_fft.cc:467] Unable to register cuFFT factory: Attempting to register factory for plugin cuFFT when one has already been registered
2025-10-26 16:30:17.509356: E external/local_xla/xla/stream_executor/cuda/cuda_fft.cc:467] Unable to register cuFFT factory: Attempting to register factory for plugin cuFFT when one has already been registered
2025-10-26 16:30:17.509362: E external/local_xla/xla/stream_executor/cuda/cuda_fft.cc:467] Unable to register cuFFT factory: Attempting to register factory for plugin cuFFT when one has already been registered
2025-10-26 16:30:17.509381: E external/local_xla/xla/stream_executor/cuda/cuda_fft.cc:467] Unable to register cuFFT factory: Attempting to register factory for plugin cuFFT when one has already been registered
2025-10-26 16:30:17.509393: E external/local_xla/xla/stream_executor/cuda/cuda_fft.cc:467] Unable to register cuFFT factory: Attempting to register factory for plugin cuFFT when one has already been registered
WARNING: All log messages before absl::InitializeLog() is called are written to STDERR
WARNING: All log messages before absl::InitializeLog() is called are written to STDERR
WARNING: All log messages before absl::InitializeLog() is called are written to STDERR
WARNING: All log messages before absl::InitializeLog() is called are written to STDERR
WARNING: All log messages before absl::InitializeLog() is called are written to STDERR
WARNING: All log messages before absl::InitializeLog() is called are written to STDERR
WARNING: All log messages before absl::InitializeLog() is called are written to STDERR
WARNING: All log messages before absl::InitializeLog() is called are written to STDERR
E0000 00:00:1761467417.846197   20517 cuda_dnn.cc:8579] Unable to register cuDNN factory: Attempting to register factory for plugin cuDNN when one has already been registered
E0000 00:00:1761467417.846203   20519 cuda_dnn.cc:8579] Unable to register cuDNN factory: Attempting to register factory for plugin cuDNN when one has already been registered
E0000 00:00:1761467417.846199   20518 cuda_dnn.cc:8579] Unable to register cuDNN factory: Attempting to register factory for plugin cuDNN when one has already been registered
E0000 00:00:1761467417.846210   20514 cuda_dnn.cc:8579] Unable to register cuDNN factory: Attempting to register factory for plugin cuDNN when one has already been registered
E0000 00:00:1761467417.846202   20513 cuda_dnn.cc:8579] Unable to register cuDNN factory: Attempting to register factory for plugin cuDNN when one has already been registered
E0000 00:00:1761467417.846197   20516 cuda_dnn.cc:8579] Unable to register cuDNN factory: Attempting to register factory for plugin cuDNN when one has already been registered
E0000 00:00:1761467417.846199   20520 cuda_dnn.cc:8579] Unable to register cuDNN factory: Attempting to register factory for plugin cuDNN when one has already been registered
E0000 00:00:1761467417.846198   20515 cuda_dnn.cc:8579] Unable to register cuDNN factory: Attempting to register factory for plugin cuDNN when one has already been registered
E0000 00:00:1761467418.323658   20519 cuda_blas.cc:1407] Unable to register cuBLAS factory: Attempting to register factory for plugin cuBLAS when one has already been registered
E0000 00:00:1761467418.323664   20515 cuda_blas.cc:1407] Unable to register cuBLAS factory: Attempting to register factory for plugin cuBLAS when one has already been registered
E0000 00:00:1761467418.323664   20520 cuda_blas.cc:1407] Unable to register cuBLAS factory: Attempting to register factory for plugin cuBLAS when one has already been registered
E0000 00:00:1761467418.323662   20514 cuda_blas.cc:1407] Unable to register cuBLAS factory: Attempting to register factory for plugin cuBLAS when one has already been registered
E0000 00:00:1761467418.323674   20518 cuda_blas.cc:1407] Unable to register cuBLAS factory: Attempting to register factory for plugin cuBLAS when one has already been registered
E0000 00:00:1761467418.323671   20516 cuda_blas.cc:1407] Unable to register cuBLAS factory: Attempting to register factory for plugin cuBLAS when one has already been registered
E0000 00:00:1761467418.323684   20517 cuda_blas.cc:1407] Unable to register cuBLAS factory: Attempting to register factory for plugin cuBLAS when one has already been registered
E0000 00:00:1761467418.323674   20513 cuda_blas.cc:1407] Unable to register cuBLAS factory: Attempting to register factory for plugin cuBLAS when one has already been registered
W0000 00:00:1761467422.265644   20519 computation_placer.cc:177] computation placer already registered. Please check linkage and avoid linking the same target more than once.
W0000 00:00:1761467422.265661   20520 computation_placer.cc:177] computation placer already registered. Please check linkage and avoid linking the same target more than once.
W0000 00:00:1761467422.265652   20513 computation_placer.cc:177] computation placer already registered. Please check linkage and avoid linking the same target more than once.
W0000 00:00:1761467422.265659   20516 computation_placer.cc:177] computation placer already registered. Please check linkage and avoid linking the same target more than once.
W0000 00:00:1761467422.265659   20517 computation_placer.cc:177] computation placer already registered. Please check linkage and avoid linking the same target more than once.
W0000 00:00:1761467422.265684   20518 computation_placer.cc:177] computation placer already registered. Please check linkage and avoid linking the same target more than once.
W0000 00:00:1761467422.265657   20515 computation_placer.cc:177] computation placer already registered. Please check linkage and avoid linking the same target more than once.
W0000 00:00:1761467422.265681   20514 computation_placer.cc:177] computation placer already registered. Please check linkage and avoid linking the same target more than once.
W0000 00:00:1761467422.265730   20519 computation_placer.cc:177] computation placer already registered. Please check linkage and avoid linking the same target more than once.
W0000 00:00:1761467422.265749   20520 computation_placer.cc:177] computation placer already registered. Please check linkage and avoid linking the same target more than once.
W0000 00:00:1761467422.265782   20513 computation_placer.cc:177] computation placer already registered. Please check linkage and avoid linking the same target more than once.
W0000 00:00:1761467422.265823   20516 computation_placer.cc:177] computation placer already registered. Please check linkage and avoid linking the same target more than once.
W0000 00:00:1761467422.265839   20517 computation_placer.cc:177] computation placer already registered. Please check linkage and avoid linking the same target more than once.
W0000 00:00:1761467422.265858   20518 computation_placer.cc:177] computation placer already registered. Please check linkage and avoid linking the same target more than once.
W0000 00:00:1761467422.265879   20515 computation_placer.cc:177] computation placer already registered. Please check linkage and avoid linking the same target more than once.
W0000 00:00:1761467422.265918   20514 computation_placer.cc:177] computation placer already registered. Please check linkage and avoid linking the same target more than once.
W0000 00:00:1761467422.265927   20519 computation_placer.cc:177] computation placer already registered. Please check linkage and avoid linking the same target more than once.
W0000 00:00:1761467422.265933   20520 computation_placer.cc:177] computation placer already registered. Please check linkage and avoid linking the same target more than once.
W0000 00:00:1761467422.265944   20513 computation_placer.cc:177] computation placer already registered. Please check linkage and avoid linking the same target more than once.
W0000 00:00:1761467422.265955   20516 computation_placer.cc:177] computation placer already registered. Please check linkage and avoid linking the same target more than once.
W0000 00:00:1761467422.265961   20517 computation_placer.cc:177] computation placer already registered. Please check linkage and avoid linking the same target more than once.
W0000 00:00:1761467422.265985   20518 computation_placer.cc:177] computation placer already registered. Please check linkage and avoid linking the same target more than once.
W0000 00:00:1761467422.265999   20515 computation_placer.cc:177] computation placer already registered. Please check linkage and avoid linking the same target more than once.
W0000 00:00:1761467422.266011   20514 computation_placer.cc:177] computation placer already registered. Please check linkage and avoid linking the same target more than once.
W0000 00:00:1761467422.266021   20519 computation_placer.cc:177] computation placer already registered. Please check linkage and avoid linking the same target more than once.
W0000 00:00:1761467422.266026   20520 computation_placer.cc:177] computation placer already registered. Please check linkage and avoid linking the same target more than once.
W0000 00:00:1761467422.266038   20513 computation_placer.cc:177] computation placer already registered. Please check linkage and avoid linking the same target more than once.
W0000 00:00:1761467422.266049   20516 computation_placer.cc:177] computation placer already registered. Please check linkage and avoid linking the same target more than once.
W0000 00:00:1761467422.266054   20517 computation_placer.cc:177] computation placer already registered. Please check linkage and avoid linking the same target more than once.
W0000 00:00:1761467422.266060   20518 computation_placer.cc:177] computation placer already registered. Please check linkage and avoid linking the same target more than once.
W0000 00:00:1761467422.266072   20515 computation_placer.cc:177] computation placer already registered. Please check linkage and avoid linking the same target more than once.
W0000 00:00:1761467422.266082   20514 computation_placer.cc:177] computation placer already registered. Please check linkage and avoid linking the same target more than once.
2025-10-26 16:30:22.632541: I tensorflow/core/platform/cpu_feature_guard.cc:210] This TensorFlow binary is optimized to use available CPU instructions in performance-critical operations.
To enable the following instructions: AVX2 FMA, in other operations, rebuild TensorFlow with the appropriate compiler flags.
2025-10-26 16:30:22.632532: I tensorflow/core/platform/cpu_feature_guard.cc:210] This TensorFlow binary is optimized to use available CPU instructions in performance-critical operations.
To enable the following instructions: AVX2 FMA, in other operations, rebuild TensorFlow with the appropriate compiler flags.
2025-10-26 16:30:22.632546: I tensorflow/core/platform/cpu_feature_guard.cc:210] This TensorFlow binary is optimized to use available CPU instructions in performance-critical operations.
To enable the following instructions: AVX2 FMA, in other operations, rebuild TensorFlow with the appropriate compiler flags.
2025-10-26 16:30:22.632516: I tensorflow/core/platform/cpu_feature_guard.cc:210] This TensorFlow binary is optimized to use available CPU instructions in performance-critical operations.
To enable the following instructions: AVX2 FMA, in other operations, rebuild TensorFlow with the appropriate compiler flags.
2025-10-26 16:30:22.632539: I tensorflow/core/platform/cpu_feature_guard.cc:210] This TensorFlow binary is optimized to use available CPU instructions in performance-critical operations.
To enable the following instructions: AVX2 FMA, in other operations, rebuild TensorFlow with the appropriate compiler flags.
2025-10-26 16:30:22.632541: I tensorflow/core/platform/cpu_feature_guard.cc:210] This TensorFlow binary is optimized to use available CPU instructions in performance-critical operations.
To enable the following instructions: AVX2 FMA, in other operations, rebuild TensorFlow with the appropriate compiler flags.
2025-10-26 16:30:22.632567: I tensorflow/core/platform/cpu_feature_guard.cc:210] This TensorFlow binary is optimized to use available CPU instructions in performance-critical operations.
To enable the following instructions: AVX2 FMA, in other operations, rebuild TensorFlow with the appropriate compiler flags.
2025-10-26 16:30:22.632594: I tensorflow/core/platform/cpu_feature_guard.cc:210] This TensorFlow binary is optimized to use available CPU instructions in performance-critical operations.
To enable the following instructions: AVX2 FMA, in other operations, rebuild TensorFlow with the appropriate compiler flags.
Traceback (most recent call last):
  File "/data/run01/scw6f3q/zncao/affincraft/bin/fairseq-train", line 8, in <module>
    sys.exit(cli_main())
  File "/data/run01/scw6f3q/zncao/affincraft/lib/python3.9/site-packages/fairseq_cli/train.py", line 542, in cli_main
    args = options.parse_args_and_arch(parser, modify_parser=modify_parser)
  File "/data/run01/scw6f3q/zncao/affincraft/lib/python3.9/site-packages/fairseq/options.py", line 153, in parse_args_and_arch
    raise RuntimeError()
RuntimeError
Traceback (most recent call last):
  File "/data/run01/scw6f3q/zncao/affincraft/bin/fairseq-train", line 8, in <module>
    sys.exit(cli_main())
  File "/data/run01/scw6f3q/zncao/affincraft/lib/python3.9/site-packages/fairseq_cli/train.py", line 542, in cli_main
    args = options.parse_args_and_arch(parser, modify_parser=modify_parser)
  File "/data/run01/scw6f3q/zncao/affincraft/lib/python3.9/site-packages/fairseq/options.py", line 153, in parse_args_and_arch
    raise RuntimeError()
RuntimeError
Traceback (most recent call last):
  File "/data/run01/scw6f3q/zncao/affincraft/bin/fairseq-train", line 8, in <module>
    sys.exit(cli_main())
  File "/data/run01/scw6f3q/zncao/affincraft/lib/python3.9/site-packages/fairseq_cli/train.py", line 542, in cli_main
    args = options.parse_args_and_arch(parser, modify_parser=modify_parser)
  File "/data/run01/scw6f3q/zncao/affincraft/lib/python3.9/site-packages/fairseq/options.py", line 153, in parse_args_and_arch
    raise RuntimeError()
RuntimeError
Traceback (most recent call last):
  File "/data/run01/scw6f3q/zncao/affincraft/bin/fairseq-train", line 8, in <module>
    sys.exit(cli_main())
  File "/data/run01/scw6f3q/zncao/affincraft/lib/python3.9/site-packages/fairseq_cli/train.py", line 542, in cli_main
    args = options.parse_args_and_arch(parser, modify_parser=modify_parser)
  File "/data/run01/scw6f3q/zncao/affincraft/lib/python3.9/site-packages/fairseq/options.py", line 153, in parse_args_and_arch
    raise RuntimeError()
RuntimeError
Traceback (most recent call last):
  File "/data/run01/scw6f3q/zncao/affincraft/bin/fairseq-train", line 8, in <module>
    sys.exit(cli_main())
  File "/data/run01/scw6f3q/zncao/affincraft/lib/python3.9/site-packages/fairseq_cli/train.py", line 542, in cli_main
    args = options.parse_args_and_arch(parser, modify_parser=modify_parser)
  File "/data/run01/scw6f3q/zncao/affincraft/lib/python3.9/site-packages/fairseq/options.py", line 153, in parse_args_and_arch
    raise RuntimeError()
RuntimeError
Traceback (most recent call last):
  File "/data/run01/scw6f3q/zncao/affincraft/bin/fairseq-train", line 8, in <module>
    sys.exit(cli_main())
  File "/data/run01/scw6f3q/zncao/affincraft/lib/python3.9/site-packages/fairseq_cli/train.py", line 542, in cli_main
    args = options.parse_args_and_arch(parser, modify_parser=modify_parser)
  File "/data/run01/scw6f3q/zncao/affincraft/lib/python3.9/site-packages/fairseq/options.py", line 153, in parse_args_and_arch
    raise RuntimeError()
RuntimeError
Traceback (most recent call last):
  File "/data/run01/scw6f3q/zncao/affincraft/bin/fairseq-train", line 8, in <module>
    sys.exit(cli_main())
  File "/data/run01/scw6f3q/zncao/affincraft/lib/python3.9/site-packages/fairseq_cli/train.py", line 542, in cli_main
    args = options.parse_args_and_arch(parser, modify_parser=modify_parser)
  File "/data/run01/scw6f3q/zncao/affincraft/lib/python3.9/site-packages/fairseq/options.py", line 153, in parse_args_and_arch
    raise RuntimeError()
RuntimeError
Traceback (most recent call last):
  File "/data/run01/scw6f3q/zncao/affincraft/bin/fairseq-train", line 8, in <module>
    sys.exit(cli_main())
  File "/data/run01/scw6f3q/zncao/affincraft/lib/python3.9/site-packages/fairseq_cli/train.py", line 542, in cli_main
    args = options.parse_args_and_arch(parser, modify_parser=modify_parser)
  File "/data/run01/scw6f3q/zncao/affincraft/lib/python3.9/site-packages/fairseq/options.py", line 153, in parse_args_and_arch
    raise RuntimeError()
RuntimeError
W1026 16:32:34.394971 20456 torch/distributed/elastic/multiprocessing/api.py:897] Sending process 20513 closing signal SIGTERM
W1026 16:32:34.395584 20456 torch/distributed/elastic/multiprocessing/api.py:897] Sending process 20515 closing signal SIGTERM
W1026 16:32:34.395732 20456 torch/distributed/elastic/multiprocessing/api.py:897] Sending process 20516 closing signal SIGTERM
W1026 16:32:34.395866 20456 torch/distributed/elastic/multiprocessing/api.py:897] Sending process 20517 closing signal SIGTERM
W1026 16:32:34.395995 20456 torch/distributed/elastic/multiprocessing/api.py:897] Sending process 20518 closing signal SIGTERM
W1026 16:32:34.396126 20456 torch/distributed/elastic/multiprocessing/api.py:897] Sending process 20519 closing signal SIGTERM
W1026 16:32:34.396257 20456 torch/distributed/elastic/multiprocessing/api.py:897] Sending process 20520 closing signal SIGTERM
E1026 16:32:34.595350 20456 torch/distributed/elastic/multiprocessing/api.py:869] failed (exitcode: 1) local_rank: 1 (pid: 20514) of binary: /data/run01/scw6f3q/zncao/affincraft/bin/python
Traceback (most recent call last):
  File "/data/run01/scw6f3q/zncao/affincraft/bin/torchrun", line 8, in <module>
    sys.exit(main())
  File "/data/run01/scw6f3q/zncao/affincraft/lib/python3.9/site-packages/torch/distributed/elastic/multiprocessing/errors/__init__.py", line 355, in wrapper
    return f(*args, **kwargs)
  File "/data/run01/scw6f3q/zncao/affincraft/lib/python3.9/site-packages/torch/distributed/run.py", line 918, in main
    run(args)
  File "/data/run01/scw6f3q/zncao/affincraft/lib/python3.9/site-packages/torch/distributed/run.py", line 909, in run
    elastic_launch(
  File "/data/run01/scw6f3q/zncao/affincraft/lib/python3.9/site-packages/torch/distributed/launcher/api.py", line 138, in __call__
    return launch_agent(self._config, self._entrypoint, list(args))
  File "/data/run01/scw6f3q/zncao/affincraft/lib/python3.9/site-packages/torch/distributed/launcher/api.py", line 269, in launch_agent
    raise ChildFailedError(
torch.distributed.elastic.multiprocessing.errors.ChildFailedError: 
============================================================
/data/run01/scw6f3q/zncao/affincraft/bin/fairseq-train FAILED
------------------------------------------------------------
Failures:
  <NO_OTHER_FAILURES>
------------------------------------------------------------
Root Cause (first observed failure):
[0]:
  time      : 2025-10-26_16:32:34
  host      : g0109.para.ai
  rank      : 1 (local_rank: 1)
  exitcode  : 1 (pid: 20514)
  error_file: <N/A>
  traceback : To enable traceback see: https://pytorch.org/docs/stable/elastic/errors.html
============================================================
