gcc-12.2.0 loaded successful
WARNING: underlay of /etc/localtime required more than 50 (88) bind mounts
WARNING: underlay of /usr/bin/nvidia-smi required more than 50 (410) bind mounts
W1028 16:09:26.066547 21492 torch/distributed/run.py:792] 
W1028 16:09:26.066547 21492 torch/distributed/run.py:792] *****************************************
W1028 16:09:26.066547 21492 torch/distributed/run.py:792] Setting OMP_NUM_THREADS environment variable for each process to be 1 in default, to avoid your system being overloaded, please further tune the variable for optimal performance in your application as needed. 
W1028 16:09:26.066547 21492 torch/distributed/run.py:792] *****************************************
2025-10-28 16:09:55.896955: E external/local_xla/xla/stream_executor/cuda/cuda_fft.cc:467] Unable to register cuFFT factory: Attempting to register factory for plugin cuFFT when one has already been registered
2025-10-28 16:09:55.896952: E external/local_xla/xla/stream_executor/cuda/cuda_fft.cc:467] Unable to register cuFFT factory: Attempting to register factory for plugin cuFFT when one has already been registered
2025-10-28 16:09:55.896952: E external/local_xla/xla/stream_executor/cuda/cuda_fft.cc:467] Unable to register cuFFT factory: Attempting to register factory for plugin cuFFT when one has already been registered
2025-10-28 16:09:55.896935: E external/local_xla/xla/stream_executor/cuda/cuda_fft.cc:467] Unable to register cuFFT factory: Attempting to register factory for plugin cuFFT when one has already been registered
2025-10-28 16:09:55.896974: E external/local_xla/xla/stream_executor/cuda/cuda_fft.cc:467] Unable to register cuFFT factory: Attempting to register factory for plugin cuFFT when one has already been registered
2025-10-28 16:09:55.896953: E external/local_xla/xla/stream_executor/cuda/cuda_fft.cc:467] Unable to register cuFFT factory: Attempting to register factory for plugin cuFFT when one has already been registered
2025-10-28 16:09:55.896936: E external/local_xla/xla/stream_executor/cuda/cuda_fft.cc:467] Unable to register cuFFT factory: Attempting to register factory for plugin cuFFT when one has already been registered
2025-10-28 16:09:55.896941: E external/local_xla/xla/stream_executor/cuda/cuda_fft.cc:467] Unable to register cuFFT factory: Attempting to register factory for plugin cuFFT when one has already been registered
WARNING: All log messages before absl::InitializeLog() is called are written to STDERR
WARNING: All log messages before absl::InitializeLog() is called are written to STDERR
WARNING: All log messages before absl::InitializeLog() is called are written to STDERR
WARNING: All log messages before absl::InitializeLog() is called are written to STDERR
WARNING: All log messages before absl::InitializeLog() is called are written to STDERR
WARNING: All log messages before absl::InitializeLog() is called are written to STDERR
WARNING: All log messages before absl::InitializeLog() is called are written to STDERR
WARNING: All log messages before absl::InitializeLog() is called are written to STDERR
E0000 00:00:1761638997.526778   21501 cuda_dnn.cc:8579] Unable to register cuDNN factory: Attempting to register factory for plugin cuDNN when one has already been registered
E0000 00:00:1761638997.526776   21499 cuda_dnn.cc:8579] Unable to register cuDNN factory: Attempting to register factory for plugin cuDNN when one has already been registered
E0000 00:00:1761638997.526783   21503 cuda_dnn.cc:8579] Unable to register cuDNN factory: Attempting to register factory for plugin cuDNN when one has already been registered
E0000 00:00:1761638997.526776   21504 cuda_dnn.cc:8579] Unable to register cuDNN factory: Attempting to register factory for plugin cuDNN when one has already been registered
E0000 00:00:1761638997.526766   21500 cuda_dnn.cc:8579] Unable to register cuDNN factory: Attempting to register factory for plugin cuDNN when one has already been registered
E0000 00:00:1761638997.526767   21502 cuda_dnn.cc:8579] Unable to register cuDNN factory: Attempting to register factory for plugin cuDNN when one has already been registered
E0000 00:00:1761638997.526768   21497 cuda_dnn.cc:8579] Unable to register cuDNN factory: Attempting to register factory for plugin cuDNN when one has already been registered
E0000 00:00:1761638997.526788   21498 cuda_dnn.cc:8579] Unable to register cuDNN factory: Attempting to register factory for plugin cuDNN when one has already been registered
E0000 00:00:1761638998.009074   21497 cuda_blas.cc:1407] Unable to register cuBLAS factory: Attempting to register factory for plugin cuBLAS when one has already been registered
E0000 00:00:1761638998.009076   21500 cuda_blas.cc:1407] Unable to register cuBLAS factory: Attempting to register factory for plugin cuBLAS when one has already been registered
E0000 00:00:1761638998.009078   21504 cuda_blas.cc:1407] Unable to register cuBLAS factory: Attempting to register factory for plugin cuBLAS when one has already been registered
E0000 00:00:1761638998.009073   21498 cuda_blas.cc:1407] Unable to register cuBLAS factory: Attempting to register factory for plugin cuBLAS when one has already been registered
E0000 00:00:1761638998.009098   21503 cuda_blas.cc:1407] Unable to register cuBLAS factory: Attempting to register factory for plugin cuBLAS when one has already been registered
E0000 00:00:1761638998.009090   21502 cuda_blas.cc:1407] Unable to register cuBLAS factory: Attempting to register factory for plugin cuBLAS when one has already been registered
E0000 00:00:1761638998.009103   21501 cuda_blas.cc:1407] Unable to register cuBLAS factory: Attempting to register factory for plugin cuBLAS when one has already been registered
E0000 00:00:1761638998.009108   21499 cuda_blas.cc:1407] Unable to register cuBLAS factory: Attempting to register factory for plugin cuBLAS when one has already been registered
W0000 00:00:1761639000.392425   21497 computation_placer.cc:177] computation placer already registered. Please check linkage and avoid linking the same target more than once.
W0000 00:00:1761639000.392430   21503 computation_placer.cc:177] computation placer already registered. Please check linkage and avoid linking the same target more than once.
W0000 00:00:1761639000.392432   21498 computation_placer.cc:177] computation placer already registered. Please check linkage and avoid linking the same target more than once.
W0000 00:00:1761639000.392427   21501 computation_placer.cc:177] computation placer already registered. Please check linkage and avoid linking the same target more than once.
W0000 00:00:1761639000.392431   21499 computation_placer.cc:177] computation placer already registered. Please check linkage and avoid linking the same target more than once.
W0000 00:00:1761639000.392430   21504 computation_placer.cc:177] computation placer already registered. Please check linkage and avoid linking the same target more than once.
W0000 00:00:1761639000.392438   21502 computation_placer.cc:177] computation placer already registered. Please check linkage and avoid linking the same target more than once.
W0000 00:00:1761639000.392438   21500 computation_placer.cc:177] computation placer already registered. Please check linkage and avoid linking the same target more than once.
W0000 00:00:1761639000.392525   21497 computation_placer.cc:177] computation placer already registered. Please check linkage and avoid linking the same target more than once.
W0000 00:00:1761639000.392539   21503 computation_placer.cc:177] computation placer already registered. Please check linkage and avoid linking the same target more than once.
W0000 00:00:1761639000.392570   21498 computation_placer.cc:177] computation placer already registered. Please check linkage and avoid linking the same target more than once.
W0000 00:00:1761639000.392599   21501 computation_placer.cc:177] computation placer already registered. Please check linkage and avoid linking the same target more than once.
W0000 00:00:1761639000.392642   21499 computation_placer.cc:177] computation placer already registered. Please check linkage and avoid linking the same target more than once.
W0000 00:00:1761639000.392661   21504 computation_placer.cc:177] computation placer already registered. Please check linkage and avoid linking the same target more than once.
W0000 00:00:1761639000.392703   21502 computation_placer.cc:177] computation placer already registered. Please check linkage and avoid linking the same target more than once.
W0000 00:00:1761639000.392715   21500 computation_placer.cc:177] computation placer already registered. Please check linkage and avoid linking the same target more than once.
W0000 00:00:1761639000.392725   21497 computation_placer.cc:177] computation placer already registered. Please check linkage and avoid linking the same target more than once.
W0000 00:00:1761639000.392731   21503 computation_placer.cc:177] computation placer already registered. Please check linkage and avoid linking the same target more than once.
W0000 00:00:1761639000.392744   21498 computation_placer.cc:177] computation placer already registered. Please check linkage and avoid linking the same target more than once.
W0000 00:00:1761639000.392754   21501 computation_placer.cc:177] computation placer already registered. Please check linkage and avoid linking the same target more than once.
W0000 00:00:1761639000.392767   21499 computation_placer.cc:177] computation placer already registered. Please check linkage and avoid linking the same target more than once.
W0000 00:00:1761639000.392798   21504 computation_placer.cc:177] computation placer already registered. Please check linkage and avoid linking the same target more than once.
W0000 00:00:1761639000.392811   21502 computation_placer.cc:177] computation placer already registered. Please check linkage and avoid linking the same target more than once.
W0000 00:00:1761639000.392817   21500 computation_placer.cc:177] computation placer already registered. Please check linkage and avoid linking the same target more than once.
W0000 00:00:1761639000.392828   21497 computation_placer.cc:177] computation placer already registered. Please check linkage and avoid linking the same target more than once.
W0000 00:00:1761639000.392834   21503 computation_placer.cc:177] computation placer already registered. Please check linkage and avoid linking the same target more than once.
W0000 00:00:1761639000.392845   21498 computation_placer.cc:177] computation placer already registered. Please check linkage and avoid linking the same target more than once.
W0000 00:00:1761639000.392856   21501 computation_placer.cc:177] computation placer already registered. Please check linkage and avoid linking the same target more than once.
W0000 00:00:1761639000.392869   21499 computation_placer.cc:177] computation placer already registered. Please check linkage and avoid linking the same target more than once.
W0000 00:00:1761639000.392879   21504 computation_placer.cc:177] computation placer already registered. Please check linkage and avoid linking the same target more than once.
W0000 00:00:1761639000.392889   21502 computation_placer.cc:177] computation placer already registered. Please check linkage and avoid linking the same target more than once.
W0000 00:00:1761639000.392895   21500 computation_placer.cc:177] computation placer already registered. Please check linkage and avoid linking the same target more than once.
2025-10-28 16:10:00.589246: I tensorflow/core/platform/cpu_feature_guard.cc:210] This TensorFlow binary is optimized to use available CPU instructions in performance-critical operations.
To enable the following instructions: AVX2 FMA, in other operations, rebuild TensorFlow with the appropriate compiler flags.
2025-10-28 16:10:00.589246: I tensorflow/core/platform/cpu_feature_guard.cc:210] This TensorFlow binary is optimized to use available CPU instructions in performance-critical operations.
To enable the following instructions: AVX2 FMA, in other operations, rebuild TensorFlow with the appropriate compiler flags.
2025-10-28 16:10:00.589245: I tensorflow/core/platform/cpu_feature_guard.cc:210] This TensorFlow binary is optimized to use available CPU instructions in performance-critical operations.
To enable the following instructions: AVX2 FMA, in other operations, rebuild TensorFlow with the appropriate compiler flags.
2025-10-28 16:10:00.589245: I tensorflow/core/platform/cpu_feature_guard.cc:210] This TensorFlow binary is optimized to use available CPU instructions in performance-critical operations.
To enable the following instructions: AVX2 FMA, in other operations, rebuild TensorFlow with the appropriate compiler flags.
2025-10-28 16:10:00.589256: I tensorflow/core/platform/cpu_feature_guard.cc:210] This TensorFlow binary is optimized to use available CPU instructions in performance-critical operations.
To enable the following instructions: AVX2 FMA, in other operations, rebuild TensorFlow with the appropriate compiler flags.
2025-10-28 16:10:00.589256: I tensorflow/core/platform/cpu_feature_guard.cc:210] This TensorFlow binary is optimized to use available CPU instructions in performance-critical operations.
To enable the following instructions: AVX2 FMA, in other operations, rebuild TensorFlow with the appropriate compiler flags.
2025-10-28 16:10:00.589258: I tensorflow/core/platform/cpu_feature_guard.cc:210] This TensorFlow binary is optimized to use available CPU instructions in performance-critical operations.
To enable the following instructions: AVX2 FMA, in other operations, rebuild TensorFlow with the appropriate compiler flags.
2025-10-28 16:10:00.589260: I tensorflow/core/platform/cpu_feature_guard.cc:210] This TensorFlow binary is optimized to use available CPU instructions in performance-critical operations.
To enable the following instructions: AVX2 FMA, in other operations, rebuild TensorFlow with the appropriate compiler flags.
[rank3]: Traceback (most recent call last):
[rank3]:   File "/data/run01/scw6f3q/zncao/affincraft/bin/fairseq-train", line 8, in <module>
[rank3]:     sys.exit(cli_main())
[rank3]:   File "/data/run01/scw6f3q/zncao/affincraft/lib/python3.9/site-packages/fairseq_cli/train.py", line 557, in cli_main
[rank3]:     distributed_utils.call_main(cfg, main)
[rank3]:   File "/data/run01/scw6f3q/zncao/affincraft/lib/python3.9/site-packages/fairseq/distributed/utils.py", line 354, in call_main
[rank3]:     distributed_main(cfg.distributed_training.device_id, main, cfg, kwargs)
[rank3]:   File "/data/run01/scw6f3q/zncao/affincraft/lib/python3.9/site-packages/fairseq/distributed/utils.py", line 328, in distributed_main
[rank3]:     main(cfg, **kwargs)
[rank3]:   File "/data/run01/scw6f3q/zncao/affincraft/lib/python3.9/site-packages/fairseq_cli/train.py", line 190, in main
[rank3]:     valid_losses, should_stop = train(cfg, trainer, task, epoch_itr)
[rank3]:   File "/data/run01/scw6f3q/zncao/affincraft/lib/python3.9/contextlib.py", line 79, in inner
[rank3]:     return func(*args, **kwds)
[rank3]:   File "/data/run01/scw6f3q/zncao/affincraft/lib/python3.9/site-packages/fairseq_cli/train.py", line 316, in train
[rank3]:     log_output = trainer.train_step(samples)
[rank3]:   File "/data/run01/scw6f3q/zncao/affincraft/lib/python3.9/contextlib.py", line 79, in inner
[rank3]:     return func(*args, **kwds)
[rank3]:   File "/data/run01/scw6f3q/zncao/affincraft/lib/python3.9/site-packages/fairseq/trainer.py", line 824, in train_step
[rank3]:     loss, sample_size_i, logging_output = self.task.train_step(
[rank3]:   File "/data/run01/scw6f3q/zncao/affincraft/lib/python3.9/site-packages/fairseq/tasks/fairseq_task.py", line 515, in train_step
[rank3]:     loss, sample_size, logging_output = criterion(model, sample)
[rank3]:   File "/data/run01/scw6f3q/zncao/affincraft/lib/python3.9/site-packages/torch/nn/modules/module.py", line 1739, in _wrapped_call_impl
[rank3]:     return self._call_impl(*args, **kwargs)
[rank3]:   File "/data/run01/scw6f3q/zncao/affincraft/lib/python3.9/site-packages/torch/nn/modules/module.py", line 1750, in _call_impl
[rank3]:     return forward_call(*args, **kwargs)
[rank3]:   File "/data/run01/scw6f3q/zncao/affincraft-nn/graphormer/criterions/l2_loss.py", line 207, in forward
[rank3]:     raise e
[rank3]:   File "/data/run01/scw6f3q/zncao/affincraft-nn/graphormer/criterions/l2_loss.py", line 114, in forward
[rank3]:     logits = model(**sample["net_input"])
[rank3]:   File "/data/run01/scw6f3q/zncao/affincraft/lib/python3.9/site-packages/torch/nn/modules/module.py", line 1739, in _wrapped_call_impl
[rank3]:     return self._call_impl(*args, **kwargs)
[rank3]:   File "/data/run01/scw6f3q/zncao/affincraft/lib/python3.9/site-packages/torch/nn/modules/module.py", line 1750, in _call_impl
[rank3]:     return forward_call(*args, **kwargs)
[rank3]:   File "/data/run01/scw6f3q/zncao/affincraft/lib/python3.9/site-packages/fairseq/distributed/module_proxy_wrapper.py", line 56, in forward
[rank3]:     return self.module(*args, **kwargs)
[rank3]:   File "/data/run01/scw6f3q/zncao/affincraft/lib/python3.9/site-packages/torch/nn/modules/module.py", line 1739, in _wrapped_call_impl
[rank3]:     return self._call_impl(*args, **kwargs)
[rank3]:   File "/data/run01/scw6f3q/zncao/affincraft/lib/python3.9/site-packages/torch/nn/modules/module.py", line 1750, in _call_impl
[rank3]:     return forward_call(*args, **kwargs)
[rank3]:   File "/data/run01/scw6f3q/zncao/affincraft/lib/python3.9/site-packages/torch/nn/parallel/distributed.py", line 1643, in forward
[rank3]:     else self._run_ddp_forward(*inputs, **kwargs)
[rank3]:   File "/data/run01/scw6f3q/zncao/affincraft/lib/python3.9/site-packages/torch/nn/parallel/distributed.py", line 1459, in _run_ddp_forward
[rank3]:     return self.module(*inputs, **kwargs)  # type: ignore[index]
[rank3]:   File "/data/run01/scw6f3q/zncao/affincraft/lib/python3.9/site-packages/torch/nn/modules/module.py", line 1739, in _wrapped_call_impl
[rank3]:     return self._call_impl(*args, **kwargs)
[rank3]:   File "/data/run01/scw6f3q/zncao/affincraft/lib/python3.9/site-packages/torch/nn/modules/module.py", line 1750, in _call_impl
[rank3]:     return forward_call(*args, **kwargs)
[rank3]:   File "/data/run01/scw6f3q/zncao/affincraft-nn/graphormer/models/graphormer.py", line 174, in forward
[rank3]:     return self.encoder(batched_data, **kwargs)
[rank3]:   File "/data/run01/scw6f3q/zncao/affincraft/lib/python3.9/site-packages/torch/nn/modules/module.py", line 1739, in _wrapped_call_impl
[rank3]:     return self._call_impl(*args, **kwargs)
[rank3]:   File "/data/run01/scw6f3q/zncao/affincraft/lib/python3.9/site-packages/torch/nn/modules/module.py", line 1750, in _call_impl
[rank3]:     return forward_call(*args, **kwargs)
[rank3]:   File "/data/run01/scw6f3q/zncao/affincraft-nn/graphormer/models/graphormer.py", line 243, in forward
[rank3]:     inner_states, graph_rep = self.graph_encoder(
[rank3]:   File "/data/run01/scw6f3q/zncao/affincraft/lib/python3.9/site-packages/torch/nn/modules/module.py", line 1739, in _wrapped_call_impl
[rank3]:     return self._call_impl(*args, **kwargs)
[rank3]:   File "/data/run01/scw6f3q/zncao/affincraft/lib/python3.9/site-packages/torch/nn/modules/module.py", line 1750, in _call_impl
[rank3]:     return forward_call(*args, **kwargs)
[rank3]:   File "/data/run01/scw6f3q/zncao/affincraft-nn/graphormer/modules/affincraft_graph_encoder.py", line 174, in forward
[rank3]:     x = self.graph_node_feature(batched_data)
[rank3]:   File "/data/run01/scw6f3q/zncao/affincraft/lib/python3.9/site-packages/torch/nn/modules/module.py", line 1739, in _wrapped_call_impl
[rank3]:     return self._call_impl(*args, **kwargs)
[rank3]:   File "/data/run01/scw6f3q/zncao/affincraft/lib/python3.9/site-packages/torch/nn/modules/module.py", line 1750, in _call_impl
[rank3]:     return forward_call(*args, **kwargs)
[rank3]:   File "/data/run01/scw6f3q/zncao/affincraft-nn/graphormer/modules/graphormer_layers.py", line 163, in forward
[rank3]:     masif_emb = self.hierarchical_pool_masif(masif_feat, masif_mask)
[rank3]:   File "/data/run01/scw6f3q/zncao/affincraft/lib/python3.9/site-packages/torch/nn/modules/module.py", line 1928, in __getattr__
[rank3]:     raise AttributeError(
[rank3]: AttributeError: 'AffinCraftNodeFeature' object has no attribute 'hierarchical_pool_masif'
[rank0]: Traceback (most recent call last):
[rank0]:   File "/data/run01/scw6f3q/zncao/affincraft/bin/fairseq-train", line 8, in <module>
[rank0]:     sys.exit(cli_main())
[rank0]:   File "/data/run01/scw6f3q/zncao/affincraft/lib/python3.9/site-packages/fairseq_cli/train.py", line 557, in cli_main
[rank0]:     distributed_utils.call_main(cfg, main)
[rank0]:   File "/data/run01/scw6f3q/zncao/affincraft/lib/python3.9/site-packages/fairseq/distributed/utils.py", line 354, in call_main
[rank0]:     distributed_main(cfg.distributed_training.device_id, main, cfg, kwargs)
[rank0]:   File "/data/run01/scw6f3q/zncao/affincraft/lib/python3.9/site-packages/fairseq/distributed/utils.py", line 328, in distributed_main
[rank0]:     main(cfg, **kwargs)
[rank0]:   File "/data/run01/scw6f3q/zncao/affincraft/lib/python3.9/site-packages/fairseq_cli/train.py", line 190, in main
[rank0]:     valid_losses, should_stop = train(cfg, trainer, task, epoch_itr)
[rank0]:   File "/data/run01/scw6f3q/zncao/affincraft/lib/python3.9/contextlib.py", line 79, in inner
[rank0]:     return func(*args, **kwds)
[rank0]:   File "/data/run01/scw6f3q/zncao/affincraft/lib/python3.9/site-packages/fairseq_cli/train.py", line 316, in train
[rank0]:     log_output = trainer.train_step(samples)
[rank0]:   File "/data/run01/scw6f3q/zncao/affincraft/lib/python3.9/contextlib.py", line 79, in inner
[rank0]:     return func(*args, **kwds)
[rank0]:   File "/data/run01/scw6f3q/zncao/affincraft/lib/python3.9/site-packages/fairseq/trainer.py", line 824, in train_step
[rank0]:     loss, sample_size_i, logging_output = self.task.train_step(
[rank0]:   File "/data/run01/scw6f3q/zncao/affincraft/lib/python3.9/site-packages/fairseq/tasks/fairseq_task.py", line 515, in train_step
[rank0]:     loss, sample_size, logging_output = criterion(model, sample)
[rank0]:   File "/data/run01/scw6f3q/zncao/affincraft/lib/python3.9/site-packages/torch/nn/modules/module.py", line 1739, in _wrapped_call_impl
[rank0]:     return self._call_impl(*args, **kwargs)
[rank0]:   File "/data/run01/scw6f3q/zncao/affincraft/lib/python3.9/site-packages/torch/nn/modules/module.py", line 1750, in _call_impl
[rank0]:     return forward_call(*args, **kwargs)
[rank0]:   File "/data/run01/scw6f3q/zncao/affincraft-nn/graphormer/criterions/l2_loss.py", line 207, in forward
[rank0]:     raise e
[rank0]:   File "/data/run01/scw6f3q/zncao/affincraft-nn/graphormer/criterions/l2_loss.py", line 114, in forward
[rank0]:     logits = model(**sample["net_input"])
[rank0]:   File "/data/run01/scw6f3q/zncao/affincraft/lib/python3.9/site-packages/torch/nn/modules/module.py", line 1739, in _wrapped_call_impl
[rank0]:     return self._call_impl(*args, **kwargs)
[rank0]:   File "/data/run01/scw6f3q/zncao/affincraft/lib/python3.9/site-packages/torch/nn/modules/module.py", line 1750, in _call_impl
[rank0]:     return forward_call(*args, **kwargs)
[rank0]:   File "/data/run01/scw6f3q/zncao/affincraft/lib/python3.9/site-packages/fairseq/distributed/module_proxy_wrapper.py", line 56, in forward
[rank0]:     return self.module(*args, **kwargs)
[rank0]:   File "/data/run01/scw6f3q/zncao/affincraft/lib/python3.9/site-packages/torch/nn/modules/module.py", line 1739, in _wrapped_call_impl
[rank0]:     return self._call_impl(*args, **kwargs)
[rank0]:   File "/data/run01/scw6f3q/zncao/affincraft/lib/python3.9/site-packages/torch/nn/modules/module.py", line 1750, in _call_impl
[rank0]:     return forward_call(*args, **kwargs)
[rank0]:   File "/data/run01/scw6f3q/zncao/affincraft/lib/python3.9/site-packages/torch/nn/parallel/distributed.py", line 1643, in forward
[rank0]:     else self._run_ddp_forward(*inputs, **kwargs)
[rank0]:   File "/data/run01/scw6f3q/zncao/affincraft/lib/python3.9/site-packages/torch/nn/parallel/distributed.py", line 1459, in _run_ddp_forward
[rank0]:     return self.module(*inputs, **kwargs)  # type: ignore[index]
[rank0]:   File "/data/run01/scw6f3q/zncao/affincraft/lib/python3.9/site-packages/torch/nn/modules/module.py", line 1739, in _wrapped_call_impl
[rank0]:     return self._call_impl(*args, **kwargs)
[rank0]:   File "/data/run01/scw6f3q/zncao/affincraft/lib/python3.9/site-packages/torch/nn/modules/module.py", line 1750, in _call_impl
[rank0]:     return forward_call(*args, **kwargs)
[rank0]:   File "/data/run01/scw6f3q/zncao/affincraft-nn/graphormer/models/graphormer.py", line 174, in forward
[rank0]:     return self.encoder(batched_data, **kwargs)
[rank0]:   File "/data/run01/scw6f3q/zncao/affincraft/lib/python3.9/site-packages/torch/nn/modules/module.py", line 1739, in _wrapped_call_impl
[rank0]:     return self._call_impl(*args, **kwargs)
[rank0]:   File "/data/run01/scw6f3q/zncao/affincraft/lib/python3.9/site-packages/torch/nn/modules/module.py", line 1750, in _call_impl
[rank0]:     return forward_call(*args, **kwargs)
[rank0]:   File "/data/run01/scw6f3q/zncao/affincraft-nn/graphormer/models/graphormer.py", line 243, in forward
[rank0]:     inner_states, graph_rep = self.graph_encoder(
[rank0]:   File "/data/run01/scw6f3q/zncao/affincraft/lib/python3.9/site-packages/torch/nn/modules/module.py", line 1739, in _wrapped_call_impl
[rank0]:     return self._call_impl(*args, **kwargs)
[rank0]:   File "/data/run01/scw6f3q/zncao/affincraft/lib/python3.9/site-packages/torch/nn/modules/module.py", line 1750, in _call_impl
[rank0]:     return forward_call(*args, **kwargs)
[rank0]:   File "/data/run01/scw6f3q/zncao/affincraft-nn/graphormer/modules/affincraft_graph_encoder.py", line 174, in forward
[rank0]:     x = self.graph_node_feature(batched_data)
[rank0]:   File "/data/run01/scw6f3q/zncao/affincraft/lib/python3.9/site-packages/torch/nn/modules/module.py", line 1739, in _wrapped_call_impl
[rank0]:     return self._call_impl(*args, **kwargs)
[rank0]:   File "/data/run01/scw6f3q/zncao/affincraft/lib/python3.9/site-packages/torch/nn/modules/module.py", line 1750, in _call_impl
[rank0]:     return forward_call(*args, **kwargs)
[rank0]:   File "/data/run01/scw6f3q/zncao/affincraft-nn/graphormer/modules/graphormer_layers.py", line 163, in forward
[rank0]:     masif_emb = self.hierarchical_pool_masif(masif_feat, masif_mask)
[rank0]:   File "/data/run01/scw6f3q/zncao/affincraft/lib/python3.9/site-packages/torch/nn/modules/module.py", line 1928, in __getattr__
[rank0]:     raise AttributeError(
[rank0]: AttributeError: 'AffinCraftNodeFeature' object has no attribute 'hierarchical_pool_masif'
[rank4]: Traceback (most recent call last):
[rank4]:   File "/data/run01/scw6f3q/zncao/affincraft/bin/fairseq-train", line 8, in <module>
[rank4]:     sys.exit(cli_main())
[rank4]:   File "/data/run01/scw6f3q/zncao/affincraft/lib/python3.9/site-packages/fairseq_cli/train.py", line 557, in cli_main
[rank4]:     distributed_utils.call_main(cfg, main)
[rank4]:   File "/data/run01/scw6f3q/zncao/affincraft/lib/python3.9/site-packages/fairseq/distributed/utils.py", line 354, in call_main
[rank4]:     distributed_main(cfg.distributed_training.device_id, main, cfg, kwargs)
[rank4]:   File "/data/run01/scw6f3q/zncao/affincraft/lib/python3.9/site-packages/fairseq/distributed/utils.py", line 328, in distributed_main
[rank4]:     main(cfg, **kwargs)
[rank4]:   File "/data/run01/scw6f3q/zncao/affincraft/lib/python3.9/site-packages/fairseq_cli/train.py", line 190, in main
[rank4]:     valid_losses, should_stop = train(cfg, trainer, task, epoch_itr)
[rank4]:   File "/data/run01/scw6f3q/zncao/affincraft/lib/python3.9/contextlib.py", line 79, in inner
[rank4]:     return func(*args, **kwds)
[rank4]:   File "/data/run01/scw6f3q/zncao/affincraft/lib/python3.9/site-packages/fairseq_cli/train.py", line 316, in train
[rank4]:     log_output = trainer.train_step(samples)
[rank4]:   File "/data/run01/scw6f3q/zncao/affincraft/lib/python3.9/contextlib.py", line 79, in inner
[rank4]:     return func(*args, **kwds)
[rank4]:   File "/data/run01/scw6f3q/zncao/affincraft/lib/python3.9/site-packages/fairseq/trainer.py", line 824, in train_step
[rank4]:     loss, sample_size_i, logging_output = self.task.train_step(
[rank4]:   File "/data/run01/scw6f3q/zncao/affincraft/lib/python3.9/site-packages/fairseq/tasks/fairseq_task.py", line 515, in train_step
[rank4]:     loss, sample_size, logging_output = criterion(model, sample)
[rank4]:   File "/data/run01/scw6f3q/zncao/affincraft/lib/python3.9/site-packages/torch/nn/modules/module.py", line 1739, in _wrapped_call_impl
[rank4]:     return self._call_impl(*args, **kwargs)
[rank4]:   File "/data/run01/scw6f3q/zncao/affincraft/lib/python3.9/site-packages/torch/nn/modules/module.py", line 1750, in _call_impl
[rank4]:     return forward_call(*args, **kwargs)
[rank4]:   File "/data/run01/scw6f3q/zncao/affincraft-nn/graphormer/criterions/l2_loss.py", line 207, in forward
[rank4]:     raise e
[rank4]:   File "/data/run01/scw6f3q/zncao/affincraft-nn/graphormer/criterions/l2_loss.py", line 114, in forward
[rank4]:     logits = model(**sample["net_input"])
[rank4]:   File "/data/run01/scw6f3q/zncao/affincraft/lib/python3.9/site-packages/torch/nn/modules/module.py", line 1739, in _wrapped_call_impl
[rank4]:     return self._call_impl(*args, **kwargs)
[rank4]:   File "/data/run01/scw6f3q/zncao/affincraft/lib/python3.9/site-packages/torch/nn/modules/module.py", line 1750, in _call_impl
[rank4]:     return forward_call(*args, **kwargs)
[rank4]:   File "/data/run01/scw6f3q/zncao/affincraft/lib/python3.9/site-packages/fairseq/distributed/module_proxy_wrapper.py", line 56, in forward
[rank4]:     return self.module(*args, **kwargs)
[rank4]:   File "/data/run01/scw6f3q/zncao/affincraft/lib/python3.9/site-packages/torch/nn/modules/module.py", line 1739, in _wrapped_call_impl
[rank4]:     return self._call_impl(*args, **kwargs)
[rank4]:   File "/data/run01/scw6f3q/zncao/affincraft/lib/python3.9/site-packages/torch/nn/modules/module.py", line 1750, in _call_impl
[rank4]:     return forward_call(*args, **kwargs)
[rank4]:   File "/data/run01/scw6f3q/zncao/affincraft/lib/python3.9/site-packages/torch/nn/parallel/distributed.py", line 1643, in forward
[rank4]:     else self._run_ddp_forward(*inputs, **kwargs)
[rank4]:   File "/data/run01/scw6f3q/zncao/affincraft/lib/python3.9/site-packages/torch/nn/parallel/distributed.py", line 1459, in _run_ddp_forward
[rank4]:     return self.module(*inputs, **kwargs)  # type: ignore[index]
[rank4]:   File "/data/run01/scw6f3q/zncao/affincraft/lib/python3.9/site-packages/torch/nn/modules/module.py", line 1739, in _wrapped_call_impl
[rank4]:     return self._call_impl(*args, **kwargs)
[rank4]:   File "/data/run01/scw6f3q/zncao/affincraft/lib/python3.9/site-packages/torch/nn/modules/module.py", line 1750, in _call_impl
[rank4]:     return forward_call(*args, **kwargs)
[rank4]:   File "/data/run01/scw6f3q/zncao/affincraft-nn/graphormer/models/graphormer.py", line 174, in forward
[rank4]:     return self.encoder(batched_data, **kwargs)
[rank4]:   File "/data/run01/scw6f3q/zncao/affincraft/lib/python3.9/site-packages/torch/nn/modules/module.py", line 1739, in _wrapped_call_impl
[rank4]:     return self._call_impl(*args, **kwargs)
[rank4]:   File "/data/run01/scw6f3q/zncao/affincraft/lib/python3.9/site-packages/torch/nn/modules/module.py", line 1750, in _call_impl
[rank4]:     return forward_call(*args, **kwargs)
[rank4]:   File "/data/run01/scw6f3q/zncao/affincraft-nn/graphormer/models/graphormer.py", line 243, in forward
[rank4]:     inner_states, graph_rep = self.graph_encoder(
[rank4]:   File "/data/run01/scw6f3q/zncao/affincraft/lib/python3.9/site-packages/torch/nn/modules/module.py", line 1739, in _wrapped_call_impl
[rank4]:     return self._call_impl(*args, **kwargs)
[rank4]:   File "/data/run01/scw6f3q/zncao/affincraft/lib/python3.9/site-packages/torch/nn/modules/module.py", line 1750, in _call_impl
[rank4]:     return forward_call(*args, **kwargs)
[rank4]:   File "/data/run01/scw6f3q/zncao/affincraft-nn/graphormer/modules/affincraft_graph_encoder.py", line 174, in forward
[rank4]:     x = self.graph_node_feature(batched_data)
[rank4]:   File "/data/run01/scw6f3q/zncao/affincraft/lib/python3.9/site-packages/torch/nn/modules/module.py", line 1739, in _wrapped_call_impl
[rank4]:     return self._call_impl(*args, **kwargs)
[rank4]:   File "/data/run01/scw6f3q/zncao/affincraft/lib/python3.9/site-packages/torch/nn/modules/module.py", line 1750, in _call_impl
[rank4]:     return forward_call(*args, **kwargs)
[rank4]:   File "/data/run01/scw6f3q/zncao/affincraft-nn/graphormer/modules/graphormer_layers.py", line 163, in forward
[rank4]:     masif_emb = self.hierarchical_pool_masif(masif_feat, masif_mask)
[rank4]:   File "/data/run01/scw6f3q/zncao/affincraft/lib/python3.9/site-packages/torch/nn/modules/module.py", line 1928, in __getattr__
[rank4]:     raise AttributeError(
[rank4]: AttributeError: 'AffinCraftNodeFeature' object has no attribute 'hierarchical_pool_masif'
[rank5]: Traceback (most recent call last):
[rank5]:   File "/data/run01/scw6f3q/zncao/affincraft/bin/fairseq-train", line 8, in <module>
[rank5]:     sys.exit(cli_main())
[rank5]:   File "/data/run01/scw6f3q/zncao/affincraft/lib/python3.9/site-packages/fairseq_cli/train.py", line 557, in cli_main
[rank5]:     distributed_utils.call_main(cfg, main)
[rank5]:   File "/data/run01/scw6f3q/zncao/affincraft/lib/python3.9/site-packages/fairseq/distributed/utils.py", line 354, in call_main
[rank5]:     distributed_main(cfg.distributed_training.device_id, main, cfg, kwargs)
[rank5]:   File "/data/run01/scw6f3q/zncao/affincraft/lib/python3.9/site-packages/fairseq/distributed/utils.py", line 328, in distributed_main
[rank5]:     main(cfg, **kwargs)
[rank5]:   File "/data/run01/scw6f3q/zncao/affincraft/lib/python3.9/site-packages/fairseq_cli/train.py", line 190, in main
[rank5]:     valid_losses, should_stop = train(cfg, trainer, task, epoch_itr)
[rank5]:   File "/data/run01/scw6f3q/zncao/affincraft/lib/python3.9/contextlib.py", line 79, in inner
[rank5]:     return func(*args, **kwds)
[rank5]:   File "/data/run01/scw6f3q/zncao/affincraft/lib/python3.9/site-packages/fairseq_cli/train.py", line 316, in train
[rank5]:     log_output = trainer.train_step(samples)
[rank5]:   File "/data/run01/scw6f3q/zncao/affincraft/lib/python3.9/contextlib.py", line 79, in inner
[rank5]:     return func(*args, **kwds)
[rank5]:   File "/data/run01/scw6f3q/zncao/affincraft/lib/python3.9/site-packages/fairseq/trainer.py", line 824, in train_step
[rank5]:     loss, sample_size_i, logging_output = self.task.train_step(
[rank5]:   File "/data/run01/scw6f3q/zncao/affincraft/lib/python3.9/site-packages/fairseq/tasks/fairseq_task.py", line 515, in train_step
[rank5]:     loss, sample_size, logging_output = criterion(model, sample)
[rank5]:   File "/data/run01/scw6f3q/zncao/affincraft/lib/python3.9/site-packages/torch/nn/modules/module.py", line 1739, in _wrapped_call_impl
[rank5]:     return self._call_impl(*args, **kwargs)
[rank5]:   File "/data/run01/scw6f3q/zncao/affincraft/lib/python3.9/site-packages/torch/nn/modules/module.py", line 1750, in _call_impl
[rank5]:     return forward_call(*args, **kwargs)
[rank5]:   File "/data/run01/scw6f3q/zncao/affincraft-nn/graphormer/criterions/l2_loss.py", line 207, in forward
[rank5]:     raise e
[rank5]:   File "/data/run01/scw6f3q/zncao/affincraft-nn/graphormer/criterions/l2_loss.py", line 114, in forward
[rank5]:     logits = model(**sample["net_input"])
[rank5]:   File "/data/run01/scw6f3q/zncao/affincraft/lib/python3.9/site-packages/torch/nn/modules/module.py", line 1739, in _wrapped_call_impl
[rank5]:     return self._call_impl(*args, **kwargs)
[rank5]:   File "/data/run01/scw6f3q/zncao/affincraft/lib/python3.9/site-packages/torch/nn/modules/module.py", line 1750, in _call_impl
[rank5]:     return forward_call(*args, **kwargs)
[rank5]:   File "/data/run01/scw6f3q/zncao/affincraft/lib/python3.9/site-packages/fairseq/distributed/module_proxy_wrapper.py", line 56, in forward
[rank5]:     return self.module(*args, **kwargs)
[rank5]:   File "/data/run01/scw6f3q/zncao/affincraft/lib/python3.9/site-packages/torch/nn/modules/module.py", line 1739, in _wrapped_call_impl
[rank5]:     return self._call_impl(*args, **kwargs)
[rank5]:   File "/data/run01/scw6f3q/zncao/affincraft/lib/python3.9/site-packages/torch/nn/modules/module.py", line 1750, in _call_impl
[rank5]:     return forward_call(*args, **kwargs)
[rank5]:   File "/data/run01/scw6f3q/zncao/affincraft/lib/python3.9/site-packages/torch/nn/parallel/distributed.py", line 1643, in forward
[rank5]:     else self._run_ddp_forward(*inputs, **kwargs)
[rank5]:   File "/data/run01/scw6f3q/zncao/affincraft/lib/python3.9/site-packages/torch/nn/parallel/distributed.py", line 1459, in _run_ddp_forward
[rank5]:     return self.module(*inputs, **kwargs)  # type: ignore[index]
[rank5]:   File "/data/run01/scw6f3q/zncao/affincraft/lib/python3.9/site-packages/torch/nn/modules/module.py", line 1739, in _wrapped_call_impl
[rank5]:     return self._call_impl(*args, **kwargs)
[rank5]:   File "/data/run01/scw6f3q/zncao/affincraft/lib/python3.9/site-packages/torch/nn/modules/module.py", line 1750, in _call_impl
[rank5]:     return forward_call(*args, **kwargs)
[rank5]:   File "/data/run01/scw6f3q/zncao/affincraft-nn/graphormer/models/graphormer.py", line 174, in forward
[rank5]:     return self.encoder(batched_data, **kwargs)
[rank5]:   File "/data/run01/scw6f3q/zncao/affincraft/lib/python3.9/site-packages/torch/nn/modules/module.py", line 1739, in _wrapped_call_impl
[rank5]:     return self._call_impl(*args, **kwargs)
[rank5]:   File "/data/run01/scw6f3q/zncao/affincraft/lib/python3.9/site-packages/torch/nn/modules/module.py", line 1750, in _call_impl
[rank5]:     return forward_call(*args, **kwargs)
[rank5]:   File "/data/run01/scw6f3q/zncao/affincraft-nn/graphormer/models/graphormer.py", line 243, in forward
[rank5]:     inner_states, graph_rep = self.graph_encoder(
[rank5]:   File "/data/run01/scw6f3q/zncao/affincraft/lib/python3.9/site-packages/torch/nn/modules/module.py", line 1739, in _wrapped_call_impl
[rank5]:     return self._call_impl(*args, **kwargs)
[rank5]:   File "/data/run01/scw6f3q/zncao/affincraft/lib/python3.9/site-packages/torch/nn/modules/module.py", line 1750, in _call_impl
[rank5]:     return forward_call(*args, **kwargs)
[rank5]:   File "/data/run01/scw6f3q/zncao/affincraft-nn/graphormer/modules/affincraft_graph_encoder.py", line 174, in forward
[rank5]:     x = self.graph_node_feature(batched_data)
[rank5]:   File "/data/run01/scw6f3q/zncao/affincraft/lib/python3.9/site-packages/torch/nn/modules/module.py", line 1739, in _wrapped_call_impl
[rank5]:     return self._call_impl(*args, **kwargs)
[rank5]:   File "/data/run01/scw6f3q/zncao/affincraft/lib/python3.9/site-packages/torch/nn/modules/module.py", line 1750, in _call_impl
[rank5]:     return forward_call(*args, **kwargs)
[rank5]:   File "/data/run01/scw6f3q/zncao/affincraft-nn/graphormer/modules/graphormer_layers.py", line 163, in forward
[rank5]:     masif_emb = self.hierarchical_pool_masif(masif_feat, masif_mask)
[rank5]:   File "/data/run01/scw6f3q/zncao/affincraft/lib/python3.9/site-packages/torch/nn/modules/module.py", line 1928, in __getattr__
[rank5]:     raise AttributeError(
[rank5]: AttributeError: 'AffinCraftNodeFeature' object has no attribute 'hierarchical_pool_masif'
[rank1]: Traceback (most recent call last):
[rank1]:   File "/data/run01/scw6f3q/zncao/affincraft/bin/fairseq-train", line 8, in <module>
[rank1]:     sys.exit(cli_main())
[rank1]:   File "/data/run01/scw6f3q/zncao/affincraft/lib/python3.9/site-packages/fairseq_cli/train.py", line 557, in cli_main
[rank1]:     distributed_utils.call_main(cfg, main)
[rank1]:   File "/data/run01/scw6f3q/zncao/affincraft/lib/python3.9/site-packages/fairseq/distributed/utils.py", line 354, in call_main
[rank1]:     distributed_main(cfg.distributed_training.device_id, main, cfg, kwargs)
[rank1]:   File "/data/run01/scw6f3q/zncao/affincraft/lib/python3.9/site-packages/fairseq/distributed/utils.py", line 328, in distributed_main
[rank1]:     main(cfg, **kwargs)
[rank1]:   File "/data/run01/scw6f3q/zncao/affincraft/lib/python3.9/site-packages/fairseq_cli/train.py", line 190, in main
[rank1]:     valid_losses, should_stop = train(cfg, trainer, task, epoch_itr)
[rank1]:   File "/data/run01/scw6f3q/zncao/affincraft/lib/python3.9/contextlib.py", line 79, in inner
[rank1]:     return func(*args, **kwds)
[rank1]:   File "/data/run01/scw6f3q/zncao/affincraft/lib/python3.9/site-packages/fairseq_cli/train.py", line 316, in train
[rank1]:     log_output = trainer.train_step(samples)
[rank1]:   File "/data/run01/scw6f3q/zncao/affincraft/lib/python3.9/contextlib.py", line 79, in inner
[rank1]:     return func(*args, **kwds)
[rank1]:   File "/data/run01/scw6f3q/zncao/affincraft/lib/python3.9/site-packages/fairseq/trainer.py", line 824, in train_step
[rank1]:     loss, sample_size_i, logging_output = self.task.train_step(
[rank1]:   File "/data/run01/scw6f3q/zncao/affincraft/lib/python3.9/site-packages/fairseq/tasks/fairseq_task.py", line 515, in train_step
[rank1]:     loss, sample_size, logging_output = criterion(model, sample)
[rank1]:   File "/data/run01/scw6f3q/zncao/affincraft/lib/python3.9/site-packages/torch/nn/modules/module.py", line 1739, in _wrapped_call_impl
[rank1]:     return self._call_impl(*args, **kwargs)
[rank1]:   File "/data/run01/scw6f3q/zncao/affincraft/lib/python3.9/site-packages/torch/nn/modules/module.py", line 1750, in _call_impl
[rank1]:     return forward_call(*args, **kwargs)
[rank1]:   File "/data/run01/scw6f3q/zncao/affincraft-nn/graphormer/criterions/l2_loss.py", line 207, in forward
[rank1]:     raise e
[rank1]:   File "/data/run01/scw6f3q/zncao/affincraft-nn/graphormer/criterions/l2_loss.py", line 114, in forward
[rank1]:     logits = model(**sample["net_input"])
[rank1]:   File "/data/run01/scw6f3q/zncao/affincraft/lib/python3.9/site-packages/torch/nn/modules/module.py", line 1739, in _wrapped_call_impl
[rank1]:     return self._call_impl(*args, **kwargs)
[rank1]:   File "/data/run01/scw6f3q/zncao/affincraft/lib/python3.9/site-packages/torch/nn/modules/module.py", line 1750, in _call_impl
[rank1]:     return forward_call(*args, **kwargs)
[rank1]:   File "/data/run01/scw6f3q/zncao/affincraft/lib/python3.9/site-packages/fairseq/distributed/module_proxy_wrapper.py", line 56, in forward
[rank1]:     return self.module(*args, **kwargs)
[rank1]:   File "/data/run01/scw6f3q/zncao/affincraft/lib/python3.9/site-packages/torch/nn/modules/module.py", line 1739, in _wrapped_call_impl
[rank1]:     return self._call_impl(*args, **kwargs)
[rank1]:   File "/data/run01/scw6f3q/zncao/affincraft/lib/python3.9/site-packages/torch/nn/modules/module.py", line 1750, in _call_impl
[rank1]:     return forward_call(*args, **kwargs)
[rank1]:   File "/data/run01/scw6f3q/zncao/affincraft/lib/python3.9/site-packages/torch/nn/parallel/distributed.py", line 1643, in forward
[rank1]:     else self._run_ddp_forward(*inputs, **kwargs)
[rank1]:   File "/data/run01/scw6f3q/zncao/affincraft/lib/python3.9/site-packages/torch/nn/parallel/distributed.py", line 1459, in _run_ddp_forward
[rank1]:     return self.module(*inputs, **kwargs)  # type: ignore[index]
[rank1]:   File "/data/run01/scw6f3q/zncao/affincraft/lib/python3.9/site-packages/torch/nn/modules/module.py", line 1739, in _wrapped_call_impl
[rank1]:     return self._call_impl(*args, **kwargs)
[rank1]:   File "/data/run01/scw6f3q/zncao/affincraft/lib/python3.9/site-packages/torch/nn/modules/module.py", line 1750, in _call_impl
[rank1]:     return forward_call(*args, **kwargs)
[rank1]:   File "/data/run01/scw6f3q/zncao/affincraft-nn/graphormer/models/graphormer.py", line 174, in forward
[rank1]:     return self.encoder(batched_data, **kwargs)
[rank1]:   File "/data/run01/scw6f3q/zncao/affincraft/lib/python3.9/site-packages/torch/nn/modules/module.py", line 1739, in _wrapped_call_impl
[rank1]:     return self._call_impl(*args, **kwargs)
[rank1]:   File "/data/run01/scw6f3q/zncao/affincraft/lib/python3.9/site-packages/torch/nn/modules/module.py", line 1750, in _call_impl
[rank1]:     return forward_call(*args, **kwargs)
[rank1]:   File "/data/run01/scw6f3q/zncao/affincraft-nn/graphormer/models/graphormer.py", line 243, in forward
[rank1]:     inner_states, graph_rep = self.graph_encoder(
[rank1]:   File "/data/run01/scw6f3q/zncao/affincraft/lib/python3.9/site-packages/torch/nn/modules/module.py", line 1739, in _wrapped_call_impl
[rank1]:     return self._call_impl(*args, **kwargs)
[rank1]:   File "/data/run01/scw6f3q/zncao/affincraft/lib/python3.9/site-packages/torch/nn/modules/module.py", line 1750, in _call_impl
[rank1]:     return forward_call(*args, **kwargs)
[rank1]:   File "/data/run01/scw6f3q/zncao/affincraft-nn/graphormer/modules/affincraft_graph_encoder.py", line 174, in forward
[rank1]:     x = self.graph_node_feature(batched_data)
[rank1]:   File "/data/run01/scw6f3q/zncao/affincraft/lib/python3.9/site-packages/torch/nn/modules/module.py", line 1739, in _wrapped_call_impl
[rank1]:     return self._call_impl(*args, **kwargs)
[rank1]:   File "/data/run01/scw6f3q/zncao/affincraft/lib/python3.9/site-packages/torch/nn/modules/module.py", line 1750, in _call_impl
[rank1]:     return forward_call(*args, **kwargs)
[rank1]:   File "/data/run01/scw6f3q/zncao/affincraft-nn/graphormer/modules/graphormer_layers.py", line 163, in forward
[rank1]:     masif_emb = self.hierarchical_pool_masif(masif_feat, masif_mask)
[rank1]:   File "/data/run01/scw6f3q/zncao/affincraft/lib/python3.9/site-packages/torch/nn/modules/module.py", line 1928, in __getattr__
[rank1]:     raise AttributeError(
[rank1]: AttributeError: 'AffinCraftNodeFeature' object has no attribute 'hierarchical_pool_masif'
[rank2]: Traceback (most recent call last):
[rank2]:   File "/data/run01/scw6f3q/zncao/affincraft/bin/fairseq-train", line 8, in <module>
[rank2]:     sys.exit(cli_main())
[rank2]:   File "/data/run01/scw6f3q/zncao/affincraft/lib/python3.9/site-packages/fairseq_cli/train.py", line 557, in cli_main
[rank2]:     distributed_utils.call_main(cfg, main)
[rank2]:   File "/data/run01/scw6f3q/zncao/affincraft/lib/python3.9/site-packages/fairseq/distributed/utils.py", line 354, in call_main
[rank2]:     distributed_main(cfg.distributed_training.device_id, main, cfg, kwargs)
[rank2]:   File "/data/run01/scw6f3q/zncao/affincraft/lib/python3.9/site-packages/fairseq/distributed/utils.py", line 328, in distributed_main
[rank2]:     main(cfg, **kwargs)
[rank2]:   File "/data/run01/scw6f3q/zncao/affincraft/lib/python3.9/site-packages/fairseq_cli/train.py", line 190, in main
[rank2]:     valid_losses, should_stop = train(cfg, trainer, task, epoch_itr)
[rank2]:   File "/data/run01/scw6f3q/zncao/affincraft/lib/python3.9/contextlib.py", line 79, in inner
[rank2]:     return func(*args, **kwds)
[rank2]:   File "/data/run01/scw6f3q/zncao/affincraft/lib/python3.9/site-packages/fairseq_cli/train.py", line 316, in train
[rank2]:     log_output = trainer.train_step(samples)
[rank2]:   File "/data/run01/scw6f3q/zncao/affincraft/lib/python3.9/contextlib.py", line 79, in inner
[rank2]:     return func(*args, **kwds)
[rank2]:   File "/data/run01/scw6f3q/zncao/affincraft/lib/python3.9/site-packages/fairseq/trainer.py", line 824, in train_step
[rank2]:     loss, sample_size_i, logging_output = self.task.train_step(
[rank2]:   File "/data/run01/scw6f3q/zncao/affincraft/lib/python3.9/site-packages/fairseq/tasks/fairseq_task.py", line 515, in train_step
[rank2]:     loss, sample_size, logging_output = criterion(model, sample)
[rank2]:   File "/data/run01/scw6f3q/zncao/affincraft/lib/python3.9/site-packages/torch/nn/modules/module.py", line 1739, in _wrapped_call_impl
[rank2]:     return self._call_impl(*args, **kwargs)
[rank2]:   File "/data/run01/scw6f3q/zncao/affincraft/lib/python3.9/site-packages/torch/nn/modules/module.py", line 1750, in _call_impl
[rank2]:     return forward_call(*args, **kwargs)
[rank2]:   File "/data/run01/scw6f3q/zncao/affincraft-nn/graphormer/criterions/l2_loss.py", line 207, in forward
[rank2]:     raise e
[rank2]:   File "/data/run01/scw6f3q/zncao/affincraft-nn/graphormer/criterions/l2_loss.py", line 114, in forward
[rank2]:     logits = model(**sample["net_input"])
[rank2]:   File "/data/run01/scw6f3q/zncao/affincraft/lib/python3.9/site-packages/torch/nn/modules/module.py", line 1739, in _wrapped_call_impl
[rank2]:     return self._call_impl(*args, **kwargs)
[rank2]:   File "/data/run01/scw6f3q/zncao/affincraft/lib/python3.9/site-packages/torch/nn/modules/module.py", line 1750, in _call_impl
[rank2]:     return forward_call(*args, **kwargs)
[rank2]:   File "/data/run01/scw6f3q/zncao/affincraft/lib/python3.9/site-packages/fairseq/distributed/module_proxy_wrapper.py", line 56, in forward
[rank2]:     return self.module(*args, **kwargs)
[rank2]:   File "/data/run01/scw6f3q/zncao/affincraft/lib/python3.9/site-packages/torch/nn/modules/module.py", line 1739, in _wrapped_call_impl
[rank2]:     return self._call_impl(*args, **kwargs)
[rank2]:   File "/data/run01/scw6f3q/zncao/affincraft/lib/python3.9/site-packages/torch/nn/modules/module.py", line 1750, in _call_impl
[rank2]:     return forward_call(*args, **kwargs)
[rank2]:   File "/data/run01/scw6f3q/zncao/affincraft/lib/python3.9/site-packages/torch/nn/parallel/distributed.py", line 1643, in forward
[rank2]:     else self._run_ddp_forward(*inputs, **kwargs)
[rank2]:   File "/data/run01/scw6f3q/zncao/affincraft/lib/python3.9/site-packages/torch/nn/parallel/distributed.py", line 1459, in _run_ddp_forward
[rank2]:     return self.module(*inputs, **kwargs)  # type: ignore[index]
[rank2]:   File "/data/run01/scw6f3q/zncao/affincraft/lib/python3.9/site-packages/torch/nn/modules/module.py", line 1739, in _wrapped_call_impl
[rank2]:     return self._call_impl(*args, **kwargs)
[rank2]:   File "/data/run01/scw6f3q/zncao/affincraft/lib/python3.9/site-packages/torch/nn/modules/module.py", line 1750, in _call_impl
[rank2]:     return forward_call(*args, **kwargs)
[rank2]:   File "/data/run01/scw6f3q/zncao/affincraft-nn/graphormer/models/graphormer.py", line 174, in forward
[rank2]:     return self.encoder(batched_data, **kwargs)
[rank2]:   File "/data/run01/scw6f3q/zncao/affincraft/lib/python3.9/site-packages/torch/nn/modules/module.py", line 1739, in _wrapped_call_impl
[rank2]:     return self._call_impl(*args, **kwargs)
[rank2]:   File "/data/run01/scw6f3q/zncao/affincraft/lib/python3.9/site-packages/torch/nn/modules/module.py", line 1750, in _call_impl
[rank2]:     return forward_call(*args, **kwargs)
[rank2]:   File "/data/run01/scw6f3q/zncao/affincraft-nn/graphormer/models/graphormer.py", line 243, in forward
[rank2]:     inner_states, graph_rep = self.graph_encoder(
[rank2]:   File "/data/run01/scw6f3q/zncao/affincraft/lib/python3.9/site-packages/torch/nn/modules/module.py", line 1739, in _wrapped_call_impl
[rank2]:     return self._call_impl(*args, **kwargs)
[rank2]:   File "/data/run01/scw6f3q/zncao/affincraft/lib/python3.9/site-packages/torch/nn/modules/module.py", line 1750, in _call_impl
[rank2]:     return forward_call(*args, **kwargs)
[rank2]:   File "/data/run01/scw6f3q/zncao/affincraft-nn/graphormer/modules/affincraft_graph_encoder.py", line 174, in forward
[rank2]:     x = self.graph_node_feature(batched_data)
[rank2]:   File "/data/run01/scw6f3q/zncao/affincraft/lib/python3.9/site-packages/torch/nn/modules/module.py", line 1739, in _wrapped_call_impl
[rank2]:     return self._call_impl(*args, **kwargs)
[rank2]:   File "/data/run01/scw6f3q/zncao/affincraft/lib/python3.9/site-packages/torch/nn/modules/module.py", line 1750, in _call_impl
[rank2]:     return forward_call(*args, **kwargs)
[rank2]:   File "/data/run01/scw6f3q/zncao/affincraft-nn/graphormer/modules/graphormer_layers.py", line 163, in forward
[rank2]:     masif_emb = self.hierarchical_pool_masif(masif_feat, masif_mask)
[rank2]:   File "/data/run01/scw6f3q/zncao/affincraft/lib/python3.9/site-packages/torch/nn/modules/module.py", line 1928, in __getattr__
[rank2]:     raise AttributeError(
[rank2]: AttributeError: 'AffinCraftNodeFeature' object has no attribute 'hierarchical_pool_masif'
[rank7]: Traceback (most recent call last):
[rank7]:   File "/data/run01/scw6f3q/zncao/affincraft/bin/fairseq-train", line 8, in <module>
[rank7]:     sys.exit(cli_main())
[rank7]:   File "/data/run01/scw6f3q/zncao/affincraft/lib/python3.9/site-packages/fairseq_cli/train.py", line 557, in cli_main
[rank7]:     distributed_utils.call_main(cfg, main)
[rank7]:   File "/data/run01/scw6f3q/zncao/affincraft/lib/python3.9/site-packages/fairseq/distributed/utils.py", line 354, in call_main
[rank7]:     distributed_main(cfg.distributed_training.device_id, main, cfg, kwargs)
[rank7]:   File "/data/run01/scw6f3q/zncao/affincraft/lib/python3.9/site-packages/fairseq/distributed/utils.py", line 328, in distributed_main
[rank7]:     main(cfg, **kwargs)
[rank7]:   File "/data/run01/scw6f3q/zncao/affincraft/lib/python3.9/site-packages/fairseq_cli/train.py", line 190, in main
[rank7]:     valid_losses, should_stop = train(cfg, trainer, task, epoch_itr)
[rank7]:   File "/data/run01/scw6f3q/zncao/affincraft/lib/python3.9/contextlib.py", line 79, in inner
[rank7]:     return func(*args, **kwds)
[rank7]:   File "/data/run01/scw6f3q/zncao/affincraft/lib/python3.9/site-packages/fairseq_cli/train.py", line 316, in train
[rank7]:     log_output = trainer.train_step(samples)
[rank7]:   File "/data/run01/scw6f3q/zncao/affincraft/lib/python3.9/contextlib.py", line 79, in inner
[rank7]:     return func(*args, **kwds)
[rank7]:   File "/data/run01/scw6f3q/zncao/affincraft/lib/python3.9/site-packages/fairseq/trainer.py", line 824, in train_step
[rank7]:     loss, sample_size_i, logging_output = self.task.train_step(
[rank7]:   File "/data/run01/scw6f3q/zncao/affincraft/lib/python3.9/site-packages/fairseq/tasks/fairseq_task.py", line 515, in train_step
[rank7]:     loss, sample_size, logging_output = criterion(model, sample)
[rank7]:   File "/data/run01/scw6f3q/zncao/affincraft/lib/python3.9/site-packages/torch/nn/modules/module.py", line 1739, in _wrapped_call_impl
[rank7]:     return self._call_impl(*args, **kwargs)
[rank7]:   File "/data/run01/scw6f3q/zncao/affincraft/lib/python3.9/site-packages/torch/nn/modules/module.py", line 1750, in _call_impl
[rank7]:     return forward_call(*args, **kwargs)
[rank7]:   File "/data/run01/scw6f3q/zncao/affincraft-nn/graphormer/criterions/l2_loss.py", line 207, in forward
[rank7]:     raise e
[rank7]:   File "/data/run01/scw6f3q/zncao/affincraft-nn/graphormer/criterions/l2_loss.py", line 114, in forward
[rank7]:     logits = model(**sample["net_input"])
[rank7]:   File "/data/run01/scw6f3q/zncao/affincraft/lib/python3.9/site-packages/torch/nn/modules/module.py", line 1739, in _wrapped_call_impl
[rank7]:     return self._call_impl(*args, **kwargs)
[rank7]:   File "/data/run01/scw6f3q/zncao/affincraft/lib/python3.9/site-packages/torch/nn/modules/module.py", line 1750, in _call_impl
[rank7]:     return forward_call(*args, **kwargs)
[rank7]:   File "/data/run01/scw6f3q/zncao/affincraft/lib/python3.9/site-packages/fairseq/distributed/module_proxy_wrapper.py", line 56, in forward
[rank7]:     return self.module(*args, **kwargs)
[rank7]:   File "/data/run01/scw6f3q/zncao/affincraft/lib/python3.9/site-packages/torch/nn/modules/module.py", line 1739, in _wrapped_call_impl
[rank7]:     return self._call_impl(*args, **kwargs)
[rank7]:   File "/data/run01/scw6f3q/zncao/affincraft/lib/python3.9/site-packages/torch/nn/modules/module.py", line 1750, in _call_impl
[rank7]:     return forward_call(*args, **kwargs)
[rank7]:   File "/data/run01/scw6f3q/zncao/affincraft/lib/python3.9/site-packages/torch/nn/parallel/distributed.py", line 1643, in forward
[rank7]:     else self._run_ddp_forward(*inputs, **kwargs)
[rank7]:   File "/data/run01/scw6f3q/zncao/affincraft/lib/python3.9/site-packages/torch/nn/parallel/distributed.py", line 1459, in _run_ddp_forward
[rank7]:     return self.module(*inputs, **kwargs)  # type: ignore[index]
[rank7]:   File "/data/run01/scw6f3q/zncao/affincraft/lib/python3.9/site-packages/torch/nn/modules/module.py", line 1739, in _wrapped_call_impl
[rank7]:     return self._call_impl(*args, **kwargs)
[rank7]:   File "/data/run01/scw6f3q/zncao/affincraft/lib/python3.9/site-packages/torch/nn/modules/module.py", line 1750, in _call_impl
[rank7]:     return forward_call(*args, **kwargs)
[rank7]:   File "/data/run01/scw6f3q/zncao/affincraft-nn/graphormer/models/graphormer.py", line 174, in forward
[rank7]:     return self.encoder(batched_data, **kwargs)
[rank7]:   File "/data/run01/scw6f3q/zncao/affincraft/lib/python3.9/site-packages/torch/nn/modules/module.py", line 1739, in _wrapped_call_impl
[rank7]:     return self._call_impl(*args, **kwargs)
[rank7]:   File "/data/run01/scw6f3q/zncao/affincraft/lib/python3.9/site-packages/torch/nn/modules/module.py", line 1750, in _call_impl
[rank7]:     return forward_call(*args, **kwargs)
[rank7]:   File "/data/run01/scw6f3q/zncao/affincraft-nn/graphormer/models/graphormer.py", line 243, in forward
[rank7]:     inner_states, graph_rep = self.graph_encoder(
[rank7]:   File "/data/run01/scw6f3q/zncao/affincraft/lib/python3.9/site-packages/torch/nn/modules/module.py", line 1739, in _wrapped_call_impl
[rank7]:     return self._call_impl(*args, **kwargs)
[rank7]:   File "/data/run01/scw6f3q/zncao/affincraft/lib/python3.9/site-packages/torch/nn/modules/module.py", line 1750, in _call_impl
[rank7]:     return forward_call(*args, **kwargs)
[rank7]:   File "/data/run01/scw6f3q/zncao/affincraft-nn/graphormer/modules/affincraft_graph_encoder.py", line 174, in forward
[rank7]:     x = self.graph_node_feature(batched_data)
[rank7]:   File "/data/run01/scw6f3q/zncao/affincraft/lib/python3.9/site-packages/torch/nn/modules/module.py", line 1739, in _wrapped_call_impl
[rank7]:     return self._call_impl(*args, **kwargs)
[rank7]:   File "/data/run01/scw6f3q/zncao/affincraft/lib/python3.9/site-packages/torch/nn/modules/module.py", line 1750, in _call_impl
[rank7]:     return forward_call(*args, **kwargs)
[rank7]:   File "/data/run01/scw6f3q/zncao/affincraft-nn/graphormer/modules/graphormer_layers.py", line 163, in forward
[rank7]:     masif_emb = self.hierarchical_pool_masif(masif_feat, masif_mask)
[rank7]:   File "/data/run01/scw6f3q/zncao/affincraft/lib/python3.9/site-packages/torch/nn/modules/module.py", line 1928, in __getattr__
[rank7]:     raise AttributeError(
[rank7]: AttributeError: 'AffinCraftNodeFeature' object has no attribute 'hierarchical_pool_masif'
[rank6]: Traceback (most recent call last):
[rank6]:   File "/data/run01/scw6f3q/zncao/affincraft/bin/fairseq-train", line 8, in <module>
[rank6]:     sys.exit(cli_main())
[rank6]:   File "/data/run01/scw6f3q/zncao/affincraft/lib/python3.9/site-packages/fairseq_cli/train.py", line 557, in cli_main
[rank6]:     distributed_utils.call_main(cfg, main)
[rank6]:   File "/data/run01/scw6f3q/zncao/affincraft/lib/python3.9/site-packages/fairseq/distributed/utils.py", line 354, in call_main
[rank6]:     distributed_main(cfg.distributed_training.device_id, main, cfg, kwargs)
[rank6]:   File "/data/run01/scw6f3q/zncao/affincraft/lib/python3.9/site-packages/fairseq/distributed/utils.py", line 328, in distributed_main
[rank6]:     main(cfg, **kwargs)
[rank6]:   File "/data/run01/scw6f3q/zncao/affincraft/lib/python3.9/site-packages/fairseq_cli/train.py", line 190, in main
[rank6]:     valid_losses, should_stop = train(cfg, trainer, task, epoch_itr)
[rank6]:   File "/data/run01/scw6f3q/zncao/affincraft/lib/python3.9/contextlib.py", line 79, in inner
[rank6]:     return func(*args, **kwds)
[rank6]:   File "/data/run01/scw6f3q/zncao/affincraft/lib/python3.9/site-packages/fairseq_cli/train.py", line 316, in train
[rank6]:     log_output = trainer.train_step(samples)
[rank6]:   File "/data/run01/scw6f3q/zncao/affincraft/lib/python3.9/contextlib.py", line 79, in inner
[rank6]:     return func(*args, **kwds)
[rank6]:   File "/data/run01/scw6f3q/zncao/affincraft/lib/python3.9/site-packages/fairseq/trainer.py", line 824, in train_step
[rank6]:     loss, sample_size_i, logging_output = self.task.train_step(
[rank6]:   File "/data/run01/scw6f3q/zncao/affincraft/lib/python3.9/site-packages/fairseq/tasks/fairseq_task.py", line 515, in train_step
[rank6]:     loss, sample_size, logging_output = criterion(model, sample)
[rank6]:   File "/data/run01/scw6f3q/zncao/affincraft/lib/python3.9/site-packages/torch/nn/modules/module.py", line 1739, in _wrapped_call_impl
[rank6]:     return self._call_impl(*args, **kwargs)
[rank6]:   File "/data/run01/scw6f3q/zncao/affincraft/lib/python3.9/site-packages/torch/nn/modules/module.py", line 1750, in _call_impl
[rank6]:     return forward_call(*args, **kwargs)
[rank6]:   File "/data/run01/scw6f3q/zncao/affincraft-nn/graphormer/criterions/l2_loss.py", line 207, in forward
[rank6]:     raise e
[rank6]:   File "/data/run01/scw6f3q/zncao/affincraft-nn/graphormer/criterions/l2_loss.py", line 114, in forward
[rank6]:     logits = model(**sample["net_input"])
[rank6]:   File "/data/run01/scw6f3q/zncao/affincraft/lib/python3.9/site-packages/torch/nn/modules/module.py", line 1739, in _wrapped_call_impl
[rank6]:     return self._call_impl(*args, **kwargs)
[rank6]:   File "/data/run01/scw6f3q/zncao/affincraft/lib/python3.9/site-packages/torch/nn/modules/module.py", line 1750, in _call_impl
[rank6]:     return forward_call(*args, **kwargs)
[rank6]:   File "/data/run01/scw6f3q/zncao/affincraft/lib/python3.9/site-packages/fairseq/distributed/module_proxy_wrapper.py", line 56, in forward
[rank6]:     return self.module(*args, **kwargs)
[rank6]:   File "/data/run01/scw6f3q/zncao/affincraft/lib/python3.9/site-packages/torch/nn/modules/module.py", line 1739, in _wrapped_call_impl
[rank6]:     return self._call_impl(*args, **kwargs)
[rank6]:   File "/data/run01/scw6f3q/zncao/affincraft/lib/python3.9/site-packages/torch/nn/modules/module.py", line 1750, in _call_impl
[rank6]:     return forward_call(*args, **kwargs)
[rank6]:   File "/data/run01/scw6f3q/zncao/affincraft/lib/python3.9/site-packages/torch/nn/parallel/distributed.py", line 1643, in forward
[rank6]:     else self._run_ddp_forward(*inputs, **kwargs)
[rank6]:   File "/data/run01/scw6f3q/zncao/affincraft/lib/python3.9/site-packages/torch/nn/parallel/distributed.py", line 1459, in _run_ddp_forward
[rank6]:     return self.module(*inputs, **kwargs)  # type: ignore[index]
[rank6]:   File "/data/run01/scw6f3q/zncao/affincraft/lib/python3.9/site-packages/torch/nn/modules/module.py", line 1739, in _wrapped_call_impl
[rank6]:     return self._call_impl(*args, **kwargs)
[rank6]:   File "/data/run01/scw6f3q/zncao/affincraft/lib/python3.9/site-packages/torch/nn/modules/module.py", line 1750, in _call_impl
[rank6]:     return forward_call(*args, **kwargs)
[rank6]:   File "/data/run01/scw6f3q/zncao/affincraft-nn/graphormer/models/graphormer.py", line 174, in forward
[rank6]:     return self.encoder(batched_data, **kwargs)
[rank6]:   File "/data/run01/scw6f3q/zncao/affincraft/lib/python3.9/site-packages/torch/nn/modules/module.py", line 1739, in _wrapped_call_impl
[rank6]:     return self._call_impl(*args, **kwargs)
[rank6]:   File "/data/run01/scw6f3q/zncao/affincraft/lib/python3.9/site-packages/torch/nn/modules/module.py", line 1750, in _call_impl
[rank6]:     return forward_call(*args, **kwargs)
[rank6]:   File "/data/run01/scw6f3q/zncao/affincraft-nn/graphormer/models/graphormer.py", line 243, in forward
[rank6]:     inner_states, graph_rep = self.graph_encoder(
[rank6]:   File "/data/run01/scw6f3q/zncao/affincraft/lib/python3.9/site-packages/torch/nn/modules/module.py", line 1739, in _wrapped_call_impl
[rank6]:     return self._call_impl(*args, **kwargs)
[rank6]:   File "/data/run01/scw6f3q/zncao/affincraft/lib/python3.9/site-packages/torch/nn/modules/module.py", line 1750, in _call_impl
[rank6]:     return forward_call(*args, **kwargs)
[rank6]:   File "/data/run01/scw6f3q/zncao/affincraft-nn/graphormer/modules/affincraft_graph_encoder.py", line 174, in forward
[rank6]:     x = self.graph_node_feature(batched_data)
[rank6]:   File "/data/run01/scw6f3q/zncao/affincraft/lib/python3.9/site-packages/torch/nn/modules/module.py", line 1739, in _wrapped_call_impl
[rank6]:     return self._call_impl(*args, **kwargs)
[rank6]:   File "/data/run01/scw6f3q/zncao/affincraft/lib/python3.9/site-packages/torch/nn/modules/module.py", line 1750, in _call_impl
[rank6]:     return forward_call(*args, **kwargs)
[rank6]:   File "/data/run01/scw6f3q/zncao/affincraft-nn/graphormer/modules/graphormer_layers.py", line 163, in forward
[rank6]:     masif_emb = self.hierarchical_pool_masif(masif_feat, masif_mask)
[rank6]:   File "/data/run01/scw6f3q/zncao/affincraft/lib/python3.9/site-packages/torch/nn/modules/module.py", line 1928, in __getattr__
[rank6]:     raise AttributeError(
[rank6]: AttributeError: 'AffinCraftNodeFeature' object has no attribute 'hierarchical_pool_masif'
Exception in thread Thread-4:
Traceback (most recent call last):
  File "/data/run01/scw6f3q/zncao/affincraft/lib/python3.9/threading.py", line 973, in _bootstrap_inner
    self.run()
  File "/data/run01/scw6f3q/zncao/affincraft/lib/python3.9/threading.py", line 910, in run
    self._target(*self._args, **self._kwargs)
  File "/data/run01/scw6f3q/zncao/affincraft/lib/python3.9/site-packages/torch/utils/data/_utils/pin_memory.py", line 59, in _pin_memory_loop
    do_one_step()
  File "/data/run01/scw6f3q/zncao/affincraft/lib/python3.9/site-packages/torch/utils/data/_utils/pin_memory.py", line 35, in do_one_step
    r = in_queue.get(timeout=MP_STATUS_CHECK_INTERVAL)
  File "/data/run01/scw6f3q/zncao/affincraft/lib/python3.9/multiprocessing/queues.py", line 122, in get
    return _ForkingPickler.loads(res)
  File "/data/run01/scw6f3q/zncao/affincraft/lib/python3.9/site-packages/torch/multiprocessing/reductions.py", line 541, in rebuild_storage_fd
    fd = df.detach()
  File "/data/run01/scw6f3q/zncao/affincraft/lib/python3.9/multiprocessing/resource_sharer.py", line 57, in detach
    with _resource_sharer.get_connection(self._id) as conn:
  File "/data/run01/scw6f3q/zncao/affincraft/lib/python3.9/multiprocessing/resource_sharer.py", line 86, in get_connection
    c = Client(address, authkey=process.current_process().authkey)
  File "/data/run01/scw6f3q/zncao/affincraft/lib/python3.9/multiprocessing/connection.py", line 507, in Client
    c = SocketClient(address)
  File "/data/run01/scw6f3q/zncao/affincraft/lib/python3.9/multiprocessing/connection.py", line 635, in SocketClient
    s.connect(address)
ConnectionRefusedError: [Errno 111] Connection refused
Exception in thread Thread-4:
Traceback (most recent call last):
  File "/data/run01/scw6f3q/zncao/affincraft/lib/python3.9/threading.py", line 973, in _bootstrap_inner
    self.run()
  File "/data/run01/scw6f3q/zncao/affincraft/lib/python3.9/threading.py", line 910, in run
    self._target(*self._args, **self._kwargs)
  File "/data/run01/scw6f3q/zncao/affincraft/lib/python3.9/site-packages/torch/utils/data/_utils/pin_memory.py", line 59, in _pin_memory_loop
    do_one_step()
  File "/data/run01/scw6f3q/zncao/affincraft/lib/python3.9/site-packages/torch/utils/data/_utils/pin_memory.py", line 35, in do_one_step
    r = in_queue.get(timeout=MP_STATUS_CHECK_INTERVAL)
  File "/data/run01/scw6f3q/zncao/affincraft/lib/python3.9/multiprocessing/queues.py", line 122, in get
    return _ForkingPickler.loads(res)
  File "/data/run01/scw6f3q/zncao/affincraft/lib/python3.9/site-packages/torch/multiprocessing/reductions.py", line 541, in rebuild_storage_fd
    fd = df.detach()
  File "/data/run01/scw6f3q/zncao/affincraft/lib/python3.9/multiprocessing/resource_sharer.py", line 57, in detach
    with _resource_sharer.get_connection(self._id) as conn:
  File "/data/run01/scw6f3q/zncao/affincraft/lib/python3.9/multiprocessing/resource_sharer.py", line 86, in get_connection
    c = Client(address, authkey=process.current_process().authkey)
  File "/data/run01/scw6f3q/zncao/affincraft/lib/python3.9/multiprocessing/connection.py", line 507, in Client
    c = SocketClient(address)
  File "/data/run01/scw6f3q/zncao/affincraft/lib/python3.9/multiprocessing/connection.py", line 635, in SocketClient
    s.connect(address)
ConnectionRefusedError: [Errno 111] Connection refused
[rank0]:[W1028 16:13:46.624347370 ProcessGroupNCCL.cpp:1496] Warning: WARNING: destroy_process_group() was not called before program exit, which can leak resources. For more info, please see https://pytorch.org/docs/stable/distributed.html#shutdown (function operator())
W1028 16:13:49.363438 21492 torch/distributed/elastic/multiprocessing/api.py:897] Sending process 21497 closing signal SIGTERM
W1028 16:13:49.364144 21492 torch/distributed/elastic/multiprocessing/api.py:897] Sending process 21498 closing signal SIGTERM
W1028 16:13:49.364312 21492 torch/distributed/elastic/multiprocessing/api.py:897] Sending process 21499 closing signal SIGTERM
W1028 16:13:49.364929 21492 torch/distributed/elastic/multiprocessing/api.py:897] Sending process 21501 closing signal SIGTERM
W1028 16:13:49.365192 21492 torch/distributed/elastic/multiprocessing/api.py:897] Sending process 21502 closing signal SIGTERM
W1028 16:13:49.365342 21492 torch/distributed/elastic/multiprocessing/api.py:897] Sending process 21503 closing signal SIGTERM
W1028 16:13:49.366559 21492 torch/distributed/elastic/multiprocessing/api.py:897] Sending process 21504 closing signal SIGTERM
E1028 16:13:54.302572 21492 torch/distributed/elastic/multiprocessing/api.py:869] failed (exitcode: 1) local_rank: 3 (pid: 21500) of binary: /data/run01/scw6f3q/zncao/affincraft/bin/python
Traceback (most recent call last):
  File "/data/run01/scw6f3q/zncao/affincraft/bin/torchrun", line 8, in <module>
    sys.exit(main())
  File "/data/run01/scw6f3q/zncao/affincraft/lib/python3.9/site-packages/torch/distributed/elastic/multiprocessing/errors/__init__.py", line 355, in wrapper
    return f(*args, **kwargs)
  File "/data/run01/scw6f3q/zncao/affincraft/lib/python3.9/site-packages/torch/distributed/run.py", line 918, in main
    run(args)
  File "/data/run01/scw6f3q/zncao/affincraft/lib/python3.9/site-packages/torch/distributed/run.py", line 909, in run
    elastic_launch(
  File "/data/run01/scw6f3q/zncao/affincraft/lib/python3.9/site-packages/torch/distributed/launcher/api.py", line 138, in __call__
    return launch_agent(self._config, self._entrypoint, list(args))
  File "/data/run01/scw6f3q/zncao/affincraft/lib/python3.9/site-packages/torch/distributed/launcher/api.py", line 269, in launch_agent
    raise ChildFailedError(
torch.distributed.elastic.multiprocessing.errors.ChildFailedError: 
============================================================
/data/run01/scw6f3q/zncao/affincraft/bin/fairseq-train FAILED
------------------------------------------------------------
Failures:
  <NO_OTHER_FAILURES>
------------------------------------------------------------
Root Cause (first observed failure):
[0]:
  time      : 2025-10-28_16:13:49
  host      : g0928.para.ai
  rank      : 3 (local_rank: 3)
  exitcode  : 1 (pid: 21500)
  error_file: <N/A>
  traceback : To enable traceback see: https://pytorch.org/docs/stable/elastic/errors.html
============================================================
