gcc-12.2.0 loaded successful
WARNING: underlay of /etc/localtime required more than 50 (88) bind mounts
WARNING: underlay of /usr/bin/nvidia-smi required more than 50 (410) bind mounts
W1030 18:48:49.759665 2475 torch/distributed/run.py:792] 
W1030 18:48:49.759665 2475 torch/distributed/run.py:792] *****************************************
W1030 18:48:49.759665 2475 torch/distributed/run.py:792] Setting OMP_NUM_THREADS environment variable for each process to be 1 in default, to avoid your system being overloaded, please further tune the variable for optimal performance in your application as needed. 
W1030 18:48:49.759665 2475 torch/distributed/run.py:792] *****************************************
2025-10-30 18:49:30.740247: E external/local_xla/xla/stream_executor/cuda/cuda_fft.cc:467] Unable to register cuFFT factory: Attempting to register factory for plugin cuFFT when one has already been registered
2025-10-30 18:49:30.739930: E external/local_xla/xla/stream_executor/cuda/cuda_fft.cc:467] Unable to register cuFFT factory: Attempting to register factory for plugin cuFFT when one has already been registered
2025-10-30 18:49:30.739944: E external/local_xla/xla/stream_executor/cuda/cuda_fft.cc:467] Unable to register cuFFT factory: Attempting to register factory for plugin cuFFT when one has already been registered
2025-10-30 18:49:30.739929: E external/local_xla/xla/stream_executor/cuda/cuda_fft.cc:467] Unable to register cuFFT factory: Attempting to register factory for plugin cuFFT when one has already been registered
2025-10-30 18:49:30.739936: E external/local_xla/xla/stream_executor/cuda/cuda_fft.cc:467] Unable to register cuFFT factory: Attempting to register factory for plugin cuFFT when one has already been registered
2025-10-30 18:49:30.739949: E external/local_xla/xla/stream_executor/cuda/cuda_fft.cc:467] Unable to register cuFFT factory: Attempting to register factory for plugin cuFFT when one has already been registered
2025-10-30 18:49:30.740253: E external/local_xla/xla/stream_executor/cuda/cuda_fft.cc:467] Unable to register cuFFT factory: Attempting to register factory for plugin cuFFT when one has already been registered
2025-10-30 18:49:30.739927: E external/local_xla/xla/stream_executor/cuda/cuda_fft.cc:467] Unable to register cuFFT factory: Attempting to register factory for plugin cuFFT when one has already been registered
WARNING: All log messages before absl::InitializeLog() is called are written to STDERR
WARNING: All log messages before absl::InitializeLog() is called are written to STDERR
WARNING: All log messages before absl::InitializeLog() is called are written to STDERR
WARNING: All log messages before absl::InitializeLog() is called are written to STDERR
WARNING: All log messages before absl::InitializeLog() is called are written to STDERR
WARNING: All log messages before absl::InitializeLog() is called are written to STDERR
WARNING: All log messages before absl::InitializeLog() is called are written to STDERR
WARNING: All log messages before absl::InitializeLog() is called are written to STDERR
E0000 00:00:1761821371.336327    2529 cuda_dnn.cc:8579] Unable to register cuDNN factory: Attempting to register factory for plugin cuDNN when one has already been registered
E0000 00:00:1761821371.336341    2530 cuda_dnn.cc:8579] Unable to register cuDNN factory: Attempting to register factory for plugin cuDNN when one has already been registered
E0000 00:00:1761821371.336323    2531 cuda_dnn.cc:8579] Unable to register cuDNN factory: Attempting to register factory for plugin cuDNN when one has already been registered
E0000 00:00:1761821371.336346    2528 cuda_dnn.cc:8579] Unable to register cuDNN factory: Attempting to register factory for plugin cuDNN when one has already been registered
E0000 00:00:1761821371.336314    2525 cuda_dnn.cc:8579] Unable to register cuDNN factory: Attempting to register factory for plugin cuDNN when one has already been registered
E0000 00:00:1761821371.336330    2526 cuda_dnn.cc:8579] Unable to register cuDNN factory: Attempting to register factory for plugin cuDNN when one has already been registered
E0000 00:00:1761821371.336336    2533 cuda_dnn.cc:8579] Unable to register cuDNN factory: Attempting to register factory for plugin cuDNN when one has already been registered
E0000 00:00:1761821371.336326    2527 cuda_dnn.cc:8579] Unable to register cuDNN factory: Attempting to register factory for plugin cuDNN when one has already been registered
E0000 00:00:1761821371.765534    2531 cuda_blas.cc:1407] Unable to register cuBLAS factory: Attempting to register factory for plugin cuBLAS when one has already been registered
E0000 00:00:1761821371.765540    2525 cuda_blas.cc:1407] Unable to register cuBLAS factory: Attempting to register factory for plugin cuBLAS when one has already been registered
E0000 00:00:1761821371.765543    2526 cuda_blas.cc:1407] Unable to register cuBLAS factory: Attempting to register factory for plugin cuBLAS when one has already been registered
E0000 00:00:1761821371.765539    2529 cuda_blas.cc:1407] Unable to register cuBLAS factory: Attempting to register factory for plugin cuBLAS when one has already been registered
E0000 00:00:1761821371.765546    2530 cuda_blas.cc:1407] Unable to register cuBLAS factory: Attempting to register factory for plugin cuBLAS when one has already been registered
E0000 00:00:1761821371.765544    2533 cuda_blas.cc:1407] Unable to register cuBLAS factory: Attempting to register factory for plugin cuBLAS when one has already been registered
E0000 00:00:1761821371.765552    2528 cuda_blas.cc:1407] Unable to register cuBLAS factory: Attempting to register factory for plugin cuBLAS when one has already been registered
E0000 00:00:1761821371.765547    2527 cuda_blas.cc:1407] Unable to register cuBLAS factory: Attempting to register factory for plugin cuBLAS when one has already been registered
W0000 00:00:1761821376.555162    2526 computation_placer.cc:177] computation placer already registered. Please check linkage and avoid linking the same target more than once.
W0000 00:00:1761821376.555153    2525 computation_placer.cc:177] computation placer already registered. Please check linkage and avoid linking the same target more than once.
W0000 00:00:1761821376.555189    2529 computation_placer.cc:177] computation placer already registered. Please check linkage and avoid linking the same target more than once.
W0000 00:00:1761821376.555148    2528 computation_placer.cc:177] computation placer already registered. Please check linkage and avoid linking the same target more than once.
W0000 00:00:1761821376.555206    2531 computation_placer.cc:177] computation placer already registered. Please check linkage and avoid linking the same target more than once.
W0000 00:00:1761821376.555165    2527 computation_placer.cc:177] computation placer already registered. Please check linkage and avoid linking the same target more than once.
W0000 00:00:1761821376.555194    2533 computation_placer.cc:177] computation placer already registered. Please check linkage and avoid linking the same target more than once.
W0000 00:00:1761821376.555201    2530 computation_placer.cc:177] computation placer already registered. Please check linkage and avoid linking the same target more than once.
W0000 00:00:1761821376.555309    2526 computation_placer.cc:177] computation placer already registered. Please check linkage and avoid linking the same target more than once.
W0000 00:00:1761821376.555350    2525 computation_placer.cc:177] computation placer already registered. Please check linkage and avoid linking the same target more than once.
W0000 00:00:1761821376.555398    2529 computation_placer.cc:177] computation placer already registered. Please check linkage and avoid linking the same target more than once.
W0000 00:00:1761821376.555430    2528 computation_placer.cc:177] computation placer already registered. Please check linkage and avoid linking the same target more than once.
W0000 00:00:1761821376.555481    2531 computation_placer.cc:177] computation placer already registered. Please check linkage and avoid linking the same target more than once.
W0000 00:00:1761821376.555536    2527 computation_placer.cc:177] computation placer already registered. Please check linkage and avoid linking the same target more than once.
W0000 00:00:1761821376.555589    2533 computation_placer.cc:177] computation placer already registered. Please check linkage and avoid linking the same target more than once.
W0000 00:00:1761821376.555648    2530 computation_placer.cc:177] computation placer already registered. Please check linkage and avoid linking the same target more than once.
W0000 00:00:1761821376.555672    2526 computation_placer.cc:177] computation placer already registered. Please check linkage and avoid linking the same target more than once.
W0000 00:00:1761821376.555690    2525 computation_placer.cc:177] computation placer already registered. Please check linkage and avoid linking the same target more than once.
W0000 00:00:1761821376.555707    2529 computation_placer.cc:177] computation placer already registered. Please check linkage and avoid linking the same target more than once.
W0000 00:00:1761821376.555721    2528 computation_placer.cc:177] computation placer already registered. Please check linkage and avoid linking the same target more than once.
W0000 00:00:1761821376.555739    2531 computation_placer.cc:177] computation placer already registered. Please check linkage and avoid linking the same target more than once.
W0000 00:00:1761821376.555783    2527 computation_placer.cc:177] computation placer already registered. Please check linkage and avoid linking the same target more than once.
W0000 00:00:1761821376.555802    2533 computation_placer.cc:177] computation placer already registered. Please check linkage and avoid linking the same target more than once.
W0000 00:00:1761821376.555821    2530 computation_placer.cc:177] computation placer already registered. Please check linkage and avoid linking the same target more than once.
W0000 00:00:1761821376.555841    2526 computation_placer.cc:177] computation placer already registered. Please check linkage and avoid linking the same target more than once.
W0000 00:00:1761821376.555858    2525 computation_placer.cc:177] computation placer already registered. Please check linkage and avoid linking the same target more than once.
W0000 00:00:1761821376.555875    2529 computation_placer.cc:177] computation placer already registered. Please check linkage and avoid linking the same target more than once.
W0000 00:00:1761821376.555887    2528 computation_placer.cc:177] computation placer already registered. Please check linkage and avoid linking the same target more than once.
W0000 00:00:1761821376.555906    2531 computation_placer.cc:177] computation placer already registered. Please check linkage and avoid linking the same target more than once.
W0000 00:00:1761821376.555923    2527 computation_placer.cc:177] computation placer already registered. Please check linkage and avoid linking the same target more than once.
W0000 00:00:1761821376.555939    2533 computation_placer.cc:177] computation placer already registered. Please check linkage and avoid linking the same target more than once.
W0000 00:00:1761821376.555956    2530 computation_placer.cc:177] computation placer already registered. Please check linkage and avoid linking the same target more than once.
2025-10-30 18:49:36.737586: I tensorflow/core/platform/cpu_feature_guard.cc:210] This TensorFlow binary is optimized to use available CPU instructions in performance-critical operations.
To enable the following instructions: AVX2 FMA, in other operations, rebuild TensorFlow with the appropriate compiler flags.
2025-10-30 18:49:36.737584: I tensorflow/core/platform/cpu_feature_guard.cc:210] This TensorFlow binary is optimized to use available CPU instructions in performance-critical operations.
To enable the following instructions: AVX2 FMA, in other operations, rebuild TensorFlow with the appropriate compiler flags.
2025-10-30 18:49:36.737589: I tensorflow/core/platform/cpu_feature_guard.cc:210] This TensorFlow binary is optimized to use available CPU instructions in performance-critical operations.
To enable the following instructions: AVX2 FMA, in other operations, rebuild TensorFlow with the appropriate compiler flags.
2025-10-30 18:49:36.737593: I tensorflow/core/platform/cpu_feature_guard.cc:210] This TensorFlow binary is optimized to use available CPU instructions in performance-critical operations.
To enable the following instructions: AVX2 FMA, in other operations, rebuild TensorFlow with the appropriate compiler flags.
2025-10-30 18:49:36.737588: I tensorflow/core/platform/cpu_feature_guard.cc:210] This TensorFlow binary is optimized to use available CPU instructions in performance-critical operations.
To enable the following instructions: AVX2 FMA, in other operations, rebuild TensorFlow with the appropriate compiler flags.
2025-10-30 18:49:36.737613: I tensorflow/core/platform/cpu_feature_guard.cc:210] This TensorFlow binary is optimized to use available CPU instructions in performance-critical operations.
To enable the following instructions: AVX2 FMA, in other operations, rebuild TensorFlow with the appropriate compiler flags.
2025-10-30 18:49:36.737613: I tensorflow/core/platform/cpu_feature_guard.cc:210] This TensorFlow binary is optimized to use available CPU instructions in performance-critical operations.
To enable the following instructions: AVX2 FMA, in other operations, rebuild TensorFlow with the appropriate compiler flags.
2025-10-30 18:49:36.737611: I tensorflow/core/platform/cpu_feature_guard.cc:210] This TensorFlow binary is optimized to use available CPU instructions in performance-critical operations.
To enable the following instructions: AVX2 FMA, in other operations, rebuild TensorFlow with the appropriate compiler flags.
Exception ignored in: <function _MultiProcessingDataLoaderIter.__del__ at 0x2ad3683b3790>
Traceback (most recent call last):
  File "/data/run01/scw6f3q/zncao/affincraft/lib/python3.9/site-packages/torch/utils/data/dataloader.py", line 1618, in __del__
    self._shutdown_workers()
  File "/data/run01/scw6f3q/zncao/affincraft/lib/python3.9/site-packages/torch/utils/data/dataloader.py", line 1601, in _shutdown_workers
    if w.is_alive():
  File "/data/run01/scw6f3q/zncao/affincraft/lib/python3.9/multiprocessing/process.py", line 160, in is_alive
    assert self._parent_pid == os.getpid(), 'can only test a child process'
AssertionError: can only test a child process
Exception ignored in: <function _MultiProcessingDataLoaderIter.__del__ at 0x2ad3683b3790>
Traceback (most recent call last):
  File "/data/run01/scw6f3q/zncao/affincraft/lib/python3.9/site-packages/torch/utils/data/dataloader.py", line 1618, in __del__
    self._shutdown_workers()
  File "/data/run01/scw6f3q/zncao/affincraft/lib/python3.9/site-packages/torch/utils/data/dataloader.py", line 1601, in _shutdown_workers
    if w.is_alive():
  File "/data/run01/scw6f3q/zncao/affincraft/lib/python3.9/multiprocessing/process.py", line 160, in is_alive
    assert self._parent_pid == os.getpid(), 'can only test a child process'
AssertionError: can only test a child process
Exception ignored in: <function _MultiProcessingDataLoaderIter.__del__ at 0x2ad3683b3790>
Traceback (most recent call last):
  File "/data/run01/scw6f3q/zncao/affincraft/lib/python3.9/site-packages/torch/utils/data/dataloader.py", line 1618, in __del__
    self._shutdown_workers()
  File "/data/run01/scw6f3q/zncao/affincraft/lib/python3.9/site-packages/torch/utils/data/dataloader.py", line 1601, in _shutdown_workers
    if w.is_alive():
  File "/data/run01/scw6f3q/zncao/affincraft/lib/python3.9/multiprocessing/process.py", line 160, in is_alive
    assert self._parent_pid == os.getpid(), 'can only test a child process'
AssertionError: can only test a child process
Exception ignored in: <function _MultiProcessingDataLoaderIter.__del__ at 0x2ad3683b3790>
Traceback (most recent call last):
  File "/data/run01/scw6f3q/zncao/affincraft/lib/python3.9/site-packages/torch/utils/data/dataloader.py", line 1618, in __del__
    self._shutdown_workers()
  File "/data/run01/scw6f3q/zncao/affincraft/lib/python3.9/site-packages/torch/utils/data/dataloader.py", line 1601, in _shutdown_workers
    if w.is_alive():
  File "/data/run01/scw6f3q/zncao/affincraft/lib/python3.9/multiprocessing/process.py", line 160, in is_alive
    assert self._parent_pid == os.getpid(), 'can only test a child process'
AssertionError: can only test a child process
Exception ignored in: <function _MultiProcessingDataLoaderIter.__del__ at 0x2ad3683b3790>
Traceback (most recent call last):
  File "/data/run01/scw6f3q/zncao/affincraft/lib/python3.9/site-packages/torch/utils/data/dataloader.py", line 1618, in __del__
    self._shutdown_workers()
  File "/data/run01/scw6f3q/zncao/affincraft/lib/python3.9/site-packages/torch/utils/data/dataloader.py", line 1601, in _shutdown_workers
    if w.is_alive():
  File "/data/run01/scw6f3q/zncao/affincraft/lib/python3.9/multiprocessing/process.py", line 160, in is_alive
    assert self._parent_pid == os.getpid(), 'can only test a child process'
AssertionError: can only test a child process
Exception ignored in: <function _MultiProcessingDataLoaderIter.__del__ at 0x2ad3683b3790>
Traceback (most recent call last):
  File "/data/run01/scw6f3q/zncao/affincraft/lib/python3.9/site-packages/torch/utils/data/dataloader.py", line 1618, in __del__
    self._shutdown_workers()
  File "/data/run01/scw6f3q/zncao/affincraft/lib/python3.9/site-packages/torch/utils/data/dataloader.py", line 1601, in _shutdown_workers
    if w.is_alive():
  File "/data/run01/scw6f3q/zncao/affincraft/lib/python3.9/multiprocessing/process.py", line 160, in is_alive
    assert self._parent_pid == os.getpid(), 'can only test a child process'
AssertionError: can only test a child process
Exception ignored in: <function _MultiProcessingDataLoaderIter.__del__ at 0x2af8ae8e9790>
Traceback (most recent call last):
  File "/data/run01/scw6f3q/zncao/affincraft/lib/python3.9/site-packages/torch/utils/data/dataloader.py", line 1618, in __del__
    self._shutdown_workers()
  File "/data/run01/scw6f3q/zncao/affincraft/lib/python3.9/site-packages/torch/utils/data/dataloader.py", line 1601, in _shutdown_workers
    if w.is_alive():
  File "/data/run01/scw6f3q/zncao/affincraft/lib/python3.9/multiprocessing/process.py", line 160, in is_alive
    assert self._parent_pid == os.getpid(), 'can only test a child process'
AssertionError: can only test a child process
Exception ignored in: <function _MultiProcessingDataLoaderIter.__del__ at 0x2af8ae8e9790>
Traceback (most recent call last):
  File "/data/run01/scw6f3q/zncao/affincraft/lib/python3.9/site-packages/torch/utils/data/dataloader.py", line 1618, in __del__
    self._shutdown_workers()
  File "/data/run01/scw6f3q/zncao/affincraft/lib/python3.9/site-packages/torch/utils/data/dataloader.py", line 1601, in _shutdown_workers
    if w.is_alive():
  File "/data/run01/scw6f3q/zncao/affincraft/lib/python3.9/multiprocessing/process.py", line 160, in is_alive
    assert self._parent_pid == os.getpid(), 'can only test a child process'
AssertionError: can only test a child process
Exception ignored in: <function _MultiProcessingDataLoaderIter.__del__ at 0x2af8ae8e9790>
Traceback (most recent call last):
  File "/data/run01/scw6f3q/zncao/affincraft/lib/python3.9/site-packages/torch/utils/data/dataloader.py", line 1618, in __del__
    self._shutdown_workers()
  File "/data/run01/scw6f3q/zncao/affincraft/lib/python3.9/site-packages/torch/utils/data/dataloader.py", line 1601, in _shutdown_workers
    if w.is_alive():
  File "/data/run01/scw6f3q/zncao/affincraft/lib/python3.9/multiprocessing/process.py", line 160, in is_alive
    assert self._parent_pid == os.getpid(), 'can only test a child process'
AssertionError: can only test a child process
Exception ignored in: <function _MultiProcessingDataLoaderIter.__del__ at 0x2af8ae8e9790>
Traceback (most recent call last):
  File "/data/run01/scw6f3q/zncao/affincraft/lib/python3.9/site-packages/torch/utils/data/dataloader.py", line 1618, in __del__
    self._shutdown_workers()
  File "/data/run01/scw6f3q/zncao/affincraft/lib/python3.9/site-packages/torch/utils/data/dataloader.py", line 1601, in _shutdown_workers
    if w.is_alive():
  File "/data/run01/scw6f3q/zncao/affincraft/lib/python3.9/multiprocessing/process.py", line 160, in is_alive
    assert self._parent_pid == os.getpid(), 'can only test a child process'
AssertionError: can only test a child process
Exception ignored in: <function _MultiProcessingDataLoaderIter.__del__ at 0x2af8ae8e9790>
Traceback (most recent call last):
  File "/data/run01/scw6f3q/zncao/affincraft/lib/python3.9/site-packages/torch/utils/data/dataloader.py", line 1618, in __del__
    self._shutdown_workers()
  File "/data/run01/scw6f3q/zncao/affincraft/lib/python3.9/site-packages/torch/utils/data/dataloader.py", line 1601, in _shutdown_workers
    if w.is_alive():
  File "/data/run01/scw6f3q/zncao/affincraft/lib/python3.9/multiprocessing/process.py", line 160, in is_alive
    assert self._parent_pid == os.getpid(), 'can only test a child process'
AssertionError: can only test a child process
Exception ignored in: <function _MultiProcessingDataLoaderIter.__del__ at 0x2af8ae8e9790>
Traceback (most recent call last):
  File "/data/run01/scw6f3q/zncao/affincraft/lib/python3.9/site-packages/torch/utils/data/dataloader.py", line 1618, in __del__
    self._shutdown_workers()
  File "/data/run01/scw6f3q/zncao/affincraft/lib/python3.9/site-packages/torch/utils/data/dataloader.py", line 1601, in _shutdown_workers
    if w.is_alive():
  File "/data/run01/scw6f3q/zncao/affincraft/lib/python3.9/multiprocessing/process.py", line 160, in is_alive
    assert self._parent_pid == os.getpid(), 'can only test a child process'
AssertionError: can only test a child process
Exception ignored in: <function _MultiProcessingDataLoaderIter.__del__ at 0x2b6c5b95c790>
Traceback (most recent call last):
  File "/data/run01/scw6f3q/zncao/affincraft/lib/python3.9/site-packages/torch/utils/data/dataloader.py", line 1618, in __del__
    self._shutdown_workers()
  File "/data/run01/scw6f3q/zncao/affincraft/lib/python3.9/site-packages/torch/utils/data/dataloader.py", line 1601, in _shutdown_workers
    if w.is_alive():
  File "/data/run01/scw6f3q/zncao/affincraft/lib/python3.9/multiprocessing/process.py", line 160, in is_alive
    assert self._parent_pid == os.getpid(), 'can only test a child process'
AssertionError: can only test a child process
Exception ignored in: <function _MultiProcessingDataLoaderIter.__del__ at 0x2b6c5b95c790>
Traceback (most recent call last):
  File "/data/run01/scw6f3q/zncao/affincraft/lib/python3.9/site-packages/torch/utils/data/dataloader.py", line 1618, in __del__
    self._shutdown_workers()
  File "/data/run01/scw6f3q/zncao/affincraft/lib/python3.9/site-packages/torch/utils/data/dataloader.py", line 1601, in _shutdown_workers
    if w.is_alive():
  File "/data/run01/scw6f3q/zncao/affincraft/lib/python3.9/multiprocessing/process.py", line 160, in is_alive
    assert self._parent_pid == os.getpid(), 'can only test a child process'
AssertionError: can only test a child process
Exception ignored in: <function _MultiProcessingDataLoaderIter.__del__ at 0x2b6c5b95c790>
Traceback (most recent call last):
  File "/data/run01/scw6f3q/zncao/affincraft/lib/python3.9/site-packages/torch/utils/data/dataloader.py", line 1618, in __del__
    self._shutdown_workers()
  File "/data/run01/scw6f3q/zncao/affincraft/lib/python3.9/site-packages/torch/utils/data/dataloader.py", line 1601, in _shutdown_workers
    if w.is_alive():
  File "/data/run01/scw6f3q/zncao/affincraft/lib/python3.9/multiprocessing/process.py", line 160, in is_alive
    assert self._parent_pid == os.getpid(), 'can only test a child process'
AssertionError: can only test a child process
Exception ignored in: <function _MultiProcessingDataLoaderIter.__del__ at 0x2b6c5b95c790>
Traceback (most recent call last):
  File "/data/run01/scw6f3q/zncao/affincraft/lib/python3.9/site-packages/torch/utils/data/dataloader.py", line 1618, in __del__
    self._shutdown_workers()
  File "/data/run01/scw6f3q/zncao/affincraft/lib/python3.9/site-packages/torch/utils/data/dataloader.py", line 1601, in _shutdown_workers
    if w.is_alive():
  File "/data/run01/scw6f3q/zncao/affincraft/lib/python3.9/multiprocessing/process.py", line 160, in is_alive
    assert self._parent_pid == os.getpid(), 'can only test a child process'
AssertionError: can only test a child process
Exception ignored in: <function _MultiProcessingDataLoaderIter.__del__ at 0x2b6c5b95c790>
Traceback (most recent call last):
  File "/data/run01/scw6f3q/zncao/affincraft/lib/python3.9/site-packages/torch/utils/data/dataloader.py", line 1618, in __del__
    self._shutdown_workers()
  File "/data/run01/scw6f3q/zncao/affincraft/lib/python3.9/site-packages/torch/utils/data/dataloader.py", line 1601, in _shutdown_workers
    if w.is_alive():
  File "/data/run01/scw6f3q/zncao/affincraft/lib/python3.9/multiprocessing/process.py", line 160, in is_alive
    assert self._parent_pid == os.getpid(), 'can only test a child process'
AssertionError: can only test a child process
Exception ignored in: <function _MultiProcessingDataLoaderIter.__del__ at 0x2b6c5b95c790>
Traceback (most recent call last):
  File "/data/run01/scw6f3q/zncao/affincraft/lib/python3.9/site-packages/torch/utils/data/dataloader.py", line 1618, in __del__
    self._shutdown_workers()
  File "/data/run01/scw6f3q/zncao/affincraft/lib/python3.9/site-packages/torch/utils/data/dataloader.py", line 1601, in _shutdown_workers
    if w.is_alive():
  File "/data/run01/scw6f3q/zncao/affincraft/lib/python3.9/multiprocessing/process.py", line 160, in is_alive
    assert self._parent_pid == os.getpid(), 'can only test a child process'
AssertionError: can only test a child process
Exception ignored in: <function _MultiProcessingDataLoaderIter.__del__ at 0x2ab31a9cb790>
Traceback (most recent call last):
  File "/data/run01/scw6f3q/zncao/affincraft/lib/python3.9/site-packages/torch/utils/data/dataloader.py", line 1618, in __del__
    self._shutdown_workers()
  File "/data/run01/scw6f3q/zncao/affincraft/lib/python3.9/site-packages/torch/utils/data/dataloader.py", line 1601, in _shutdown_workers
    if w.is_alive():
  File "/data/run01/scw6f3q/zncao/affincraft/lib/python3.9/multiprocessing/process.py", line 160, in is_alive
    assert self._parent_pid == os.getpid(), 'can only test a child process'
AssertionError: can only test a child process
Exception ignored in: <function _MultiProcessingDataLoaderIter.__del__ at 0x2ab31a9cb790>
Traceback (most recent call last):
  File "/data/run01/scw6f3q/zncao/affincraft/lib/python3.9/site-packages/torch/utils/data/dataloader.py", line 1618, in __del__
    self._shutdown_workers()
  File "/data/run01/scw6f3q/zncao/affincraft/lib/python3.9/site-packages/torch/utils/data/dataloader.py", line 1601, in _shutdown_workers
    if w.is_alive():
  File "/data/run01/scw6f3q/zncao/affincraft/lib/python3.9/multiprocessing/process.py", line 160, in is_alive
    assert self._parent_pid == os.getpid(), 'can only test a child process'
AssertionError: can only test a child process
Exception ignored in: <function _MultiProcessingDataLoaderIter.__del__ at 0x2ab31a9cb790>
Traceback (most recent call last):
  File "/data/run01/scw6f3q/zncao/affincraft/lib/python3.9/site-packages/torch/utils/data/dataloader.py", line 1618, in __del__
    self._shutdown_workers()
  File "/data/run01/scw6f3q/zncao/affincraft/lib/python3.9/site-packages/torch/utils/data/dataloader.py", line 1601, in _shutdown_workers
    if w.is_alive():
  File "/data/run01/scw6f3q/zncao/affincraft/lib/python3.9/multiprocessing/process.py", line 160, in is_alive
    assert self._parent_pid == os.getpid(), 'can only test a child process'
AssertionError: can only test a child process
Exception ignored in: <function _MultiProcessingDataLoaderIter.__del__ at 0x2ab31a9cb790>
Traceback (most recent call last):
  File "/data/run01/scw6f3q/zncao/affincraft/lib/python3.9/site-packages/torch/utils/data/dataloader.py", line 1618, in __del__
    self._shutdown_workers()
  File "/data/run01/scw6f3q/zncao/affincraft/lib/python3.9/site-packages/torch/utils/data/dataloader.py", line 1601, in _shutdown_workers
    if w.is_alive():
  File "/data/run01/scw6f3q/zncao/affincraft/lib/python3.9/multiprocessing/process.py", line 160, in is_alive
    assert self._parent_pid == os.getpid(), 'can only test a child process'
AssertionError: can only test a child process
Exception ignored in: <function _MultiProcessingDataLoaderIter.__del__ at 0x2b6c5b95c790>
Traceback (most recent call last):
  File "/data/run01/scw6f3q/zncao/affincraft/lib/python3.9/site-packages/torch/utils/data/dataloader.py", line 1618, in __del__
    self._shutdown_workers()
  File "/data/run01/scw6f3q/zncao/affincraft/lib/python3.9/site-packages/torch/utils/data/dataloader.py", line 1601, in _shutdown_workers
    if w.is_alive():
  File "/data/run01/scw6f3q/zncao/affincraft/lib/python3.9/multiprocessing/process.py", line 160, in is_alive
    assert self._parent_pid == os.getpid(), 'can only test a child process'
AssertionError: can only test a child process
Exception ignored in: <function _MultiProcessingDataLoaderIter.__del__ at 0x2ab31a9cb790>
Traceback (most recent call last):
  File "/data/run01/scw6f3q/zncao/affincraft/lib/python3.9/site-packages/torch/utils/data/dataloader.py", line 1618, in __del__
    self._shutdown_workers()
  File "/data/run01/scw6f3q/zncao/affincraft/lib/python3.9/site-packages/torch/utils/data/dataloader.py", line 1601, in _shutdown_workers
    if w.is_alive():
  File "/data/run01/scw6f3q/zncao/affincraft/lib/python3.9/multiprocessing/process.py", line 160, in is_alive
    assert self._parent_pid == os.getpid(), 'can only test a child process'
AssertionError: can only test a child process
Exception ignored in: <function _MultiProcessingDataLoaderIter.__del__ at 0x2ab31a9cb790>
Traceback (most recent call last):
  File "/data/run01/scw6f3q/zncao/affincraft/lib/python3.9/site-packages/torch/utils/data/dataloader.py", line 1618, in __del__
    self._shutdown_workers()
  File "/data/run01/scw6f3q/zncao/affincraft/lib/python3.9/site-packages/torch/utils/data/dataloader.py", line 1601, in _shutdown_workers
    if w.is_alive():
  File "/data/run01/scw6f3q/zncao/affincraft/lib/python3.9/multiprocessing/process.py", line 160, in is_alive
    assert self._parent_pid == os.getpid(), 'can only test a child process'
AssertionError: can only test a child process
Traceback (most recent call last):
  File "/data/run01/scw6f3q/zncao/affincraft/lib/python3.9/multiprocessing/queues.py", line 251, in _feed
    send_bytes(obj)
  File "/data/run01/scw6f3q/zncao/affincraft/lib/python3.9/multiprocessing/connection.py", line 205, in send_bytes
    self._send_bytes(m[offset:offset + size])
  File "/data/run01/scw6f3q/zncao/affincraft/lib/python3.9/multiprocessing/connection.py", line 416, in _send_bytes
    self._send(header + buf)
  File "/data/run01/scw6f3q/zncao/affincraft/lib/python3.9/multiprocessing/connection.py", line 373, in _send
    n = write(self._handle, buf)
BrokenPipeError: [Errno 32] Broken pipe
Exception ignored in: <function _MultiProcessingDataLoaderIter.__del__ at 0x2b6c5b95c790>
Traceback (most recent call last):
  File "/data/run01/scw6f3q/zncao/affincraft/lib/python3.9/site-packages/torch/utils/data/dataloader.py", line 1618, in __del__
    self._shutdown_workers()
  File "/data/run01/scw6f3q/zncao/affincraft/lib/python3.9/site-packages/torch/utils/data/dataloader.py", line 1601, in _shutdown_workers
    if w.is_alive():
  File "/data/run01/scw6f3q/zncao/affincraft/lib/python3.9/multiprocessing/process.py", line 160, in is_alive
    assert self._parent_pid == os.getpid(), 'can only test a child process'
AssertionError: can only test a child process
Exception ignored in: <function _MultiProcessingDataLoaderIter.__del__ at 0x2b6c5b95c790>
Traceback (most recent call last):
  File "/data/run01/scw6f3q/zncao/affincraft/lib/python3.9/site-packages/torch/utils/data/dataloader.py", line 1618, in __del__
    self._shutdown_workers()
  File "/data/run01/scw6f3q/zncao/affincraft/lib/python3.9/site-packages/torch/utils/data/dataloader.py", line 1601, in _shutdown_workers
    if w.is_alive():
  File "/data/run01/scw6f3q/zncao/affincraft/lib/python3.9/multiprocessing/process.py", line 160, in is_alive
    assert self._parent_pid == os.getpid(), 'can only test a child process'
AssertionError: can only test a child process
Exception ignored in: <function _MultiProcessingDataLoaderIter.__del__ at 0x2b6c5b95c790>
Traceback (most recent call last):
  File "/data/run01/scw6f3q/zncao/affincraft/lib/python3.9/site-packages/torch/utils/data/dataloader.py", line 1618, in __del__
    self._shutdown_workers()
  File "/data/run01/scw6f3q/zncao/affincraft/lib/python3.9/site-packages/torch/utils/data/dataloader.py", line 1601, in _shutdown_workers
    if w.is_alive():
  File "/data/run01/scw6f3q/zncao/affincraft/lib/python3.9/multiprocessing/process.py", line 160, in is_alive
    assert self._parent_pid == os.getpid(), 'can only test a child process'
AssertionError: can only test a child process
Exception ignored in: <function _MultiProcessingDataLoaderIter.__del__ at 0x2b6c5b95c790>
Traceback (most recent call last):
  File "/data/run01/scw6f3q/zncao/affincraft/lib/python3.9/site-packages/torch/utils/data/dataloader.py", line 1618, in __del__
    self._shutdown_workers()
  File "/data/run01/scw6f3q/zncao/affincraft/lib/python3.9/site-packages/torch/utils/data/dataloader.py", line 1601, in _shutdown_workers
    if w.is_alive():
  File "/data/run01/scw6f3q/zncao/affincraft/lib/python3.9/multiprocessing/process.py", line 160, in is_alive
    assert self._parent_pid == os.getpid(), 'can only test a child process'
AssertionError: can only test a child process
Exception ignored in: <function _MultiProcessingDataLoaderIter.__del__ at 0x2b6c5b95c790>
Traceback (most recent call last):
  File "/data/run01/scw6f3q/zncao/affincraft/lib/python3.9/site-packages/torch/utils/data/dataloader.py", line 1618, in __del__
    self._shutdown_workers()
  File "/data/run01/scw6f3q/zncao/affincraft/lib/python3.9/site-packages/torch/utils/data/dataloader.py", line 1601, in _shutdown_workers
    if w.is_alive():
  File "/data/run01/scw6f3q/zncao/affincraft/lib/python3.9/multiprocessing/process.py", line 160, in is_alive
    assert self._parent_pid == os.getpid(), 'can only test a child process'
AssertionError: can only test a child process
Traceback (most recent call last):
  File "/data/run01/scw6f3q/zncao/affincraft/lib/python3.9/multiprocessing/queues.py", line 251, in _feed
    send_bytes(obj)
  File "/data/run01/scw6f3q/zncao/affincraft/lib/python3.9/multiprocessing/connection.py", line 205, in send_bytes
    self._send_bytes(m[offset:offset + size])
  File "/data/run01/scw6f3q/zncao/affincraft/lib/python3.9/multiprocessing/connection.py", line 416, in _send_bytes
    self._send(header + buf)
  File "/data/run01/scw6f3q/zncao/affincraft/lib/python3.9/multiprocessing/connection.py", line 373, in _send
    n = write(self._handle, buf)
BrokenPipeError: [Errno 32] Broken pipe
Exception ignored in: <function _MultiProcessingDataLoaderIter.__del__ at 0x2ba8ad0c8790>
Traceback (most recent call last):
  File "/data/run01/scw6f3q/zncao/affincraft/lib/python3.9/site-packages/torch/utils/data/dataloader.py", line 1618, in __del__
    self._shutdown_workers()
  File "/data/run01/scw6f3q/zncao/affincraft/lib/python3.9/site-packages/torch/utils/data/dataloader.py", line 1601, in _shutdown_workers
    if w.is_alive():
  File "/data/run01/scw6f3q/zncao/affincraft/lib/python3.9/multiprocessing/process.py", line 160, in is_alive
    assert self._parent_pid == os.getpid(), 'can only test a child process'
AssertionError: can only test a child process
Exception ignored in: <function _MultiProcessingDataLoaderIter.__del__ at 0x2ba8ad0c8790>
Traceback (most recent call last):
  File "/data/run01/scw6f3q/zncao/affincraft/lib/python3.9/site-packages/torch/utils/data/dataloader.py", line 1618, in __del__
    self._shutdown_workers()
  File "/data/run01/scw6f3q/zncao/affincraft/lib/python3.9/site-packages/torch/utils/data/dataloader.py", line 1601, in _shutdown_workers
    if w.is_alive():
  File "/data/run01/scw6f3q/zncao/affincraft/lib/python3.9/multiprocessing/process.py", line 160, in is_alive
    assert self._parent_pid == os.getpid(), 'can only test a child process'
AssertionError: can only test a child process
Exception ignored in: <function _MultiProcessingDataLoaderIter.__del__ at 0x2ba8ad0c8790>
Traceback (most recent call last):
  File "/data/run01/scw6f3q/zncao/affincraft/lib/python3.9/site-packages/torch/utils/data/dataloader.py", line 1618, in __del__
    self._shutdown_workers()
  File "/data/run01/scw6f3q/zncao/affincraft/lib/python3.9/site-packages/torch/utils/data/dataloader.py", line 1601, in _shutdown_workers
    if w.is_alive():
  File "/data/run01/scw6f3q/zncao/affincraft/lib/python3.9/multiprocessing/process.py", line 160, in is_alive
    assert self._parent_pid == os.getpid(), 'can only test a child process'
AssertionError: can only test a child process
Exception ignored in: <function _MultiProcessingDataLoaderIter.__del__ at 0x2ba8ad0c8790>
Traceback (most recent call last):
  File "/data/run01/scw6f3q/zncao/affincraft/lib/python3.9/site-packages/torch/utils/data/dataloader.py", line 1618, in __del__
    self._shutdown_workers()
  File "/data/run01/scw6f3q/zncao/affincraft/lib/python3.9/site-packages/torch/utils/data/dataloader.py", line 1601, in _shutdown_workers
    if w.is_alive():
  File "/data/run01/scw6f3q/zncao/affincraft/lib/python3.9/multiprocessing/process.py", line 160, in is_alive
    assert self._parent_pid == os.getpid(), 'can only test a child process'
AssertionError: can only test a child process
Exception ignored in: <function _MultiProcessingDataLoaderIter.__del__ at 0x2ba8ad0c8790>
Traceback (most recent call last):
  File "/data/run01/scw6f3q/zncao/affincraft/lib/python3.9/site-packages/torch/utils/data/dataloader.py", line 1618, in __del__
    self._shutdown_workers()
  File "/data/run01/scw6f3q/zncao/affincraft/lib/python3.9/site-packages/torch/utils/data/dataloader.py", line 1601, in _shutdown_workers
    if w.is_alive():
  File "/data/run01/scw6f3q/zncao/affincraft/lib/python3.9/multiprocessing/process.py", line 160, in is_alive
    assert self._parent_pid == os.getpid(), 'can only test a child process'
AssertionError: can only test a child process
Exception ignored in: <function _MultiProcessingDataLoaderIter.__del__ at 0x2ba8ad0c8790>
Traceback (most recent call last):
  File "/data/run01/scw6f3q/zncao/affincraft/lib/python3.9/site-packages/torch/utils/data/dataloader.py", line 1618, in __del__
    self._shutdown_workers()
  File "/data/run01/scw6f3q/zncao/affincraft/lib/python3.9/site-packages/torch/utils/data/dataloader.py", line 1601, in _shutdown_workers
    if w.is_alive():
  File "/data/run01/scw6f3q/zncao/affincraft/lib/python3.9/multiprocessing/process.py", line 160, in is_alive
    assert self._parent_pid == os.getpid(), 'can only test a child process'
AssertionError: can only test a child process
Traceback (most recent call last):
  File "/data/run01/scw6f3q/zncao/affincraft/lib/python3.9/multiprocessing/queues.py", line 251, in _feed
    send_bytes(obj)
  File "/data/run01/scw6f3q/zncao/affincraft/lib/python3.9/multiprocessing/connection.py", line 205, in send_bytes
    self._send_bytes(m[offset:offset + size])
  File "/data/run01/scw6f3q/zncao/affincraft/lib/python3.9/multiprocessing/connection.py", line 416, in _send_bytes
    self._send(header + buf)
  File "/data/run01/scw6f3q/zncao/affincraft/lib/python3.9/multiprocessing/connection.py", line 373, in _send
    n = write(self._handle, buf)
BrokenPipeError: [Errno 32] Broken pipe
[rank6]: Traceback (most recent call last):
[rank6]:   File "/data/run01/scw6f3q/zncao/affincraft/bin/fairseq-train", line 8, in <module>
[rank6]:     sys.exit(cli_main())
[rank6]:   File "/data/run01/scw6f3q/zncao/affincraft/lib/python3.9/site-packages/fairseq_cli/train.py", line 557, in cli_main
[rank6]:     distributed_utils.call_main(cfg, main)
[rank6]:   File "/data/run01/scw6f3q/zncao/affincraft/lib/python3.9/site-packages/fairseq/distributed/utils.py", line 354, in call_main
[rank6]:     distributed_main(cfg.distributed_training.device_id, main, cfg, kwargs)
[rank6]:   File "/data/run01/scw6f3q/zncao/affincraft/lib/python3.9/site-packages/fairseq/distributed/utils.py", line 328, in distributed_main
[rank6]:     main(cfg, **kwargs)
[rank6]:   File "/data/run01/scw6f3q/zncao/affincraft/lib/python3.9/site-packages/fairseq_cli/train.py", line 190, in main
[rank6]:     valid_losses, should_stop = train(cfg, trainer, task, epoch_itr)
[rank6]:   File "/data/run01/scw6f3q/zncao/affincraft/lib/python3.9/contextlib.py", line 79, in inner
[rank6]:     return func(*args, **kwds)
[rank6]:   File "/data/run01/scw6f3q/zncao/affincraft/lib/python3.9/site-packages/fairseq_cli/train.py", line 316, in train
[rank6]:     log_output = trainer.train_step(samples)
[rank6]:   File "/data/run01/scw6f3q/zncao/affincraft/lib/python3.9/contextlib.py", line 79, in inner
[rank6]:     return func(*args, **kwds)
[rank6]:   File "/data/run01/scw6f3q/zncao/affincraft/lib/python3.9/site-packages/fairseq/trainer.py", line 857, in train_step
[rank6]:     raise e
[rank6]:   File "/data/run01/scw6f3q/zncao/affincraft/lib/python3.9/site-packages/fairseq/trainer.py", line 824, in train_step
[rank6]:     loss, sample_size_i, logging_output = self.task.train_step(
[rank6]:   File "/data/run01/scw6f3q/zncao/affincraft/lib/python3.9/site-packages/fairseq/tasks/fairseq_task.py", line 519, in train_step
[rank6]:     optimizer.backward(loss)
[rank6]:   File "/data/run01/scw6f3q/zncao/affincraft/lib/python3.9/site-packages/fairseq/optim/fp16_optimizer.py", line 106, in backward
[rank6]:     loss.backward()
[rank6]:   File "/data/run01/scw6f3q/zncao/affincraft/lib/python3.9/site-packages/torch/_tensor.py", line 626, in backward
[rank6]:     torch.autograd.backward(
[rank6]:   File "/data/run01/scw6f3q/zncao/affincraft/lib/python3.9/site-packages/torch/autograd/__init__.py", line 347, in backward
[rank6]:     _engine_run_backward(
[rank6]:   File "/data/run01/scw6f3q/zncao/affincraft/lib/python3.9/site-packages/torch/autograd/graph.py", line 823, in _engine_run_backward
[rank6]:     return Variable._execution_engine.run_backward(  # Calls into the C++ engine to run the backward pass
[rank6]: RuntimeError: Function 'NativeDropoutBackward0' returned nan values in its 0th output.
W1031 19:41:18.157157 2475 torch/distributed/elastic/multiprocessing/api.py:897] Sending process 2525 closing signal SIGTERM
W1031 19:41:18.233612 2475 torch/distributed/elastic/multiprocessing/api.py:897] Sending process 2526 closing signal SIGTERM
W1031 19:41:18.235855 2475 torch/distributed/elastic/multiprocessing/api.py:897] Sending process 2527 closing signal SIGTERM
W1031 19:41:18.237921 2475 torch/distributed/elastic/multiprocessing/api.py:897] Sending process 2528 closing signal SIGTERM
W1031 19:41:18.250631 2475 torch/distributed/elastic/multiprocessing/api.py:897] Sending process 2529 closing signal SIGTERM
W1031 19:41:18.269043 2475 torch/distributed/elastic/multiprocessing/api.py:897] Sending process 2530 closing signal SIGTERM
W1031 19:41:18.279350 2475 torch/distributed/elastic/multiprocessing/api.py:897] Sending process 2533 closing signal SIGTERM
E1031 19:41:35.636366 2475 torch/distributed/elastic/multiprocessing/api.py:869] failed (exitcode: 1) local_rank: 6 (pid: 2531) of binary: /data/run01/scw6f3q/zncao/affincraft/bin/python
Traceback (most recent call last):
  File "/data/run01/scw6f3q/zncao/affincraft/bin/torchrun", line 8, in <module>
    sys.exit(main())
  File "/data/run01/scw6f3q/zncao/affincraft/lib/python3.9/site-packages/torch/distributed/elastic/multiprocessing/errors/__init__.py", line 355, in wrapper
    return f(*args, **kwargs)
  File "/data/run01/scw6f3q/zncao/affincraft/lib/python3.9/site-packages/torch/distributed/run.py", line 918, in main
    run(args)
  File "/data/run01/scw6f3q/zncao/affincraft/lib/python3.9/site-packages/torch/distributed/run.py", line 909, in run
    elastic_launch(
  File "/data/run01/scw6f3q/zncao/affincraft/lib/python3.9/site-packages/torch/distributed/launcher/api.py", line 138, in __call__
    return launch_agent(self._config, self._entrypoint, list(args))
  File "/data/run01/scw6f3q/zncao/affincraft/lib/python3.9/site-packages/torch/distributed/launcher/api.py", line 269, in launch_agent
    raise ChildFailedError(
torch.distributed.elastic.multiprocessing.errors.ChildFailedError: 
============================================================
/data/run01/scw6f3q/zncao/affincraft/bin/fairseq-train FAILED
------------------------------------------------------------
Failures:
  <NO_OTHER_FAILURES>
------------------------------------------------------------
Root Cause (first observed failure):
[0]:
  time      : 2025-10-31_19:41:18
  host      : g0499
  rank      : 6 (local_rank: 6)
  exitcode  : 1 (pid: 2531)
  error_file: <N/A>
  traceback : To enable traceback see: https://pytorch.org/docs/stable/elastic/errors.html
============================================================
