gcc-12.2.0 loaded successful
WARNING: underlay of /etc/localtime required more than 50 (88) bind mounts
WARNING: underlay of /usr/bin/nvidia-smi required more than 50 (410) bind mounts
W1015 11:14:56.457419 14623 torch/distributed/run.py:792] 
W1015 11:14:56.457419 14623 torch/distributed/run.py:792] *****************************************
W1015 11:14:56.457419 14623 torch/distributed/run.py:792] Setting OMP_NUM_THREADS environment variable for each process to be 1 in default, to avoid your system being overloaded, please further tune the variable for optimal performance in your application as needed. 
W1015 11:14:56.457419 14623 torch/distributed/run.py:792] *****************************************
2025-10-15 11:15:26.208144: E external/local_xla/xla/stream_executor/cuda/cuda_fft.cc:467] Unable to register cuFFT factory: Attempting to register factory for plugin cuFFT when one has already been registered
2025-10-15 11:15:26.208118: E external/local_xla/xla/stream_executor/cuda/cuda_fft.cc:467] Unable to register cuFFT factory: Attempting to register factory for plugin cuFFT when one has already been registered
2025-10-15 11:15:26.208148: E external/local_xla/xla/stream_executor/cuda/cuda_fft.cc:467] Unable to register cuFFT factory: Attempting to register factory for plugin cuFFT when one has already been registered
2025-10-15 11:15:26.208140: E external/local_xla/xla/stream_executor/cuda/cuda_fft.cc:467] Unable to register cuFFT factory: Attempting to register factory for plugin cuFFT when one has already been registered
2025-10-15 11:15:26.208135: E external/local_xla/xla/stream_executor/cuda/cuda_fft.cc:467] Unable to register cuFFT factory: Attempting to register factory for plugin cuFFT when one has already been registered
2025-10-15 11:15:26.208146: E external/local_xla/xla/stream_executor/cuda/cuda_fft.cc:467] Unable to register cuFFT factory: Attempting to register factory for plugin cuFFT when one has already been registered
2025-10-15 11:15:26.208122: E external/local_xla/xla/stream_executor/cuda/cuda_fft.cc:467] Unable to register cuFFT factory: Attempting to register factory for plugin cuFFT when one has already been registered
2025-10-15 11:15:26.208124: E external/local_xla/xla/stream_executor/cuda/cuda_fft.cc:467] Unable to register cuFFT factory: Attempting to register factory for plugin cuFFT when one has already been registered
WARNING: All log messages before absl::InitializeLog() is called are written to STDERR
WARNING: All log messages before absl::InitializeLog() is called are written to STDERR
WARNING: All log messages before absl::InitializeLog() is called are written to STDERR
WARNING: All log messages before absl::InitializeLog() is called are written to STDERR
WARNING: All log messages before absl::InitializeLog() is called are written to STDERR
E0000 00:00:1760498127.747741   14635 cuda_dnn.cc:8579] Unable to register cuDNN factory: Attempting to register factory for plugin cuDNN when one has already been registered
WARNING: All log messages before absl::InitializeLog() is called are written to STDERR
WARNING: All log messages before absl::InitializeLog() is called are written to STDERR
E0000 00:00:1760498127.747760   14631 cuda_dnn.cc:8579] Unable to register cuDNN factory: Attempting to register factory for plugin cuDNN when one has already been registered
E0000 00:00:1760498127.747746   14632 cuda_dnn.cc:8579] Unable to register cuDNN factory: Attempting to register factory for plugin cuDNN when one has already been registered
WARNING: All log messages before absl::InitializeLog() is called are written to STDERR
E0000 00:00:1760498127.747748   14628 cuda_dnn.cc:8579] Unable to register cuDNN factory: Attempting to register factory for plugin cuDNN when one has already been registered
E0000 00:00:1760498127.747750   14629 cuda_dnn.cc:8579] Unable to register cuDNN factory: Attempting to register factory for plugin cuDNN when one has already been registered
E0000 00:00:1760498127.747759   14630 cuda_dnn.cc:8579] Unable to register cuDNN factory: Attempting to register factory for plugin cuDNN when one has already been registered
E0000 00:00:1760498127.747748   14633 cuda_dnn.cc:8579] Unable to register cuDNN factory: Attempting to register factory for plugin cuDNN when one has already been registered
E0000 00:00:1760498127.747833   14634 cuda_dnn.cc:8579] Unable to register cuDNN factory: Attempting to register factory for plugin cuDNN when one has already been registered
E0000 00:00:1760498128.119532   14634 cuda_blas.cc:1407] Unable to register cuBLAS factory: Attempting to register factory for plugin cuBLAS when one has already been registered
E0000 00:00:1760498128.119534   14631 cuda_blas.cc:1407] Unable to register cuBLAS factory: Attempting to register factory for plugin cuBLAS when one has already been registered
E0000 00:00:1760498128.119538   14635 cuda_blas.cc:1407] Unable to register cuBLAS factory: Attempting to register factory for plugin cuBLAS when one has already been registered
E0000 00:00:1760498128.119547   14632 cuda_blas.cc:1407] Unable to register cuBLAS factory: Attempting to register factory for plugin cuBLAS when one has already been registered
E0000 00:00:1760498128.119552   14628 cuda_blas.cc:1407] Unable to register cuBLAS factory: Attempting to register factory for plugin cuBLAS when one has already been registered
E0000 00:00:1760498128.119546   14633 cuda_blas.cc:1407] Unable to register cuBLAS factory: Attempting to register factory for plugin cuBLAS when one has already been registered
E0000 00:00:1760498128.119540   14629 cuda_blas.cc:1407] Unable to register cuBLAS factory: Attempting to register factory for plugin cuBLAS when one has already been registered
E0000 00:00:1760498128.119841   14630 cuda_blas.cc:1407] Unable to register cuBLAS factory: Attempting to register factory for plugin cuBLAS when one has already been registered
W0000 00:00:1760498132.214916   14634 computation_placer.cc:177] computation placer already registered. Please check linkage and avoid linking the same target more than once.
W0000 00:00:1760498132.214926   14635 computation_placer.cc:177] computation placer already registered. Please check linkage and avoid linking the same target more than once.
W0000 00:00:1760498132.214936   14632 computation_placer.cc:177] computation placer already registered. Please check linkage and avoid linking the same target more than once.
W0000 00:00:1760498132.214918   14631 computation_placer.cc:177] computation placer already registered. Please check linkage and avoid linking the same target more than once.
W0000 00:00:1760498132.214911   14633 computation_placer.cc:177] computation placer already registered. Please check linkage and avoid linking the same target more than once.
W0000 00:00:1760498132.214927   14629 computation_placer.cc:177] computation placer already registered. Please check linkage and avoid linking the same target more than once.
W0000 00:00:1760498132.214932   14630 computation_placer.cc:177] computation placer already registered. Please check linkage and avoid linking the same target more than once.
W0000 00:00:1760498132.214919   14628 computation_placer.cc:177] computation placer already registered. Please check linkage and avoid linking the same target more than once.
W0000 00:00:1760498132.215007   14634 computation_placer.cc:177] computation placer already registered. Please check linkage and avoid linking the same target more than once.
W0000 00:00:1760498132.215022   14635 computation_placer.cc:177] computation placer already registered. Please check linkage and avoid linking the same target more than once.
W0000 00:00:1760498132.215059   14632 computation_placer.cc:177] computation placer already registered. Please check linkage and avoid linking the same target more than once.
W0000 00:00:1760498132.215073   14631 computation_placer.cc:177] computation placer already registered. Please check linkage and avoid linking the same target more than once.
W0000 00:00:1760498132.215090   14633 computation_placer.cc:177] computation placer already registered. Please check linkage and avoid linking the same target more than once.
W0000 00:00:1760498132.215116   14629 computation_placer.cc:177] computation placer already registered. Please check linkage and avoid linking the same target more than once.
W0000 00:00:1760498132.215146   14630 computation_placer.cc:177] computation placer already registered. Please check linkage and avoid linking the same target more than once.
W0000 00:00:1760498132.215186   14628 computation_placer.cc:177] computation placer already registered. Please check linkage and avoid linking the same target more than once.
W0000 00:00:1760498132.215196   14634 computation_placer.cc:177] computation placer already registered. Please check linkage and avoid linking the same target more than once.
W0000 00:00:1760498132.215202   14635 computation_placer.cc:177] computation placer already registered. Please check linkage and avoid linking the same target more than once.
W0000 00:00:1760498132.215212   14632 computation_placer.cc:177] computation placer already registered. Please check linkage and avoid linking the same target more than once.
W0000 00:00:1760498132.215217   14631 computation_placer.cc:177] computation placer already registered. Please check linkage and avoid linking the same target more than once.
W0000 00:00:1760498132.215224   14633 computation_placer.cc:177] computation placer already registered. Please check linkage and avoid linking the same target more than once.
W0000 00:00:1760498132.215254   14629 computation_placer.cc:177] computation placer already registered. Please check linkage and avoid linking the same target more than once.
W0000 00:00:1760498132.215265   14630 computation_placer.cc:177] computation placer already registered. Please check linkage and avoid linking the same target more than once.
W0000 00:00:1760498132.215276   14628 computation_placer.cc:177] computation placer already registered. Please check linkage and avoid linking the same target more than once.
W0000 00:00:1760498132.215289   14634 computation_placer.cc:177] computation placer already registered. Please check linkage and avoid linking the same target more than once.
W0000 00:00:1760498132.215294   14635 computation_placer.cc:177] computation placer already registered. Please check linkage and avoid linking the same target more than once.
W0000 00:00:1760498132.215305   14632 computation_placer.cc:177] computation placer already registered. Please check linkage and avoid linking the same target more than once.
W0000 00:00:1760498132.215310   14631 computation_placer.cc:177] computation placer already registered. Please check linkage and avoid linking the same target more than once.
W0000 00:00:1760498132.215316   14633 computation_placer.cc:177] computation placer already registered. Please check linkage and avoid linking the same target more than once.
W0000 00:00:1760498132.215328   14629 computation_placer.cc:177] computation placer already registered. Please check linkage and avoid linking the same target more than once.
W0000 00:00:1760498132.215338   14630 computation_placer.cc:177] computation placer already registered. Please check linkage and avoid linking the same target more than once.
W0000 00:00:1760498132.215347   14628 computation_placer.cc:177] computation placer already registered. Please check linkage and avoid linking the same target more than once.
2025-10-15 11:15:32.401577: I tensorflow/core/platform/cpu_feature_guard.cc:210] This TensorFlow binary is optimized to use available CPU instructions in performance-critical operations.
To enable the following instructions: AVX2 FMA, in other operations, rebuild TensorFlow with the appropriate compiler flags.
2025-10-15 11:15:32.401579: I tensorflow/core/platform/cpu_feature_guard.cc:210] This TensorFlow binary is optimized to use available CPU instructions in performance-critical operations.
To enable the following instructions: AVX2 FMA, in other operations, rebuild TensorFlow with the appropriate compiler flags.
2025-10-15 11:15:32.401594: I tensorflow/core/platform/cpu_feature_guard.cc:210] This TensorFlow binary is optimized to use available CPU instructions in performance-critical operations.
To enable the following instructions: AVX2 FMA, in other operations, rebuild TensorFlow with the appropriate compiler flags.
2025-10-15 11:15:32.401587: I tensorflow/core/platform/cpu_feature_guard.cc:210] This TensorFlow binary is optimized to use available CPU instructions in performance-critical operations.
To enable the following instructions: AVX2 FMA, in other operations, rebuild TensorFlow with the appropriate compiler flags.
2025-10-15 11:15:32.401609: I tensorflow/core/platform/cpu_feature_guard.cc:210] This TensorFlow binary is optimized to use available CPU instructions in performance-critical operations.
To enable the following instructions: AVX2 FMA, in other operations, rebuild TensorFlow with the appropriate compiler flags.
2025-10-15 11:15:32.401605: I tensorflow/core/platform/cpu_feature_guard.cc:210] This TensorFlow binary is optimized to use available CPU instructions in performance-critical operations.
To enable the following instructions: AVX2 FMA, in other operations, rebuild TensorFlow with the appropriate compiler flags.
2025-10-15 11:15:32.401622: I tensorflow/core/platform/cpu_feature_guard.cc:210] This TensorFlow binary is optimized to use available CPU instructions in performance-critical operations.
To enable the following instructions: AVX2 FMA, in other operations, rebuild TensorFlow with the appropriate compiler flags.
2025-10-15 11:15:32.401617: I tensorflow/core/platform/cpu_feature_guard.cc:210] This TensorFlow binary is optimized to use available CPU instructions in performance-critical operations.
To enable the following instructions: AVX2 FMA, in other operations, rebuild TensorFlow with the appropriate compiler flags.
[rank6]: Traceback (most recent call last):
[rank6]:   File "/data/run01/scw6f3q/zncao/affincraft/bin/fairseq-train", line 8, in <module>
[rank6]:     sys.exit(cli_main())
[rank6]:   File "/data/run01/scw6f3q/zncao/affincraft/lib/python3.9/site-packages/fairseq_cli/train.py", line 557, in cli_main
[rank6]:     distributed_utils.call_main(cfg, main)
[rank6]:   File "/data/run01/scw6f3q/zncao/affincraft/lib/python3.9/site-packages/fairseq/distributed/utils.py", line 354, in call_main
[rank6]:     distributed_main(cfg.distributed_training.device_id, main, cfg, kwargs)
[rank6]:   File "/data/run01/scw6f3q/zncao/affincraft/lib/python3.9/site-packages/fairseq/distributed/utils.py", line 328, in distributed_main
[rank6]:     main(cfg, **kwargs)
[rank6]:   File "/data/run01/scw6f3q/zncao/affincraft/lib/python3.9/site-packages/fairseq_cli/train.py", line 190, in main
[rank6]:     valid_losses, should_stop = train(cfg, trainer, task, epoch_itr)
[rank6]:   File "/data/run01/scw6f3q/zncao/affincraft/lib/python3.9/contextlib.py", line 79, in inner
[rank6]:     return func(*args, **kwds)
[rank6]:   File "/data/run01/scw6f3q/zncao/affincraft/lib/python3.9/site-packages/fairseq_cli/train.py", line 316, in train
[rank6]:     log_output = trainer.train_step(samples)
[rank6]:   File "/data/run01/scw6f3q/zncao/affincraft/lib/python3.9/contextlib.py", line 79, in inner
[rank6]:     return func(*args, **kwds)
[rank6]:   File "/data/run01/scw6f3q/zncao/affincraft/lib/python3.9/site-packages/fairseq/trainer.py", line 857, in train_step
[rank6]:     raise e
[rank6]:   File "/data/run01/scw6f3q/zncao/affincraft/lib/python3.9/site-packages/fairseq/trainer.py", line 824, in train_step
[rank6]:     loss, sample_size_i, logging_output = self.task.train_step(
[rank6]:   File "/data/run01/scw6f3q/zncao/affincraft/lib/python3.9/site-packages/fairseq/tasks/fairseq_task.py", line 519, in train_step
[rank6]:     optimizer.backward(loss)
[rank6]:   File "/data/run01/scw6f3q/zncao/affincraft/lib/python3.9/site-packages/fairseq/optim/fp16_optimizer.py", line 106, in backward
[rank6]:     loss.backward()
[rank6]:   File "/data/run01/scw6f3q/zncao/affincraft/lib/python3.9/site-packages/torch/_tensor.py", line 626, in backward
[rank6]:     torch.autograd.backward(
[rank6]:   File "/data/run01/scw6f3q/zncao/affincraft/lib/python3.9/site-packages/torch/autograd/__init__.py", line 347, in backward
[rank6]:     _engine_run_backward(
[rank6]:   File "/data/run01/scw6f3q/zncao/affincraft/lib/python3.9/site-packages/torch/autograd/graph.py", line 823, in _engine_run_backward
[rank6]:     return Variable._execution_engine.run_backward(  # Calls into the C++ engine to run the backward pass
[rank6]: RuntimeError: Function 'MulBackward0' returned nan values in its 0th output.
W1015 11:54:16.719599 14623 torch/distributed/elastic/multiprocessing/api.py:897] Sending process 14628 closing signal SIGTERM
W1015 11:54:16.893748 14623 torch/distributed/elastic/multiprocessing/api.py:897] Sending process 14629 closing signal SIGTERM
W1015 11:54:16.895941 14623 torch/distributed/elastic/multiprocessing/api.py:897] Sending process 14630 closing signal SIGTERM
W1015 11:54:16.897052 14623 torch/distributed/elastic/multiprocessing/api.py:897] Sending process 14631 closing signal SIGTERM
W1015 11:54:16.898565 14623 torch/distributed/elastic/multiprocessing/api.py:897] Sending process 14632 closing signal SIGTERM
W1015 11:54:16.911857 14623 torch/distributed/elastic/multiprocessing/api.py:897] Sending process 14633 closing signal SIGTERM
W1015 11:54:16.912994 14623 torch/distributed/elastic/multiprocessing/api.py:897] Sending process 14635 closing signal SIGTERM
E1015 11:54:25.826656 14623 torch/distributed/elastic/multiprocessing/api.py:869] failed (exitcode: 1) local_rank: 6 (pid: 14634) of binary: /data/run01/scw6f3q/zncao/affincraft/bin/python
Traceback (most recent call last):
  File "/data/run01/scw6f3q/zncao/affincraft/bin/torchrun", line 8, in <module>
    sys.exit(main())
  File "/data/run01/scw6f3q/zncao/affincraft/lib/python3.9/site-packages/torch/distributed/elastic/multiprocessing/errors/__init__.py", line 355, in wrapper
    return f(*args, **kwargs)
  File "/data/run01/scw6f3q/zncao/affincraft/lib/python3.9/site-packages/torch/distributed/run.py", line 918, in main
    run(args)
  File "/data/run01/scw6f3q/zncao/affincraft/lib/python3.9/site-packages/torch/distributed/run.py", line 909, in run
    elastic_launch(
  File "/data/run01/scw6f3q/zncao/affincraft/lib/python3.9/site-packages/torch/distributed/launcher/api.py", line 138, in __call__
    return launch_agent(self._config, self._entrypoint, list(args))
  File "/data/run01/scw6f3q/zncao/affincraft/lib/python3.9/site-packages/torch/distributed/launcher/api.py", line 269, in launch_agent
    raise ChildFailedError(
torch.distributed.elastic.multiprocessing.errors.ChildFailedError: 
============================================================
/data/run01/scw6f3q/zncao/affincraft/bin/fairseq-train FAILED
------------------------------------------------------------
Failures:
  <NO_OTHER_FAILURES>
------------------------------------------------------------
Root Cause (first observed failure):
[0]:
  time      : 2025-10-15_11:54:16
  host      : g0109.para.ai
  rank      : 6 (local_rank: 6)
  exitcode  : 1 (pid: 14634)
  error_file: <N/A>
  traceback : To enable traceback see: https://pytorch.org/docs/stable/elastic/errors.html
============================================================
