gcc-12.2.0 loaded successful
WARNING: underlay of /etc/localtime required more than 50 (88) bind mounts
WARNING: underlay of /usr/bin/nvidia-smi required more than 50 (410) bind mounts
W1010 07:56:50.032556 11174 torch/distributed/run.py:792] 
W1010 07:56:50.032556 11174 torch/distributed/run.py:792] *****************************************
W1010 07:56:50.032556 11174 torch/distributed/run.py:792] Setting OMP_NUM_THREADS environment variable for each process to be 1 in default, to avoid your system being overloaded, please further tune the variable for optimal performance in your application as needed. 
W1010 07:56:50.032556 11174 torch/distributed/run.py:792] *****************************************
2025-10-10 07:57:16.984930: E external/local_xla/xla/stream_executor/cuda/cuda_fft.cc:467] Unable to register cuFFT factory: Attempting to register factory for plugin cuFFT when one has already been registered
2025-10-10 07:57:16.984938: E external/local_xla/xla/stream_executor/cuda/cuda_fft.cc:467] Unable to register cuFFT factory: Attempting to register factory for plugin cuFFT when one has already been registered
2025-10-10 07:57:16.984944: E external/local_xla/xla/stream_executor/cuda/cuda_fft.cc:467] Unable to register cuFFT factory: Attempting to register factory for plugin cuFFT when one has already been registered
2025-10-10 07:57:16.984942: E external/local_xla/xla/stream_executor/cuda/cuda_fft.cc:467] Unable to register cuFFT factory: Attempting to register factory for plugin cuFFT when one has already been registered
2025-10-10 07:57:16.984939: E external/local_xla/xla/stream_executor/cuda/cuda_fft.cc:467] Unable to register cuFFT factory: Attempting to register factory for plugin cuFFT when one has already been registered
2025-10-10 07:57:16.984947: E external/local_xla/xla/stream_executor/cuda/cuda_fft.cc:467] Unable to register cuFFT factory: Attempting to register factory for plugin cuFFT when one has already been registered
2025-10-10 07:57:16.984930: E external/local_xla/xla/stream_executor/cuda/cuda_fft.cc:467] Unable to register cuFFT factory: Attempting to register factory for plugin cuFFT when one has already been registered
2025-10-10 07:57:16.984944: E external/local_xla/xla/stream_executor/cuda/cuda_fft.cc:467] Unable to register cuFFT factory: Attempting to register factory for plugin cuFFT when one has already been registered
WARNING: All log messages before absl::InitializeLog() is called are written to STDERR
WARNING: All log messages before absl::InitializeLog() is called are written to STDERR
WARNING: All log messages before absl::InitializeLog() is called are written to STDERR
WARNING: All log messages before absl::InitializeLog() is called are written to STDERR
WARNING: All log messages before absl::InitializeLog() is called are written to STDERR
WARNING: All log messages before absl::InitializeLog() is called are written to STDERR
WARNING: All log messages before absl::InitializeLog() is called are written to STDERR
WARNING: All log messages before absl::InitializeLog() is called are written to STDERR
E0000 00:00:1760054237.872918   11180 cuda_dnn.cc:8579] Unable to register cuDNN factory: Attempting to register factory for plugin cuDNN when one has already been registered
E0000 00:00:1760054237.872899   11182 cuda_dnn.cc:8579] Unable to register cuDNN factory: Attempting to register factory for plugin cuDNN when one has already been registered
E0000 00:00:1760054237.872921   11183 cuda_dnn.cc:8579] Unable to register cuDNN factory: Attempting to register factory for plugin cuDNN when one has already been registered
E0000 00:00:1760054237.872926   11178 cuda_dnn.cc:8579] Unable to register cuDNN factory: Attempting to register factory for plugin cuDNN when one has already been registered
E0000 00:00:1760054237.872915   11181 cuda_dnn.cc:8579] Unable to register cuDNN factory: Attempting to register factory for plugin cuDNN when one has already been registered
E0000 00:00:1760054237.872916   11185 cuda_dnn.cc:8579] Unable to register cuDNN factory: Attempting to register factory for plugin cuDNN when one has already been registered
E0000 00:00:1760054237.872920   11179 cuda_dnn.cc:8579] Unable to register cuDNN factory: Attempting to register factory for plugin cuDNN when one has already been registered
E0000 00:00:1760054237.872911   11184 cuda_dnn.cc:8579] Unable to register cuDNN factory: Attempting to register factory for plugin cuDNN when one has already been registered
E0000 00:00:1760054238.355952   11178 cuda_blas.cc:1407] Unable to register cuBLAS factory: Attempting to register factory for plugin cuBLAS when one has already been registered
E0000 00:00:1760054238.355954   11183 cuda_blas.cc:1407] Unable to register cuBLAS factory: Attempting to register factory for plugin cuBLAS when one has already been registered
E0000 00:00:1760054238.355962   11185 cuda_blas.cc:1407] Unable to register cuBLAS factory: Attempting to register factory for plugin cuBLAS when one has already been registered
E0000 00:00:1760054238.355963   11179 cuda_blas.cc:1407] Unable to register cuBLAS factory: Attempting to register factory for plugin cuBLAS when one has already been registered
E0000 00:00:1760054238.355974   11184 cuda_blas.cc:1407] Unable to register cuBLAS factory: Attempting to register factory for plugin cuBLAS when one has already been registered
E0000 00:00:1760054238.355980   11181 cuda_blas.cc:1407] Unable to register cuBLAS factory: Attempting to register factory for plugin cuBLAS when one has already been registered
E0000 00:00:1760054238.355983   11180 cuda_blas.cc:1407] Unable to register cuBLAS factory: Attempting to register factory for plugin cuBLAS when one has already been registered
E0000 00:00:1760054238.355971   11182 cuda_blas.cc:1407] Unable to register cuBLAS factory: Attempting to register factory for plugin cuBLAS when one has already been registered
W0000 00:00:1760054243.425407   11178 computation_placer.cc:177] computation placer already registered. Please check linkage and avoid linking the same target more than once.
W0000 00:00:1760054243.425407   11181 computation_placer.cc:177] computation placer already registered. Please check linkage and avoid linking the same target more than once.
W0000 00:00:1760054243.425422   11184 computation_placer.cc:177] computation placer already registered. Please check linkage and avoid linking the same target more than once.
W0000 00:00:1760054243.425408   11182 computation_placer.cc:177] computation placer already registered. Please check linkage and avoid linking the same target more than once.
W0000 00:00:1760054243.425413   11179 computation_placer.cc:177] computation placer already registered. Please check linkage and avoid linking the same target more than once.
W0000 00:00:1760054243.425417   11185 computation_placer.cc:177] computation placer already registered. Please check linkage and avoid linking the same target more than once.
W0000 00:00:1760054243.425413   11183 computation_placer.cc:177] computation placer already registered. Please check linkage and avoid linking the same target more than once.
W0000 00:00:1760054243.425444   11180 computation_placer.cc:177] computation placer already registered. Please check linkage and avoid linking the same target more than once.
W0000 00:00:1760054243.425496   11178 computation_placer.cc:177] computation placer already registered. Please check linkage and avoid linking the same target more than once.
W0000 00:00:1760054243.425542   11181 computation_placer.cc:177] computation placer already registered. Please check linkage and avoid linking the same target more than once.
W0000 00:00:1760054243.425567   11184 computation_placer.cc:177] computation placer already registered. Please check linkage and avoid linking the same target more than once.
W0000 00:00:1760054243.425600   11182 computation_placer.cc:177] computation placer already registered. Please check linkage and avoid linking the same target more than once.
W0000 00:00:1760054243.425639   11179 computation_placer.cc:177] computation placer already registered. Please check linkage and avoid linking the same target more than once.
W0000 00:00:1760054243.425682   11185 computation_placer.cc:177] computation placer already registered. Please check linkage and avoid linking the same target more than once.
W0000 00:00:1760054243.425727   11183 computation_placer.cc:177] computation placer already registered. Please check linkage and avoid linking the same target more than once.
W0000 00:00:1760054243.425778   11180 computation_placer.cc:177] computation placer already registered. Please check linkage and avoid linking the same target more than once.
W0000 00:00:1760054243.425791   11178 computation_placer.cc:177] computation placer already registered. Please check linkage and avoid linking the same target more than once.
W0000 00:00:1760054243.425801   11181 computation_placer.cc:177] computation placer already registered. Please check linkage and avoid linking the same target more than once.
W0000 00:00:1760054243.425807   11184 computation_placer.cc:177] computation placer already registered. Please check linkage and avoid linking the same target more than once.
W0000 00:00:1760054243.425817   11182 computation_placer.cc:177] computation placer already registered. Please check linkage and avoid linking the same target more than once.
W0000 00:00:1760054243.425838   11179 computation_placer.cc:177] computation placer already registered. Please check linkage and avoid linking the same target more than once.
W0000 00:00:1760054243.425864   11185 computation_placer.cc:177] computation placer already registered. Please check linkage and avoid linking the same target more than once.
W0000 00:00:1760054243.425878   11183 computation_placer.cc:177] computation placer already registered. Please check linkage and avoid linking the same target more than once.
W0000 00:00:1760054243.425892   11180 computation_placer.cc:177] computation placer already registered. Please check linkage and avoid linking the same target more than once.
W0000 00:00:1760054243.425905   11178 computation_placer.cc:177] computation placer already registered. Please check linkage and avoid linking the same target more than once.
W0000 00:00:1760054243.425916   11181 computation_placer.cc:177] computation placer already registered. Please check linkage and avoid linking the same target more than once.
W0000 00:00:1760054243.425922   11184 computation_placer.cc:177] computation placer already registered. Please check linkage and avoid linking the same target more than once.
W0000 00:00:1760054243.425933   11182 computation_placer.cc:177] computation placer already registered. Please check linkage and avoid linking the same target more than once.
W0000 00:00:1760054243.425946   11179 computation_placer.cc:177] computation placer already registered. Please check linkage and avoid linking the same target more than once.
W0000 00:00:1760054243.425957   11185 computation_placer.cc:177] computation placer already registered. Please check linkage and avoid linking the same target more than once.
W0000 00:00:1760054243.425968   11183 computation_placer.cc:177] computation placer already registered. Please check linkage and avoid linking the same target more than once.
W0000 00:00:1760054243.425979   11180 computation_placer.cc:177] computation placer already registered. Please check linkage and avoid linking the same target more than once.
2025-10-10 07:57:23.649747: I tensorflow/core/platform/cpu_feature_guard.cc:210] This TensorFlow binary is optimized to use available CPU instructions in performance-critical operations.
To enable the following instructions: AVX2 FMA, in other operations, rebuild TensorFlow with the appropriate compiler flags.
2025-10-10 07:57:23.649742: I tensorflow/core/platform/cpu_feature_guard.cc:210] This TensorFlow binary is optimized to use available CPU instructions in performance-critical operations.
To enable the following instructions: AVX2 FMA, in other operations, rebuild TensorFlow with the appropriate compiler flags.
2025-10-10 07:57:23.649741: I tensorflow/core/platform/cpu_feature_guard.cc:210] This TensorFlow binary is optimized to use available CPU instructions in performance-critical operations.
To enable the following instructions: AVX2 FMA, in other operations, rebuild TensorFlow with the appropriate compiler flags.
2025-10-10 07:57:23.649746: I tensorflow/core/platform/cpu_feature_guard.cc:210] This TensorFlow binary is optimized to use available CPU instructions in performance-critical operations.
To enable the following instructions: AVX2 FMA, in other operations, rebuild TensorFlow with the appropriate compiler flags.
2025-10-10 07:57:23.649764: I tensorflow/core/platform/cpu_feature_guard.cc:210] This TensorFlow binary is optimized to use available CPU instructions in performance-critical operations.
To enable the following instructions: AVX2 FMA, in other operations, rebuild TensorFlow with the appropriate compiler flags.
2025-10-10 07:57:23.649756: I tensorflow/core/platform/cpu_feature_guard.cc:210] This TensorFlow binary is optimized to use available CPU instructions in performance-critical operations.
To enable the following instructions: AVX2 FMA, in other operations, rebuild TensorFlow with the appropriate compiler flags.
2025-10-10 07:57:23.649769: I tensorflow/core/platform/cpu_feature_guard.cc:210] This TensorFlow binary is optimized to use available CPU instructions in performance-critical operations.
To enable the following instructions: AVX2 FMA, in other operations, rebuild TensorFlow with the appropriate compiler flags.
2025-10-10 07:57:23.649767: I tensorflow/core/platform/cpu_feature_guard.cc:210] This TensorFlow binary is optimized to use available CPU instructions in performance-critical operations.
To enable the following instructions: AVX2 FMA, in other operations, rebuild TensorFlow with the appropriate compiler flags.
[rank7]: Traceback (most recent call last):
[rank7]:   File "/data/run01/scw6f3q/zncao/affincraft/bin/fairseq-train", line 8, in <module>
[rank7]:     sys.exit(cli_main())
[rank7]:   File "/data/run01/scw6f3q/zncao/affincraft/lib/python3.9/site-packages/fairseq_cli/train.py", line 557, in cli_main
[rank7]:     distributed_utils.call_main(cfg, main)
[rank7]:   File "/data/run01/scw6f3q/zncao/affincraft/lib/python3.9/site-packages/fairseq/distributed/utils.py", line 354, in call_main
[rank7]:     distributed_main(cfg.distributed_training.device_id, main, cfg, kwargs)
[rank7]:   File "/data/run01/scw6f3q/zncao/affincraft/lib/python3.9/site-packages/fairseq/distributed/utils.py", line 328, in distributed_main
[rank7]:     main(cfg, **kwargs)
[rank7]:   File "/data/run01/scw6f3q/zncao/affincraft/lib/python3.9/site-packages/fairseq_cli/train.py", line 190, in main
[rank7]:     valid_losses, should_stop = train(cfg, trainer, task, epoch_itr)
[rank7]:   File "/data/run01/scw6f3q/zncao/affincraft/lib/python3.9/contextlib.py", line 79, in inner
[rank7]:     return func(*args, **kwds)
[rank7]:   File "/data/run01/scw6f3q/zncao/affincraft/lib/python3.9/site-packages/fairseq_cli/train.py", line 312, in train
[rank7]:     for i, samples in enumerate(progress):
[rank7]:   File "/data/run01/scw6f3q/zncao/affincraft/lib/python3.9/site-packages/fairseq/logging/progress_bar.py", line 272, in __iter__
[rank7]:     for i, obj in enumerate(self.iterable, start=self.n):
[rank7]:   File "/data/run01/scw6f3q/zncao/affincraft/lib/python3.9/site-packages/fairseq/data/iterators.py", line 57, in __next__
[rank7]:     x = next(self._itr)
[rank7]:   File "/data/run01/scw6f3q/zncao/affincraft/lib/python3.9/site-packages/fairseq/data/iterators.py", line 609, in _chunk_iterator
[rank7]:     for x in itr:
[rank7]:   File "/data/run01/scw6f3q/zncao/affincraft/lib/python3.9/site-packages/fairseq/data/iterators.py", line 57, in __next__
[rank7]:     x = next(self._itr)
[rank7]:   File "/data/run01/scw6f3q/zncao/affincraft/lib/python3.9/site-packages/fairseq/data/iterators.py", line 742, in __next__
[rank7]:     raise item
[rank7]:   File "/data/run01/scw6f3q/zncao/affincraft/lib/python3.9/site-packages/fairseq/data/iterators.py", line 672, in run
[rank7]:     for item in self._source:
[rank7]:   File "/data/run01/scw6f3q/zncao/affincraft/lib/python3.9/site-packages/torch/utils/data/dataloader.py", line 708, in __next__
[rank7]:     data = self._next_data()
[rank7]:   File "/data/run01/scw6f3q/zncao/affincraft/lib/python3.9/site-packages/torch/utils/data/dataloader.py", line 1480, in _next_data
[rank7]:     return self._process_data(data)
[rank7]:   File "/data/run01/scw6f3q/zncao/affincraft/lib/python3.9/site-packages/torch/utils/data/dataloader.py", line 1505, in _process_data
[rank7]:     data.reraise()
[rank7]:   File "/data/run01/scw6f3q/zncao/affincraft/lib/python3.9/site-packages/torch/_utils.py", line 733, in reraise
[rank7]:     raise exception
[rank7]: RuntimeError: Caught RuntimeError in DataLoader worker process 0.
[rank7]: Original Traceback (most recent call last):
[rank7]:   File "/data/run01/scw6f3q/zncao/affincraft/lib/python3.9/site-packages/torch/utils/data/_utils/worker.py", line 349, in _worker_loop
[rank7]:     data = fetcher.fetch(index)  # type: ignore[possibly-undefined]
[rank7]:   File "/data/run01/scw6f3q/zncao/affincraft/lib/python3.9/site-packages/torch/utils/data/_utils/fetch.py", line 55, in fetch
[rank7]:     return self.collate_fn(data)
[rank7]:   File "/data/run01/scw6f3q/zncao/affincraft/lib/python3.9/site-packages/fairseq/data/base_wrapper_dataset.py", line 24, in collater
[rank7]:     return self.dataset.collater(samples)
[rank7]:   File "/data/run01/scw6f3q/zncao/affincraft/lib/python3.9/site-packages/fairseq/data/nested_dictionary_dataset.py", line 89, in collater
[rank7]:     sample[k] = ds.collater([s[k] for s in samples])
[rank7]:   File "/data/run01/scw6f3q/zncao/affincraft-nn/graphormer/tasks/graph_prediction.py", line 247, in collater
[rank7]:     return affincraft_collator(samples, max_node=self.max_node)
[rank7]:   File "/data/run01/scw6f3q/zncao/affincraft-nn/graphormer/data/affincraft_dataset.py", line 398, in affincraft_collator
[rank7]:     padded_angle[:n_node, :n_node] = item['angle']
[rank7]: RuntimeError: The expanded size of the tensor (114) must match the existing size (113) at non-singleton dimension 1.  Target sizes: [114, 114, 28].  Tensor sizes: [113, 113, 28]

W1010 09:00:16.451587 11174 torch/distributed/elastic/multiprocessing/api.py:897] Sending process 11178 closing signal SIGTERM
W1010 09:00:16.504471 11174 torch/distributed/elastic/multiprocessing/api.py:897] Sending process 11179 closing signal SIGTERM
W1010 09:00:16.505489 11174 torch/distributed/elastic/multiprocessing/api.py:897] Sending process 11180 closing signal SIGTERM
W1010 09:00:16.506145 11174 torch/distributed/elastic/multiprocessing/api.py:897] Sending process 11181 closing signal SIGTERM
W1010 09:00:16.506557 11174 torch/distributed/elastic/multiprocessing/api.py:897] Sending process 11182 closing signal SIGTERM
W1010 09:00:16.507786 11174 torch/distributed/elastic/multiprocessing/api.py:897] Sending process 11183 closing signal SIGTERM
W1010 09:00:16.508861 11174 torch/distributed/elastic/multiprocessing/api.py:897] Sending process 11184 closing signal SIGTERM
E1010 09:00:18.490770 11174 torch/distributed/elastic/multiprocessing/api.py:869] failed (exitcode: 1) local_rank: 7 (pid: 11185) of binary: /data/run01/scw6f3q/zncao/affincraft/bin/python
Traceback (most recent call last):
  File "/data/run01/scw6f3q/zncao/affincraft/bin/torchrun", line 8, in <module>
    sys.exit(main())
  File "/data/run01/scw6f3q/zncao/affincraft/lib/python3.9/site-packages/torch/distributed/elastic/multiprocessing/errors/__init__.py", line 355, in wrapper
    return f(*args, **kwargs)
  File "/data/run01/scw6f3q/zncao/affincraft/lib/python3.9/site-packages/torch/distributed/run.py", line 918, in main
    run(args)
  File "/data/run01/scw6f3q/zncao/affincraft/lib/python3.9/site-packages/torch/distributed/run.py", line 909, in run
    elastic_launch(
  File "/data/run01/scw6f3q/zncao/affincraft/lib/python3.9/site-packages/torch/distributed/launcher/api.py", line 138, in __call__
    return launch_agent(self._config, self._entrypoint, list(args))
  File "/data/run01/scw6f3q/zncao/affincraft/lib/python3.9/site-packages/torch/distributed/launcher/api.py", line 269, in launch_agent
    raise ChildFailedError(
torch.distributed.elastic.multiprocessing.errors.ChildFailedError: 
============================================================
/data/run01/scw6f3q/zncao/affincraft/bin/fairseq-train FAILED
------------------------------------------------------------
Failures:
  <NO_OTHER_FAILURES>
------------------------------------------------------------
Root Cause (first observed failure):
[0]:
  time      : 2025-10-10_09:00:16
  host      : g0109.para.ai
  rank      : 7 (local_rank: 7)
  exitcode  : 1 (pid: 11185)
  error_file: <N/A>
  traceback : To enable traceback see: https://pytorch.org/docs/stable/elastic/errors.html
============================================================
