gcc-12.2.0 loaded successful
WARNING: underlay of /etc/localtime required more than 50 (88) bind mounts
WARNING: underlay of /usr/bin/nvidia-smi required more than 50 (410) bind mounts
WARNING: underlay of /etc/localtime required more than 50 (88) bind mounts
WARNING: underlay of /usr/bin/nvidia-smi required more than 50 (410) bind mounts
2025-11-12 15:01:39.681101: E external/local_xla/xla/stream_executor/cuda/cuda_fft.cc:467] Unable to register cuFFT factory: Attempting to register factory for plugin cuFFT when one has already been registered
2025-11-12 15:01:39.681110: E external/local_xla/xla/stream_executor/cuda/cuda_fft.cc:467] Unable to register cuFFT factory: Attempting to register factory for plugin cuFFT when one has already been registered
2025-11-12 15:01:39.681096: E external/local_xla/xla/stream_executor/cuda/cuda_fft.cc:467] Unable to register cuFFT factory: Attempting to register factory for plugin cuFFT when one has already been registered
2025-11-12 15:01:39.681102: E external/local_xla/xla/stream_executor/cuda/cuda_fft.cc:467] Unable to register cuFFT factory: Attempting to register factory for plugin cuFFT when one has already been registered
2025-11-12 15:01:39.681087: E external/local_xla/xla/stream_executor/cuda/cuda_fft.cc:467] Unable to register cuFFT factory: Attempting to register factory for plugin cuFFT when one has already been registered
2025-11-12 15:01:39.681092: E external/local_xla/xla/stream_executor/cuda/cuda_fft.cc:467] Unable to register cuFFT factory: Attempting to register factory for plugin cuFFT when one has already been registered
2025-11-12 15:01:39.681110: E external/local_xla/xla/stream_executor/cuda/cuda_fft.cc:467] Unable to register cuFFT factory: Attempting to register factory for plugin cuFFT when one has already been registered
2025-11-12 15:01:39.681124: E external/local_xla/xla/stream_executor/cuda/cuda_fft.cc:467] Unable to register cuFFT factory: Attempting to register factory for plugin cuFFT when one has already been registered
2025-11-12 15:01:39.691647: E external/local_xla/xla/stream_executor/cuda/cuda_fft.cc:467] Unable to register cuFFT factory: Attempting to register factory for plugin cuFFT when one has already been registered
2025-11-12 15:01:39.691634: E external/local_xla/xla/stream_executor/cuda/cuda_fft.cc:467] Unable to register cuFFT factory: Attempting to register factory for plugin cuFFT when one has already been registered
2025-11-12 15:01:39.691608: E external/local_xla/xla/stream_executor/cuda/cuda_fft.cc:467] Unable to register cuFFT factory: Attempting to register factory for plugin cuFFT when one has already been registered
2025-11-12 15:01:39.691607: E external/local_xla/xla/stream_executor/cuda/cuda_fft.cc:467] Unable to register cuFFT factory: Attempting to register factory for plugin cuFFT when one has already been registered
2025-11-12 15:01:39.691611: E external/local_xla/xla/stream_executor/cuda/cuda_fft.cc:467] Unable to register cuFFT factory: Attempting to register factory for plugin cuFFT when one has already been registered
2025-11-12 15:01:39.691622: E external/local_xla/xla/stream_executor/cuda/cuda_fft.cc:467] Unable to register cuFFT factory: Attempting to register factory for plugin cuFFT when one has already been registered
2025-11-12 15:01:39.691641: E external/local_xla/xla/stream_executor/cuda/cuda_fft.cc:467] Unable to register cuFFT factory: Attempting to register factory for plugin cuFFT when one has already been registered
2025-11-12 15:01:39.691639: E external/local_xla/xla/stream_executor/cuda/cuda_fft.cc:467] Unable to register cuFFT factory: Attempting to register factory for plugin cuFFT when one has already been registered
WARNING: All log messages before absl::InitializeLog() is called are written to STDERR
WARNING: All log messages before absl::InitializeLog() is called are written to STDERR
WARNING: All log messages before absl::InitializeLog() is called are written to STDERR
WARNING: All log messages before absl::InitializeLog() is called are written to STDERR
WARNING: All log messages before absl::InitializeLog() is called are written to STDERR
WARNING: All log messages before absl::InitializeLog() is called are written to STDERR
WARNING: All log messages before absl::InitializeLog() is called are written to STDERR
E0000 00:00:1762930900.637380   25863 cuda_dnn.cc:8579] Unable to register cuDNN factory: Attempting to register factory for plugin cuDNN when one has already been registered
E0000 00:00:1762930900.637373   25859 cuda_dnn.cc:8579] Unable to register cuDNN factory: Attempting to register factory for plugin cuDNN when one has already been registered
E0000 00:00:1762930900.637372   25865 cuda_dnn.cc:8579] Unable to register cuDNN factory: Attempting to register factory for plugin cuDNN when one has already been registered
WARNING: All log messages before absl::InitializeLog() is called are written to STDERR
E0000 00:00:1762930900.637375   25862 cuda_dnn.cc:8579] Unable to register cuDNN factory: Attempting to register factory for plugin cuDNN when one has already been registered
E0000 00:00:1762930900.637380   25861 cuda_dnn.cc:8579] Unable to register cuDNN factory: Attempting to register factory for plugin cuDNN when one has already been registered
E0000 00:00:1762930900.637389   25864 cuda_dnn.cc:8579] Unable to register cuDNN factory: Attempting to register factory for plugin cuDNN when one has already been registered
E0000 00:00:1762930900.637371   25866 cuda_dnn.cc:8579] Unable to register cuDNN factory: Attempting to register factory for plugin cuDNN when one has already been registered
E0000 00:00:1762930900.637380   25860 cuda_dnn.cc:8579] Unable to register cuDNN factory: Attempting to register factory for plugin cuDNN when one has already been registered
WARNING: All log messages before absl::InitializeLog() is called are written to STDERR
WARNING: All log messages before absl::InitializeLog() is called are written to STDERR
WARNING: All log messages before absl::InitializeLog() is called are written to STDERR
WARNING: All log messages before absl::InitializeLog() is called are written to STDERR
WARNING: All log messages before absl::InitializeLog() is called are written to STDERR
WARNING: All log messages before absl::InitializeLog() is called are written to STDERR
WARNING: All log messages before absl::InitializeLog() is called are written to STDERR
WARNING: All log messages before absl::InitializeLog() is called are written to STDERR
E0000 00:00:1762930900.647873   24773 cuda_dnn.cc:8579] Unable to register cuDNN factory: Attempting to register factory for plugin cuDNN when one has already been registered
E0000 00:00:1762930900.647864   24768 cuda_dnn.cc:8579] Unable to register cuDNN factory: Attempting to register factory for plugin cuDNN when one has already been registered
E0000 00:00:1762930900.647842   24774 cuda_dnn.cc:8579] Unable to register cuDNN factory: Attempting to register factory for plugin cuDNN when one has already been registered
E0000 00:00:1762930900.647845   24769 cuda_dnn.cc:8579] Unable to register cuDNN factory: Attempting to register factory for plugin cuDNN when one has already been registered
E0000 00:00:1762930900.647853   24767 cuda_dnn.cc:8579] Unable to register cuDNN factory: Attempting to register factory for plugin cuDNN when one has already been registered
E0000 00:00:1762930900.647880   24775 cuda_dnn.cc:8579] Unable to register cuDNN factory: Attempting to register factory for plugin cuDNN when one has already been registered
E0000 00:00:1762930900.647869   24772 cuda_dnn.cc:8579] Unable to register cuDNN factory: Attempting to register factory for plugin cuDNN when one has already been registered
E0000 00:00:1762930900.647859   24770 cuda_dnn.cc:8579] Unable to register cuDNN factory: Attempting to register factory for plugin cuDNN when one has already been registered
E0000 00:00:1762930901.179206   25864 cuda_blas.cc:1407] Unable to register cuBLAS factory: Attempting to register factory for plugin cuBLAS when one has already been registered
E0000 00:00:1762930901.179207   25863 cuda_blas.cc:1407] Unable to register cuBLAS factory: Attempting to register factory for plugin cuBLAS when one has already been registered
E0000 00:00:1762930901.179205   25865 cuda_blas.cc:1407] Unable to register cuBLAS factory: Attempting to register factory for plugin cuBLAS when one has already been registered
E0000 00:00:1762930901.179207   25866 cuda_blas.cc:1407] Unable to register cuBLAS factory: Attempting to register factory for plugin cuBLAS when one has already been registered
E0000 00:00:1762930901.179205   25862 cuda_blas.cc:1407] Unable to register cuBLAS factory: Attempting to register factory for plugin cuBLAS when one has already been registered
E0000 00:00:1762930901.179203   25859 cuda_blas.cc:1407] Unable to register cuBLAS factory: Attempting to register factory for plugin cuBLAS when one has already been registered
E0000 00:00:1762930901.179211   25860 cuda_blas.cc:1407] Unable to register cuBLAS factory: Attempting to register factory for plugin cuBLAS when one has already been registered
E0000 00:00:1762930901.179212   25861 cuda_blas.cc:1407] Unable to register cuBLAS factory: Attempting to register factory for plugin cuBLAS when one has already been registered
E0000 00:00:1762930901.189751   24767 cuda_blas.cc:1407] Unable to register cuBLAS factory: Attempting to register factory for plugin cuBLAS when one has already been registered
E0000 00:00:1762930901.189753   24773 cuda_blas.cc:1407] Unable to register cuBLAS factory: Attempting to register factory for plugin cuBLAS when one has already been registered
E0000 00:00:1762930901.189758   24770 cuda_blas.cc:1407] Unable to register cuBLAS factory: Attempting to register factory for plugin cuBLAS when one has already been registered
E0000 00:00:1762930901.189784   24775 cuda_blas.cc:1407] Unable to register cuBLAS factory: Attempting to register factory for plugin cuBLAS when one has already been registered
E0000 00:00:1762930901.189783   24768 cuda_blas.cc:1407] Unable to register cuBLAS factory: Attempting to register factory for plugin cuBLAS when one has already been registered
E0000 00:00:1762930901.189797   24772 cuda_blas.cc:1407] Unable to register cuBLAS factory: Attempting to register factory for plugin cuBLAS when one has already been registered
E0000 00:00:1762930901.189798   24769 cuda_blas.cc:1407] Unable to register cuBLAS factory: Attempting to register factory for plugin cuBLAS when one has already been registered
E0000 00:00:1762930901.189767   24774 cuda_blas.cc:1407] Unable to register cuBLAS factory: Attempting to register factory for plugin cuBLAS when one has already been registered
W0000 00:00:1762930906.764185   25864 computation_placer.cc:177] computation placer already registered. Please check linkage and avoid linking the same target more than once.
W0000 00:00:1762930906.764192   25859 computation_placer.cc:177] computation placer already registered. Please check linkage and avoid linking the same target more than once.
W0000 00:00:1762930906.764197   25862 computation_placer.cc:177] computation placer already registered. Please check linkage and avoid linking the same target more than once.
W0000 00:00:1762930906.764274   25859 computation_placer.cc:177] computation placer already registered. Please check linkage and avoid linking the same target more than once.
W0000 00:00:1762930906.764275   25862 computation_placer.cc:177] computation placer already registered. Please check linkage and avoid linking the same target more than once.
W0000 00:00:1762930906.764277   25859 computation_placer.cc:177] computation placer already registered. Please check linkage and avoid linking the same target more than once.
W0000 00:00:1762930906.764279   25862 computation_placer.cc:177] computation placer already registered. Please check linkage and avoid linking the same target more than once.
W0000 00:00:1762930906.764281   25859 computation_placer.cc:177] computation placer already registered. Please check linkage and avoid linking the same target more than once.
W0000 00:00:1762930906.764282   25862 computation_placer.cc:177] computation placer already registered. Please check linkage and avoid linking the same target more than once.
W0000 00:00:1762930906.764203   25861 computation_placer.cc:177] computation placer already registered. Please check linkage and avoid linking the same target more than once.
W0000 00:00:1762930906.764206   25860 computation_placer.cc:177] computation placer already registered. Please check linkage and avoid linking the same target more than once.
W0000 00:00:1762930906.764204   25865 computation_placer.cc:177] computation placer already registered. Please check linkage and avoid linking the same target more than once.
W0000 00:00:1762930906.764288   25861 computation_placer.cc:177] computation placer already registered. Please check linkage and avoid linking the same target more than once.
W0000 00:00:1762930906.764291   25861 computation_placer.cc:177] computation placer already registered. Please check linkage and avoid linking the same target more than once.
W0000 00:00:1762930906.764291   25860 computation_placer.cc:177] computation placer already registered. Please check linkage and avoid linking the same target more than once.
W0000 00:00:1762930906.774806   24769 computation_placer.cc:177] computation placer already registered. Please check linkage and avoid linking the same target more than once.
W0000 00:00:1762930906.774872   24769 computation_placer.cc:177] computation placer already registered. Please check linkage and avoid linking the same target more than once.
W0000 00:00:1762930906.774825   24772 computation_placer.cc:177] computation placer already registered. Please check linkage and avoid linking the same target more than once.
W0000 00:00:1762930906.774878   24769 computation_placer.cc:177] computation placer already registered. Please check linkage and avoid linking the same target more than once.
W0000 00:00:1762930906.774884   24769 computation_placer.cc:177] computation placer already registered. Please check linkage and avoid linking the same target more than once.
W0000 00:00:1762930906.764292   25865 computation_placer.cc:177] computation placer already registered. Please check linkage and avoid linking the same target more than once.
W0000 00:00:1762930906.764293   25861 computation_placer.cc:177] computation placer already registered. Please check linkage and avoid linking the same target more than once.
W0000 00:00:1762930906.764295   25860 computation_placer.cc:177] computation placer already registered. Please check linkage and avoid linking the same target more than once.
W0000 00:00:1762930906.764296   25865 computation_placer.cc:177] computation placer already registered. Please check linkage and avoid linking the same target more than once.
W0000 00:00:1762930906.764299   25860 computation_placer.cc:177] computation placer already registered. Please check linkage and avoid linking the same target more than once.
W0000 00:00:1762930906.774825   24767 computation_placer.cc:177] computation placer already registered. Please check linkage and avoid linking the same target more than once.
W0000 00:00:1762930906.774886   24772 computation_placer.cc:177] computation placer already registered. Please check linkage and avoid linking the same target more than once.
W0000 00:00:1762930906.774825   24768 computation_placer.cc:177] computation placer already registered. Please check linkage and avoid linking the same target more than once.
W0000 00:00:1762930906.774893   24772 computation_placer.cc:177] computation placer already registered. Please check linkage and avoid linking the same target more than once.
W0000 00:00:1762930906.774894   24767 computation_placer.cc:177] computation placer already registered. Please check linkage and avoid linking the same target more than once.
W0000 00:00:1762930906.764300   25865 computation_placer.cc:177] computation placer already registered. Please check linkage and avoid linking the same target more than once.
W0000 00:00:1762930906.774898   24772 computation_placer.cc:177] computation placer already registered. Please check linkage and avoid linking the same target more than once.
W0000 00:00:1762930906.774898   24768 computation_placer.cc:177] computation placer already registered. Please check linkage and avoid linking the same target more than once.
W0000 00:00:1762930906.764211   25863 computation_placer.cc:177] computation placer already registered. Please check linkage and avoid linking the same target more than once.
W0000 00:00:1762930906.764331   25863 computation_placer.cc:177] computation placer already registered. Please check linkage and avoid linking the same target more than once.
W0000 00:00:1762930906.764334   25863 computation_placer.cc:177] computation placer already registered. Please check linkage and avoid linking the same target more than once.
W0000 00:00:1762930906.764336   25863 computation_placer.cc:177] computation placer already registered. Please check linkage and avoid linking the same target more than once.
W0000 00:00:1762930906.774900   24767 computation_placer.cc:177] computation placer already registered. Please check linkage and avoid linking the same target more than once.
W0000 00:00:1762930906.774905   24768 computation_placer.cc:177] computation placer already registered. Please check linkage and avoid linking the same target more than once.
W0000 00:00:1762930906.774910   24767 computation_placer.cc:177] computation placer already registered. Please check linkage and avoid linking the same target more than once.
W0000 00:00:1762930906.774931   24768 computation_placer.cc:177] computation placer already registered. Please check linkage and avoid linking the same target more than once.
W0000 00:00:1762930906.774867   24773 computation_placer.cc:177] computation placer already registered. Please check linkage and avoid linking the same target more than once.
W0000 00:00:1762930906.764489   25864 computation_placer.cc:177] computation placer already registered. Please check linkage and avoid linking the same target more than once.
W0000 00:00:1762930906.774875   24774 computation_placer.cc:177] computation placer already registered. Please check linkage and avoid linking the same target more than once.
W0000 00:00:1762930906.774838   24775 computation_placer.cc:177] computation placer already registered. Please check linkage and avoid linking the same target more than once.
W0000 00:00:1762930906.774810   24770 computation_placer.cc:177] computation placer already registered. Please check linkage and avoid linking the same target more than once.
W0000 00:00:1762930906.774954   24774 computation_placer.cc:177] computation placer already registered. Please check linkage and avoid linking the same target more than once.
W0000 00:00:1762930906.774951   24773 computation_placer.cc:177] computation placer already registered. Please check linkage and avoid linking the same target more than once.
W0000 00:00:1762930906.764458   25866 computation_placer.cc:177] computation placer already registered. Please check linkage and avoid linking the same target more than once.
W0000 00:00:1762930906.764529   25864 computation_placer.cc:177] computation placer already registered. Please check linkage and avoid linking the same target more than once.
W0000 00:00:1762930906.774953   24775 computation_placer.cc:177] computation placer already registered. Please check linkage and avoid linking the same target more than once.
W0000 00:00:1762930906.774960   24774 computation_placer.cc:177] computation placer already registered. Please check linkage and avoid linking the same target more than once.
W0000 00:00:1762930906.774962   24773 computation_placer.cc:177] computation placer already registered. Please check linkage and avoid linking the same target more than once.
W0000 00:00:1762930906.774963   24775 computation_placer.cc:177] computation placer already registered. Please check linkage and avoid linking the same target more than once.
W0000 00:00:1762930906.774963   24770 computation_placer.cc:177] computation placer already registered. Please check linkage and avoid linking the same target more than once.
W0000 00:00:1762930906.764536   25864 computation_placer.cc:177] computation placer already registered. Please check linkage and avoid linking the same target more than once.
W0000 00:00:1762930906.774964   24774 computation_placer.cc:177] computation placer already registered. Please check linkage and avoid linking the same target more than once.
W0000 00:00:1762930906.764579   25866 computation_placer.cc:177] computation placer already registered. Please check linkage and avoid linking the same target more than once.
W0000 00:00:1762930906.764588   25866 computation_placer.cc:177] computation placer already registered. Please check linkage and avoid linking the same target more than once.
W0000 00:00:1762930906.764590   25866 computation_placer.cc:177] computation placer already registered. Please check linkage and avoid linking the same target more than once.
W0000 00:00:1762930906.774967   24773 computation_placer.cc:177] computation placer already registered. Please check linkage and avoid linking the same target more than once.
W0000 00:00:1762930906.774969   24775 computation_placer.cc:177] computation placer already registered. Please check linkage and avoid linking the same target more than once.
W0000 00:00:1762930906.774973   24770 computation_placer.cc:177] computation placer already registered. Please check linkage and avoid linking the same target more than once.
W0000 00:00:1762930906.774981   24770 computation_placer.cc:177] computation placer already registered. Please check linkage and avoid linking the same target more than once.
[W1112 15:04:44.816658358 Utils.hpp:136] Warning: Environment variable NCCL_ASYNC_ERROR_HANDLING is deprecated; use TORCH_NCCL_ASYNC_ERROR_HANDLING instead (function operator())
[W1112 15:04:44.816732097 CUDAAllocatorConfig.cpp:349] Warning: backend:cudaMallocAsync ignores max_split_size_mb,roundup_power2_divisions, and garbage_collect_threshold. (function parseArgs)
[W1112 15:04:44.454417369 Utils.hpp:136] Warning: Environment variable NCCL_ASYNC_ERROR_HANDLING is deprecated; use TORCH_NCCL_ASYNC_ERROR_HANDLING instead (function operator())
[W1112 15:04:44.454544918 CUDAAllocatorConfig.cpp:349] Warning: backend:cudaMallocAsync ignores max_split_size_mb,roundup_power2_divisions, and garbage_collect_threshold. (function parseArgs)
[W1112 15:04:44.839063849 Utils.hpp:136] Warning: Environment variable NCCL_ASYNC_ERROR_HANDLING is deprecated; use TORCH_NCCL_ASYNC_ERROR_HANDLING instead (function operator())
[W1112 15:04:44.839115818 CUDAAllocatorConfig.cpp:349] Warning: backend:cudaMallocAsync ignores max_split_size_mb,roundup_power2_divisions, and garbage_collect_threshold. (function parseArgs)
[W1112 15:04:44.474806878 Utils.hpp:136] Warning: Environment variable NCCL_ASYNC_ERROR_HANDLING is deprecated; use TORCH_NCCL_ASYNC_ERROR_HANDLING instead (function operator())
[W1112 15:04:44.474887318 CUDAAllocatorConfig.cpp:349] Warning: backend:cudaMallocAsync ignores max_split_size_mb,roundup_power2_divisions, and garbage_collect_threshold. (function parseArgs)
[W1112 15:04:44.474913877 Utils.hpp:136] Warning: Environment variable NCCL_ASYNC_ERROR_HANDLING is deprecated; use TORCH_NCCL_ASYNC_ERROR_HANDLING instead (function operator())
[W1112 15:04:44.474986247 CUDAAllocatorConfig.cpp:349] Warning: backend:cudaMallocAsync ignores max_split_size_mb,roundup_power2_divisions, and garbage_collect_threshold. (function parseArgs)
[W1112 15:04:44.475097796 Utils.hpp:136] Warning: Environment variable NCCL_ASYNC_ERROR_HANDLING is deprecated; use TORCH_NCCL_ASYNC_ERROR_HANDLING instead (function operator())
[W1112 15:04:44.474922067 Utils.hpp:136] Warning: Environment variable NCCL_ASYNC_ERROR_HANDLING is deprecated; use TORCH_NCCL_ASYNC_ERROR_HANDLING instead (function operator())
[W1112 15:04:44.475217076 CUDAAllocatorConfig.cpp:349] Warning: backend:cudaMallocAsync ignores max_split_size_mb,roundup_power2_divisions, and garbage_collect_threshold. (function parseArgs)
[W1112 15:04:44.475252676 CUDAAllocatorConfig.cpp:349] Warning: backend:cudaMallocAsync ignores max_split_size_mb,roundup_power2_divisions, and garbage_collect_threshold. (function parseArgs)
[W1112 15:04:44.840104952 Utils.hpp:136] Warning: Environment variable NCCL_ASYNC_ERROR_HANDLING is deprecated; use TORCH_NCCL_ASYNC_ERROR_HANDLING instead (function operator())
[W1112 15:04:44.840169441 CUDAAllocatorConfig.cpp:349] Warning: backend:cudaMallocAsync ignores max_split_size_mb,roundup_power2_divisions, and garbage_collect_threshold. (function parseArgs)
[W1112 15:04:44.475636314 Utils.hpp:136] Warning: Environment variable NCCL_ASYNC_ERROR_HANDLING is deprecated; use TORCH_NCCL_ASYNC_ERROR_HANDLING instead (function operator())
[W1112 15:04:44.475737483 CUDAAllocatorConfig.cpp:349] Warning: backend:cudaMallocAsync ignores max_split_size_mb,roundup_power2_divisions, and garbage_collect_threshold. (function parseArgs)
[W1112 15:04:44.841249985 Utils.hpp:136] Warning: Environment variable NCCL_ASYNC_ERROR_HANDLING is deprecated; use TORCH_NCCL_ASYNC_ERROR_HANDLING instead (function operator())
[W1112 15:04:44.841298224 CUDAAllocatorConfig.cpp:349] Warning: backend:cudaMallocAsync ignores max_split_size_mb,roundup_power2_divisions, and garbage_collect_threshold. (function parseArgs)
[W1112 15:04:44.842660433 Utils.hpp:136] Warning: Environment variable NCCL_ASYNC_ERROR_HANDLING is deprecated; use TORCH_NCCL_ASYNC_ERROR_HANDLING instead (function operator())
[W1112 15:04:44.842733841 CUDAAllocatorConfig.cpp:349] Warning: backend:cudaMallocAsync ignores max_split_size_mb,roundup_power2_divisions, and garbage_collect_threshold. (function parseArgs)
[W1112 15:04:44.480097712 Utils.hpp:136] Warning: Environment variable NCCL_ASYNC_ERROR_HANDLING is deprecated; use TORCH_NCCL_ASYNC_ERROR_HANDLING instead (function operator())
[W1112 15:04:44.480148521 CUDAAllocatorConfig.cpp:349] Warning: backend:cudaMallocAsync ignores max_split_size_mb,roundup_power2_divisions, and garbage_collect_threshold. (function parseArgs)
[W1112 15:04:44.844774549 Utils.hpp:136] Warning: Environment variable NCCL_ASYNC_ERROR_HANDLING is deprecated; use TORCH_NCCL_ASYNC_ERROR_HANDLING instead (function operator())
[W1112 15:04:44.844820939 CUDAAllocatorConfig.cpp:349] Warning: backend:cudaMallocAsync ignores max_split_size_mb,roundup_power2_divisions, and garbage_collect_threshold. (function parseArgs)
[W1112 15:04:44.846064679 Utils.hpp:136] Warning: Environment variable NCCL_ASYNC_ERROR_HANDLING is deprecated; use TORCH_NCCL_ASYNC_ERROR_HANDLING instead (function operator())
[W1112 15:04:44.846124188 CUDAAllocatorConfig.cpp:349] Warning: backend:cudaMallocAsync ignores max_split_size_mb,roundup_power2_divisions, and garbage_collect_threshold. (function parseArgs)
[W1112 15:04:44.846155998 Utils.hpp:136] Warning: Environment variable NCCL_ASYNC_ERROR_HANDLING is deprecated; use TORCH_NCCL_ASYNC_ERROR_HANDLING instead (function operator())
[W1112 15:04:44.846223777 CUDAAllocatorConfig.cpp:349] Warning: backend:cudaMallocAsync ignores max_split_size_mb,roundup_power2_divisions, and garbage_collect_threshold. (function parseArgs)
[W1112 15:04:44.510270172 Utils.hpp:136] Warning: Environment variable NCCL_ASYNC_ERROR_HANDLING is deprecated; use TORCH_NCCL_ASYNC_ERROR_HANDLING instead (function operator())
[W1112 15:04:44.510369332 CUDAAllocatorConfig.cpp:349] Warning: backend:cudaMallocAsync ignores max_split_size_mb,roundup_power2_divisions, and garbage_collect_threshold. (function parseArgs)
[rank3]:[W1112 15:04:49.792220707 Utils.hpp:111] Warning: Environment variable NCCL_ASYNC_ERROR_HANDLING is deprecated; use TORCH_NCCL_ASYNC_ERROR_HANDLING instead (function operator())
[rank5]:[W1112 15:04:49.792250576 Utils.hpp:111] Warning: Environment variable NCCL_ASYNC_ERROR_HANDLING is deprecated; use TORCH_NCCL_ASYNC_ERROR_HANDLING instead (function operator())
[rank7]:[W1112 15:04:49.792444943 Utils.hpp:111] Warning: Environment variable NCCL_ASYNC_ERROR_HANDLING is deprecated; use TORCH_NCCL_ASYNC_ERROR_HANDLING instead (function operator())
[rank6]:[W1112 15:04:49.794360232 Utils.hpp:111] Warning: Environment variable NCCL_ASYNC_ERROR_HANDLING is deprecated; use TORCH_NCCL_ASYNC_ERROR_HANDLING instead (function operator())
[rank0]:[W1112 15:04:49.795339486 Utils.hpp:111] Warning: Environment variable NCCL_ASYNC_ERROR_HANDLING is deprecated; use TORCH_NCCL_ASYNC_ERROR_HANDLING instead (function operator())
[rank1]:[W1112 15:04:49.795844187 Utils.hpp:111] Warning: Environment variable NCCL_ASYNC_ERROR_HANDLING is deprecated; use TORCH_NCCL_ASYNC_ERROR_HANDLING instead (function operator())
[rank4]:[W1112 15:04:49.796346549 Utils.hpp:111] Warning: Environment variable NCCL_ASYNC_ERROR_HANDLING is deprecated; use TORCH_NCCL_ASYNC_ERROR_HANDLING instead (function operator())
[rank2]:[W1112 15:04:49.796730883 Utils.hpp:111] Warning: Environment variable NCCL_ASYNC_ERROR_HANDLING is deprecated; use TORCH_NCCL_ASYNC_ERROR_HANDLING instead (function operator())
[rank11]:[W1112 15:04:49.451451482 Utils.hpp:111] Warning: Environment variable NCCL_ASYNC_ERROR_HANDLING is deprecated; use TORCH_NCCL_ASYNC_ERROR_HANDLING instead (function operator())
[rank10]:[W1112 15:04:49.461515412 Utils.hpp:111] Warning: Environment variable NCCL_ASYNC_ERROR_HANDLING is deprecated; use TORCH_NCCL_ASYNC_ERROR_HANDLING instead (function operator())
[rank15]:[W1112 15:04:49.470490868 Utils.hpp:111] Warning: Environment variable NCCL_ASYNC_ERROR_HANDLING is deprecated; use TORCH_NCCL_ASYNC_ERROR_HANDLING instead (function operator())
[rank13]:[W1112 15:04:49.471845091 Utils.hpp:111] Warning: Environment variable NCCL_ASYNC_ERROR_HANDLING is deprecated; use TORCH_NCCL_ASYNC_ERROR_HANDLING instead (function operator())
[rank12]:[W1112 15:04:49.473227454 Utils.hpp:111] Warning: Environment variable NCCL_ASYNC_ERROR_HANDLING is deprecated; use TORCH_NCCL_ASYNC_ERROR_HANDLING instead (function operator())
[rank9]:[W1112 15:04:49.473232324 Utils.hpp:111] Warning: Environment variable NCCL_ASYNC_ERROR_HANDLING is deprecated; use TORCH_NCCL_ASYNC_ERROR_HANDLING instead (function operator())
[rank14]:[W1112 15:04:49.474593818 Utils.hpp:111] Warning: Environment variable NCCL_ASYNC_ERROR_HANDLING is deprecated; use TORCH_NCCL_ASYNC_ERROR_HANDLING instead (function operator())
[rank8]:[W1112 15:04:49.476930976 Utils.hpp:111] Warning: Environment variable NCCL_ASYNC_ERROR_HANDLING is deprecated; use TORCH_NCCL_ASYNC_ERROR_HANDLING instead (function operator())
[rank3]:[W1112 15:05:02.752246474 CUDAMallocAsyncAllocator.cpp:624] Warning: Called record_stream on tensor whose original creation stream matches the recorded stream. This is unnecessary and has no effect. (function operator())
[rank4]:[W1112 15:05:02.752251664 CUDAMallocAsyncAllocator.cpp:624] Warning: Called record_stream on tensor whose original creation stream matches the recorded stream. This is unnecessary and has no effect. (function operator())
[rank2]:[W1112 15:05:02.752337663 CUDAMallocAsyncAllocator.cpp:624] Warning: Called record_stream on tensor whose original creation stream matches the recorded stream. This is unnecessary and has no effect. (function operator())
[rank1]:[W1112 15:05:02.752470670 CUDAMallocAsyncAllocator.cpp:624] Warning: Called record_stream on tensor whose original creation stream matches the recorded stream. This is unnecessary and has no effect. (function operator())
[rank5]:[W1112 15:05:02.752495140 CUDAMallocAsyncAllocator.cpp:624] Warning: Called record_stream on tensor whose original creation stream matches the recorded stream. This is unnecessary and has no effect. (function operator())
[rank6]:[W1112 15:05:02.752543079 CUDAMallocAsyncAllocator.cpp:624] Warning: Called record_stream on tensor whose original creation stream matches the recorded stream. This is unnecessary and has no effect. (function operator())
[rank14]:[W1112 15:05:02.388178191 CUDAMallocAsyncAllocator.cpp:624] Warning: Called record_stream on tensor whose original creation stream matches the recorded stream. This is unnecessary and has no effect. (function operator())
[rank13]:[W1112 15:05:02.388210551 CUDAMallocAsyncAllocator.cpp:624] Warning: Called record_stream on tensor whose original creation stream matches the recorded stream. This is unnecessary and has no effect. (function operator())
[rank10]:[W1112 15:05:02.388336990 CUDAMallocAsyncAllocator.cpp:624] Warning: Called record_stream on tensor whose original creation stream matches the recorded stream. This is unnecessary and has no effect. (function operator())
[rank7]:[W1112 15:05:02.752902083 CUDAMallocAsyncAllocator.cpp:624] Warning: Called record_stream on tensor whose original creation stream matches the recorded stream. This is unnecessary and has no effect. (function operator())
[rank11]:[W1112 15:05:02.388501879 CUDAMallocAsyncAllocator.cpp:624] Warning: Called record_stream on tensor whose original creation stream matches the recorded stream. This is unnecessary and has no effect. (function operator())
[rank9]:[W1112 15:05:02.388642409 CUDAMallocAsyncAllocator.cpp:624] Warning: Called record_stream on tensor whose original creation stream matches the recorded stream. This is unnecessary and has no effect. (function operator())
[rank15]:[W1112 15:05:02.388682999 CUDAMallocAsyncAllocator.cpp:624] Warning: Called record_stream on tensor whose original creation stream matches the recorded stream. This is unnecessary and has no effect. (function operator())
[rank12]:[W1112 15:05:02.388951527 CUDAMallocAsyncAllocator.cpp:624] Warning: Called record_stream on tensor whose original creation stream matches the recorded stream. This is unnecessary and has no effect. (function operator())
[rank8]:[W1112 15:05:02.389028707 CUDAMallocAsyncAllocator.cpp:624] Warning: Called record_stream on tensor whose original creation stream matches the recorded stream. This is unnecessary and has no effect. (function operator())
[rank0]:[W1112 15:05:02.757230644 CUDAMallocAsyncAllocator.cpp:624] Warning: Called record_stream on tensor whose original creation stream matches the recorded stream. This is unnecessary and has no effect. (function operator())
srun: Job step aborted: Waiting up to 62 seconds for job step to finish.
slurmstepd: error: *** JOB 4524756 ON g0928 CANCELLED AT 2025-11-12T15:13:09 ***
slurmstepd: error: *** STEP 4524756.0 ON g0928 CANCELLED AT 2025-11-12T15:13:09 ***
