gcc-12.2.0 loaded successful
WARNING: underlay of /etc/localtime required more than 50 (88) bind mounts
WARNING: underlay of /usr/bin/nvidia-smi required more than 50 (410) bind mounts
W1015 07:00:00.311936 38488 torch/distributed/run.py:792] 
W1015 07:00:00.311936 38488 torch/distributed/run.py:792] *****************************************
W1015 07:00:00.311936 38488 torch/distributed/run.py:792] Setting OMP_NUM_THREADS environment variable for each process to be 1 in default, to avoid your system being overloaded, please further tune the variable for optimal performance in your application as needed. 
W1015 07:00:00.311936 38488 torch/distributed/run.py:792] *****************************************
2025-10-15 07:00:30.025912: E external/local_xla/xla/stream_executor/cuda/cuda_fft.cc:467] Unable to register cuFFT factory: Attempting to register factory for plugin cuFFT when one has already been registered
2025-10-15 07:00:30.025878: E external/local_xla/xla/stream_executor/cuda/cuda_fft.cc:467] Unable to register cuFFT factory: Attempting to register factory for plugin cuFFT when one has already been registered
2025-10-15 07:00:30.025919: E external/local_xla/xla/stream_executor/cuda/cuda_fft.cc:467] Unable to register cuFFT factory: Attempting to register factory for plugin cuFFT when one has already been registered
2025-10-15 07:00:30.025874: E external/local_xla/xla/stream_executor/cuda/cuda_fft.cc:467] Unable to register cuFFT factory: Attempting to register factory for plugin cuFFT when one has already been registered
2025-10-15 07:00:30.025876: E external/local_xla/xla/stream_executor/cuda/cuda_fft.cc:467] Unable to register cuFFT factory: Attempting to register factory for plugin cuFFT when one has already been registered
2025-10-15 07:00:30.025856: E external/local_xla/xla/stream_executor/cuda/cuda_fft.cc:467] Unable to register cuFFT factory: Attempting to register factory for plugin cuFFT when one has already been registered
2025-10-15 07:00:30.025863: E external/local_xla/xla/stream_executor/cuda/cuda_fft.cc:467] Unable to register cuFFT factory: Attempting to register factory for plugin cuFFT when one has already been registered
2025-10-15 07:00:30.025860: E external/local_xla/xla/stream_executor/cuda/cuda_fft.cc:467] Unable to register cuFFT factory: Attempting to register factory for plugin cuFFT when one has already been registered
WARNING: All log messages before absl::InitializeLog() is called are written to STDERR
WARNING: All log messages before absl::InitializeLog() is called are written to STDERR
WARNING: All log messages before absl::InitializeLog() is called are written to STDERR
WARNING: All log messages before absl::InitializeLog() is called are written to STDERR
WARNING: All log messages before absl::InitializeLog() is called are written to STDERR
WARNING: All log messages before absl::InitializeLog() is called are written to STDERR
WARNING: All log messages before absl::InitializeLog() is called are written to STDERR
WARNING: All log messages before absl::InitializeLog() is called are written to STDERR
E0000 00:00:1760482831.634069   38494 cuda_dnn.cc:8579] Unable to register cuDNN factory: Attempting to register factory for plugin cuDNN when one has already been registered
E0000 00:00:1760482831.634033   38499 cuda_dnn.cc:8579] Unable to register cuDNN factory: Attempting to register factory for plugin cuDNN when one has already been registered
E0000 00:00:1760482831.634054   38497 cuda_dnn.cc:8579] Unable to register cuDNN factory: Attempting to register factory for plugin cuDNN when one has already been registered
E0000 00:00:1760482831.634042   38493 cuda_dnn.cc:8579] Unable to register cuDNN factory: Attempting to register factory for plugin cuDNN when one has already been registered
E0000 00:00:1760482831.634098   38500 cuda_dnn.cc:8579] Unable to register cuDNN factory: Attempting to register factory for plugin cuDNN when one has already been registered
E0000 00:00:1760482831.634057   38496 cuda_dnn.cc:8579] Unable to register cuDNN factory: Attempting to register factory for plugin cuDNN when one has already been registered
E0000 00:00:1760482831.634057   38495 cuda_dnn.cc:8579] Unable to register cuDNN factory: Attempting to register factory for plugin cuDNN when one has already been registered
E0000 00:00:1760482831.634039   38498 cuda_dnn.cc:8579] Unable to register cuDNN factory: Attempting to register factory for plugin cuDNN when one has already been registered
E0000 00:00:1760482832.072030   38495 cuda_blas.cc:1407] Unable to register cuBLAS factory: Attempting to register factory for plugin cuBLAS when one has already been registered
E0000 00:00:1760482832.072030   38496 cuda_blas.cc:1407] Unable to register cuBLAS factory: Attempting to register factory for plugin cuBLAS when one has already been registered
E0000 00:00:1760482832.072035   38499 cuda_blas.cc:1407] Unable to register cuBLAS factory: Attempting to register factory for plugin cuBLAS when one has already been registered
E0000 00:00:1760482832.072038   38497 cuda_blas.cc:1407] Unable to register cuBLAS factory: Attempting to register factory for plugin cuBLAS when one has already been registered
E0000 00:00:1760482832.072038   38494 cuda_blas.cc:1407] Unable to register cuBLAS factory: Attempting to register factory for plugin cuBLAS when one has already been registered
E0000 00:00:1760482832.072041   38493 cuda_blas.cc:1407] Unable to register cuBLAS factory: Attempting to register factory for plugin cuBLAS when one has already been registered
E0000 00:00:1760482832.072046   38498 cuda_blas.cc:1407] Unable to register cuBLAS factory: Attempting to register factory for plugin cuBLAS when one has already been registered
E0000 00:00:1760482832.072045   38500 cuda_blas.cc:1407] Unable to register cuBLAS factory: Attempting to register factory for plugin cuBLAS when one has already been registered
W0000 00:00:1760482836.244366   38493 computation_placer.cc:177] computation placer already registered. Please check linkage and avoid linking the same target more than once.
W0000 00:00:1760482836.244375   38494 computation_placer.cc:177] computation placer already registered. Please check linkage and avoid linking the same target more than once.
W0000 00:00:1760482836.244366   38497 computation_placer.cc:177] computation placer already registered. Please check linkage and avoid linking the same target more than once.
W0000 00:00:1760482836.244375   38500 computation_placer.cc:177] computation placer already registered. Please check linkage and avoid linking the same target more than once.
W0000 00:00:1760482836.244386   38499 computation_placer.cc:177] computation placer already registered. Please check linkage and avoid linking the same target more than once.
W0000 00:00:1760482836.244389   38498 computation_placer.cc:177] computation placer already registered. Please check linkage and avoid linking the same target more than once.
W0000 00:00:1760482836.244382   38496 computation_placer.cc:177] computation placer already registered. Please check linkage and avoid linking the same target more than once.
W0000 00:00:1760482836.244460   38493 computation_placer.cc:177] computation placer already registered. Please check linkage and avoid linking the same target more than once.
W0000 00:00:1760482836.244489   38494 computation_placer.cc:177] computation placer already registered. Please check linkage and avoid linking the same target more than once.
W0000 00:00:1760482836.244534   38497 computation_placer.cc:177] computation placer already registered. Please check linkage and avoid linking the same target more than once.
W0000 00:00:1760482836.244553   38500 computation_placer.cc:177] computation placer already registered. Please check linkage and avoid linking the same target more than once.
W0000 00:00:1760482836.244570   38499 computation_placer.cc:177] computation placer already registered. Please check linkage and avoid linking the same target more than once.
W0000 00:00:1760482836.244601   38498 computation_placer.cc:177] computation placer already registered. Please check linkage and avoid linking the same target more than once.
W0000 00:00:1760482836.244640   38496 computation_placer.cc:177] computation placer already registered. Please check linkage and avoid linking the same target more than once.
W0000 00:00:1760482836.244646   38493 computation_placer.cc:177] computation placer already registered. Please check linkage and avoid linking the same target more than once.
W0000 00:00:1760482836.244660   38494 computation_placer.cc:177] computation placer already registered. Please check linkage and avoid linking the same target more than once.
W0000 00:00:1760482836.244668   38497 computation_placer.cc:177] computation placer already registered. Please check linkage and avoid linking the same target more than once.
W0000 00:00:1760482836.244677   38500 computation_placer.cc:177] computation placer already registered. Please check linkage and avoid linking the same target more than once.
W0000 00:00:1760482836.244684   38499 computation_placer.cc:177] computation placer already registered. Please check linkage and avoid linking the same target more than once.
W0000 00:00:1760482836.244697   38498 computation_placer.cc:177] computation placer already registered. Please check linkage and avoid linking the same target more than once.
W0000 00:00:1760482836.244726   38496 computation_placer.cc:177] computation placer already registered. Please check linkage and avoid linking the same target more than once.
W0000 00:00:1760482836.244733   38493 computation_placer.cc:177] computation placer already registered. Please check linkage and avoid linking the same target more than once.
W0000 00:00:1760482836.244746   38494 computation_placer.cc:177] computation placer already registered. Please check linkage and avoid linking the same target more than once.
W0000 00:00:1760482836.244754   38497 computation_placer.cc:177] computation placer already registered. Please check linkage and avoid linking the same target more than once.
W0000 00:00:1760482836.244762   38500 computation_placer.cc:177] computation placer already registered. Please check linkage and avoid linking the same target more than once.
W0000 00:00:1760482836.244768   38499 computation_placer.cc:177] computation placer already registered. Please check linkage and avoid linking the same target more than once.
W0000 00:00:1760482836.244781   38498 computation_placer.cc:177] computation placer already registered. Please check linkage and avoid linking the same target more than once.
W0000 00:00:1760482836.244790   38496 computation_placer.cc:177] computation placer already registered. Please check linkage and avoid linking the same target more than once.
W0000 00:00:1760482836.244405   38495 computation_placer.cc:177] computation placer already registered. Please check linkage and avoid linking the same target more than once.
W0000 00:00:1760482836.244921   38495 computation_placer.cc:177] computation placer already registered. Please check linkage and avoid linking the same target more than once.
W0000 00:00:1760482836.244943   38495 computation_placer.cc:177] computation placer already registered. Please check linkage and avoid linking the same target more than once.
W0000 00:00:1760482836.244955   38495 computation_placer.cc:177] computation placer already registered. Please check linkage and avoid linking the same target more than once.
2025-10-15 07:00:36.470517: I tensorflow/core/platform/cpu_feature_guard.cc:210] This TensorFlow binary is optimized to use available CPU instructions in performance-critical operations.
To enable the following instructions: AVX2 FMA, in other operations, rebuild TensorFlow with the appropriate compiler flags.
2025-10-15 07:00:36.470521: I tensorflow/core/platform/cpu_feature_guard.cc:210] This TensorFlow binary is optimized to use available CPU instructions in performance-critical operations.
To enable the following instructions: AVX2 FMA, in other operations, rebuild TensorFlow with the appropriate compiler flags.
2025-10-15 07:00:36.470543: I tensorflow/core/platform/cpu_feature_guard.cc:210] This TensorFlow binary is optimized to use available CPU instructions in performance-critical operations.
To enable the following instructions: AVX2 FMA, in other operations, rebuild TensorFlow with the appropriate compiler flags.
2025-10-15 07:00:36.470546: I tensorflow/core/platform/cpu_feature_guard.cc:210] This TensorFlow binary is optimized to use available CPU instructions in performance-critical operations.
To enable the following instructions: AVX2 FMA, in other operations, rebuild TensorFlow with the appropriate compiler flags.
2025-10-15 07:00:36.470561: I tensorflow/core/platform/cpu_feature_guard.cc:210] This TensorFlow binary is optimized to use available CPU instructions in performance-critical operations.
To enable the following instructions: AVX2 FMA, in other operations, rebuild TensorFlow with the appropriate compiler flags.
2025-10-15 07:00:36.470559: I tensorflow/core/platform/cpu_feature_guard.cc:210] This TensorFlow binary is optimized to use available CPU instructions in performance-critical operations.
To enable the following instructions: AVX2 FMA, in other operations, rebuild TensorFlow with the appropriate compiler flags.
2025-10-15 07:00:36.470568: I tensorflow/core/platform/cpu_feature_guard.cc:210] This TensorFlow binary is optimized to use available CPU instructions in performance-critical operations.
To enable the following instructions: AVX2 FMA, in other operations, rebuild TensorFlow with the appropriate compiler flags.
2025-10-15 07:00:36.470563: I tensorflow/core/platform/cpu_feature_guard.cc:210] This TensorFlow binary is optimized to use available CPU instructions in performance-critical operations.
To enable the following instructions: AVX2 FMA, in other operations, rebuild TensorFlow with the appropriate compiler flags.
[rank0]: Traceback (most recent call last):
[rank0]:   File "/data/run01/scw6f3q/zncao/affincraft/bin/fairseq-train", line 8, in <module>
[rank0]:     sys.exit(cli_main())
[rank0]:   File "/data/run01/scw6f3q/zncao/affincraft/lib/python3.9/site-packages/fairseq_cli/train.py", line 557, in cli_main
[rank0]:     distributed_utils.call_main(cfg, main)
[rank0]:   File "/data/run01/scw6f3q/zncao/affincraft/lib/python3.9/site-packages/fairseq/distributed/utils.py", line 354, in call_main
[rank0]:     distributed_main(cfg.distributed_training.device_id, main, cfg, kwargs)
[rank0]:   File "/data/run01/scw6f3q/zncao/affincraft/lib/python3.9/site-packages/fairseq/distributed/utils.py", line 328, in distributed_main
[rank0]:     main(cfg, **kwargs)
[rank0]:   File "/data/run01/scw6f3q/zncao/affincraft/lib/python3.9/site-packages/fairseq_cli/train.py", line 190, in main
[rank0]:     valid_losses, should_stop = train(cfg, trainer, task, epoch_itr)
[rank0]:   File "/data/run01/scw6f3q/zncao/affincraft/lib/python3.9/contextlib.py", line 79, in inner
[rank0]:     return func(*args, **kwds)
[rank0]:   File "/data/run01/scw6f3q/zncao/affincraft/lib/python3.9/site-packages/fairseq_cli/train.py", line 316, in train
[rank0]:     log_output = trainer.train_step(samples)
[rank0]:   File "/data/run01/scw6f3q/zncao/affincraft/lib/python3.9/contextlib.py", line 79, in inner
[rank0]:     return func(*args, **kwds)
[rank0]:   File "/data/run01/scw6f3q/zncao/affincraft/lib/python3.9/site-packages/fairseq/trainer.py", line 824, in train_step
[rank0]:     loss, sample_size_i, logging_output = self.task.train_step(
[rank0]:   File "/data/run01/scw6f3q/zncao/affincraft/lib/python3.9/site-packages/fairseq/tasks/fairseq_task.py", line 515, in train_step
[rank0]:     loss, sample_size, logging_output = criterion(model, sample)
[rank0]:   File "/data/run01/scw6f3q/zncao/affincraft/lib/python3.9/site-packages/torch/nn/modules/module.py", line 1739, in _wrapped_call_impl
[rank0]:     return self._call_impl(*args, **kwargs)
[rank0]:   File "/data/run01/scw6f3q/zncao/affincraft/lib/python3.9/site-packages/torch/nn/modules/module.py", line 1750, in _call_impl
[rank0]:     return forward_call(*args, **kwargs)
[rank0]:   File "/data/run01/scw6f3q/zncao/affincraft-nn/graphormer/criterions/l2_loss.py", line 68, in forward
[rank0]:     natoms = sample["net_input"]["batched_data"]["x"].shape[1]
[rank0]: KeyError: 'x'
[rank4]: Traceback (most recent call last):
[rank4]:   File "/data/run01/scw6f3q/zncao/affincraft/bin/fairseq-train", line 8, in <module>
[rank4]:     sys.exit(cli_main())
[rank4]:   File "/data/run01/scw6f3q/zncao/affincraft/lib/python3.9/site-packages/fairseq_cli/train.py", line 557, in cli_main
[rank4]:     distributed_utils.call_main(cfg, main)
[rank4]:   File "/data/run01/scw6f3q/zncao/affincraft/lib/python3.9/site-packages/fairseq/distributed/utils.py", line 354, in call_main
[rank4]:     distributed_main(cfg.distributed_training.device_id, main, cfg, kwargs)
[rank4]:   File "/data/run01/scw6f3q/zncao/affincraft/lib/python3.9/site-packages/fairseq/distributed/utils.py", line 328, in distributed_main
[rank4]:     main(cfg, **kwargs)
[rank4]:   File "/data/run01/scw6f3q/zncao/affincraft/lib/python3.9/site-packages/fairseq_cli/train.py", line 190, in main
[rank4]:     valid_losses, should_stop = train(cfg, trainer, task, epoch_itr)
[rank4]:   File "/data/run01/scw6f3q/zncao/affincraft/lib/python3.9/contextlib.py", line 79, in inner
[rank4]:     return func(*args, **kwds)
[rank4]:   File "/data/run01/scw6f3q/zncao/affincraft/lib/python3.9/site-packages/fairseq_cli/train.py", line 316, in train
[rank4]:     log_output = trainer.train_step(samples)
[rank4]:   File "/data/run01/scw6f3q/zncao/affincraft/lib/python3.9/contextlib.py", line 79, in inner
[rank4]:     return func(*args, **kwds)
[rank4]:   File "/data/run01/scw6f3q/zncao/affincraft/lib/python3.9/site-packages/fairseq/trainer.py", line 824, in train_step
[rank4]:     loss, sample_size_i, logging_output = self.task.train_step(
[rank4]:   File "/data/run01/scw6f3q/zncao/affincraft/lib/python3.9/site-packages/fairseq/tasks/fairseq_task.py", line 515, in train_step
[rank4]:     loss, sample_size, logging_output = criterion(model, sample)
[rank4]:   File "/data/run01/scw6f3q/zncao/affincraft/lib/python3.9/site-packages/torch/nn/modules/module.py", line 1739, in _wrapped_call_impl
[rank4]:     return self._call_impl(*args, **kwargs)
[rank4]:   File "/data/run01/scw6f3q/zncao/affincraft/lib/python3.9/site-packages/torch/nn/modules/module.py", line 1750, in _call_impl
[rank4]:     return forward_call(*args, **kwargs)
[rank4]:   File "/data/run01/scw6f3q/zncao/affincraft-nn/graphormer/criterions/l2_loss.py", line 68, in forward
[rank4]:     natoms = sample["net_input"]["batched_data"]["x"].shape[1]
[rank4]: KeyError: 'x'
[rank1]: Traceback (most recent call last):
[rank1]:   File "/data/run01/scw6f3q/zncao/affincraft/bin/fairseq-train", line 8, in <module>
[rank1]:     sys.exit(cli_main())
[rank1]:   File "/data/run01/scw6f3q/zncao/affincraft/lib/python3.9/site-packages/fairseq_cli/train.py", line 557, in cli_main
[rank1]:     distributed_utils.call_main(cfg, main)
[rank1]:   File "/data/run01/scw6f3q/zncao/affincraft/lib/python3.9/site-packages/fairseq/distributed/utils.py", line 354, in call_main
[rank1]:     distributed_main(cfg.distributed_training.device_id, main, cfg, kwargs)
[rank1]:   File "/data/run01/scw6f3q/zncao/affincraft/lib/python3.9/site-packages/fairseq/distributed/utils.py", line 328, in distributed_main
[rank1]:     main(cfg, **kwargs)
[rank1]:   File "/data/run01/scw6f3q/zncao/affincraft/lib/python3.9/site-packages/fairseq_cli/train.py", line 190, in main
[rank1]:     valid_losses, should_stop = train(cfg, trainer, task, epoch_itr)
[rank1]:   File "/data/run01/scw6f3q/zncao/affincraft/lib/python3.9/contextlib.py", line 79, in inner
[rank1]:     return func(*args, **kwds)
[rank1]:   File "/data/run01/scw6f3q/zncao/affincraft/lib/python3.9/site-packages/fairseq_cli/train.py", line 316, in train
[rank1]:     log_output = trainer.train_step(samples)
[rank1]:   File "/data/run01/scw6f3q/zncao/affincraft/lib/python3.9/contextlib.py", line 79, in inner
[rank1]:     return func(*args, **kwds)
[rank1]:   File "/data/run01/scw6f3q/zncao/affincraft/lib/python3.9/site-packages/fairseq/trainer.py", line 824, in train_step
[rank1]:     loss, sample_size_i, logging_output = self.task.train_step(
[rank1]:   File "/data/run01/scw6f3q/zncao/affincraft/lib/python3.9/site-packages/fairseq/tasks/fairseq_task.py", line 515, in train_step
[rank1]:     loss, sample_size, logging_output = criterion(model, sample)
[rank1]:   File "/data/run01/scw6f3q/zncao/affincraft/lib/python3.9/site-packages/torch/nn/modules/module.py", line 1739, in _wrapped_call_impl
[rank1]:     return self._call_impl(*args, **kwargs)
[rank1]:   File "/data/run01/scw6f3q/zncao/affincraft/lib/python3.9/site-packages/torch/nn/modules/module.py", line 1750, in _call_impl
[rank1]:     return forward_call(*args, **kwargs)
[rank1]:   File "/data/run01/scw6f3q/zncao/affincraft-nn/graphormer/criterions/l2_loss.py", line 68, in forward
[rank1]:     natoms = sample["net_input"]["batched_data"]["x"].shape[1]
[rank1]: KeyError: 'x'
[rank2]: Traceback (most recent call last):
[rank2]:   File "/data/run01/scw6f3q/zncao/affincraft/bin/fairseq-train", line 8, in <module>
[rank2]:     sys.exit(cli_main())
[rank2]:   File "/data/run01/scw6f3q/zncao/affincraft/lib/python3.9/site-packages/fairseq_cli/train.py", line 557, in cli_main
[rank2]:     distributed_utils.call_main(cfg, main)
[rank2]:   File "/data/run01/scw6f3q/zncao/affincraft/lib/python3.9/site-packages/fairseq/distributed/utils.py", line 354, in call_main
[rank2]:     distributed_main(cfg.distributed_training.device_id, main, cfg, kwargs)
[rank2]:   File "/data/run01/scw6f3q/zncao/affincraft/lib/python3.9/site-packages/fairseq/distributed/utils.py", line 328, in distributed_main
[rank2]:     main(cfg, **kwargs)
[rank2]:   File "/data/run01/scw6f3q/zncao/affincraft/lib/python3.9/site-packages/fairseq_cli/train.py", line 190, in main
[rank2]:     valid_losses, should_stop = train(cfg, trainer, task, epoch_itr)
[rank2]:   File "/data/run01/scw6f3q/zncao/affincraft/lib/python3.9/contextlib.py", line 79, in inner
[rank2]:     return func(*args, **kwds)
[rank2]:   File "/data/run01/scw6f3q/zncao/affincraft/lib/python3.9/site-packages/fairseq_cli/train.py", line 316, in train
[rank2]:     log_output = trainer.train_step(samples)
[rank2]:   File "/data/run01/scw6f3q/zncao/affincraft/lib/python3.9/contextlib.py", line 79, in inner
[rank2]:     return func(*args, **kwds)
[rank2]:   File "/data/run01/scw6f3q/zncao/affincraft/lib/python3.9/site-packages/fairseq/trainer.py", line 824, in train_step
[rank2]:     loss, sample_size_i, logging_output = self.task.train_step(
[rank2]:   File "/data/run01/scw6f3q/zncao/affincraft/lib/python3.9/site-packages/fairseq/tasks/fairseq_task.py", line 515, in train_step
[rank2]:     loss, sample_size, logging_output = criterion(model, sample)
[rank2]:   File "/data/run01/scw6f3q/zncao/affincraft/lib/python3.9/site-packages/torch/nn/modules/module.py", line 1739, in _wrapped_call_impl
[rank2]:     return self._call_impl(*args, **kwargs)
[rank2]:   File "/data/run01/scw6f3q/zncao/affincraft/lib/python3.9/site-packages/torch/nn/modules/module.py", line 1750, in _call_impl
[rank2]:     return forward_call(*args, **kwargs)
[rank2]:   File "/data/run01/scw6f3q/zncao/affincraft-nn/graphormer/criterions/l2_loss.py", line 68, in forward
[rank2]:     natoms = sample["net_input"]["batched_data"]["x"].shape[1]
[rank2]: KeyError: 'x'
[rank7]: Traceback (most recent call last):
[rank7]:   File "/data/run01/scw6f3q/zncao/affincraft/bin/fairseq-train", line 8, in <module>
[rank7]:     sys.exit(cli_main())
[rank7]:   File "/data/run01/scw6f3q/zncao/affincraft/lib/python3.9/site-packages/fairseq_cli/train.py", line 557, in cli_main
[rank7]:     distributed_utils.call_main(cfg, main)
[rank7]:   File "/data/run01/scw6f3q/zncao/affincraft/lib/python3.9/site-packages/fairseq/distributed/utils.py", line 354, in call_main
[rank7]:     distributed_main(cfg.distributed_training.device_id, main, cfg, kwargs)
[rank7]:   File "/data/run01/scw6f3q/zncao/affincraft/lib/python3.9/site-packages/fairseq/distributed/utils.py", line 328, in distributed_main
[rank7]:     main(cfg, **kwargs)
[rank7]:   File "/data/run01/scw6f3q/zncao/affincraft/lib/python3.9/site-packages/fairseq_cli/train.py", line 190, in main
[rank7]:     valid_losses, should_stop = train(cfg, trainer, task, epoch_itr)
[rank7]:   File "/data/run01/scw6f3q/zncao/affincraft/lib/python3.9/contextlib.py", line 79, in inner
[rank7]:     return func(*args, **kwds)
[rank7]:   File "/data/run01/scw6f3q/zncao/affincraft/lib/python3.9/site-packages/fairseq_cli/train.py", line 316, in train
[rank7]:     log_output = trainer.train_step(samples)
[rank7]:   File "/data/run01/scw6f3q/zncao/affincraft/lib/python3.9/contextlib.py", line 79, in inner
[rank7]:     return func(*args, **kwds)
[rank7]:   File "/data/run01/scw6f3q/zncao/affincraft/lib/python3.9/site-packages/fairseq/trainer.py", line 824, in train_step
[rank7]:     loss, sample_size_i, logging_output = self.task.train_step(
[rank7]:   File "/data/run01/scw6f3q/zncao/affincraft/lib/python3.9/site-packages/fairseq/tasks/fairseq_task.py", line 515, in train_step
[rank7]:     loss, sample_size, logging_output = criterion(model, sample)
[rank7]:   File "/data/run01/scw6f3q/zncao/affincraft/lib/python3.9/site-packages/torch/nn/modules/module.py", line 1739, in _wrapped_call_impl
[rank7]:     return self._call_impl(*args, **kwargs)
[rank7]:   File "/data/run01/scw6f3q/zncao/affincraft/lib/python3.9/site-packages/torch/nn/modules/module.py", line 1750, in _call_impl
[rank7]:     return forward_call(*args, **kwargs)
[rank7]:   File "/data/run01/scw6f3q/zncao/affincraft-nn/graphormer/criterions/l2_loss.py", line 68, in forward
[rank7]:     natoms = sample["net_input"]["batched_data"]["x"].shape[1]
[rank7]: KeyError: 'x'
[rank5]: Traceback (most recent call last):
[rank5]:   File "/data/run01/scw6f3q/zncao/affincraft/bin/fairseq-train", line 8, in <module>
[rank5]:     sys.exit(cli_main())
[rank5]:   File "/data/run01/scw6f3q/zncao/affincraft/lib/python3.9/site-packages/fairseq_cli/train.py", line 557, in cli_main
[rank5]:     distributed_utils.call_main(cfg, main)
[rank5]:   File "/data/run01/scw6f3q/zncao/affincraft/lib/python3.9/site-packages/fairseq/distributed/utils.py", line 354, in call_main
[rank5]:     distributed_main(cfg.distributed_training.device_id, main, cfg, kwargs)
[rank5]:   File "/data/run01/scw6f3q/zncao/affincraft/lib/python3.9/site-packages/fairseq/distributed/utils.py", line 328, in distributed_main
[rank5]:     main(cfg, **kwargs)
[rank5]:   File "/data/run01/scw6f3q/zncao/affincraft/lib/python3.9/site-packages/fairseq_cli/train.py", line 190, in main
[rank5]:     valid_losses, should_stop = train(cfg, trainer, task, epoch_itr)
[rank5]:   File "/data/run01/scw6f3q/zncao/affincraft/lib/python3.9/contextlib.py", line 79, in inner
[rank5]:     return func(*args, **kwds)
[rank5]:   File "/data/run01/scw6f3q/zncao/affincraft/lib/python3.9/site-packages/fairseq_cli/train.py", line 316, in train
[rank5]:     log_output = trainer.train_step(samples)
[rank5]:   File "/data/run01/scw6f3q/zncao/affincraft/lib/python3.9/contextlib.py", line 79, in inner
[rank5]:     return func(*args, **kwds)
[rank5]:   File "/data/run01/scw6f3q/zncao/affincraft/lib/python3.9/site-packages/fairseq/trainer.py", line 824, in train_step
[rank5]:     loss, sample_size_i, logging_output = self.task.train_step(
[rank5]:   File "/data/run01/scw6f3q/zncao/affincraft/lib/python3.9/site-packages/fairseq/tasks/fairseq_task.py", line 515, in train_step
[rank5]:     loss, sample_size, logging_output = criterion(model, sample)
[rank5]:   File "/data/run01/scw6f3q/zncao/affincraft/lib/python3.9/site-packages/torch/nn/modules/module.py", line 1739, in _wrapped_call_impl
[rank5]:     return self._call_impl(*args, **kwargs)
[rank5]:   File "/data/run01/scw6f3q/zncao/affincraft/lib/python3.9/site-packages/torch/nn/modules/module.py", line 1750, in _call_impl
[rank5]:     return forward_call(*args, **kwargs)
[rank5]:   File "/data/run01/scw6f3q/zncao/affincraft-nn/graphormer/criterions/l2_loss.py", line 68, in forward
[rank5]:     natoms = sample["net_input"]["batched_data"]["x"].shape[1]
[rank5]: KeyError: 'x'
[rank3]: Traceback (most recent call last):
[rank3]:   File "/data/run01/scw6f3q/zncao/affincraft/bin/fairseq-train", line 8, in <module>
[rank3]:     sys.exit(cli_main())
[rank3]:   File "/data/run01/scw6f3q/zncao/affincraft/lib/python3.9/site-packages/fairseq_cli/train.py", line 557, in cli_main
[rank3]:     distributed_utils.call_main(cfg, main)
[rank3]:   File "/data/run01/scw6f3q/zncao/affincraft/lib/python3.9/site-packages/fairseq/distributed/utils.py", line 354, in call_main
[rank3]:     distributed_main(cfg.distributed_training.device_id, main, cfg, kwargs)
[rank3]:   File "/data/run01/scw6f3q/zncao/affincraft/lib/python3.9/site-packages/fairseq/distributed/utils.py", line 328, in distributed_main
[rank3]:     main(cfg, **kwargs)
[rank3]:   File "/data/run01/scw6f3q/zncao/affincraft/lib/python3.9/site-packages/fairseq_cli/train.py", line 190, in main
[rank3]:     valid_losses, should_stop = train(cfg, trainer, task, epoch_itr)
[rank3]:   File "/data/run01/scw6f3q/zncao/affincraft/lib/python3.9/contextlib.py", line 79, in inner
[rank3]:     return func(*args, **kwds)
[rank3]:   File "/data/run01/scw6f3q/zncao/affincraft/lib/python3.9/site-packages/fairseq_cli/train.py", line 316, in train
[rank3]:     log_output = trainer.train_step(samples)
[rank3]:   File "/data/run01/scw6f3q/zncao/affincraft/lib/python3.9/contextlib.py", line 79, in inner
[rank3]:     return func(*args, **kwds)
[rank3]:   File "/data/run01/scw6f3q/zncao/affincraft/lib/python3.9/site-packages/fairseq/trainer.py", line 824, in train_step
[rank3]:     loss, sample_size_i, logging_output = self.task.train_step(
[rank3]:   File "/data/run01/scw6f3q/zncao/affincraft/lib/python3.9/site-packages/fairseq/tasks/fairseq_task.py", line 515, in train_step
[rank3]:     loss, sample_size, logging_output = criterion(model, sample)
[rank3]:   File "/data/run01/scw6f3q/zncao/affincraft/lib/python3.9/site-packages/torch/nn/modules/module.py", line 1739, in _wrapped_call_impl
[rank3]:     return self._call_impl(*args, **kwargs)
[rank3]:   File "/data/run01/scw6f3q/zncao/affincraft/lib/python3.9/site-packages/torch/nn/modules/module.py", line 1750, in _call_impl
[rank3]:     return forward_call(*args, **kwargs)
[rank3]:   File "/data/run01/scw6f3q/zncao/affincraft-nn/graphormer/criterions/l2_loss.py", line 68, in forward
[rank3]:     natoms = sample["net_input"]["batched_data"]["x"].shape[1]
[rank3]: KeyError: 'x'
[rank6]: Traceback (most recent call last):
[rank6]:   File "/data/run01/scw6f3q/zncao/affincraft/bin/fairseq-train", line 8, in <module>
[rank6]:     sys.exit(cli_main())
[rank6]:   File "/data/run01/scw6f3q/zncao/affincraft/lib/python3.9/site-packages/fairseq_cli/train.py", line 557, in cli_main
[rank6]:     distributed_utils.call_main(cfg, main)
[rank6]:   File "/data/run01/scw6f3q/zncao/affincraft/lib/python3.9/site-packages/fairseq/distributed/utils.py", line 354, in call_main
[rank6]:     distributed_main(cfg.distributed_training.device_id, main, cfg, kwargs)
[rank6]:   File "/data/run01/scw6f3q/zncao/affincraft/lib/python3.9/site-packages/fairseq/distributed/utils.py", line 328, in distributed_main
[rank6]:     main(cfg, **kwargs)
[rank6]:   File "/data/run01/scw6f3q/zncao/affincraft/lib/python3.9/site-packages/fairseq_cli/train.py", line 190, in main
[rank6]:     valid_losses, should_stop = train(cfg, trainer, task, epoch_itr)
[rank6]:   File "/data/run01/scw6f3q/zncao/affincraft/lib/python3.9/contextlib.py", line 79, in inner
[rank6]:     return func(*args, **kwds)
[rank6]:   File "/data/run01/scw6f3q/zncao/affincraft/lib/python3.9/site-packages/fairseq_cli/train.py", line 316, in train
[rank6]:     log_output = trainer.train_step(samples)
[rank6]:   File "/data/run01/scw6f3q/zncao/affincraft/lib/python3.9/contextlib.py", line 79, in inner
[rank6]:     return func(*args, **kwds)
[rank6]:   File "/data/run01/scw6f3q/zncao/affincraft/lib/python3.9/site-packages/fairseq/trainer.py", line 824, in train_step
[rank6]:     loss, sample_size_i, logging_output = self.task.train_step(
[rank6]:   File "/data/run01/scw6f3q/zncao/affincraft/lib/python3.9/site-packages/fairseq/tasks/fairseq_task.py", line 515, in train_step
[rank6]:     loss, sample_size, logging_output = criterion(model, sample)
[rank6]:   File "/data/run01/scw6f3q/zncao/affincraft/lib/python3.9/site-packages/torch/nn/modules/module.py", line 1739, in _wrapped_call_impl
[rank6]:     return self._call_impl(*args, **kwargs)
[rank6]:   File "/data/run01/scw6f3q/zncao/affincraft/lib/python3.9/site-packages/torch/nn/modules/module.py", line 1750, in _call_impl
[rank6]:     return forward_call(*args, **kwargs)
[rank6]:   File "/data/run01/scw6f3q/zncao/affincraft-nn/graphormer/criterions/l2_loss.py", line 68, in forward
[rank6]:     natoms = sample["net_input"]["batched_data"]["x"].shape[1]
[rank6]: KeyError: 'x'
[rank0]:[W1015 07:07:00.599919151 ProcessGroupNCCL.cpp:1496] Warning: WARNING: destroy_process_group() was not called before program exit, which can leak resources. For more info, please see https://pytorch.org/docs/stable/distributed.html#shutdown (function operator())
W1015 07:07:07.348060 38488 torch/distributed/elastic/multiprocessing/api.py:897] Sending process 38494 closing signal SIGTERM
W1015 07:07:07.349244 38488 torch/distributed/elastic/multiprocessing/api.py:897] Sending process 38495 closing signal SIGTERM
W1015 07:07:07.350198 38488 torch/distributed/elastic/multiprocessing/api.py:897] Sending process 38496 closing signal SIGTERM
W1015 07:07:07.350835 38488 torch/distributed/elastic/multiprocessing/api.py:897] Sending process 38497 closing signal SIGTERM
W1015 07:07:07.351501 38488 torch/distributed/elastic/multiprocessing/api.py:897] Sending process 38498 closing signal SIGTERM
W1015 07:07:07.352044 38488 torch/distributed/elastic/multiprocessing/api.py:897] Sending process 38499 closing signal SIGTERM
W1015 07:07:07.352394 38488 torch/distributed/elastic/multiprocessing/api.py:897] Sending process 38500 closing signal SIGTERM
E1015 07:07:09.220638 38488 torch/distributed/elastic/multiprocessing/api.py:869] failed (exitcode: 1) local_rank: 0 (pid: 38493) of binary: /data/run01/scw6f3q/zncao/affincraft/bin/python
Traceback (most recent call last):
  File "/data/run01/scw6f3q/zncao/affincraft/bin/torchrun", line 8, in <module>
    sys.exit(main())
  File "/data/run01/scw6f3q/zncao/affincraft/lib/python3.9/site-packages/torch/distributed/elastic/multiprocessing/errors/__init__.py", line 355, in wrapper
    return f(*args, **kwargs)
  File "/data/run01/scw6f3q/zncao/affincraft/lib/python3.9/site-packages/torch/distributed/run.py", line 918, in main
    run(args)
  File "/data/run01/scw6f3q/zncao/affincraft/lib/python3.9/site-packages/torch/distributed/run.py", line 909, in run
    elastic_launch(
  File "/data/run01/scw6f3q/zncao/affincraft/lib/python3.9/site-packages/torch/distributed/launcher/api.py", line 138, in __call__
    return launch_agent(self._config, self._entrypoint, list(args))
  File "/data/run01/scw6f3q/zncao/affincraft/lib/python3.9/site-packages/torch/distributed/launcher/api.py", line 269, in launch_agent
    raise ChildFailedError(
torch.distributed.elastic.multiprocessing.errors.ChildFailedError: 
============================================================
/data/run01/scw6f3q/zncao/affincraft/bin/fairseq-train FAILED
------------------------------------------------------------
Failures:
  <NO_OTHER_FAILURES>
------------------------------------------------------------
Root Cause (first observed failure):
[0]:
  time      : 2025-10-15_07:07:07
  host      : g0109.para.ai
  rank      : 0 (local_rank: 0)
  exitcode  : 1 (pid: 38493)
  error_file: <N/A>
  traceback : To enable traceback see: https://pytorch.org/docs/stable/elastic/errors.html
============================================================
