gcc-12.2.0 loaded successful
WARNING: underlay of /etc/localtime required more than 50 (88) bind mounts
WARNING: underlay of /usr/bin/nvidia-smi required more than 50 (410) bind mounts
W1016 16:11:55.406596 6179 torch/distributed/run.py:792] 
W1016 16:11:55.406596 6179 torch/distributed/run.py:792] *****************************************
W1016 16:11:55.406596 6179 torch/distributed/run.py:792] Setting OMP_NUM_THREADS environment variable for each process to be 1 in default, to avoid your system being overloaded, please further tune the variable for optimal performance in your application as needed. 
W1016 16:11:55.406596 6179 torch/distributed/run.py:792] *****************************************
2025-10-16 16:12:30.412412: E external/local_xla/xla/stream_executor/cuda/cuda_fft.cc:467] Unable to register cuFFT factory: Attempting to register factory for plugin cuFFT when one has already been registered
2025-10-16 16:12:30.412411: E external/local_xla/xla/stream_executor/cuda/cuda_fft.cc:467] Unable to register cuFFT factory: Attempting to register factory for plugin cuFFT when one has already been registered
2025-10-16 16:12:30.412435: E external/local_xla/xla/stream_executor/cuda/cuda_fft.cc:467] Unable to register cuFFT factory: Attempting to register factory for plugin cuFFT when one has already been registered
2025-10-16 16:12:30.412439: E external/local_xla/xla/stream_executor/cuda/cuda_fft.cc:467] Unable to register cuFFT factory: Attempting to register factory for plugin cuFFT when one has already been registered
2025-10-16 16:12:30.412430: E external/local_xla/xla/stream_executor/cuda/cuda_fft.cc:467] Unable to register cuFFT factory: Attempting to register factory for plugin cuFFT when one has already been registered
2025-10-16 16:12:30.412427: E external/local_xla/xla/stream_executor/cuda/cuda_fft.cc:467] Unable to register cuFFT factory: Attempting to register factory for plugin cuFFT when one has already been registered
2025-10-16 16:12:30.412629: E external/local_xla/xla/stream_executor/cuda/cuda_fft.cc:467] Unable to register cuFFT factory: Attempting to register factory for plugin cuFFT when one has already been registered
2025-10-16 16:12:30.412630: E external/local_xla/xla/stream_executor/cuda/cuda_fft.cc:467] Unable to register cuFFT factory: Attempting to register factory for plugin cuFFT when one has already been registered
WARNING: All log messages before absl::InitializeLog() is called are written to STDERR
WARNING: All log messages before absl::InitializeLog() is called are written to STDERR
WARNING: All log messages before absl::InitializeLog() is called are written to STDERR
WARNING: All log messages before absl::InitializeLog() is called are written to STDERR
WARNING: All log messages before absl::InitializeLog() is called are written to STDERR
WARNING: All log messages before absl::InitializeLog() is called are written to STDERR
WARNING: All log messages before absl::InitializeLog() is called are written to STDERR
WARNING: All log messages before absl::InitializeLog() is called are written to STDERR
E0000 00:00:1760602353.802180    6185 cuda_dnn.cc:8579] Unable to register cuDNN factory: Attempting to register factory for plugin cuDNN when one has already been registered
E0000 00:00:1760602353.802183    6187 cuda_dnn.cc:8579] Unable to register cuDNN factory: Attempting to register factory for plugin cuDNN when one has already been registered
E0000 00:00:1760602353.802175    6184 cuda_dnn.cc:8579] Unable to register cuDNN factory: Attempting to register factory for plugin cuDNN when one has already been registered
E0000 00:00:1760602353.802172    6186 cuda_dnn.cc:8579] Unable to register cuDNN factory: Attempting to register factory for plugin cuDNN when one has already been registered
E0000 00:00:1760602353.802177    6188 cuda_dnn.cc:8579] Unable to register cuDNN factory: Attempting to register factory for plugin cuDNN when one has already been registered
E0000 00:00:1760602353.802185    6189 cuda_dnn.cc:8579] Unable to register cuDNN factory: Attempting to register factory for plugin cuDNN when one has already been registered
E0000 00:00:1760602353.802188    6191 cuda_dnn.cc:8579] Unable to register cuDNN factory: Attempting to register factory for plugin cuDNN when one has already been registered
E0000 00:00:1760602353.802188    6190 cuda_dnn.cc:8579] Unable to register cuDNN factory: Attempting to register factory for plugin cuDNN when one has already been registered
E0000 00:00:1760602354.927846    6186 cuda_blas.cc:1407] Unable to register cuBLAS factory: Attempting to register factory for plugin cuBLAS when one has already been registered
E0000 00:00:1760602354.927879    6188 cuda_blas.cc:1407] Unable to register cuBLAS factory: Attempting to register factory for plugin cuBLAS when one has already been registered
E0000 00:00:1760602354.927881    6191 cuda_blas.cc:1407] Unable to register cuBLAS factory: Attempting to register factory for plugin cuBLAS when one has already been registered
E0000 00:00:1760602354.927883    6189 cuda_blas.cc:1407] Unable to register cuBLAS factory: Attempting to register factory for plugin cuBLAS when one has already been registered
E0000 00:00:1760602354.927888    6185 cuda_blas.cc:1407] Unable to register cuBLAS factory: Attempting to register factory for plugin cuBLAS when one has already been registered
E0000 00:00:1760602354.927888    6184 cuda_blas.cc:1407] Unable to register cuBLAS factory: Attempting to register factory for plugin cuBLAS when one has already been registered
E0000 00:00:1760602354.927892    6187 cuda_blas.cc:1407] Unable to register cuBLAS factory: Attempting to register factory for plugin cuBLAS when one has already been registered
E0000 00:00:1760602354.928170    6190 cuda_blas.cc:1407] Unable to register cuBLAS factory: Attempting to register factory for plugin cuBLAS when one has already been registered
W0000 00:00:1760602361.970965    6188 computation_placer.cc:177] computation placer already registered. Please check linkage and avoid linking the same target more than once.
W0000 00:00:1760602361.970976    6189 computation_placer.cc:177] computation placer already registered. Please check linkage and avoid linking the same target more than once.
W0000 00:00:1760602361.970962    6185 computation_placer.cc:177] computation placer already registered. Please check linkage and avoid linking the same target more than once.
W0000 00:00:1760602361.970976    6190 computation_placer.cc:177] computation placer already registered. Please check linkage and avoid linking the same target more than once.
W0000 00:00:1760602361.970973    6187 computation_placer.cc:177] computation placer already registered. Please check linkage and avoid linking the same target more than once.
W0000 00:00:1760602361.970972    6184 computation_placer.cc:177] computation placer already registered. Please check linkage and avoid linking the same target more than once.
W0000 00:00:1760602361.970977    6191 computation_placer.cc:177] computation placer already registered. Please check linkage and avoid linking the same target more than once.
W0000 00:00:1760602361.970980    6186 computation_placer.cc:177] computation placer already registered. Please check linkage and avoid linking the same target more than once.
W0000 00:00:1760602361.971059    6188 computation_placer.cc:177] computation placer already registered. Please check linkage and avoid linking the same target more than once.
W0000 00:00:1760602361.971091    6189 computation_placer.cc:177] computation placer already registered. Please check linkage and avoid linking the same target more than once.
W0000 00:00:1760602361.971128    6185 computation_placer.cc:177] computation placer already registered. Please check linkage and avoid linking the same target more than once.
W0000 00:00:1760602361.971161    6190 computation_placer.cc:177] computation placer already registered. Please check linkage and avoid linking the same target more than once.
W0000 00:00:1760602361.971202    6187 computation_placer.cc:177] computation placer already registered. Please check linkage and avoid linking the same target more than once.
W0000 00:00:1760602361.971241    6184 computation_placer.cc:177] computation placer already registered. Please check linkage and avoid linking the same target more than once.
W0000 00:00:1760602361.971274    6191 computation_placer.cc:177] computation placer already registered. Please check linkage and avoid linking the same target more than once.
W0000 00:00:1760602361.971296    6186 computation_placer.cc:177] computation placer already registered. Please check linkage and avoid linking the same target more than once.
W0000 00:00:1760602361.971305    6188 computation_placer.cc:177] computation placer already registered. Please check linkage and avoid linking the same target more than once.
W0000 00:00:1760602361.971315    6189 computation_placer.cc:177] computation placer already registered. Please check linkage and avoid linking the same target more than once.
W0000 00:00:1760602361.971325    6185 computation_placer.cc:177] computation placer already registered. Please check linkage and avoid linking the same target more than once.
W0000 00:00:1760602361.971336    6190 computation_placer.cc:177] computation placer already registered. Please check linkage and avoid linking the same target more than once.
W0000 00:00:1760602361.971348    6187 computation_placer.cc:177] computation placer already registered. Please check linkage and avoid linking the same target more than once.
W0000 00:00:1760602361.971376    6184 computation_placer.cc:177] computation placer already registered. Please check linkage and avoid linking the same target more than once.
W0000 00:00:1760602361.971387    6191 computation_placer.cc:177] computation placer already registered. Please check linkage and avoid linking the same target more than once.
W0000 00:00:1760602361.971397    6186 computation_placer.cc:177] computation placer already registered. Please check linkage and avoid linking the same target more than once.
W0000 00:00:1760602361.971407    6188 computation_placer.cc:177] computation placer already registered. Please check linkage and avoid linking the same target more than once.
W0000 00:00:1760602361.971416    6189 computation_placer.cc:177] computation placer already registered. Please check linkage and avoid linking the same target more than once.
W0000 00:00:1760602361.971425    6185 computation_placer.cc:177] computation placer already registered. Please check linkage and avoid linking the same target more than once.
W0000 00:00:1760602361.971437    6190 computation_placer.cc:177] computation placer already registered. Please check linkage and avoid linking the same target more than once.
W0000 00:00:1760602361.971449    6187 computation_placer.cc:177] computation placer already registered. Please check linkage and avoid linking the same target more than once.
W0000 00:00:1760602361.971459    6184 computation_placer.cc:177] computation placer already registered. Please check linkage and avoid linking the same target more than once.
W0000 00:00:1760602361.971468    6191 computation_placer.cc:177] computation placer already registered. Please check linkage and avoid linking the same target more than once.
W0000 00:00:1760602361.971477    6186 computation_placer.cc:177] computation placer already registered. Please check linkage and avoid linking the same target more than once.
2025-10-16 16:12:42.158290: I tensorflow/core/platform/cpu_feature_guard.cc:210] This TensorFlow binary is optimized to use available CPU instructions in performance-critical operations.
To enable the following instructions: AVX2 FMA, in other operations, rebuild TensorFlow with the appropriate compiler flags.
2025-10-16 16:12:42.158287: I tensorflow/core/platform/cpu_feature_guard.cc:210] This TensorFlow binary is optimized to use available CPU instructions in performance-critical operations.
To enable the following instructions: AVX2 FMA, in other operations, rebuild TensorFlow with the appropriate compiler flags.
2025-10-16 16:12:42.158306: I tensorflow/core/platform/cpu_feature_guard.cc:210] This TensorFlow binary is optimized to use available CPU instructions in performance-critical operations.
To enable the following instructions: AVX2 FMA, in other operations, rebuild TensorFlow with the appropriate compiler flags.
2025-10-16 16:12:42.158308: I tensorflow/core/platform/cpu_feature_guard.cc:210] This TensorFlow binary is optimized to use available CPU instructions in performance-critical operations.
To enable the following instructions: AVX2 FMA, in other operations, rebuild TensorFlow with the appropriate compiler flags.
2025-10-16 16:12:42.158309: I tensorflow/core/platform/cpu_feature_guard.cc:210] This TensorFlow binary is optimized to use available CPU instructions in performance-critical operations.
To enable the following instructions: AVX2 FMA, in other operations, rebuild TensorFlow with the appropriate compiler flags.
2025-10-16 16:12:42.158305: I tensorflow/core/platform/cpu_feature_guard.cc:210] This TensorFlow binary is optimized to use available CPU instructions in performance-critical operations.
To enable the following instructions: AVX2 FMA, in other operations, rebuild TensorFlow with the appropriate compiler flags.
2025-10-16 16:12:42.158316: I tensorflow/core/platform/cpu_feature_guard.cc:210] This TensorFlow binary is optimized to use available CPU instructions in performance-critical operations.
To enable the following instructions: AVX2 FMA, in other operations, rebuild TensorFlow with the appropriate compiler flags.
2025-10-16 16:12:42.158325: I tensorflow/core/platform/cpu_feature_guard.cc:210] This TensorFlow binary is optimized to use available CPU instructions in performance-critical operations.
To enable the following instructions: AVX2 FMA, in other operations, rebuild TensorFlow with the appropriate compiler flags.
Traceback (most recent call last):
  File "/data/run01/scw6f3q/zncao/affincraft/bin/fairseq-train", line 8, in <module>
    sys.exit(cli_main())
  File "/data/run01/scw6f3q/zncao/affincraft/lib/python3.9/site-packages/fairseq_cli/train.py", line 541, in cli_main
    parser = options.get_training_parser()
  File "/data/run01/scw6f3q/zncao/affincraft/lib/python3.9/site-packages/fairseq/options.py", line 38, in get_training_parser
    parser = get_parser("Trainer", default_task)
  File "/data/run01/scw6f3q/zncao/affincraft/lib/python3.9/site-packages/fairseq/options.py", line 234, in get_parser
    utils.import_user_module(usr_args)
  File "/data/run01/scw6f3q/zncao/affincraft/lib/python3.9/site-packages/fairseq/utils.py", line 497, in import_user_module
    import_tasks(tasks_path, f"{module_name}.tasks")
  File "/data/run01/scw6f3q/zncao/affincraft/lib/python3.9/site-packages/fairseq/tasks/__init__.py", line 117, in import_tasks
    importlib.import_module(namespace + "." + task_name)
  File "/data/run01/scw6f3q/zncao/affincraft/lib/python3.9/importlib/__init__.py", line 127, in import_module
    return _bootstrap._gcd_import(name[level:], package, level)
  File "<frozen importlib._bootstrap>", line 1030, in _gcd_import
  File "<frozen importlib._bootstrap>", line 1007, in _find_and_load
  File "<frozen importlib._bootstrap>", line 986, in _find_and_load_unlocked
  File "<frozen importlib._bootstrap>", line 680, in _load_unlocked
  File "<frozen importlib._bootstrap_external>", line 850, in exec_module
  File "<frozen importlib._bootstrap>", line 228, in _call_with_frames_removed
  File "/data/run01/scw6f3q/zncao/affincraft-nn/graphormer/tasks/graph_prediction.py", line 32, in <module>
    from ..data.affincraft_dataset import (
  File "/data/run01/scw6f3q/zncao/affincraft-nn/graphormer/data/affincraft_dataset.py", line 106
    cef __init__(self, pkl_file_path, batch_size=16, total_objects=None, index_file_path=None):  
        ^
SyntaxError: invalid syntax
Traceback (most recent call last):
  File "/data/run01/scw6f3q/zncao/affincraft/bin/fairseq-train", line 8, in <module>
    sys.exit(cli_main())
  File "/data/run01/scw6f3q/zncao/affincraft/lib/python3.9/site-packages/fairseq_cli/train.py", line 541, in cli_main
    parser = options.get_training_parser()
  File "/data/run01/scw6f3q/zncao/affincraft/lib/python3.9/site-packages/fairseq/options.py", line 38, in get_training_parser
    parser = get_parser("Trainer", default_task)
  File "/data/run01/scw6f3q/zncao/affincraft/lib/python3.9/site-packages/fairseq/options.py", line 234, in get_parser
    utils.import_user_module(usr_args)
  File "/data/run01/scw6f3q/zncao/affincraft/lib/python3.9/site-packages/fairseq/utils.py", line 497, in import_user_module
    import_tasks(tasks_path, f"{module_name}.tasks")
  File "/data/run01/scw6f3q/zncao/affincraft/lib/python3.9/site-packages/fairseq/tasks/__init__.py", line 117, in import_tasks
    importlib.import_module(namespace + "." + task_name)
  File "/data/run01/scw6f3q/zncao/affincraft/lib/python3.9/importlib/__init__.py", line 127, in import_module
    return _bootstrap._gcd_import(name[level:], package, level)
  File "<frozen importlib._bootstrap>", line 1030, in _gcd_import
  File "<frozen importlib._bootstrap>", line 1007, in _find_and_load
  File "<frozen importlib._bootstrap>", line 986, in _find_and_load_unlocked
  File "<frozen importlib._bootstrap>", line 680, in _load_unlocked
  File "<frozen importlib._bootstrap_external>", line 850, in exec_module
  File "<frozen importlib._bootstrap>", line 228, in _call_with_frames_removed
  File "/data/run01/scw6f3q/zncao/affincraft-nn/graphormer/tasks/graph_prediction.py", line 32, in <module>
    from ..data.affincraft_dataset import (
  File "/data/run01/scw6f3q/zncao/affincraft-nn/graphormer/data/affincraft_dataset.py", line 106
    cef __init__(self, pkl_file_path, batch_size=16, total_objects=None, index_file_path=None):  
        ^
SyntaxError: invalid syntax
Traceback (most recent call last):
  File "/data/run01/scw6f3q/zncao/affincraft/bin/fairseq-train", line 8, in <module>
    sys.exit(cli_main())
  File "/data/run01/scw6f3q/zncao/affincraft/lib/python3.9/site-packages/fairseq_cli/train.py", line 541, in cli_main
    parser = options.get_training_parser()
  File "/data/run01/scw6f3q/zncao/affincraft/lib/python3.9/site-packages/fairseq/options.py", line 38, in get_training_parser
    parser = get_parser("Trainer", default_task)
  File "/data/run01/scw6f3q/zncao/affincraft/lib/python3.9/site-packages/fairseq/options.py", line 234, in get_parser
    utils.import_user_module(usr_args)
  File "/data/run01/scw6f3q/zncao/affincraft/lib/python3.9/site-packages/fairseq/utils.py", line 497, in import_user_module
    import_tasks(tasks_path, f"{module_name}.tasks")
  File "/data/run01/scw6f3q/zncao/affincraft/lib/python3.9/site-packages/fairseq/tasks/__init__.py", line 117, in import_tasks
    importlib.import_module(namespace + "." + task_name)
  File "/data/run01/scw6f3q/zncao/affincraft/lib/python3.9/importlib/__init__.py", line 127, in import_module
    return _bootstrap._gcd_import(name[level:], package, level)
  File "<frozen importlib._bootstrap>", line 1030, in _gcd_import
  File "<frozen importlib._bootstrap>", line 1007, in _find_and_load
  File "<frozen importlib._bootstrap>", line 986, in _find_and_load_unlocked
  File "<frozen importlib._bootstrap>", line 680, in _load_unlocked
  File "<frozen importlib._bootstrap_external>", line 850, in exec_module
  File "<frozen importlib._bootstrap>", line 228, in _call_with_frames_removed
  File "/data/run01/scw6f3q/zncao/affincraft-nn/graphormer/tasks/graph_prediction.py", line 32, in <module>
    from ..data.affincraft_dataset import (
  File "/data/run01/scw6f3q/zncao/affincraft-nn/graphormer/data/affincraft_dataset.py", line 106
    cef __init__(self, pkl_file_path, batch_size=16, total_objects=None, index_file_path=None):  
        ^
SyntaxError: invalid syntax
Traceback (most recent call last):
  File "/data/run01/scw6f3q/zncao/affincraft/bin/fairseq-train", line 8, in <module>
    sys.exit(cli_main())
  File "/data/run01/scw6f3q/zncao/affincraft/lib/python3.9/site-packages/fairseq_cli/train.py", line 541, in cli_main
    parser = options.get_training_parser()
  File "/data/run01/scw6f3q/zncao/affincraft/lib/python3.9/site-packages/fairseq/options.py", line 38, in get_training_parser
    parser = get_parser("Trainer", default_task)
  File "/data/run01/scw6f3q/zncao/affincraft/lib/python3.9/site-packages/fairseq/options.py", line 234, in get_parser
    utils.import_user_module(usr_args)
  File "/data/run01/scw6f3q/zncao/affincraft/lib/python3.9/site-packages/fairseq/utils.py", line 497, in import_user_module
    import_tasks(tasks_path, f"{module_name}.tasks")
  File "/data/run01/scw6f3q/zncao/affincraft/lib/python3.9/site-packages/fairseq/tasks/__init__.py", line 117, in import_tasks
    importlib.import_module(namespace + "." + task_name)
  File "/data/run01/scw6f3q/zncao/affincraft/lib/python3.9/importlib/__init__.py", line 127, in import_module
    return _bootstrap._gcd_import(name[level:], package, level)
  File "<frozen importlib._bootstrap>", line 1030, in _gcd_import
  File "<frozen importlib._bootstrap>", line 1007, in _find_and_load
  File "<frozen importlib._bootstrap>", line 986, in _find_and_load_unlocked
  File "<frozen importlib._bootstrap>", line 680, in _load_unlocked
  File "<frozen importlib._bootstrap_external>", line 850, in exec_module
  File "<frozen importlib._bootstrap>", line 228, in _call_with_frames_removed
  File "/data/run01/scw6f3q/zncao/affincraft-nn/graphormer/tasks/graph_prediction.py", line 32, in <module>
    from ..data.affincraft_dataset import (
  File "/data/run01/scw6f3q/zncao/affincraft-nn/graphormer/data/affincraft_dataset.py", line 106
    cef __init__(self, pkl_file_path, batch_size=16, total_objects=None, index_file_path=None):  
        ^
SyntaxError: invalid syntax
Traceback (most recent call last):
  File "/data/run01/scw6f3q/zncao/affincraft/bin/fairseq-train", line 8, in <module>
    sys.exit(cli_main())
  File "/data/run01/scw6f3q/zncao/affincraft/lib/python3.9/site-packages/fairseq_cli/train.py", line 541, in cli_main
    parser = options.get_training_parser()
  File "/data/run01/scw6f3q/zncao/affincraft/lib/python3.9/site-packages/fairseq/options.py", line 38, in get_training_parser
    parser = get_parser("Trainer", default_task)
  File "/data/run01/scw6f3q/zncao/affincraft/lib/python3.9/site-packages/fairseq/options.py", line 234, in get_parser
    utils.import_user_module(usr_args)
  File "/data/run01/scw6f3q/zncao/affincraft/lib/python3.9/site-packages/fairseq/utils.py", line 497, in import_user_module
    import_tasks(tasks_path, f"{module_name}.tasks")
  File "/data/run01/scw6f3q/zncao/affincraft/lib/python3.9/site-packages/fairseq/tasks/__init__.py", line 117, in import_tasks
    importlib.import_module(namespace + "." + task_name)
  File "/data/run01/scw6f3q/zncao/affincraft/lib/python3.9/importlib/__init__.py", line 127, in import_module
    return _bootstrap._gcd_import(name[level:], package, level)
  File "<frozen importlib._bootstrap>", line 1030, in _gcd_import
  File "<frozen importlib._bootstrap>", line 1007, in _find_and_load
  File "<frozen importlib._bootstrap>", line 986, in _find_and_load_unlocked
  File "<frozen importlib._bootstrap>", line 680, in _load_unlocked
  File "<frozen importlib._bootstrap_external>", line 850, in exec_module
  File "<frozen importlib._bootstrap>", line 228, in _call_with_frames_removed
  File "/data/run01/scw6f3q/zncao/affincraft-nn/graphormer/tasks/graph_prediction.py", line 32, in <module>
    from ..data.affincraft_dataset import (
  File "/data/run01/scw6f3q/zncao/affincraft-nn/graphormer/data/affincraft_dataset.py", line 106
    cef __init__(self, pkl_file_path, batch_size=16, total_objects=None, index_file_path=None):  
        ^
SyntaxError: invalid syntax
Traceback (most recent call last):
  File "/data/run01/scw6f3q/zncao/affincraft/bin/fairseq-train", line 8, in <module>
    sys.exit(cli_main())
  File "/data/run01/scw6f3q/zncao/affincraft/lib/python3.9/site-packages/fairseq_cli/train.py", line 541, in cli_main
    parser = options.get_training_parser()
  File "/data/run01/scw6f3q/zncao/affincraft/lib/python3.9/site-packages/fairseq/options.py", line 38, in get_training_parser
    parser = get_parser("Trainer", default_task)
  File "/data/run01/scw6f3q/zncao/affincraft/lib/python3.9/site-packages/fairseq/options.py", line 234, in get_parser
    utils.import_user_module(usr_args)
  File "/data/run01/scw6f3q/zncao/affincraft/lib/python3.9/site-packages/fairseq/utils.py", line 497, in import_user_module
    import_tasks(tasks_path, f"{module_name}.tasks")
  File "/data/run01/scw6f3q/zncao/affincraft/lib/python3.9/site-packages/fairseq/tasks/__init__.py", line 117, in import_tasks
    importlib.import_module(namespace + "." + task_name)
  File "/data/run01/scw6f3q/zncao/affincraft/lib/python3.9/importlib/__init__.py", line 127, in import_module
    return _bootstrap._gcd_import(name[level:], package, level)
  File "<frozen importlib._bootstrap>", line 1030, in _gcd_import
  File "<frozen importlib._bootstrap>", line 1007, in _find_and_load
  File "<frozen importlib._bootstrap>", line 986, in _find_and_load_unlocked
  File "<frozen importlib._bootstrap>", line 680, in _load_unlocked
  File "<frozen importlib._bootstrap_external>", line 850, in exec_module
  File "<frozen importlib._bootstrap>", line 228, in _call_with_frames_removed
  File "/data/run01/scw6f3q/zncao/affincraft-nn/graphormer/tasks/graph_prediction.py", line 32, in <module>
    from ..data.affincraft_dataset import (
  File "/data/run01/scw6f3q/zncao/affincraft-nn/graphormer/data/affincraft_dataset.py", line 106
    cef __init__(self, pkl_file_path, batch_size=16, total_objects=None, index_file_path=None):  
        ^
SyntaxError: invalid syntax
Traceback (most recent call last):
  File "/data/run01/scw6f3q/zncao/affincraft/bin/fairseq-train", line 8, in <module>
    sys.exit(cli_main())
  File "/data/run01/scw6f3q/zncao/affincraft/lib/python3.9/site-packages/fairseq_cli/train.py", line 541, in cli_main
    parser = options.get_training_parser()
  File "/data/run01/scw6f3q/zncao/affincraft/lib/python3.9/site-packages/fairseq/options.py", line 38, in get_training_parser
    parser = get_parser("Trainer", default_task)
  File "/data/run01/scw6f3q/zncao/affincraft/lib/python3.9/site-packages/fairseq/options.py", line 234, in get_parser
    utils.import_user_module(usr_args)
  File "/data/run01/scw6f3q/zncao/affincraft/lib/python3.9/site-packages/fairseq/utils.py", line 497, in import_user_module
    import_tasks(tasks_path, f"{module_name}.tasks")
  File "/data/run01/scw6f3q/zncao/affincraft/lib/python3.9/site-packages/fairseq/tasks/__init__.py", line 117, in import_tasks
    importlib.import_module(namespace + "." + task_name)
  File "/data/run01/scw6f3q/zncao/affincraft/lib/python3.9/importlib/__init__.py", line 127, in import_module
    return _bootstrap._gcd_import(name[level:], package, level)
  File "<frozen importlib._bootstrap>", line 1030, in _gcd_import
  File "<frozen importlib._bootstrap>", line 1007, in _find_and_load
  File "<frozen importlib._bootstrap>", line 986, in _find_and_load_unlocked
  File "<frozen importlib._bootstrap>", line 680, in _load_unlocked
  File "<frozen importlib._bootstrap_external>", line 850, in exec_module
  File "<frozen importlib._bootstrap>", line 228, in _call_with_frames_removed
  File "/data/run01/scw6f3q/zncao/affincraft-nn/graphormer/tasks/graph_prediction.py", line 32, in <module>
    from ..data.affincraft_dataset import (
  File "/data/run01/scw6f3q/zncao/affincraft-nn/graphormer/data/affincraft_dataset.py", line 106
    cef __init__(self, pkl_file_path, batch_size=16, total_objects=None, index_file_path=None):  
        ^
SyntaxError: invalid syntax
Traceback (most recent call last):
  File "/data/run01/scw6f3q/zncao/affincraft/bin/fairseq-train", line 8, in <module>
    sys.exit(cli_main())
  File "/data/run01/scw6f3q/zncao/affincraft/lib/python3.9/site-packages/fairseq_cli/train.py", line 541, in cli_main
    parser = options.get_training_parser()
  File "/data/run01/scw6f3q/zncao/affincraft/lib/python3.9/site-packages/fairseq/options.py", line 38, in get_training_parser
    parser = get_parser("Trainer", default_task)
  File "/data/run01/scw6f3q/zncao/affincraft/lib/python3.9/site-packages/fairseq/options.py", line 234, in get_parser
    utils.import_user_module(usr_args)
  File "/data/run01/scw6f3q/zncao/affincraft/lib/python3.9/site-packages/fairseq/utils.py", line 497, in import_user_module
    import_tasks(tasks_path, f"{module_name}.tasks")
  File "/data/run01/scw6f3q/zncao/affincraft/lib/python3.9/site-packages/fairseq/tasks/__init__.py", line 117, in import_tasks
    importlib.import_module(namespace + "." + task_name)
  File "/data/run01/scw6f3q/zncao/affincraft/lib/python3.9/importlib/__init__.py", line 127, in import_module
    return _bootstrap._gcd_import(name[level:], package, level)
  File "<frozen importlib._bootstrap>", line 1030, in _gcd_import
  File "<frozen importlib._bootstrap>", line 1007, in _find_and_load
  File "<frozen importlib._bootstrap>", line 986, in _find_and_load_unlocked
  File "<frozen importlib._bootstrap>", line 680, in _load_unlocked
  File "<frozen importlib._bootstrap_external>", line 850, in exec_module
  File "<frozen importlib._bootstrap>", line 228, in _call_with_frames_removed
  File "/data/run01/scw6f3q/zncao/affincraft-nn/graphormer/tasks/graph_prediction.py", line 32, in <module>
    from ..data.affincraft_dataset import (
  File "/data/run01/scw6f3q/zncao/affincraft-nn/graphormer/data/affincraft_dataset.py", line 106
    cef __init__(self, pkl_file_path, batch_size=16, total_objects=None, index_file_path=None):  
        ^
SyntaxError: invalid syntax
W1016 16:15:56.029466 6179 torch/distributed/elastic/multiprocessing/api.py:897] Sending process 6185 closing signal SIGTERM
E1016 16:15:56.143711 6179 torch/distributed/elastic/multiprocessing/api.py:869] failed (exitcode: 1) local_rank: 0 (pid: 6184) of binary: /data/run01/scw6f3q/zncao/affincraft/bin/python
Traceback (most recent call last):
  File "/data/run01/scw6f3q/zncao/affincraft/bin/torchrun", line 8, in <module>
    sys.exit(main())
  File "/data/run01/scw6f3q/zncao/affincraft/lib/python3.9/site-packages/torch/distributed/elastic/multiprocessing/errors/__init__.py", line 355, in wrapper
    return f(*args, **kwargs)
  File "/data/run01/scw6f3q/zncao/affincraft/lib/python3.9/site-packages/torch/distributed/run.py", line 918, in main
    run(args)
  File "/data/run01/scw6f3q/zncao/affincraft/lib/python3.9/site-packages/torch/distributed/run.py", line 909, in run
    elastic_launch(
  File "/data/run01/scw6f3q/zncao/affincraft/lib/python3.9/site-packages/torch/distributed/launcher/api.py", line 138, in __call__
    return launch_agent(self._config, self._entrypoint, list(args))
  File "/data/run01/scw6f3q/zncao/affincraft/lib/python3.9/site-packages/torch/distributed/launcher/api.py", line 269, in launch_agent
    raise ChildFailedError(
torch.distributed.elastic.multiprocessing.errors.ChildFailedError: 
============================================================
/data/run01/scw6f3q/zncao/affincraft/bin/fairseq-train FAILED
------------------------------------------------------------
Failures:
[1]:
  time      : 2025-10-16_16:15:56
  host      : g0109.para.ai
  rank      : 2 (local_rank: 2)
  exitcode  : 1 (pid: 6186)
  error_file: <N/A>
  traceback : To enable traceback see: https://pytorch.org/docs/stable/elastic/errors.html
[2]:
  time      : 2025-10-16_16:15:56
  host      : g0109.para.ai
  rank      : 3 (local_rank: 3)
  exitcode  : 1 (pid: 6187)
  error_file: <N/A>
  traceback : To enable traceback see: https://pytorch.org/docs/stable/elastic/errors.html
[3]:
  time      : 2025-10-16_16:15:56
  host      : g0109.para.ai
  rank      : 4 (local_rank: 4)
  exitcode  : 1 (pid: 6188)
  error_file: <N/A>
  traceback : To enable traceback see: https://pytorch.org/docs/stable/elastic/errors.html
[4]:
  time      : 2025-10-16_16:15:56
  host      : g0109.para.ai
  rank      : 5 (local_rank: 5)
  exitcode  : 1 (pid: 6189)
  error_file: <N/A>
  traceback : To enable traceback see: https://pytorch.org/docs/stable/elastic/errors.html
[5]:
  time      : 2025-10-16_16:15:56
  host      : g0109.para.ai
  rank      : 6 (local_rank: 6)
  exitcode  : 1 (pid: 6190)
  error_file: <N/A>
  traceback : To enable traceback see: https://pytorch.org/docs/stable/elastic/errors.html
[6]:
  time      : 2025-10-16_16:15:56
  host      : g0109.para.ai
  rank      : 7 (local_rank: 7)
  exitcode  : 1 (pid: 6191)
  error_file: <N/A>
  traceback : To enable traceback see: https://pytorch.org/docs/stable/elastic/errors.html
------------------------------------------------------------
Root Cause (first observed failure):
[0]:
  time      : 2025-10-16_16:15:56
  host      : g0109.para.ai
  rank      : 0 (local_rank: 0)
  exitcode  : 1 (pid: 6184)
  error_file: <N/A>
  traceback : To enable traceback see: https://pytorch.org/docs/stable/elastic/errors.html
============================================================
