[INFO] Job starting at Sat Oct 18 23:44:37 CST 2025
==========================================
 🎯 AffinCraft GPU 任务启动
 节点:        g0065
 作业ID:      4442420
 GPUs:        0
 启动时间:    Sat Oct 18 23:44:37 CST 2025
==========================================
[INFO] Python path: /data/run01/scw6f3q/zncao/affincraft/bin/python
[INFO] Torch version: 2.6.0+cu126
[INFO] CUDA available: True
===================================================================
          AffinCraft - 单GPU预训练 (LMDB格式)          
===================================================================
硬件配置:           1 GPU
DataLoader workers: 6
训练数据:           /data/run01/scw6f3q/zncao/lmdb_affincraft/train.lmdb
验证数据:           /data/run01/scw6f3q/zncao/lmdb_affincraft/valid.lmdb
检查点保存目录:     ./affincraft_pretrain_ckpts_lmdb_single_gpu
梯度累积步数:       1
全局有效批次大小:   16
===================================================================
2025-10-18 23:44:48 | INFO | fairseq.tasks.text_to_speech | Please install tensorboardX: pip install tensorboardX
2025-10-18 23:44:52 | INFO | fairseq_cli.train | {'_name': None, 'common': {'_name': None, 'no_progress_bar': False, 'log_interval': 50, 'log_format': None, 'log_file': None, 'aim_repo': None, 'aim_run_hash': None, 'tensorboard_logdir': None, 'wandb_project': None, 'azureml_logging': False, 'seed': 42, 'cpu': False, 'tpu': False, 'bf16': False, 'memory_efficient_bf16': False, 'fp16': True, 'memory_efficient_fp16': False, 'fp16_no_flatten_grads': False, 'fp16_init_scale': 1, 'fp16_scale_window': 128, 'fp16_scale_tolerance': 0.0, 'on_cpu_convert_precision': False, 'min_loss_scale': 0.0001, 'threshold_loss_scale': None, 'amp': False, 'amp_batch_retries': 2, 'amp_init_scale': 128, 'amp_scale_window': None, 'user_dir': '/data/run01/scw6f3q/zncao/affincraft-nn/graphormer', 'empty_cache_freq': 0, 'all_gather_list_size': 16384, 'model_parallel_size': 1, 'quantization_config_path': None, 'profile': False, 'reset_logging': False, 'suppress_crashes': False, 'use_plasma_view': False, 'plasma_path': '/tmp/plasma'}, 'common_eval': {'_name': None, 'path': None, 'post_process': None, 'quiet': False, 'model_overrides': '{}', 'results_path': None}, 'distributed_training': {'_name': None, 'distributed_world_size': 1, 'distributed_num_procs': 1, 'distributed_rank': 0, 'distributed_backend': 'nccl', 'distributed_init_method': None, 'distributed_port': -1, 'device_id': 0, 'distributed_no_spawn': False, 'ddp_backend': 'pytorch_ddp', 'ddp_comm_hook': 'none', 'bucket_cap_mb': 25, 'fix_batches_to_gpus': False, 'find_unused_parameters': False, 'gradient_as_bucket_view': False, 'fast_stat_sync': False, 'heartbeat_timeout': -1, 'broadcast_buffers': False, 'slowmo_momentum': None, 'slowmo_base_algorithm': 'localsgd', 'localsgd_frequency': 3, 'nprocs_per_node': 1, 'pipeline_model_parallel': False, 'pipeline_balance': None, 'pipeline_devices': None, 'pipeline_chunks': 0, 'pipeline_encoder_balance': None, 'pipeline_encoder_devices': None, 'pipeline_decoder_balance': None, 'pipeline_decoder_devices': None, 'pipeline_checkpoint': 'never', 'zero_sharding': 'none', 'fp16': True, 'memory_efficient_fp16': False, 'tpu': False, 'no_reshard_after_forward': False, 'fp32_reduce_scatter': False, 'cpu_offload': False, 'use_sharded_state': False, 'not_fsdp_flatten_parameters': False}, 'dataset': {'_name': None, 'num_workers': 6, 'skip_invalid_size_inputs_valid_test': False, 'max_tokens': None, 'batch_size': 16, 'required_batch_size_multiple': 8, 'required_seq_len_multiple': 1, 'dataset_impl': None, 'data_buffer_size': 100, 'train_subset': 'train', 'valid_subset': 'valid', 'combine_valid_subsets': None, 'ignore_unused_valid_subsets': False, 'validate_interval': 1, 'validate_interval_updates': 0, 'validate_after_updates': 0, 'fixed_validation_seed': None, 'disable_validation': False, 'max_tokens_valid': None, 'batch_size_valid': 16, 'max_valid_steps': None, 'curriculum': 0, 'gen_subset': 'test', 'num_shards': 1, 'shard_id': 0, 'grouped_shuffling': False, 'update_epoch_batch_itr': False, 'update_ordered_indices_seed': False}, 'optimization': {'_name': None, 'max_epoch': 150, 'max_update': 1875000, 'stop_time_hours': 0.0, 'clip_norm': 5.0, 'sentence_avg': False, 'update_freq': [1], 'lr': [0.0001], 'stop_min_lr': -1.0, 'use_bmuf': False, 'skip_remainder_batch': False}, 'checkpoint': {'_name': None, 'save_dir': './affincraft_pretrain_ckpts_lmdb_single_gpu', 'restore_file': 'checkpoint_last.pt', 'continue_once': None, 'finetune_from_model': None, 'reset_dataloader': False, 'reset_lr_scheduler': False, 'reset_meters': False, 'reset_optimizer': False, 'optimizer_overrides': '{}', 'save_interval': 1, 'save_interval_updates': 0, 'keep_interval_updates': -1, 'keep_interval_updates_pattern': -1, 'keep_last_epochs': 20, 'keep_best_checkpoints': -1, 'no_save': False, 'no_epoch_checkpoints': False, 'no_last_checkpoints': False, 'no_save_optimizer_state': False, 'best_checkpoint_metric': 'loss', 'maximize_best_checkpoint_metric': False, 'patience': -1, 'checkpoint_suffix': '', 'checkpoint_shard_count': 1, 'load_checkpoint_on_all_dp_ranks': False, 'write_checkpoints_asynchronously': False, 'model_parallel_size': 1}, 'bmuf': {'_name': None, 'block_lr': 1.0, 'block_momentum': 0.875, 'global_sync_iter': 50, 'warmup_iterations': 500, 'use_nbm': False, 'average_sync': False, 'distributed_world_size': 1}, 'generation': {'_name': None, 'beam': 5, 'nbest': 1, 'max_len_a': 0.0, 'max_len_b': 200, 'min_len': 1, 'match_source_len': False, 'unnormalized': False, 'no_early_stop': False, 'no_beamable_mm': False, 'lenpen': 1.0, 'unkpen': 0.0, 'replace_unk': None, 'sacrebleu': False, 'score_reference': False, 'prefix_size': 0, 'no_repeat_ngram_size': 0, 'sampling': False, 'sampling_topk': -1, 'sampling_topp': -1.0, 'constraints': None, 'temperature': 1.0, 'diverse_beam_groups': -1, 'diverse_beam_strength': 0.5, 'diversity_rate': -1.0, 'print_alignment': None, 'print_step': False, 'lm_path': None, 'lm_weight': 0.0, 'iter_decode_eos_penalty': 0.0, 'iter_decode_max_iter': 10, 'iter_decode_force_max_iter': False, 'iter_decode_with_beam': 1, 'iter_decode_with_external_reranker': False, 'retain_iter_history': False, 'retain_dropout': False, 'retain_dropout_modules': None, 'decoding_format': None, 'no_seed_provided': False, 'eos_token': None}, 'eval_lm': {'_name': None, 'output_word_probs': False, 'output_word_stats': False, 'context_window': 0, 'softmax_batch': 9223372036854775807}, 'interactive': {'_name': None, 'buffer_size': 0, 'input': '-'}, 'model': Namespace(no_progress_bar=False, log_interval=50, log_format=None, log_file=None, aim_repo=None, aim_run_hash=None, tensorboard_logdir=None, wandb_project=None, azureml_logging=False, seed=42, cpu=False, tpu=False, bf16=False, memory_efficient_bf16=False, fp16=True, memory_efficient_fp16=False, fp16_no_flatten_grads=False, fp16_init_scale=1, fp16_scale_window=128, fp16_scale_tolerance=0.0, on_cpu_convert_precision=False, min_loss_scale=0.0001, threshold_loss_scale=None, amp=False, amp_batch_retries=2, amp_init_scale=128, amp_scale_window=None, user_dir='/data/run01/scw6f3q/zncao/affincraft-nn/graphormer', empty_cache_freq=0, all_gather_list_size=16384, model_parallel_size=1, quantization_config_path=None, profile=False, reset_logging=False, suppress_crashes=False, use_plasma_view=False, plasma_path='/tmp/plasma', criterion='l2_loss_rmsd', tokenizer=None, bpe=None, optimizer='adam', lr_scheduler='polynomial_decay', scoring='bleu', task='graph_prediction', num_workers=6, skip_invalid_size_inputs_valid_test=False, max_tokens=None, batch_size=16, required_batch_size_multiple=8, required_seq_len_multiple=1, dataset_impl=None, data_buffer_size=100, train_subset='train', valid_subset='valid', combine_valid_subsets=None, ignore_unused_valid_subsets=False, validate_interval=1, validate_interval_updates=0, validate_after_updates=0, fixed_validation_seed=None, disable_validation=False, max_tokens_valid=None, batch_size_valid=16, max_valid_steps=None, curriculum=0, gen_subset='test', num_shards=1, shard_id=0, grouped_shuffling=False, update_epoch_batch_itr=False, update_ordered_indices_seed=False, distributed_world_size=1, distributed_num_procs=1, distributed_rank=0, distributed_backend='nccl', distributed_init_method=None, distributed_port=-1, device_id=0, distributed_no_spawn=False, ddp_backend='pytorch_ddp', ddp_comm_hook='none', bucket_cap_mb=25, fix_batches_to_gpus=False, find_unused_parameters=False, gradient_as_bucket_view=False, fast_stat_sync=False, heartbeat_timeout=-1, broadcast_buffers=False, slowmo_momentum=None, slowmo_base_algorithm='localsgd', localsgd_frequency=3, nprocs_per_node=1, pipeline_model_parallel=False, pipeline_balance=None, pipeline_devices=None, pipeline_chunks=0, pipeline_encoder_balance=None, pipeline_encoder_devices=None, pipeline_decoder_balance=None, pipeline_decoder_devices=None, pipeline_checkpoint='never', zero_sharding='none', no_reshard_after_forward=False, fp32_reduce_scatter=False, cpu_offload=False, use_sharded_state=False, not_fsdp_flatten_parameters=False, arch='graphormer_large', max_epoch=150, max_update=1875000, stop_time_hours=0, clip_norm=5.0, sentence_avg=False, update_freq=[1], lr=[0.0001], stop_min_lr=-1.0, use_bmuf=False, skip_remainder_batch=False, save_dir='./affincraft_pretrain_ckpts_lmdb_single_gpu', restore_file='checkpoint_last.pt', continue_once=None, finetune_from_model=None, reset_dataloader=False, reset_lr_scheduler=False, reset_meters=False, reset_optimizer=False, optimizer_overrides='{}', save_interval=1, save_interval_updates=0, keep_interval_updates=-1, keep_interval_updates_pattern=-1, keep_last_epochs=20, keep_best_checkpoints=-1, no_save=False, no_epoch_checkpoints=False, no_last_checkpoints=False, no_save_optimizer_state=False, best_checkpoint_metric='loss', maximize_best_checkpoint_metric=False, patience=-1, checkpoint_suffix='', checkpoint_shard_count=1, load_checkpoint_on_all_dp_ranks=False, write_checkpoints_asynchronously=False, store_ema=False, ema_decay=0.9999, ema_start_update=0, ema_seed_model=None, ema_update_freq=1, ema_fp32=False, layerdrop=0.0, embed_scale=-1.0, sandwich_ln=False, dist_head='none', num_dist_head_kernel=128, num_edge_types=8192, sample_weight_estimator=False, sample_weight_estimator_pat='pdbbind', fingerprint=False, dataset_name='pcqm4m', num_classes=1, max_nodes=512, dataset_source='affincraft', num_atoms=4608, num_edges=1536, num_in_degree=512, num_out_degree=512, num_spatial=512, num_edge_dis=128, multi_hop_max_dist=5, spatial_pos_max=1024, edge_type='multi_hop', pretrained_model_name='none', load_pretrained_model_output_layer=False, train_epoch_shuffle=True, user_data_dir='', data_path='', train_pkl_pattern='/data/run01/scw6f3q/zncao/lmdb_affincraft/train.lmdb', valid_pkl_pattern='/data/run01/scw6f3q/zncao/lmdb_affincraft/valid.lmdb', test_pkl_pattern='', merged_pkl_file='', train_pkl_objects=10000, valid_pkl_objects=1000, test_pkl_objects=0, train_pkl_index='', valid_pkl_index='', test_pkl_index='', adam_betas='(0.9, 0.999)', adam_eps=1e-08, weight_decay=0.01, use_old_adam=False, fp16_adam_stats=False, warmup_updates=75000, force_anneal=None, end_learning_rate=1e-09, power=1.0, total_num_update='1875000', pad=1, eos=2, unk=3, encoder_layers=24, encoder_embed_dim=1024, encoder_ffn_embed_dim=1024, encoder_attention_heads=16, attention_dropout=0.1, act_dropout=0.1, dropout=0.1, no_seed_provided=False, activation_fn='gelu', encoder_normalize_before=True, apply_graphormer_init=False, share_encoder_input_output_embed=False, no_token_positional_embeddings=False, _name='graphormer_large'), 'task': {'_name': 'graph_prediction', 'dataset_name': 'pcqm4m', 'num_classes': 1, 'max_nodes': 512, 'dataset_source': 'affincraft', 'num_atoms': 4608, 'num_edges': 1536, 'num_in_degree': 512, 'num_out_degree': 512, 'num_spatial': 512, 'num_edge_dis': 128, 'multi_hop_max_dist': 5, 'spatial_pos_max': 1024, 'edge_type': 'multi_hop', 'seed': 42, 'pretrained_model_name': 'none', 'load_pretrained_model_output_layer': False, 'train_epoch_shuffle': True, 'user_data_dir': '', 'data_path': '', 'train_pkl_pattern': '/data/run01/scw6f3q/zncao/lmdb_affincraft/train.lmdb', 'valid_pkl_pattern': '/data/run01/scw6f3q/zncao/lmdb_affincraft/valid.lmdb', 'test_pkl_pattern': '', 'merged_pkl_file': '', 'train_pkl_objects': 10000, 'valid_pkl_objects': 1000, 'test_pkl_objects': 0, 'train_pkl_index': '', 'valid_pkl_index': '', 'test_pkl_index': ''}, 'criterion': {'_name': 'l2_loss_rmsd'}, 'optimizer': {'_name': 'adam', 'adam_betas': '(0.9, 0.999)', 'adam_eps': 1e-08, 'weight_decay': 0.01, 'use_old_adam': False, 'fp16_adam_stats': False, 'tpu': False, 'lr': [0.0001]}, 'lr_scheduler': {'_name': 'polynomial_decay', 'warmup_updates': 75000, 'force_anneal': None, 'end_learning_rate': 1e-09, 'power': 1.0, 'total_num_update': 1875000.0, 'lr': [0.0001]}, 'scoring': {'_name': 'bleu', 'pad': 1, 'eos': 2, 'unk': 3}, 'bpe': None, 'tokenizer': None, 'ema': {'_name': None, 'store_ema': False, 'ema_decay': 0.9999, 'ema_start_update': 0, 'ema_seed_model': None, 'ema_update_freq': 1, 'ema_fp32': False}}
LMDB数据集加载完成: /data/run01/scw6f3q/zncao/lmdb_affincraft/train.lmdb
样本总数: 1,450,000
2025-10-18 23:44:52 | INFO | graphormer.tasks.graph_prediction | 训练数据集(LMDB)加载完成，1450000 个样本
LMDB数据集加载完成: /data/run01/scw6f3q/zncao/lmdb_affincraft/valid.lmdb
样本总数: 160,000
2025-10-18 23:44:52 | INFO | graphormer.tasks.graph_prediction | 验证数据集(LMDB)加载完成，160000 个样本
2025-10-18 23:44:52 | INFO | graphormer.models.graphormer | Namespace(no_progress_bar=False, log_interval=50, log_format=None, log_file=None, aim_repo=None, aim_run_hash=None, tensorboard_logdir=None, wandb_project=None, azureml_logging=False, seed=42, cpu=False, tpu=False, bf16=False, memory_efficient_bf16=False, fp16=True, memory_efficient_fp16=False, fp16_no_flatten_grads=False, fp16_init_scale=1, fp16_scale_window=128, fp16_scale_tolerance=0.0, on_cpu_convert_precision=False, min_loss_scale=0.0001, threshold_loss_scale=None, amp=False, amp_batch_retries=2, amp_init_scale=128, amp_scale_window=None, user_dir='/data/run01/scw6f3q/zncao/affincraft-nn/graphormer', empty_cache_freq=0, all_gather_list_size=16384, model_parallel_size=1, quantization_config_path=None, profile=False, reset_logging=False, suppress_crashes=False, use_plasma_view=False, plasma_path='/tmp/plasma', criterion='l2_loss_rmsd', tokenizer=None, bpe=None, optimizer='adam', lr_scheduler='polynomial_decay', scoring='bleu', task='graph_prediction', num_workers=6, skip_invalid_size_inputs_valid_test=False, max_tokens=None, batch_size=16, required_batch_size_multiple=8, required_seq_len_multiple=1, dataset_impl=None, data_buffer_size=100, train_subset='train', valid_subset='valid', combine_valid_subsets=None, ignore_unused_valid_subsets=False, validate_interval=1, validate_interval_updates=0, validate_after_updates=0, fixed_validation_seed=None, disable_validation=False, max_tokens_valid=None, batch_size_valid=16, max_valid_steps=None, curriculum=0, gen_subset='test', num_shards=1, shard_id=0, grouped_shuffling=False, update_epoch_batch_itr=False, update_ordered_indices_seed=False, distributed_world_size=1, distributed_num_procs=1, distributed_rank=0, distributed_backend='nccl', distributed_init_method=None, distributed_port=-1, device_id=0, distributed_no_spawn=False, ddp_backend='pytorch_ddp', ddp_comm_hook='none', bucket_cap_mb=25, fix_batches_to_gpus=False, find_unused_parameters=False, gradient_as_bucket_view=False, fast_stat_sync=False, heartbeat_timeout=-1, broadcast_buffers=False, slowmo_momentum=None, slowmo_base_algorithm='localsgd', localsgd_frequency=3, nprocs_per_node=1, pipeline_model_parallel=False, pipeline_balance=None, pipeline_devices=None, pipeline_chunks=0, pipeline_encoder_balance=None, pipeline_encoder_devices=None, pipeline_decoder_balance=None, pipeline_decoder_devices=None, pipeline_checkpoint='never', zero_sharding='none', no_reshard_after_forward=False, fp32_reduce_scatter=False, cpu_offload=False, use_sharded_state=False, not_fsdp_flatten_parameters=False, arch='graphormer_large', max_epoch=150, max_update=1875000, stop_time_hours=0, clip_norm=5.0, sentence_avg=False, update_freq=[1], lr=[0.0001], stop_min_lr=-1.0, use_bmuf=False, skip_remainder_batch=False, save_dir='./affincraft_pretrain_ckpts_lmdb_single_gpu', restore_file='checkpoint_last.pt', continue_once=None, finetune_from_model=None, reset_dataloader=False, reset_lr_scheduler=False, reset_meters=False, reset_optimizer=False, optimizer_overrides='{}', save_interval=1, save_interval_updates=0, keep_interval_updates=-1, keep_interval_updates_pattern=-1, keep_last_epochs=20, keep_best_checkpoints=-1, no_save=False, no_epoch_checkpoints=False, no_last_checkpoints=False, no_save_optimizer_state=False, best_checkpoint_metric='loss', maximize_best_checkpoint_metric=False, patience=-1, checkpoint_suffix='', checkpoint_shard_count=1, load_checkpoint_on_all_dp_ranks=False, write_checkpoints_asynchronously=False, store_ema=False, ema_decay=0.9999, ema_start_update=0, ema_seed_model=None, ema_update_freq=1, ema_fp32=False, layerdrop=0.0, embed_scale=-1.0, sandwich_ln=False, dist_head='none', num_dist_head_kernel=128, num_edge_types=8192, sample_weight_estimator=False, sample_weight_estimator_pat='pdbbind', fingerprint=False, dataset_name='pcqm4m', num_classes=1, max_nodes=512, dataset_source='affincraft', num_atoms=4608, num_edges=1536, num_in_degree=512, num_out_degree=512, num_spatial=512, num_edge_dis=128, multi_hop_max_dist=5, spatial_pos_max=1024, edge_type='multi_hop', pretrained_model_name='none', load_pretrained_model_output_layer=False, train_epoch_shuffle=True, user_data_dir='', data_path='', train_pkl_pattern='/data/run01/scw6f3q/zncao/lmdb_affincraft/train.lmdb', valid_pkl_pattern='/data/run01/scw6f3q/zncao/lmdb_affincraft/valid.lmdb', test_pkl_pattern='', merged_pkl_file='', train_pkl_objects=10000, valid_pkl_objects=1000, test_pkl_objects=0, train_pkl_index='', valid_pkl_index='', test_pkl_index='', adam_betas='(0.9, 0.999)', adam_eps=1e-08, weight_decay=0.01, use_old_adam=False, fp16_adam_stats=False, warmup_updates=75000, force_anneal=None, end_learning_rate=1e-09, power=1.0, total_num_update='1875000', pad=1, eos=2, unk=3, encoder_layers=24, encoder_embed_dim=1024, encoder_ffn_embed_dim=1024, encoder_attention_heads=16, attention_dropout=0.1, act_dropout=0.1, dropout=0.1, no_seed_provided=False, activation_fn='gelu', encoder_normalize_before=True, apply_graphormer_init=False, share_encoder_input_output_embed=False, no_token_positional_embeddings=False, _name='graphormer_large')
2025-10-18 23:44:53 | INFO | fairseq_cli.train | GraphormerModel(
  (encoder): GraphormerEncoder(
    (graph_encoder): AffinCraftGraphEncoder(
      (dropout_module): FairseqDropout()
      (graph_node_feature): AffinCraftNodeFeature(
        (node_encoder): Linear(in_features=9, out_features=1024, bias=True)
        (graph_token): Embedding(1, 1024)
        (local_masif_encoder): Sequential(
          (0): Linear(in_features=80, out_features=512, bias=True)
          (1): GELU(approximate='none')
          (2): Linear(in_features=512, out_features=512, bias=True)
        )
        (global_masif_encoder): Sequential(
          (0): Linear(in_features=512, out_features=1024, bias=True)
          (1): GELU(approximate='none')
          (2): Linear(in_features=1024, out_features=1024, bias=True)
        )
        (attention_weights): Linear(in_features=512, out_features=1, bias=True)
        (gbscore_encoder): Sequential(
          (0): Linear(in_features=400, out_features=1024, bias=True)
          (1): GELU(approximate='none')
          (2): Linear(in_features=1024, out_features=1024, bias=True)
        )
        (feature_fusion): Linear(in_features=3072, out_features=1024, bias=True)
      )
      (graph_attn_bias): AffinCraftAttnBias(
        (structural_edge_encoder): Embedding(20, 16, padding_idx=0)
        (plip_intra_protein_encoder): Embedding(15, 16, padding_idx=0)
        (plip_intra_ligand_encoder): Embedding(15, 16, padding_idx=0)
        (plip_inter_molecular_encoder): Embedding(15, 16, padding_idx=0)
        (distance_encoder): Sequential(
          (0): Linear(in_features=1, out_features=16, bias=True)
          (1): ReLU()
          (2): Linear(in_features=16, out_features=16, bias=True)
        )
        (edge_location_encoder): Embedding(4, 16)
        (graph_token_virtual_distance): Embedding(1, 16)
        (angle_encoder): Sequential(
          (0): Linear(in_features=28, out_features=16, bias=True)
          (1): ReLU()
          (2): Linear(in_features=16, out_features=16, bias=True)
        )
        (multi_dist_encoder): Sequential(
          (0): Linear(in_features=28, out_features=16, bias=True)
          (1): ReLU()
          (2): Linear(in_features=16, out_features=16, bias=True)
        )
      )
      (emb_layer_norm): LayerNorm((1024,), eps=1e-05, elementwise_affine=True)
      (layers): ModuleList(
        (0-23): 24 x GraphormerGraphEncoderLayer(
          (dropout_module): FairseqDropout()
          (activation_dropout_module): FairseqDropout()
          (self_attn): MultiheadAttention(
            (dropout_module): FairseqDropout()
            (k_proj): Linear(in_features=1024, out_features=1024, bias=True)
            (v_proj): Linear(in_features=1024, out_features=1024, bias=True)
            (q_proj): Linear(in_features=1024, out_features=1024, bias=True)
            (out_proj): Linear(in_features=1024, out_features=1024, bias=True)
          )
          (self_attn_layer_norm): LayerNorm((1024,), eps=1e-05, elementwise_affine=True)
          (fc1): Linear(in_features=1024, out_features=1024, bias=True)
          (fc2): Linear(in_features=1024, out_features=1024, bias=True)
          (final_layer_norm): LayerNorm((1024,), eps=1e-05, elementwise_affine=True)
        )
      )
    )
    (masked_lm_pooler): Linear(in_features=1024, out_features=1024, bias=True)
    (lm_head_transform_weight): Linear(in_features=1024, out_features=1024, bias=True)
    (layer_norm): LayerNorm((1024,), eps=1e-05, elementwise_affine=True)
    (embed_out): Linear(in_features=1024, out_features=1, bias=False)
  )
)
2025-10-18 23:44:53 | INFO | fairseq_cli.train | task: GraphPredictionTask
2025-10-18 23:44:53 | INFO | fairseq_cli.train | model: GraphormerModel
2025-10-18 23:44:53 | INFO | fairseq_cli.train | criterion: GraphPredictionL2LossWithRMSD
2025-10-18 23:44:53 | INFO | fairseq_cli.train | num. shared model params: 159,845,714 (num. trained: 159,845,714)
2025-10-18 23:44:53 | INFO | fairseq_cli.train | num. expert model params: 0 (num. trained: 0)
2025-10-18 23:44:53 | INFO | graphormer.tasks.graph_prediction | Loaded valid with #samples: 160000
2025-10-18 23:44:54 | INFO | fairseq.utils | ***********************CUDA enviroments for all 1 workers***********************
2025-10-18 23:44:54 | INFO | fairseq.utils | rank   0: capabilities =  8.9  ; total memory = 23.643 GB ; name = NVIDIA GeForce RTX 4090                 
2025-10-18 23:44:54 | INFO | fairseq.utils | ***********************CUDA enviroments for all 1 workers***********************
2025-10-18 23:44:54 | INFO | fairseq_cli.train | training on 1 devices (GPUs/TPUs)
2025-10-18 23:44:54 | INFO | fairseq_cli.train | max tokens per device = None and max sentences per device = 16
2025-10-18 23:44:54 | INFO | fairseq.trainer | Preparing to load checkpoint ./affincraft_pretrain_ckpts_lmdb_single_gpu/checkpoint_last.pt
2025-10-18 23:44:54 | INFO | fairseq.trainer | No existing checkpoint found ./affincraft_pretrain_ckpts_lmdb_single_gpu/checkpoint_last.pt
2025-10-18 23:44:54 | INFO | fairseq.trainer | loading train data for epoch 1
2025-10-18 23:44:54 | INFO | graphormer.tasks.graph_prediction | Loaded train with #samples: 1450000
2025-10-18 23:44:55 | INFO | fairseq.data.iterators | grouped total_num_itrs = 90625
2025-10-18 23:44:55 | INFO | fairseq.trainer | begin training epoch 1
2025-10-18 23:44:55 | INFO | fairseq_cli.train | Start iterating over samples
2025-10-19 05:24:43 | INFO | train_inner | epoch 001:     50 / 90625 loss=0.749023, wps=0.6, ups=0, wpb=239.3, bsz=16, num_updates=50, lr=6.66667e-08, gnorm=232.83, clip=100, loss_scale=1, train_wall=20384, gb_free=15.9, wall=20389
