[INFO] Job starting at Sun Oct 19 19:55:00 CST 2025
==========================================
 🎯 AffinCraft GPU 任务启动 (LMDB格式)
 节点:        g0109
 作业ID:      4444107
 GPUs:        0,1,2,3,4,5,6,7
 启动时间:    Sun Oct 19 19:55:00 CST 2025
==========================================
[INFO] Python path: /data/run01/scw6f3q/zncao/affincraft/bin/python
[INFO] Torch version: 2.6.0+cu126
[INFO] CUDA available: True
===================================================================
          AffinCraft - 多GPU分布式预训练 (LMDB格式)          
===================================================================
硬件配置:           8 GPUs × 1 node(s)
DataLoader workers: 6 per GPU
训练数据:           /data/run01/scw6f3q/zncao/lmdb_affincraft/train.lmdb
验证数据:           /data/run01/scw6f3q/zncao/lmdb_affincraft/valid.lmdb
检查点保存目录:     ./affincraft_pretrain_ckpts_lmdb_multi_gpu
梯度累积步数:       1
全局有效批次大小:   128
===================================================================
2025-10-19 19:57:53 | INFO | fairseq.tasks.text_to_speech | Please install tensorboardX: pip install tensorboardX
2025-10-19 19:57:53 | INFO | fairseq.tasks.text_to_speech | Please install tensorboardX: pip install tensorboardX
2025-10-19 19:57:53 | INFO | fairseq.tasks.text_to_speech | Please install tensorboardX: pip install tensorboardX
2025-10-19 19:57:53 | INFO | fairseq.tasks.text_to_speech | Please install tensorboardX: pip install tensorboardX
2025-10-19 19:57:53 | INFO | fairseq.tasks.text_to_speech | Please install tensorboardX: pip install tensorboardX
2025-10-19 19:57:53 | INFO | fairseq.tasks.text_to_speech | Please install tensorboardX: pip install tensorboardX
2025-10-19 19:57:53 | INFO | fairseq.tasks.text_to_speech | Please install tensorboardX: pip install tensorboardX
2025-10-19 19:57:53 | INFO | fairseq.tasks.text_to_speech | Please install tensorboardX: pip install tensorboardX
2025-10-19 19:58:47 | INFO | fairseq.distributed.utils | distributed init (rank 0): env://
2025-10-19 19:58:47 | INFO | fairseq.distributed.utils | initialized host g0109 as rank 0
2025-10-19 19:58:48 | INFO | fairseq.distributed.utils | distributed init (rank 2): env://
2025-10-19 19:58:48 | INFO | fairseq.distributed.utils | distributed init (rank 5): env://
2025-10-19 19:58:48 | INFO | fairseq.distributed.utils | distributed init (rank 3): env://
2025-10-19 19:58:48 | INFO | fairseq.distributed.utils | distributed init (rank 4): env://
2025-10-19 19:58:48 | INFO | fairseq.distributed.utils | distributed init (rank 6): env://
2025-10-19 19:58:48 | INFO | fairseq.distributed.utils | distributed init (rank 7): env://
2025-10-19 19:58:48 | INFO | fairseq.distributed.utils | distributed init (rank 1): env://
2025-10-19 19:58:48 | INFO | fairseq.distributed.utils | initialized host g0109 as rank 2
2025-10-19 19:58:48 | INFO | fairseq.distributed.utils | initialized host g0109 as rank 5
2025-10-19 19:58:48 | INFO | fairseq.distributed.utils | initialized host g0109 as rank 4
2025-10-19 19:58:48 | INFO | fairseq.distributed.utils | initialized host g0109 as rank 7
2025-10-19 19:58:48 | INFO | fairseq.distributed.utils | initialized host g0109 as rank 6
2025-10-19 19:58:48 | INFO | fairseq.distributed.utils | initialized host g0109 as rank 3
2025-10-19 19:58:48 | INFO | fairseq.distributed.utils | initialized host g0109 as rank 1
g0109:43066:43066 [0] NCCL INFO NCCL_SOCKET_IFNAME set by environment to lo,eth0,bond0
g0109:43066:43066 [0] NCCL INFO Bootstrap : Using lo:127.0.0.1<0>
g0109:43066:43066 [0] NCCL INFO NET/Plugin: No plugin found (libnccl-net.so)
g0109:43066:43066 [0] NCCL INFO NET/Plugin: Plugin load returned 2 : libnccl-net.so: cannot open shared object file: No such file or directory : when loading libnccl-net.so
g0109:43066:43066 [0] NCCL INFO NET/Plugin: Using internal network plugin.
g0109:43066:43066 [0] NCCL INFO cudaDriverVersion 12040
NCCL version 2.21.5+cuda12.4
g0109:43066:43066 [0] NCCL INFO Comm config Blocking set to 1
g0109:43072:43072 [6] NCCL INFO cudaDriverVersion 12040
g0109:43072:43072 [6] NCCL INFO NCCL_SOCKET_IFNAME set by environment to lo,eth0,bond0
g0109:43072:43072 [6] NCCL INFO Bootstrap : Using lo:127.0.0.1<0>
g0109:43072:43072 [6] NCCL INFO NET/Plugin: No plugin found (libnccl-net.so)
g0109:43072:43072 [6] NCCL INFO NET/Plugin: Plugin load returned 2 : libnccl-net.so: cannot open shared object file: No such file or directory : when loading libnccl-net.so
g0109:43072:43072 [6] NCCL INFO NET/Plugin: Using internal network plugin.
g0109:43070:43070 [4] NCCL INFO cudaDriverVersion 12040
g0109:43070:43070 [4] NCCL INFO NCCL_SOCKET_IFNAME set by environment to lo,eth0,bond0
g0109:43070:43070 [4] NCCL INFO Bootstrap : Using lo:127.0.0.1<0>
g0109:43072:43072 [6] NCCL INFO Comm config Blocking set to 1
g0109:43069:43069 [3] NCCL INFO cudaDriverVersion 12040
g0109:43068:43068 [2] NCCL INFO cudaDriverVersion 12040
g0109:43071:43071 [5] NCCL INFO cudaDriverVersion 12040
g0109:43070:43070 [4] NCCL INFO NET/Plugin: No plugin found (libnccl-net.so)
g0109:43069:43069 [3] NCCL INFO NCCL_SOCKET_IFNAME set by environment to lo,eth0,bond0
g0109:43070:43070 [4] NCCL INFO NET/Plugin: Plugin load returned 2 : libnccl-net.so: cannot open shared object file: No such file or directory : when loading libnccl-net.so
g0109:43070:43070 [4] NCCL INFO NET/Plugin: Using internal network plugin.
g0109:43069:43069 [3] NCCL INFO Bootstrap : Using lo:127.0.0.1<0>
g0109:43068:43068 [2] NCCL INFO NCCL_SOCKET_IFNAME set by environment to lo,eth0,bond0
g0109:43071:43071 [5] NCCL INFO NCCL_SOCKET_IFNAME set by environment to lo,eth0,bond0
g0109:43067:43067 [1] NCCL INFO cudaDriverVersion 12040
g0109:43073:43073 [7] NCCL INFO cudaDriverVersion 12040
g0109:43068:43068 [2] NCCL INFO Bootstrap : Using lo:127.0.0.1<0>
g0109:43071:43071 [5] NCCL INFO Bootstrap : Using lo:127.0.0.1<0>
g0109:43067:43067 [1] NCCL INFO NCCL_SOCKET_IFNAME set by environment to lo,eth0,bond0
g0109:43073:43073 [7] NCCL INFO NCCL_SOCKET_IFNAME set by environment to lo,eth0,bond0
g0109:43070:43070 [4] NCCL INFO Comm config Blocking set to 1
g0109:43067:43067 [1] NCCL INFO Bootstrap : Using lo:127.0.0.1<0>
g0109:43073:43073 [7] NCCL INFO Bootstrap : Using lo:127.0.0.1<0>
g0109:43069:43069 [3] NCCL INFO NET/Plugin: No plugin found (libnccl-net.so)
g0109:43069:43069 [3] NCCL INFO NET/Plugin: Plugin load returned 2 : libnccl-net.so: cannot open shared object file: No such file or directory : when loading libnccl-net.so
g0109:43069:43069 [3] NCCL INFO NET/Plugin: Using internal network plugin.
g0109:43071:43071 [5] NCCL INFO NET/Plugin: No plugin found (libnccl-net.so)
g0109:43071:43071 [5] NCCL INFO NET/Plugin: Plugin load returned 2 : libnccl-net.so: cannot open shared object file: No such file or directory : when loading libnccl-net.so
g0109:43071:43071 [5] NCCL INFO NET/Plugin: Using internal network plugin.
g0109:43068:43068 [2] NCCL INFO NET/Plugin: No plugin found (libnccl-net.so)
g0109:43068:43068 [2] NCCL INFO NET/Plugin: Plugin load returned 2 : libnccl-net.so: cannot open shared object file: No such file or directory : when loading libnccl-net.so
g0109:43068:43068 [2] NCCL INFO NET/Plugin: Using internal network plugin.
g0109:43073:43073 [7] NCCL INFO NET/Plugin: No plugin found (libnccl-net.so)
g0109:43073:43073 [7] NCCL INFO NET/Plugin: Plugin load returned 2 : libnccl-net.so: cannot open shared object file: No such file or directory : when loading libnccl-net.so
g0109:43073:43073 [7] NCCL INFO NET/Plugin: Using internal network plugin.
g0109:43069:43069 [3] NCCL INFO Comm config Blocking set to 1
g0109:43071:43071 [5] NCCL INFO Comm config Blocking set to 1
g0109:43068:43068 [2] NCCL INFO Comm config Blocking set to 1
g0109:43073:43073 [7] NCCL INFO Comm config Blocking set to 1
g0109:43067:43067 [1] NCCL INFO NET/Plugin: No plugin found (libnccl-net.so)
g0109:43067:43067 [1] NCCL INFO NET/Plugin: Plugin load returned 2 : libnccl-net.so: cannot open shared object file: No such file or directory : when loading libnccl-net.so
g0109:43067:43067 [1] NCCL INFO NET/Plugin: Using internal network plugin.
g0109:43067:43067 [1] NCCL INFO Comm config Blocking set to 1
g0109:43071:43557 [5] NCCL INFO Failed to open libibverbs.so[.1]
g0109:43068:43558 [2] NCCL INFO Failed to open libibverbs.so[.1]
g0109:43072:43554 [6] NCCL INFO Failed to open libibverbs.so[.1]
g0109:43071:43557 [5] NCCL INFO NCCL_SOCKET_IFNAME set by environment to lo,eth0,bond0
g0109:43068:43558 [2] NCCL INFO NCCL_SOCKET_IFNAME set by environment to lo,eth0,bond0
g0109:43072:43554 [6] NCCL INFO NCCL_SOCKET_IFNAME set by environment to lo,eth0,bond0
g0109:43073:43559 [7] NCCL INFO Failed to open libibverbs.so[.1]
g0109:43073:43559 [7] NCCL INFO NCCL_SOCKET_IFNAME set by environment to lo,eth0,bond0
g0109:43068:43558 [2] NCCL INFO NET/Socket : Using [0]lo:127.0.0.1<0> [1]bond0:10.254.131.43<0>
g0109:43071:43557 [5] NCCL INFO NET/Socket : Using [0]lo:127.0.0.1<0> [1]bond0:10.254.131.43<0>
g0109:43073:43559 [7] NCCL INFO NET/Socket : Using [0]lo:127.0.0.1<0> [1]bond0:10.254.131.43<0>
g0109:43071:43557 [5] NCCL INFO Using non-device net plugin version 0
g0109:43068:43558 [2] NCCL INFO Using non-device net plugin version 0
g0109:43071:43557 [5] NCCL INFO Using network Socket
g0109:43073:43559 [7] NCCL INFO Using non-device net plugin version 0
g0109:43068:43558 [2] NCCL INFO Using network Socket
g0109:43073:43559 [7] NCCL INFO Using network Socket
g0109:43072:43554 [6] NCCL INFO NET/Socket : Using [0]lo:127.0.0.1<0> [1]bond0:10.254.131.43<0>
g0109:43072:43554 [6] NCCL INFO Using non-device net plugin version 0
g0109:43072:43554 [6] NCCL INFO Using network Socket
g0109:43067:43560 [1] NCCL INFO Failed to open libibverbs.so[.1]
g0109:43067:43560 [1] NCCL INFO NCCL_SOCKET_IFNAME set by environment to lo,eth0,bond0
g0109:43067:43560 [1] NCCL INFO NET/Socket : Using [0]lo:127.0.0.1<0> [1]bond0:10.254.131.43<0>
g0109:43067:43560 [1] NCCL INFO Using non-device net plugin version 0
g0109:43067:43560 [1] NCCL INFO Using network Socket
g0109:43070:43555 [4] NCCL INFO Failed to open libibverbs.so[.1]
g0109:43070:43555 [4] NCCL INFO NCCL_SOCKET_IFNAME set by environment to lo,eth0,bond0
g0109:43070:43555 [4] NCCL INFO NET/Socket : Using [0]lo:127.0.0.1<0> [1]bond0:10.254.131.43<0>
g0109:43070:43555 [4] NCCL INFO Using non-device net plugin version 0
g0109:43070:43555 [4] NCCL INFO Using network Socket
g0109:43066:43553 [0] NCCL INFO Failed to open libibverbs.so[.1]
g0109:43066:43553 [0] NCCL INFO NCCL_SOCKET_IFNAME set by environment to lo,eth0,bond0
g0109:43066:43553 [0] NCCL INFO NET/Socket : Using [0]lo:127.0.0.1<0> [1]bond0:10.254.131.43<0>
g0109:43066:43553 [0] NCCL INFO Using non-device net plugin version 0
g0109:43066:43553 [0] NCCL INFO Using network Socket
g0109:43069:43556 [3] NCCL INFO Failed to open libibverbs.so[.1]
g0109:43069:43556 [3] NCCL INFO NCCL_SOCKET_IFNAME set by environment to lo,eth0,bond0
g0109:43069:43556 [3] NCCL INFO NET/Socket : Using [0]lo:127.0.0.1<0> [1]bond0:10.254.131.43<0>
g0109:43069:43556 [3] NCCL INFO Using non-device net plugin version 0
g0109:43069:43556 [3] NCCL INFO Using network Socket
g0109:43066:43553 [0] NCCL INFO ncclCommInitRank comm 0x56308a9922c0 rank 0 nranks 8 cudaDev 0 nvmlDev 0 busId 1000 commId 0x4eaeb306814bdc53 - Init START
g0109:43070:43555 [4] NCCL INFO ncclCommInitRank comm 0x55cefe3eff10 rank 4 nranks 8 cudaDev 4 nvmlDev 4 busId 81000 commId 0x4eaeb306814bdc53 - Init START
g0109:43067:43560 [1] NCCL INFO ncclCommInitRank comm 0x55f729145e10 rank 1 nranks 8 cudaDev 1 nvmlDev 1 busId 23000 commId 0x4eaeb306814bdc53 - Init START
g0109:43069:43556 [3] NCCL INFO ncclCommInitRank comm 0x55c23c33e300 rank 3 nranks 8 cudaDev 3 nvmlDev 3 busId 61000 commId 0x4eaeb306814bdc53 - Init START
g0109:43071:43557 [5] NCCL INFO ncclCommInitRank comm 0x55b138691200 rank 5 nranks 8 cudaDev 5 nvmlDev 5 busId a1000 commId 0x4eaeb306814bdc53 - Init START
g0109:43073:43559 [7] NCCL INFO ncclCommInitRank comm 0x56025e6608b0 rank 7 nranks 8 cudaDev 7 nvmlDev 7 busId e1000 commId 0x4eaeb306814bdc53 - Init START
g0109:43068:43558 [2] NCCL INFO ncclCommInitRank comm 0x5566c4385290 rank 2 nranks 8 cudaDev 2 nvmlDev 2 busId 41000 commId 0x4eaeb306814bdc53 - Init START
g0109:43072:43554 [6] NCCL INFO ncclCommInitRank comm 0x55e343069df0 rank 6 nranks 8 cudaDev 6 nvmlDev 6 busId c1000 commId 0x4eaeb306814bdc53 - Init START
g0109:43070:43555 [4] NCCL INFO Setting affinity for GPU 4 to fc00,00000000
g0109:43070:43555 [4] NCCL INFO NVLS multicast support is not available on dev 4
g0109:43066:43553 [0] NCCL INFO Setting affinity for GPU 0 to fc0000
g0109:43066:43553 [0] NCCL INFO NVLS multicast support is not available on dev 0
g0109:43072:43554 [6] NCCL INFO Setting affinity for GPU 6 to 0f,c0000000
g0109:43072:43554 [6] NCCL INFO NVLS multicast support is not available on dev 6
g0109:43069:43556 [3] NCCL INFO Setting affinity for GPU 3 to 3f
g0109:43069:43556 [3] NCCL INFO NVLS multicast support is not available on dev 3
g0109:43067:43560 [1] NCCL INFO Setting affinity for GPU 1 to 03f000
g0109:43071:43557 [5] NCCL INFO Setting affinity for GPU 5 to 03f0,00000000
g0109:43067:43560 [1] NCCL INFO NVLS multicast support is not available on dev 1
g0109:43071:43557 [5] NCCL INFO NVLS multicast support is not available on dev 5
g0109:43068:43558 [2] NCCL INFO Setting affinity for GPU 2 to 0fc0
g0109:43073:43559 [7] NCCL INFO Setting affinity for GPU 7 to 3f000000
g0109:43068:43558 [2] NCCL INFO NVLS multicast support is not available on dev 2
g0109:43073:43559 [7] NCCL INFO NVLS multicast support is not available on dev 7
g0109:43070:43555 [4] NCCL INFO comm 0x55cefe3eff10 rank 4 nRanks 8 nNodes 1 localRanks 8 localRank 4 MNNVL 0
g0109:43068:43558 [2] NCCL INFO comm 0x5566c4385290 rank 2 nRanks 8 nNodes 1 localRanks 8 localRank 2 MNNVL 0
g0109:43069:43556 [3] NCCL INFO comm 0x55c23c33e300 rank 3 nRanks 8 nNodes 1 localRanks 8 localRank 3 MNNVL 0
g0109:43067:43560 [1] NCCL INFO comm 0x55f729145e10 rank 1 nRanks 8 nNodes 1 localRanks 8 localRank 1 MNNVL 0
g0109:43073:43559 [7] NCCL INFO comm 0x56025e6608b0 rank 7 nRanks 8 nNodes 1 localRanks 8 localRank 7 MNNVL 0
g0109:43066:43553 [0] NCCL INFO comm 0x56308a9922c0 rank 0 nRanks 8 nNodes 1 localRanks 8 localRank 0 MNNVL 0
g0109:43072:43554 [6] NCCL INFO comm 0x55e343069df0 rank 6 nRanks 8 nNodes 1 localRanks 8 localRank 6 MNNVL 0
g0109:43071:43557 [5] NCCL INFO comm 0x55b138691200 rank 5 nRanks 8 nNodes 1 localRanks 8 localRank 5 MNNVL 0
g0109:43070:43555 [4] NCCL INFO Trees [0] 5/-1/-1->4->3 [1] 5/-1/-1->4->3
g0109:43068:43558 [2] NCCL INFO Trees [0] 3/-1/-1->2->1 [1] 3/-1/-1->2->1
g0109:43069:43556 [3] NCCL INFO Trees [0] 4/-1/-1->3->2 [1] 4/-1/-1->3->2
g0109:43067:43560 [1] NCCL INFO Trees [0] 2/-1/-1->1->0 [1] 2/-1/-1->1->0
g0109:43073:43559 [7] NCCL INFO Trees [0] -1/-1/-1->7->6 [1] -1/-1/-1->7->6
g0109:43066:43553 [0] NCCL INFO Channel 00/02 :    0   1   2   3   4   5   6   7
g0109:43070:43555 [4] NCCL INFO P2P Chunksize set to 131072
g0109:43072:43554 [6] NCCL INFO Trees [0] 7/-1/-1->6->5 [1] 7/-1/-1->6->5
g0109:43071:43557 [5] NCCL INFO Trees [0] 6/-1/-1->5->4 [1] 6/-1/-1->5->4
g0109:43068:43558 [2] NCCL INFO P2P Chunksize set to 131072
g0109:43069:43556 [3] NCCL INFO P2P Chunksize set to 131072
g0109:43067:43560 [1] NCCL INFO P2P Chunksize set to 131072
g0109:43073:43559 [7] NCCL INFO P2P Chunksize set to 131072
g0109:43066:43553 [0] NCCL INFO Channel 01/02 :    0   1   2   3   4   5   6   7
g0109:43072:43554 [6] NCCL INFO P2P Chunksize set to 131072
g0109:43071:43557 [5] NCCL INFO P2P Chunksize set to 131072
g0109:43066:43553 [0] NCCL INFO Trees [0] 1/-1/-1->0->-1 [1] 1/-1/-1->0->-1
g0109:43066:43553 [0] NCCL INFO P2P Chunksize set to 131072
g0109:43070:43555 [4] NCCL INFO Channel 00 : 4[4] -> 5[5] via SHM/direct/direct
g0109:43066:43553 [0] NCCL INFO Channel 00 : 0[0] -> 1[1] via SHM/direct/direct
g0109:43073:43559 [7] NCCL INFO Channel 00 : 7[7] -> 0[0] via SHM/direct/direct
g0109:43072:43554 [6] NCCL INFO Channel 00 : 6[6] -> 7[7] via SHM/direct/direct
g0109:43068:43558 [2] NCCL INFO Channel 00 : 2[2] -> 3[3] via SHM/direct/direct
g0109:43069:43556 [3] NCCL INFO Channel 00 : 3[3] -> 4[4] via SHM/direct/direct
g0109:43067:43560 [1] NCCL INFO Channel 00 : 1[1] -> 2[2] via SHM/direct/direct
g0109:43071:43557 [5] NCCL INFO Channel 00 : 5[5] -> 6[6] via SHM/direct/direct
g0109:43070:43555 [4] NCCL INFO Channel 01 : 4[4] -> 5[5] via SHM/direct/direct
g0109:43066:43553 [0] NCCL INFO Channel 01 : 0[0] -> 1[1] via SHM/direct/direct
g0109:43073:43559 [7] NCCL INFO Channel 01 : 7[7] -> 0[0] via SHM/direct/direct
g0109:43072:43554 [6] NCCL INFO Channel 01 : 6[6] -> 7[7] via SHM/direct/direct
g0109:43068:43558 [2] NCCL INFO Channel 01 : 2[2] -> 3[3] via SHM/direct/direct
g0109:43069:43556 [3] NCCL INFO Channel 01 : 3[3] -> 4[4] via SHM/direct/direct
g0109:43067:43560 [1] NCCL INFO Channel 01 : 1[1] -> 2[2] via SHM/direct/direct
g0109:43071:43557 [5] NCCL INFO Channel 01 : 5[5] -> 6[6] via SHM/direct/direct
g0109:43072:43554 [6] NCCL INFO Connected all rings
g0109:43068:43558 [2] NCCL INFO Connected all rings
g0109:43067:43560 [1] NCCL INFO Connected all rings
g0109:43071:43557 [5] NCCL INFO Connected all rings
g0109:43073:43559 [7] NCCL INFO Connected all rings
g0109:43069:43556 [3] NCCL INFO Connected all rings
g0109:43070:43555 [4] NCCL INFO Connected all rings
g0109:43066:43553 [0] NCCL INFO Connected all rings
g0109:43073:43559 [7] NCCL INFO Channel 00 : 7[7] -> 6[6] via SHM/direct/direct
g0109:43073:43559 [7] NCCL INFO Channel 01 : 7[7] -> 6[6] via SHM/direct/direct
g0109:43072:43554 [6] NCCL INFO Channel 00 : 6[6] -> 5[5] via SHM/direct/direct
g0109:43068:43558 [2] NCCL INFO Channel 00 : 2[2] -> 1[1] via SHM/direct/direct
g0109:43069:43556 [3] NCCL INFO Channel 00 : 3[3] -> 2[2] via SHM/direct/direct
g0109:43070:43555 [4] NCCL INFO Channel 00 : 4[4] -> 3[3] via SHM/direct/direct
g0109:43071:43557 [5] NCCL INFO Channel 00 : 5[5] -> 4[4] via SHM/direct/direct
g0109:43067:43560 [1] NCCL INFO Channel 00 : 1[1] -> 0[0] via SHM/direct/direct
g0109:43072:43554 [6] NCCL INFO Channel 01 : 6[6] -> 5[5] via SHM/direct/direct
g0109:43068:43558 [2] NCCL INFO Channel 01 : 2[2] -> 1[1] via SHM/direct/direct
g0109:43069:43556 [3] NCCL INFO Channel 01 : 3[3] -> 2[2] via SHM/direct/direct
g0109:43070:43555 [4] NCCL INFO Channel 01 : 4[4] -> 3[3] via SHM/direct/direct
g0109:43071:43557 [5] NCCL INFO Channel 01 : 5[5] -> 4[4] via SHM/direct/direct
g0109:43067:43560 [1] NCCL INFO Channel 01 : 1[1] -> 0[0] via SHM/direct/direct
g0109:43067:43560 [1] NCCL INFO Connected all trees
g0109:43066:43553 [0] NCCL INFO Connected all trees
g0109:43067:43560 [1] NCCL INFO threadThresholds 8/8/64 | 64/8/64 | 512 | 512
g0109:43067:43560 [1] NCCL INFO 2 coll channels, 2 collnet channels, 0 nvls channels, 2 p2p channels, 2 p2p channels per peer
g0109:43066:43553 [0] NCCL INFO threadThresholds 8/8/64 | 64/8/64 | 512 | 512
g0109:43066:43553 [0] NCCL INFO 2 coll channels, 2 collnet channels, 0 nvls channels, 2 p2p channels, 2 p2p channels per peer
g0109:43068:43558 [2] NCCL INFO Connected all trees
g0109:43068:43558 [2] NCCL INFO threadThresholds 8/8/64 | 64/8/64 | 512 | 512
g0109:43068:43558 [2] NCCL INFO 2 coll channels, 2 collnet channels, 0 nvls channels, 2 p2p channels, 2 p2p channels per peer
g0109:43069:43556 [3] NCCL INFO Connected all trees
g0109:43069:43556 [3] NCCL INFO threadThresholds 8/8/64 | 64/8/64 | 512 | 512
g0109:43069:43556 [3] NCCL INFO 2 coll channels, 2 collnet channels, 0 nvls channels, 2 p2p channels, 2 p2p channels per peer
g0109:43070:43555 [4] NCCL INFO Connected all trees
g0109:43070:43555 [4] NCCL INFO threadThresholds 8/8/64 | 64/8/64 | 512 | 512
g0109:43070:43555 [4] NCCL INFO 2 coll channels, 2 collnet channels, 0 nvls channels, 2 p2p channels, 2 p2p channels per peer
g0109:43071:43557 [5] NCCL INFO Connected all trees
g0109:43071:43557 [5] NCCL INFO threadThresholds 8/8/64 | 64/8/64 | 512 | 512
g0109:43073:43559 [7] NCCL INFO Connected all trees
g0109:43071:43557 [5] NCCL INFO 2 coll channels, 2 collnet channels, 0 nvls channels, 2 p2p channels, 2 p2p channels per peer
g0109:43072:43554 [6] NCCL INFO Connected all trees
g0109:43073:43559 [7] NCCL INFO threadThresholds 8/8/64 | 64/8/64 | 512 | 512
g0109:43073:43559 [7] NCCL INFO 2 coll channels, 2 collnet channels, 0 nvls channels, 2 p2p channels, 2 p2p channels per peer
g0109:43072:43554 [6] NCCL INFO threadThresholds 8/8/64 | 64/8/64 | 512 | 512
g0109:43072:43554 [6] NCCL INFO 2 coll channels, 2 collnet channels, 0 nvls channels, 2 p2p channels, 2 p2p channels per peer
g0109:43072:43554 [6] NCCL INFO TUNER/Plugin: Plugin load returned 11 : libnccl-net.so: cannot open shared object file: No such file or directory : when loading libnccl-tuner.so
g0109:43072:43554 [6] NCCL INFO TUNER/Plugin: Using internal tuner plugin.
g0109:43072:43554 [6] NCCL INFO ncclCommInitRank comm 0x55e343069df0 rank 6 nranks 8 cudaDev 6 nvmlDev 6 busId c1000 commId 0x4eaeb306814bdc53 - Init COMPLETE
g0109:43068:43558 [2] NCCL INFO TUNER/Plugin: Plugin load returned 11 : libnccl-net.so: cannot open shared object file: No such file or directory : when loading libnccl-tuner.so
g0109:43068:43558 [2] NCCL INFO TUNER/Plugin: Using internal tuner plugin.
g0109:43068:43558 [2] NCCL INFO ncclCommInitRank comm 0x5566c4385290 rank 2 nranks 8 cudaDev 2 nvmlDev 2 busId 41000 commId 0x4eaeb306814bdc53 - Init COMPLETE
g0109:43069:43556 [3] NCCL INFO TUNER/Plugin: Plugin load returned 11 : libnccl-net.so: cannot open shared object file: No such file or directory : when loading libnccl-tuner.so
g0109:43073:43559 [7] NCCL INFO TUNER/Plugin: Plugin load returned 11 : libnccl-net.so: cannot open shared object file: No such file or directory : when loading libnccl-tuner.so
g0109:43071:43557 [5] NCCL INFO TUNER/Plugin: Plugin load returned 11 : libnccl-net.so: cannot open shared object file: No such file or directory : when loading libnccl-tuner.so
g0109:43066:43553 [0] NCCL INFO TUNER/Plugin: Plugin load returned 11 : libnccl-net.so: cannot open shared object file: No such file or directory : when loading libnccl-tuner.so
g0109:43070:43555 [4] NCCL INFO TUNER/Plugin: Plugin load returned 11 : libnccl-net.so: cannot open shared object file: No such file or directory : when loading libnccl-tuner.so
g0109:43069:43556 [3] NCCL INFO TUNER/Plugin: Using internal tuner plugin.
g0109:43073:43559 [7] NCCL INFO TUNER/Plugin: Using internal tuner plugin.
g0109:43071:43557 [5] NCCL INFO TUNER/Plugin: Using internal tuner plugin.
g0109:43066:43553 [0] NCCL INFO TUNER/Plugin: Using internal tuner plugin.
g0109:43067:43560 [1] NCCL INFO TUNER/Plugin: Plugin load returned 11 : libnccl-net.so: cannot open shared object file: No such file or directory : when loading libnccl-tuner.so
g0109:43070:43555 [4] NCCL INFO TUNER/Plugin: Using internal tuner plugin.
g0109:43069:43556 [3] NCCL INFO ncclCommInitRank comm 0x55c23c33e300 rank 3 nranks 8 cudaDev 3 nvmlDev 3 busId 61000 commId 0x4eaeb306814bdc53 - Init COMPLETE
g0109:43073:43559 [7] NCCL INFO ncclCommInitRank comm 0x56025e6608b0 rank 7 nranks 8 cudaDev 7 nvmlDev 7 busId e1000 commId 0x4eaeb306814bdc53 - Init COMPLETE
g0109:43071:43557 [5] NCCL INFO ncclCommInitRank comm 0x55b138691200 rank 5 nranks 8 cudaDev 5 nvmlDev 5 busId a1000 commId 0x4eaeb306814bdc53 - Init COMPLETE
g0109:43066:43553 [0] NCCL INFO ncclCommInitRank comm 0x56308a9922c0 rank 0 nranks 8 cudaDev 0 nvmlDev 0 busId 1000 commId 0x4eaeb306814bdc53 - Init COMPLETE
g0109:43067:43560 [1] NCCL INFO TUNER/Plugin: Using internal tuner plugin.
g0109:43070:43555 [4] NCCL INFO ncclCommInitRank comm 0x55cefe3eff10 rank 4 nranks 8 cudaDev 4 nvmlDev 4 busId 81000 commId 0x4eaeb306814bdc53 - Init COMPLETE
g0109:43067:43560 [1] NCCL INFO ncclCommInitRank comm 0x55f729145e10 rank 1 nranks 8 cudaDev 1 nvmlDev 1 busId 23000 commId 0x4eaeb306814bdc53 - Init COMPLETE
2025-10-19 19:58:48 | INFO | fairseq_cli.train | {'_name': None, 'common': {'_name': None, 'no_progress_bar': False, 'log_interval': 50, 'log_format': None, 'log_file': None, 'aim_repo': None, 'aim_run_hash': None, 'tensorboard_logdir': None, 'wandb_project': None, 'azureml_logging': False, 'seed': 42, 'cpu': False, 'tpu': False, 'bf16': False, 'memory_efficient_bf16': False, 'fp16': True, 'memory_efficient_fp16': False, 'fp16_no_flatten_grads': False, 'fp16_init_scale': 1, 'fp16_scale_window': 128, 'fp16_scale_tolerance': 0.0, 'on_cpu_convert_precision': False, 'min_loss_scale': 0.0001, 'threshold_loss_scale': None, 'amp': False, 'amp_batch_retries': 2, 'amp_init_scale': 128, 'amp_scale_window': None, 'user_dir': '/data/run01/scw6f3q/zncao/affincraft-nn/graphormer', 'empty_cache_freq': 0, 'all_gather_list_size': 16384, 'model_parallel_size': 1, 'quantization_config_path': None, 'profile': False, 'reset_logging': False, 'suppress_crashes': False, 'use_plasma_view': False, 'plasma_path': '/tmp/plasma'}, 'common_eval': {'_name': None, 'path': None, 'post_process': None, 'quiet': False, 'model_overrides': '{}', 'results_path': None}, 'distributed_training': {'_name': None, 'distributed_world_size': 8, 'distributed_num_procs': 8, 'distributed_rank': 0, 'distributed_backend': 'nccl', 'distributed_init_method': 'env://', 'distributed_port': -1, 'device_id': 0, 'distributed_no_spawn': True, 'ddp_backend': 'legacy_ddp', 'ddp_comm_hook': 'none', 'bucket_cap_mb': 25, 'fix_batches_to_gpus': False, 'find_unused_parameters': False, 'gradient_as_bucket_view': False, 'fast_stat_sync': False, 'heartbeat_timeout': -1, 'broadcast_buffers': False, 'slowmo_momentum': None, 'slowmo_base_algorithm': 'localsgd', 'localsgd_frequency': 3, 'nprocs_per_node': 8, 'pipeline_model_parallel': False, 'pipeline_balance': None, 'pipeline_devices': None, 'pipeline_chunks': 0, 'pipeline_encoder_balance': None, 'pipeline_encoder_devices': None, 'pipeline_decoder_balance': None, 'pipeline_decoder_devices': None, 'pipeline_checkpoint': 'never', 'zero_sharding': 'none', 'fp16': True, 'memory_efficient_fp16': False, 'tpu': False, 'no_reshard_after_forward': False, 'fp32_reduce_scatter': False, 'cpu_offload': False, 'use_sharded_state': False, 'not_fsdp_flatten_parameters': False}, 'dataset': {'_name': None, 'num_workers': 6, 'skip_invalid_size_inputs_valid_test': False, 'max_tokens': None, 'batch_size': 16, 'required_batch_size_multiple': 8, 'required_seq_len_multiple': 1, 'dataset_impl': None, 'data_buffer_size': 100, 'train_subset': 'train', 'valid_subset': 'valid', 'combine_valid_subsets': None, 'ignore_unused_valid_subsets': False, 'validate_interval': 1, 'validate_interval_updates': 0, 'validate_after_updates': 0, 'fixed_validation_seed': None, 'disable_validation': False, 'max_tokens_valid': None, 'batch_size_valid': 16, 'max_valid_steps': None, 'curriculum': 0, 'gen_subset': 'test', 'num_shards': 1, 'shard_id': 0, 'grouped_shuffling': False, 'update_epoch_batch_itr': False, 'update_ordered_indices_seed': False}, 'optimization': {'_name': None, 'max_epoch': 150, 'max_update': 1875000, 'stop_time_hours': 0.0, 'clip_norm': 5.0, 'sentence_avg': False, 'update_freq': [1], 'lr': [0.0001], 'stop_min_lr': -1.0, 'use_bmuf': False, 'skip_remainder_batch': False}, 'checkpoint': {'_name': None, 'save_dir': './affincraft_pretrain_ckpts_lmdb_multi_gpu', 'restore_file': 'checkpoint_last.pt', 'continue_once': None, 'finetune_from_model': None, 'reset_dataloader': False, 'reset_lr_scheduler': False, 'reset_meters': False, 'reset_optimizer': False, 'optimizer_overrides': '{}', 'save_interval': 1, 'save_interval_updates': 0, 'keep_interval_updates': -1, 'keep_interval_updates_pattern': -1, 'keep_last_epochs': 20, 'keep_best_checkpoints': -1, 'no_save': False, 'no_epoch_checkpoints': False, 'no_last_checkpoints': False, 'no_save_optimizer_state': False, 'best_checkpoint_metric': 'loss', 'maximize_best_checkpoint_metric': False, 'patience': -1, 'checkpoint_suffix': '', 'checkpoint_shard_count': 1, 'load_checkpoint_on_all_dp_ranks': False, 'write_checkpoints_asynchronously': False, 'model_parallel_size': 1}, 'bmuf': {'_name': None, 'block_lr': 1.0, 'block_momentum': 0.875, 'global_sync_iter': 50, 'warmup_iterations': 500, 'use_nbm': False, 'average_sync': False, 'distributed_world_size': 8}, 'generation': {'_name': None, 'beam': 5, 'nbest': 1, 'max_len_a': 0.0, 'max_len_b': 200, 'min_len': 1, 'match_source_len': False, 'unnormalized': False, 'no_early_stop': False, 'no_beamable_mm': False, 'lenpen': 1.0, 'unkpen': 0.0, 'replace_unk': None, 'sacrebleu': False, 'score_reference': False, 'prefix_size': 0, 'no_repeat_ngram_size': 0, 'sampling': False, 'sampling_topk': -1, 'sampling_topp': -1.0, 'constraints': None, 'temperature': 1.0, 'diverse_beam_groups': -1, 'diverse_beam_strength': 0.5, 'diversity_rate': -1.0, 'print_alignment': None, 'print_step': False, 'lm_path': None, 'lm_weight': 0.0, 'iter_decode_eos_penalty': 0.0, 'iter_decode_max_iter': 10, 'iter_decode_force_max_iter': False, 'iter_decode_with_beam': 1, 'iter_decode_with_external_reranker': False, 'retain_iter_history': False, 'retain_dropout': False, 'retain_dropout_modules': None, 'decoding_format': None, 'no_seed_provided': False, 'eos_token': None}, 'eval_lm': {'_name': None, 'output_word_probs': False, 'output_word_stats': False, 'context_window': 0, 'softmax_batch': 9223372036854775807}, 'interactive': {'_name': None, 'buffer_size': 0, 'input': '-'}, 'model': Namespace(no_progress_bar=False, log_interval=50, log_format=None, log_file=None, aim_repo=None, aim_run_hash=None, tensorboard_logdir=None, wandb_project=None, azureml_logging=False, seed=42, cpu=False, tpu=False, bf16=False, memory_efficient_bf16=False, fp16=True, memory_efficient_fp16=False, fp16_no_flatten_grads=False, fp16_init_scale=1, fp16_scale_window=128, fp16_scale_tolerance=0.0, on_cpu_convert_precision=False, min_loss_scale=0.0001, threshold_loss_scale=None, amp=False, amp_batch_retries=2, amp_init_scale=128, amp_scale_window=None, user_dir='/data/run01/scw6f3q/zncao/affincraft-nn/graphormer', empty_cache_freq=0, all_gather_list_size=16384, model_parallel_size=1, quantization_config_path=None, profile=False, reset_logging=False, suppress_crashes=False, use_plasma_view=False, plasma_path='/tmp/plasma', criterion='l2_loss_rmsd', tokenizer=None, bpe=None, optimizer='adam', lr_scheduler='polynomial_decay', scoring='bleu', task='graph_prediction', num_workers=6, skip_invalid_size_inputs_valid_test=False, max_tokens=None, batch_size=16, required_batch_size_multiple=8, required_seq_len_multiple=1, dataset_impl=None, data_buffer_size=100, train_subset='train', valid_subset='valid', combine_valid_subsets=None, ignore_unused_valid_subsets=False, validate_interval=1, validate_interval_updates=0, validate_after_updates=0, fixed_validation_seed=None, disable_validation=False, max_tokens_valid=None, batch_size_valid=16, max_valid_steps=None, curriculum=0, gen_subset='test', num_shards=1, shard_id=0, grouped_shuffling=False, update_epoch_batch_itr=False, update_ordered_indices_seed=False, distributed_world_size=8, distributed_num_procs=8, distributed_rank=0, distributed_backend='nccl', distributed_init_method=None, distributed_port=-1, device_id=0, distributed_no_spawn=False, ddp_backend='legacy_ddp', ddp_comm_hook='none', bucket_cap_mb=25, fix_batches_to_gpus=False, find_unused_parameters=False, gradient_as_bucket_view=False, fast_stat_sync=False, heartbeat_timeout=-1, broadcast_buffers=False, slowmo_momentum=None, slowmo_base_algorithm='localsgd', localsgd_frequency=3, nprocs_per_node=8, pipeline_model_parallel=False, pipeline_balance=None, pipeline_devices=None, pipeline_chunks=0, pipeline_encoder_balance=None, pipeline_encoder_devices=None, pipeline_decoder_balance=None, pipeline_decoder_devices=None, pipeline_checkpoint='never', zero_sharding='none', no_reshard_after_forward=False, fp32_reduce_scatter=False, cpu_offload=False, use_sharded_state=False, not_fsdp_flatten_parameters=False, arch='graphormer_large', max_epoch=150, max_update=1875000, stop_time_hours=0, clip_norm=5.0, sentence_avg=False, update_freq=[1], lr=[0.0001], stop_min_lr=-1.0, use_bmuf=False, skip_remainder_batch=False, save_dir='./affincraft_pretrain_ckpts_lmdb_multi_gpu', restore_file='checkpoint_last.pt', continue_once=None, finetune_from_model=None, reset_dataloader=False, reset_lr_scheduler=False, reset_meters=False, reset_optimizer=False, optimizer_overrides='{}', save_interval=1, save_interval_updates=0, keep_interval_updates=-1, keep_interval_updates_pattern=-1, keep_last_epochs=20, keep_best_checkpoints=-1, no_save=False, no_epoch_checkpoints=False, no_last_checkpoints=False, no_save_optimizer_state=False, best_checkpoint_metric='loss', maximize_best_checkpoint_metric=False, patience=-1, checkpoint_suffix='', checkpoint_shard_count=1, load_checkpoint_on_all_dp_ranks=False, write_checkpoints_asynchronously=False, store_ema=False, ema_decay=0.9999, ema_start_update=0, ema_seed_model=None, ema_update_freq=1, ema_fp32=False, layerdrop=0.0, embed_scale=-1.0, sandwich_ln=False, dist_head='none', num_dist_head_kernel=128, num_edge_types=8192, sample_weight_estimator=False, sample_weight_estimator_pat='pdbbind', fingerprint=False, dataset_name='pcqm4m', num_classes=1, max_nodes=512, dataset_source='affincraft', num_atoms=4608, num_edges=1536, num_in_degree=512, num_out_degree=512, num_spatial=512, num_edge_dis=128, multi_hop_max_dist=5, spatial_pos_max=1024, edge_type='multi_hop', pretrained_model_name='none', load_pretrained_model_output_layer=False, train_epoch_shuffle=True, user_data_dir='', data_path='', train_pkl_pattern='/data/run01/scw6f3q/zncao/lmdb_affincraft/train.lmdb', valid_pkl_pattern='/data/run01/scw6f3q/zncao/lmdb_affincraft/valid.lmdb', test_pkl_pattern='', merged_pkl_file='', train_pkl_objects=10000, valid_pkl_objects=1000, test_pkl_objects=0, train_pkl_index='', valid_pkl_index='', test_pkl_index='', adam_betas='(0.9, 0.999)', adam_eps=1e-08, weight_decay=0.01, use_old_adam=False, fp16_adam_stats=False, warmup_updates=75000, force_anneal=None, end_learning_rate=1e-09, power=1.0, total_num_update='1875000', pad=1, eos=2, unk=3, encoder_layers=24, encoder_embed_dim=1024, encoder_ffn_embed_dim=1024, encoder_attention_heads=16, attention_dropout=0.1, act_dropout=0.1, dropout=0.1, no_seed_provided=False, activation_fn='gelu', encoder_normalize_before=True, apply_graphormer_init=False, share_encoder_input_output_embed=False, no_token_positional_embeddings=False, _name='graphormer_large'), 'task': {'_name': 'graph_prediction', 'dataset_name': 'pcqm4m', 'num_classes': 1, 'max_nodes': 512, 'dataset_source': 'affincraft', 'num_atoms': 4608, 'num_edges': 1536, 'num_in_degree': 512, 'num_out_degree': 512, 'num_spatial': 512, 'num_edge_dis': 128, 'multi_hop_max_dist': 5, 'spatial_pos_max': 1024, 'edge_type': 'multi_hop', 'seed': 42, 'pretrained_model_name': 'none', 'load_pretrained_model_output_layer': False, 'train_epoch_shuffle': True, 'user_data_dir': '', 'data_path': '', 'train_pkl_pattern': '/data/run01/scw6f3q/zncao/lmdb_affincraft/train.lmdb', 'valid_pkl_pattern': '/data/run01/scw6f3q/zncao/lmdb_affincraft/valid.lmdb', 'test_pkl_pattern': '', 'merged_pkl_file': '', 'train_pkl_objects': 10000, 'valid_pkl_objects': 1000, 'test_pkl_objects': 0, 'train_pkl_index': '', 'valid_pkl_index': '', 'test_pkl_index': ''}, 'criterion': {'_name': 'l2_loss_rmsd'}, 'optimizer': {'_name': 'adam', 'adam_betas': '(0.9, 0.999)', 'adam_eps': 1e-08, 'weight_decay': 0.01, 'use_old_adam': False, 'fp16_adam_stats': False, 'tpu': False, 'lr': [0.0001]}, 'lr_scheduler': {'_name': 'polynomial_decay', 'warmup_updates': 75000, 'force_anneal': None, 'end_learning_rate': 1e-09, 'power': 1.0, 'total_num_update': 1875000.0, 'lr': [0.0001]}, 'scoring': {'_name': 'bleu', 'pad': 1, 'eos': 2, 'unk': 3}, 'bpe': None, 'tokenizer': None, 'ema': {'_name': None, 'store_ema': False, 'ema_decay': 0.9999, 'ema_start_update': 0, 'ema_seed_model': None, 'ema_update_freq': 1, 'ema_fp32': False}}
LMDB数据集加载完成: /data/run01/scw6f3q/zncao/lmdb_affincraft/train.lmdb
LMDB数据集加载完成: /data/run01/scw6f3q/zncao/lmdb_affincraft/train.lmdbLMDB数据集加载完成: /data/run01/scw6f3q/zncao/lmdb_affincraft/train.lmdb样本总数: 1,450,000


LMDB数据集加载完成: /data/run01/scw6f3q/zncao/lmdb_affincraft/train.lmdb样本总数: 1,450,000样本总数: 1,450,000LMDB数据集加载完成: /data/run01/scw6f3q/zncao/lmdb_affincraft/train.lmdbLMDB数据集加载完成: /data/run01/scw6f3q/zncao/lmdb_affincraft/train.lmdbLMDB数据集加载完成: /data/run01/scw6f3q/zncao/lmdb_affincraft/train.lmdb





样本总数: 1,450,000样本总数: 1,450,000样本总数: 1,450,000样本总数: 1,450,000



2025-10-19 19:58:49 | INFO | graphormer.tasks.graph_prediction | 训练数据集(LMDB)加载完成，1450000 个样本
LMDB数据集加载完成: /data/run01/scw6f3q/zncao/lmdb_affincraft/train.lmdb
样本总数: 1,450,000
LMDB数据集加载完成: /data/run01/scw6f3q/zncao/lmdb_affincraft/valid.lmdb
样本总数: 160,000LMDB数据集加载完成: /data/run01/scw6f3q/zncao/lmdb_affincraft/valid.lmdbLMDB数据集加载完成: /data/run01/scw6f3q/zncao/lmdb_affincraft/valid.lmdb
LMDB数据集加载完成: /data/run01/scw6f3q/zncao/lmdb_affincraft/valid.lmdb
样本总数: 160,000
样本总数: 160,000
样本总数: 160,000


LMDB数据集加载完成: /data/run01/scw6f3q/zncao/lmdb_affincraft/valid.lmdb2025-10-19 19:58:49 | INFO | graphormer.tasks.graph_prediction | 验证数据集(LMDB)加载完成，160000 个样本
LMDB数据集加载完成: /data/run01/scw6f3q/zncao/lmdb_affincraft/valid.lmdb

样本总数: 160,000样本总数: 160,000

LMDB数据集加载完成: /data/run01/scw6f3q/zncao/lmdb_affincraft/valid.lmdb
样本总数: 160,000
LMDB数据集加载完成: /data/run01/scw6f3q/zncao/lmdb_affincraft/valid.lmdb
样本总数: 160,000
2025-10-19 19:58:49 | INFO | graphormer.models.graphormer | Namespace(no_progress_bar=False, log_interval=50, log_format=None, log_file=None, aim_repo=None, aim_run_hash=None, tensorboard_logdir=None, wandb_project=None, azureml_logging=False, seed=42, cpu=False, tpu=False, bf16=False, memory_efficient_bf16=False, fp16=True, memory_efficient_fp16=False, fp16_no_flatten_grads=False, fp16_init_scale=1, fp16_scale_window=128, fp16_scale_tolerance=0.0, on_cpu_convert_precision=False, min_loss_scale=0.0001, threshold_loss_scale=None, amp=False, amp_batch_retries=2, amp_init_scale=128, amp_scale_window=None, user_dir='/data/run01/scw6f3q/zncao/affincraft-nn/graphormer', empty_cache_freq=0, all_gather_list_size=16384, model_parallel_size=1, quantization_config_path=None, profile=False, reset_logging=False, suppress_crashes=False, use_plasma_view=False, plasma_path='/tmp/plasma', criterion='l2_loss_rmsd', tokenizer=None, bpe=None, optimizer='adam', lr_scheduler='polynomial_decay', scoring='bleu', task='graph_prediction', num_workers=6, skip_invalid_size_inputs_valid_test=False, max_tokens=None, batch_size=16, required_batch_size_multiple=8, required_seq_len_multiple=1, dataset_impl=None, data_buffer_size=100, train_subset='train', valid_subset='valid', combine_valid_subsets=None, ignore_unused_valid_subsets=False, validate_interval=1, validate_interval_updates=0, validate_after_updates=0, fixed_validation_seed=None, disable_validation=False, max_tokens_valid=None, batch_size_valid=16, max_valid_steps=None, curriculum=0, gen_subset='test', num_shards=1, shard_id=0, grouped_shuffling=False, update_epoch_batch_itr=False, update_ordered_indices_seed=False, distributed_world_size=8, distributed_num_procs=8, distributed_rank=0, distributed_backend='nccl', distributed_init_method=None, distributed_port=-1, device_id=0, distributed_no_spawn=False, ddp_backend='legacy_ddp', ddp_comm_hook='none', bucket_cap_mb=25, fix_batches_to_gpus=False, find_unused_parameters=False, gradient_as_bucket_view=False, fast_stat_sync=False, heartbeat_timeout=-1, broadcast_buffers=False, slowmo_momentum=None, slowmo_base_algorithm='localsgd', localsgd_frequency=3, nprocs_per_node=8, pipeline_model_parallel=False, pipeline_balance=None, pipeline_devices=None, pipeline_chunks=0, pipeline_encoder_balance=None, pipeline_encoder_devices=None, pipeline_decoder_balance=None, pipeline_decoder_devices=None, pipeline_checkpoint='never', zero_sharding='none', no_reshard_after_forward=False, fp32_reduce_scatter=False, cpu_offload=False, use_sharded_state=False, not_fsdp_flatten_parameters=False, arch='graphormer_large', max_epoch=150, max_update=1875000, stop_time_hours=0, clip_norm=5.0, sentence_avg=False, update_freq=[1], lr=[0.0001], stop_min_lr=-1.0, use_bmuf=False, skip_remainder_batch=False, save_dir='./affincraft_pretrain_ckpts_lmdb_multi_gpu', restore_file='checkpoint_last.pt', continue_once=None, finetune_from_model=None, reset_dataloader=False, reset_lr_scheduler=False, reset_meters=False, reset_optimizer=False, optimizer_overrides='{}', save_interval=1, save_interval_updates=0, keep_interval_updates=-1, keep_interval_updates_pattern=-1, keep_last_epochs=20, keep_best_checkpoints=-1, no_save=False, no_epoch_checkpoints=False, no_last_checkpoints=False, no_save_optimizer_state=False, best_checkpoint_metric='loss', maximize_best_checkpoint_metric=False, patience=-1, checkpoint_suffix='', checkpoint_shard_count=1, load_checkpoint_on_all_dp_ranks=False, write_checkpoints_asynchronously=False, store_ema=False, ema_decay=0.9999, ema_start_update=0, ema_seed_model=None, ema_update_freq=1, ema_fp32=False, layerdrop=0.0, embed_scale=-1.0, sandwich_ln=False, dist_head='none', num_dist_head_kernel=128, num_edge_types=8192, sample_weight_estimator=False, sample_weight_estimator_pat='pdbbind', fingerprint=False, dataset_name='pcqm4m', num_classes=1, max_nodes=512, dataset_source='affincraft', num_atoms=4608, num_edges=1536, num_in_degree=512, num_out_degree=512, num_spatial=512, num_edge_dis=128, multi_hop_max_dist=5, spatial_pos_max=1024, edge_type='multi_hop', pretrained_model_name='none', load_pretrained_model_output_layer=False, train_epoch_shuffle=True, user_data_dir='', data_path='', train_pkl_pattern='/data/run01/scw6f3q/zncao/lmdb_affincraft/train.lmdb', valid_pkl_pattern='/data/run01/scw6f3q/zncao/lmdb_affincraft/valid.lmdb', test_pkl_pattern='', merged_pkl_file='', train_pkl_objects=10000, valid_pkl_objects=1000, test_pkl_objects=0, train_pkl_index='', valid_pkl_index='', test_pkl_index='', adam_betas='(0.9, 0.999)', adam_eps=1e-08, weight_decay=0.01, use_old_adam=False, fp16_adam_stats=False, warmup_updates=75000, force_anneal=None, end_learning_rate=1e-09, power=1.0, total_num_update='1875000', pad=1, eos=2, unk=3, encoder_layers=24, encoder_embed_dim=1024, encoder_ffn_embed_dim=1024, encoder_attention_heads=16, attention_dropout=0.1, act_dropout=0.1, dropout=0.1, no_seed_provided=False, activation_fn='gelu', encoder_normalize_before=True, apply_graphormer_init=False, share_encoder_input_output_embed=False, no_token_positional_embeddings=False, _name='graphormer_large')
2025-10-19 19:58:50 | INFO | fairseq_cli.train | GraphormerModel(
  (encoder): GraphormerEncoder(
    (graph_encoder): AffinCraftGraphEncoder(
      (dropout_module): FairseqDropout()
      (graph_node_feature): AffinCraftNodeFeature(
        (node_encoder): Linear(in_features=9, out_features=1024, bias=True)
        (graph_token): Embedding(1, 1024)
        (local_masif_encoder): Sequential(
          (0): Linear(in_features=80, out_features=512, bias=True)
          (1): GELU(approximate='none')
          (2): Linear(in_features=512, out_features=512, bias=True)
        )
        (global_masif_encoder): Sequential(
          (0): Linear(in_features=512, out_features=1024, bias=True)
          (1): GELU(approximate='none')
          (2): Linear(in_features=1024, out_features=1024, bias=True)
        )
        (attention_weights): Linear(in_features=512, out_features=1, bias=True)
        (gbscore_encoder): Sequential(
          (0): Linear(in_features=400, out_features=1024, bias=True)
          (1): GELU(approximate='none')
          (2): Linear(in_features=1024, out_features=1024, bias=True)
        )
        (feature_fusion): Linear(in_features=3072, out_features=1024, bias=True)
      )
      (graph_attn_bias): AffinCraftAttnBias(
        (structural_edge_encoder): Embedding(20, 16, padding_idx=0)
        (plip_intra_protein_encoder): Embedding(15, 16, padding_idx=0)
        (plip_intra_ligand_encoder): Embedding(15, 16, padding_idx=0)
        (plip_inter_molecular_encoder): Embedding(15, 16, padding_idx=0)
        (distance_encoder): Sequential(
          (0): Linear(in_features=1, out_features=16, bias=True)
          (1): ReLU()
          (2): Linear(in_features=16, out_features=16, bias=True)
        )
        (edge_location_encoder): Embedding(4, 16)
        (graph_token_virtual_distance): Embedding(1, 16)
        (angle_encoder): Sequential(
          (0): Linear(in_features=28, out_features=16, bias=True)
          (1): ReLU()
          (2): Linear(in_features=16, out_features=16, bias=True)
        )
        (multi_dist_encoder): Sequential(
          (0): Linear(in_features=28, out_features=16, bias=True)
          (1): ReLU()
          (2): Linear(in_features=16, out_features=16, bias=True)
        )
      )
      (emb_layer_norm): LayerNorm((1024,), eps=1e-05, elementwise_affine=True)
      (layers): ModuleList(
        (0-23): 24 x GraphormerGraphEncoderLayer(
          (dropout_module): FairseqDropout()
          (activation_dropout_module): FairseqDropout()
          (self_attn): MultiheadAttention(
            (dropout_module): FairseqDropout()
            (k_proj): Linear(in_features=1024, out_features=1024, bias=True)
            (v_proj): Linear(in_features=1024, out_features=1024, bias=True)
            (q_proj): Linear(in_features=1024, out_features=1024, bias=True)
            (out_proj): Linear(in_features=1024, out_features=1024, bias=True)
          )
          (self_attn_layer_norm): LayerNorm((1024,), eps=1e-05, elementwise_affine=True)
          (fc1): Linear(in_features=1024, out_features=1024, bias=True)
          (fc2): Linear(in_features=1024, out_features=1024, bias=True)
          (final_layer_norm): LayerNorm((1024,), eps=1e-05, elementwise_affine=True)
        )
      )
    )
    (masked_lm_pooler): Linear(in_features=1024, out_features=1024, bias=True)
    (lm_head_transform_weight): Linear(in_features=1024, out_features=1024, bias=True)
    (layer_norm): LayerNorm((1024,), eps=1e-05, elementwise_affine=True)
    (embed_out): Linear(in_features=1024, out_features=1, bias=False)
  )
)
2025-10-19 19:58:50 | INFO | fairseq_cli.train | task: GraphPredictionTask
2025-10-19 19:58:50 | INFO | fairseq_cli.train | model: GraphormerModel
2025-10-19 19:58:50 | INFO | fairseq_cli.train | criterion: GraphPredictionL2LossWithRMSD
2025-10-19 19:58:50 | INFO | fairseq_cli.train | num. shared model params: 159,845,714 (num. trained: 159,845,714)
2025-10-19 19:58:50 | INFO | fairseq_cli.train | num. expert model params: 0 (num. trained: 0)
2025-10-19 19:58:50 | INFO | graphormer.tasks.graph_prediction | Loaded valid with #samples: 160000
g0109:43066:43066 [0] NCCL INFO Comm config Blocking set to 1
g0109:43072:43072 [6] NCCL INFO Comm config Blocking set to 1
g0109:43067:43067 [1] NCCL INFO Comm config Blocking set to 1
g0109:43073:43073 [7] NCCL INFO Comm config Blocking set to 1
g0109:43071:43071 [5] NCCL INFO Comm config Blocking set to 1
g0109:43068:43068 [2] NCCL INFO Comm config Blocking set to 1
g0109:43070:43070 [4] NCCL INFO Comm config Blocking set to 1
g0109:43066:43612 [0] NCCL INFO Using non-device net plugin version 0
g0109:43066:43612 [0] NCCL INFO Using network Socket
g0109:43072:43613 [6] NCCL INFO Using non-device net plugin version 0
g0109:43072:43613 [6] NCCL INFO Using network Socket
g0109:43073:43615 [7] NCCL INFO Using non-device net plugin version 0
g0109:43071:43616 [5] NCCL INFO Using non-device net plugin version 0
g0109:43068:43617 [2] NCCL INFO Using non-device net plugin version 0
g0109:43073:43615 [7] NCCL INFO Using network Socket
g0109:43067:43614 [1] NCCL INFO Using non-device net plugin version 0
g0109:43071:43616 [5] NCCL INFO Using network Socket
g0109:43068:43617 [2] NCCL INFO Using network Socket
g0109:43067:43614 [1] NCCL INFO Using network Socket
g0109:43070:43618 [4] NCCL INFO Using non-device net plugin version 0
g0109:43070:43618 [4] NCCL INFO Using network Socket
g0109:43069:43069 [3] NCCL INFO Comm config Blocking set to 1
g0109:43069:43619 [3] NCCL INFO Using non-device net plugin version 0
g0109:43069:43619 [3] NCCL INFO Using network Socket
g0109:43070:43618 [4] NCCL INFO ncclCommInitRank comm 0x55ceff8c81b0 rank 4 nranks 8 cudaDev 4 nvmlDev 4 busId 81000 commId 0xcf40a45b1d4dda5f - Init START
g0109:43073:43615 [7] NCCL INFO ncclCommInitRank comm 0x560284198d40 rank 7 nranks 8 cudaDev 7 nvmlDev 7 busId e1000 commId 0xcf40a45b1d4dda5f - Init START
g0109:43066:43612 [0] NCCL INFO ncclCommInitRank comm 0x56309af222b0 rank 0 nranks 8 cudaDev 0 nvmlDev 0 busId 1000 commId 0xcf40a45b1d4dda5f - Init START
g0109:43069:43619 [3] NCCL INFO ncclCommInitRank comm 0x55c23d4061b0 rank 3 nranks 8 cudaDev 3 nvmlDev 3 busId 61000 commId 0xcf40a45b1d4dda5f - Init START
g0109:43067:43614 [1] NCCL INFO ncclCommInitRank comm 0x55f74ec72540 rank 1 nranks 8 cudaDev 1 nvmlDev 1 busId 23000 commId 0xcf40a45b1d4dda5f - Init START
g0109:43072:43613 [6] NCCL INFO ncclCommInitRank comm 0x55e3469f6af0 rank 6 nranks 8 cudaDev 6 nvmlDev 6 busId c1000 commId 0xcf40a45b1d4dda5f - Init START
g0109:43068:43617 [2] NCCL INFO ncclCommInitRank comm 0x5566d64d2470 rank 2 nranks 8 cudaDev 2 nvmlDev 2 busId 41000 commId 0xcf40a45b1d4dda5f - Init START
g0109:43071:43616 [5] NCCL INFO ncclCommInitRank comm 0x55b14a7f39f0 rank 5 nranks 8 cudaDev 5 nvmlDev 5 busId a1000 commId 0xcf40a45b1d4dda5f - Init START
g0109:43072:43613 [6] NCCL INFO Setting affinity for GPU 6 to 0f,c0000000
g0109:43072:43613 [6] NCCL INFO NVLS multicast support is not available on dev 6
g0109:43069:43619 [3] NCCL INFO Setting affinity for GPU 3 to 3f
g0109:43069:43619 [3] NCCL INFO NVLS multicast support is not available on dev 3
g0109:43066:43612 [0] NCCL INFO Setting affinity for GPU 0 to fc0000
g0109:43073:43615 [7] NCCL INFO Setting affinity for GPU 7 to 3f000000
g0109:43066:43612 [0] NCCL INFO NVLS multicast support is not available on dev 0
g0109:43071:43616 [5] NCCL INFO Setting affinity for GPU 5 to 03f0,00000000
g0109:43073:43615 [7] NCCL INFO NVLS multicast support is not available on dev 7
g0109:43071:43616 [5] NCCL INFO NVLS multicast support is not available on dev 5
g0109:43067:43614 [1] NCCL INFO Setting affinity for GPU 1 to 03f000
g0109:43067:43614 [1] NCCL INFO NVLS multicast support is not available on dev 1
g0109:43070:43618 [4] NCCL INFO Setting affinity for GPU 4 to fc00,00000000
g0109:43068:43617 [2] NCCL INFO Setting affinity for GPU 2 to 0fc0
g0109:43068:43617 [2] NCCL INFO NVLS multicast support is not available on dev 2
g0109:43070:43618 [4] NCCL INFO NVLS multicast support is not available on dev 4
g0109:43073:43615 [7] NCCL INFO comm 0x560284198d40 rank 7 nRanks 8 nNodes 1 localRanks 8 localRank 7 MNNVL 0
g0109:43066:43612 [0] NCCL INFO comm 0x56309af222b0 rank 0 nRanks 8 nNodes 1 localRanks 8 localRank 0 MNNVL 0
g0109:43071:43616 [5] NCCL INFO comm 0x55b14a7f39f0 rank 5 nRanks 8 nNodes 1 localRanks 8 localRank 5 MNNVL 0
g0109:43072:43613 [6] NCCL INFO comm 0x55e3469f6af0 rank 6 nRanks 8 nNodes 1 localRanks 8 localRank 6 MNNVL 0
g0109:43070:43618 [4] NCCL INFO comm 0x55ceff8c81b0 rank 4 nRanks 8 nNodes 1 localRanks 8 localRank 4 MNNVL 0
g0109:43069:43619 [3] NCCL INFO comm 0x55c23d4061b0 rank 3 nRanks 8 nNodes 1 localRanks 8 localRank 3 MNNVL 0
g0109:43068:43617 [2] NCCL INFO comm 0x5566d64d2470 rank 2 nRanks 8 nNodes 1 localRanks 8 localRank 2 MNNVL 0
g0109:43067:43614 [1] NCCL INFO comm 0x55f74ec72540 rank 1 nRanks 8 nNodes 1 localRanks 8 localRank 1 MNNVL 0
g0109:43073:43615 [7] NCCL INFO Trees [0] -1/-1/-1->7->6 [1] -1/-1/-1->7->6
g0109:43066:43612 [0] NCCL INFO Channel 00/02 :    0   1   2   3   4   5   6   7
g0109:43071:43616 [5] NCCL INFO Trees [0] 6/-1/-1->5->4 [1] 6/-1/-1->5->4
g0109:43072:43613 [6] NCCL INFO Trees [0] 7/-1/-1->6->5 [1] 7/-1/-1->6->5
g0109:43070:43618 [4] NCCL INFO Trees [0] 5/-1/-1->4->3 [1] 5/-1/-1->4->3
g0109:43069:43619 [3] NCCL INFO Trees [0] 4/-1/-1->3->2 [1] 4/-1/-1->3->2
g0109:43068:43617 [2] NCCL INFO Trees [0] 3/-1/-1->2->1 [1] 3/-1/-1->2->1
g0109:43067:43614 [1] NCCL INFO Trees [0] 2/-1/-1->1->0 [1] 2/-1/-1->1->0
g0109:43073:43615 [7] NCCL INFO P2P Chunksize set to 131072
g0109:43066:43612 [0] NCCL INFO Channel 01/02 :    0   1   2   3   4   5   6   7
g0109:43071:43616 [5] NCCL INFO P2P Chunksize set to 131072
g0109:43072:43613 [6] NCCL INFO P2P Chunksize set to 131072
g0109:43070:43618 [4] NCCL INFO P2P Chunksize set to 131072
g0109:43069:43619 [3] NCCL INFO P2P Chunksize set to 131072
g0109:43068:43617 [2] NCCL INFO P2P Chunksize set to 131072
g0109:43067:43614 [1] NCCL INFO P2P Chunksize set to 131072
g0109:43066:43612 [0] NCCL INFO Trees [0] 1/-1/-1->0->-1 [1] 1/-1/-1->0->-1
g0109:43066:43612 [0] NCCL INFO P2P Chunksize set to 131072
g0109:43070:43618 [4] NCCL INFO Channel 00 : 4[4] -> 5[5] via SHM/direct/direct
g0109:43071:43616 [5] NCCL INFO Channel 00 : 5[5] -> 6[6] via SHM/direct/direct
g0109:43072:43613 [6] NCCL INFO Channel 00 : 6[6] -> 7[7] via SHM/direct/direct
g0109:43069:43619 [3] NCCL INFO Channel 00 : 3[3] -> 4[4] via SHM/direct/direct
g0109:43073:43615 [7] NCCL INFO Channel 00 : 7[7] -> 0[0] via SHM/direct/direct
g0109:43068:43617 [2] NCCL INFO Channel 00 : 2[2] -> 3[3] via SHM/direct/direct
g0109:43066:43612 [0] NCCL INFO Channel 00 : 0[0] -> 1[1] via SHM/direct/direct
g0109:43067:43614 [1] NCCL INFO Channel 00 : 1[1] -> 2[2] via SHM/direct/direct
g0109:43070:43618 [4] NCCL INFO Channel 01 : 4[4] -> 5[5] via SHM/direct/direct
g0109:43071:43616 [5] NCCL INFO Channel 01 : 5[5] -> 6[6] via SHM/direct/direct
g0109:43072:43613 [6] NCCL INFO Channel 01 : 6[6] -> 7[7] via SHM/direct/direct
g0109:43069:43619 [3] NCCL INFO Channel 01 : 3[3] -> 4[4] via SHM/direct/direct
g0109:43073:43615 [7] NCCL INFO Channel 01 : 7[7] -> 0[0] via SHM/direct/direct
g0109:43068:43617 [2] NCCL INFO Channel 01 : 2[2] -> 3[3] via SHM/direct/direct
g0109:43066:43612 [0] NCCL INFO Channel 01 : 0[0] -> 1[1] via SHM/direct/direct
g0109:43067:43614 [1] NCCL INFO Channel 01 : 1[1] -> 2[2] via SHM/direct/direct
g0109:43073:43615 [7] NCCL INFO Connected all rings
g0109:43066:43612 [0] NCCL INFO Connected all rings
g0109:43067:43614 [1] NCCL INFO Connected all rings
g0109:43071:43616 [5] NCCL INFO Connected all rings
g0109:43072:43613 [6] NCCL INFO Connected all rings
g0109:43073:43615 [7] NCCL INFO Channel 00 : 7[7] -> 6[6] via SHM/direct/direct
g0109:43073:43615 [7] NCCL INFO Channel 01 : 7[7] -> 6[6] via SHM/direct/direct
g0109:43071:43616 [5] NCCL INFO Channel 00 : 5[5] -> 4[4] via SHM/direct/direct
g0109:43072:43613 [6] NCCL INFO Channel 00 : 6[6] -> 5[5] via SHM/direct/direct
g0109:43071:43616 [5] NCCL INFO Channel 01 : 5[5] -> 4[4] via SHM/direct/direct
g0109:43070:43618 [4] NCCL INFO Connected all rings
g0109:43068:43617 [2] NCCL INFO Connected all rings
g0109:43069:43619 [3] NCCL INFO Connected all rings
g0109:43067:43614 [1] NCCL INFO Channel 00 : 1[1] -> 0[0] via SHM/direct/direct
g0109:43072:43613 [6] NCCL INFO Channel 01 : 6[6] -> 5[5] via SHM/direct/direct
g0109:43067:43614 [1] NCCL INFO Channel 01 : 1[1] -> 0[0] via SHM/direct/direct
g0109:43070:43618 [4] NCCL INFO Channel 00 : 4[4] -> 3[3] via SHM/direct/direct
g0109:43069:43619 [3] NCCL INFO Channel 00 : 3[3] -> 2[2] via SHM/direct/direct
g0109:43068:43617 [2] NCCL INFO Channel 00 : 2[2] -> 1[1] via SHM/direct/direct
g0109:43070:43618 [4] NCCL INFO Channel 01 : 4[4] -> 3[3] via SHM/direct/direct
g0109:43069:43619 [3] NCCL INFO Channel 01 : 3[3] -> 2[2] via SHM/direct/direct
g0109:43068:43617 [2] NCCL INFO Channel 01 : 2[2] -> 1[1] via SHM/direct/direct
g0109:43072:43613 [6] NCCL INFO Connected all trees
g0109:43073:43615 [7] NCCL INFO Connected all trees
g0109:43072:43613 [6] NCCL INFO threadThresholds 8/8/64 | 64/8/64 | 512 | 512
g0109:43072:43613 [6] NCCL INFO 2 coll channels, 2 collnet channels, 0 nvls channels, 2 p2p channels, 2 p2p channels per peer
g0109:43073:43615 [7] NCCL INFO threadThresholds 8/8/64 | 64/8/64 | 512 | 512
g0109:43073:43615 [7] NCCL INFO 2 coll channels, 2 collnet channels, 0 nvls channels, 2 p2p channels, 2 p2p channels per peer
g0109:43066:43612 [0] NCCL INFO Connected all trees
g0109:43066:43612 [0] NCCL INFO threadThresholds 8/8/64 | 64/8/64 | 512 | 512
g0109:43066:43612 [0] NCCL INFO 2 coll channels, 2 collnet channels, 0 nvls channels, 2 p2p channels, 2 p2p channels per peer
g0109:43067:43614 [1] NCCL INFO Connected all trees
g0109:43067:43614 [1] NCCL INFO threadThresholds 8/8/64 | 64/8/64 | 512 | 512
g0109:43067:43614 [1] NCCL INFO 2 coll channels, 2 collnet channels, 0 nvls channels, 2 p2p channels, 2 p2p channels per peer
g0109:43069:43619 [3] NCCL INFO Connected all trees
g0109:43068:43617 [2] NCCL INFO Connected all trees
g0109:43069:43619 [3] NCCL INFO threadThresholds 8/8/64 | 64/8/64 | 512 | 512
g0109:43071:43616 [5] NCCL INFO Connected all trees
g0109:43069:43619 [3] NCCL INFO 2 coll channels, 2 collnet channels, 0 nvls channels, 2 p2p channels, 2 p2p channels per peer
g0109:43068:43617 [2] NCCL INFO threadThresholds 8/8/64 | 64/8/64 | 512 | 512
g0109:43070:43618 [4] NCCL INFO Connected all trees
g0109:43071:43616 [5] NCCL INFO threadThresholds 8/8/64 | 64/8/64 | 512 | 512
g0109:43068:43617 [2] NCCL INFO 2 coll channels, 2 collnet channels, 0 nvls channels, 2 p2p channels, 2 p2p channels per peer
g0109:43070:43618 [4] NCCL INFO threadThresholds 8/8/64 | 64/8/64 | 512 | 512
g0109:43071:43616 [5] NCCL INFO 2 coll channels, 2 collnet channels, 0 nvls channels, 2 p2p channels, 2 p2p channels per peer
g0109:43070:43618 [4] NCCL INFO 2 coll channels, 2 collnet channels, 0 nvls channels, 2 p2p channels, 2 p2p channels per peer
g0109:43073:43615 [7] NCCL INFO ncclCommInitRank comm 0x560284198d40 rank 7 nranks 8 cudaDev 7 nvmlDev 7 busId e1000 commId 0xcf40a45b1d4dda5f - Init COMPLETE
g0109:43067:43614 [1] NCCL INFO ncclCommInitRank comm 0x55f74ec72540 rank 1 nranks 8 cudaDev 1 nvmlDev 1 busId 23000 commId 0xcf40a45b1d4dda5f - Init COMPLETE
g0109:43069:43619 [3] NCCL INFO ncclCommInitRank comm 0x55c23d4061b0 rank 3 nranks 8 cudaDev 3 nvmlDev 3 busId 61000 commId 0xcf40a45b1d4dda5f - Init COMPLETE
g0109:43068:43617 [2] NCCL INFO ncclCommInitRank comm 0x5566d64d2470 rank 2 nranks 8 cudaDev 2 nvmlDev 2 busId 41000 commId 0xcf40a45b1d4dda5f - Init COMPLETE
g0109:43070:43618 [4] NCCL INFO ncclCommInitRank comm 0x55ceff8c81b0 rank 4 nranks 8 cudaDev 4 nvmlDev 4 busId 81000 commId 0xcf40a45b1d4dda5f - Init COMPLETE
g0109:43066:43612 [0] NCCL INFO ncclCommInitRank comm 0x56309af222b0 rank 0 nranks 8 cudaDev 0 nvmlDev 0 busId 1000 commId 0xcf40a45b1d4dda5f - Init COMPLETE
g0109:43072:43613 [6] NCCL INFO ncclCommInitRank comm 0x55e3469f6af0 rank 6 nranks 8 cudaDev 6 nvmlDev 6 busId c1000 commId 0xcf40a45b1d4dda5f - Init COMPLETE
g0109:43071:43616 [5] NCCL INFO ncclCommInitRank comm 0x55b14a7f39f0 rank 5 nranks 8 cudaDev 5 nvmlDev 5 busId a1000 commId 0xcf40a45b1d4dda5f - Init COMPLETE
2025-10-19 19:58:51 | INFO | fairseq.utils | ***********************CUDA enviroments for all 8 workers***********************
2025-10-19 19:58:51 | INFO | fairseq.utils | rank   0: capabilities =  8.9  ; total memory = 23.643 GB ; name = NVIDIA GeForce RTX 4090                 
2025-10-19 19:58:51 | INFO | fairseq.utils | rank   1: capabilities =  8.9  ; total memory = 23.643 GB ; name = NVIDIA GeForce RTX 4090                 
2025-10-19 19:58:51 | INFO | fairseq.utils | rank   2: capabilities =  8.9  ; total memory = 23.643 GB ; name = NVIDIA GeForce RTX 4090                 
2025-10-19 19:58:51 | INFO | fairseq.utils | rank   3: capabilities =  8.9  ; total memory = 23.643 GB ; name = NVIDIA GeForce RTX 4090                 
2025-10-19 19:58:51 | INFO | fairseq.utils | rank   4: capabilities =  8.9  ; total memory = 23.643 GB ; name = NVIDIA GeForce RTX 4090                 
2025-10-19 19:58:51 | INFO | fairseq.utils | rank   5: capabilities =  8.9  ; total memory = 23.643 GB ; name = NVIDIA GeForce RTX 4090                 
2025-10-19 19:58:51 | INFO | fairseq.utils | rank   6: capabilities =  8.9  ; total memory = 23.643 GB ; name = NVIDIA GeForce RTX 4090                 
2025-10-19 19:58:51 | INFO | fairseq.utils | rank   7: capabilities =  8.9  ; total memory = 23.643 GB ; name = NVIDIA GeForce RTX 4090                 
2025-10-19 19:58:51 | INFO | fairseq.utils | ***********************CUDA enviroments for all 8 workers***********************
2025-10-19 19:58:51 | INFO | fairseq_cli.train | training on 8 devices (GPUs/TPUs)
2025-10-19 19:58:51 | INFO | fairseq_cli.train | max tokens per device = None and max sentences per device = 16
2025-10-19 19:58:51 | INFO | fairseq.trainer | Preparing to load checkpoint ./affincraft_pretrain_ckpts_lmdb_multi_gpu/checkpoint_last.pt
2025-10-19 19:58:51 | INFO | fairseq.trainer | No existing checkpoint found ./affincraft_pretrain_ckpts_lmdb_multi_gpu/checkpoint_last.pt
2025-10-19 19:58:51 | INFO | fairseq.trainer | loading train data for epoch 1
2025-10-19 19:58:51 | INFO | graphormer.tasks.graph_prediction | Loaded train with #samples: 1450000
2025-10-19 19:58:56 | INFO | fairseq.data.iterators | grouped total_num_itrs = 11329
2025-10-19 19:58:56 | INFO | fairseq.trainer | begin training epoch 1
2025-10-19 19:58:56 | INFO | fairseq_cli.train | Start iterating over samples
警告: 跳过包含NaN的样本 1213780 (pdbid: 5v8p_frame78)
警告: 跳过包含NaN的样本 1213780 (pdbid: 5v8p_frame78)
警告: 跳过包含NaN的样本 798638 (pdbid: 5f39_frame74)
警告: 跳过包含NaN的样本 798638 (pdbid: 5f39_frame74)
警告: 跳过包含NaN的样本 558390 (pdbid: 5diq_frame89)
警告: 跳过包含NaN的样本 558390 (pdbid: 5diq_frame89)
警告: 跳过包含NaN的样本 1279254 (pdbid: 5m0d_frame72)
警告: 跳过包含NaN的样本 1279254 (pdbid: 5m0d_frame72)
警告: 跳过包含NaN的样本 1338860 (pdbid: 5urm_frame32)
警告: 跳过包含NaN的样本 1338860 (pdbid: 5urm_frame32)
警告: 跳过包含NaN的样本 1301546 (pdbid: 4e6d_frame5)
警告: 跳过包含NaN的样本 1301546 (pdbid: 4e6d_frame5)
警告: 跳过包含NaN的样本 1195492 (pdbid: 4gts_frame51)
警告: 跳过包含NaN的样本 1195492 (pdbid: 4gts_frame51)
警告: 跳过包含NaN的样本 745595 (pdbid: 1t5f_frame66)
警告: 跳过包含NaN的样本 745595 (pdbid: 1t5f_frame66)
警告: 跳过包含NaN的样本 306569 (pdbid: 4obv_frame33)
警告: 跳过包含NaN的样本 306569 (pdbid: 4obv_frame33)
警告: 跳过包含NaN的样本 633426 (pdbid: 2yde_frame10)
警告: 跳过包含NaN的样本 633426 (pdbid: 2yde_frame10)
警告: 跳过包含NaN的样本 647685 (pdbid: 3b1t_frame30)
警告: 跳过包含NaN的样本 647685 (pdbid: 3b1t_frame30)
警告: 跳过包含NaN的样本 1249081 (pdbid: 5n9n_frame79)
警告: 跳过包含NaN的样本 1249081 (pdbid: 5n9n_frame79)
警告: 跳过包含NaN的样本 397657 (pdbid: 3ot8_frame61)
警告: 跳过包含NaN的样本 397657 (pdbid: 3ot8_frame61)
警告: 跳过包含NaN的样本 1307363 (pdbid: 5tqe_frame75)
警告: 跳过包含NaN的样本 1307363 (pdbid: 5tqe_frame75)
警告: 跳过包含NaN的样本 1434310 (pdbid: 5naw_frame91)
警告: 跳过包含NaN的样本 1434310 (pdbid: 5naw_frame91)
警告: 跳过包含NaN的样本 145451 (pdbid: 3ddq_frame24)
警告: 跳过包含NaN的样本 145451 (pdbid: 3ddq_frame24)
警告: 跳过包含NaN的样本 1026087 (pdbid: 6i5i_frame7)
警告: 跳过包含NaN的样本 1026087 (pdbid: 6i5i_frame7)
警告: 跳过包含NaN的样本 1042655 (pdbid: 6gj6_frame35)
警告: 跳过包含NaN的样本 1042655 (pdbid: 6gj6_frame35)
