[INFO] Job starting at Wed Oct 29 17:00:09 CST 2025
==========================================
 🎯 AffinCraft GPU 任务启动 (LMDB格式)
 节点:        g0940
 作业ID:      4499341
 GPUs:        0,1,2,3,4,5,6,7
 启动时间:    Wed Oct 29 17:00:09 CST 2025
==========================================
[INFO] Python path: /data/run01/scw6f3q/zncao/affincraft/bin/python
[INFO] Torch version: 2.6.0+cu126
[INFO] CUDA available: True
===================================================================
          AffinCraft - 多GPU分布式预训练 (LMDB格式)          
===================================================================
硬件配置:           8 GPUs × 1 node(s)
DataLoader workers: 6 per GPU
训练数据:           /ssd/home/scw6f3q/train_lmdb
验证数据:           /ssd/home/scw6f3q/lmdb/valid.lmdb
检查点保存目录:     ./affincraft_pretrain_ckpts_lmdb_multi_gpu
梯度累积步数:       1
全局有效批次大小:   128
===================================================================
2025-10-29 17:03:36 | INFO | fairseq.tasks.text_to_speech | Please install tensorboardX: pip install tensorboardX
2025-10-29 17:03:36 | INFO | fairseq.tasks.text_to_speech | Please install tensorboardX: pip install tensorboardX
2025-10-29 17:03:36 | INFO | fairseq.tasks.text_to_speech | Please install tensorboardX: pip install tensorboardX
2025-10-29 17:03:36 | INFO | fairseq.tasks.text_to_speech | Please install tensorboardX: pip install tensorboardX
2025-10-29 17:03:36 | INFO | fairseq.tasks.text_to_speech | Please install tensorboardX: pip install tensorboardX
2025-10-29 17:03:36 | INFO | fairseq.tasks.text_to_speech | Please install tensorboardX: pip install tensorboardX
2025-10-29 17:03:36 | INFO | fairseq.tasks.text_to_speech | Please install tensorboardX: pip install tensorboardX
2025-10-29 17:03:36 | INFO | fairseq.tasks.text_to_speech | Please install tensorboardX: pip install tensorboardX
2025-10-29 17:04:28 | INFO | fairseq.distributed.utils | distributed init (rank 0): env://
2025-10-29 17:04:28 | INFO | fairseq.distributed.utils | initialized host g0940 as rank 0
2025-10-29 17:04:29 | INFO | fairseq.distributed.utils | distributed init (rank 1): env://
2025-10-29 17:04:29 | INFO | fairseq.distributed.utils | initialized host g0940 as rank 1
2025-10-29 17:04:29 | INFO | fairseq.distributed.utils | distributed init (rank 2): env://
2025-10-29 17:04:29 | INFO | fairseq.distributed.utils | distributed init (rank 6): env://
2025-10-29 17:04:29 | INFO | fairseq.distributed.utils | initialized host g0940 as rank 2
2025-10-29 17:04:29 | INFO | fairseq.distributed.utils | initialized host g0940 as rank 6
2025-10-29 17:04:29 | INFO | fairseq.distributed.utils | distributed init (rank 4): env://
2025-10-29 17:04:29 | INFO | fairseq.distributed.utils | distributed init (rank 5): env://
2025-10-29 17:04:29 | INFO | fairseq.distributed.utils | distributed init (rank 3): env://
2025-10-29 17:04:29 | INFO | fairseq.distributed.utils | initialized host g0940 as rank 4
2025-10-29 17:04:29 | INFO | fairseq.distributed.utils | distributed init (rank 7): env://
2025-10-29 17:04:29 | INFO | fairseq.distributed.utils | initialized host g0940 as rank 5
2025-10-29 17:04:29 | INFO | fairseq.distributed.utils | initialized host g0940 as rank 3
2025-10-29 17:04:29 | INFO | fairseq.distributed.utils | initialized host g0940 as rank 7
2025-10-29 17:04:30 | INFO | fairseq_cli.train | {'_name': None, 'common': {'_name': None, 'no_progress_bar': False, 'log_interval': 50, 'log_format': None, 'log_file': None, 'aim_repo': None, 'aim_run_hash': None, 'tensorboard_logdir': None, 'wandb_project': None, 'azureml_logging': False, 'seed': 42, 'cpu': False, 'tpu': False, 'bf16': False, 'memory_efficient_bf16': False, 'fp16': True, 'memory_efficient_fp16': False, 'fp16_no_flatten_grads': False, 'fp16_init_scale': 1, 'fp16_scale_window': 128, 'fp16_scale_tolerance': 0.0, 'on_cpu_convert_precision': False, 'min_loss_scale': 0.0001, 'threshold_loss_scale': None, 'amp': False, 'amp_batch_retries': 2, 'amp_init_scale': 128, 'amp_scale_window': None, 'user_dir': '/data/run01/scw6f3q/zncao/affincraft-nn/graphormer', 'empty_cache_freq': 0, 'all_gather_list_size': 16384, 'model_parallel_size': 1, 'quantization_config_path': None, 'profile': False, 'reset_logging': False, 'suppress_crashes': False, 'use_plasma_view': False, 'plasma_path': '/tmp/plasma'}, 'common_eval': {'_name': None, 'path': None, 'post_process': None, 'quiet': False, 'model_overrides': '{}', 'results_path': None}, 'distributed_training': {'_name': None, 'distributed_world_size': 8, 'distributed_num_procs': 8, 'distributed_rank': 0, 'distributed_backend': 'nccl', 'distributed_init_method': 'env://', 'distributed_port': -1, 'device_id': 0, 'distributed_no_spawn': True, 'ddp_backend': 'c10d', 'ddp_comm_hook': 'none', 'bucket_cap_mb': 25, 'fix_batches_to_gpus': False, 'find_unused_parameters': True, 'gradient_as_bucket_view': False, 'fast_stat_sync': False, 'heartbeat_timeout': -1, 'broadcast_buffers': False, 'slowmo_momentum': None, 'slowmo_base_algorithm': 'localsgd', 'localsgd_frequency': 3, 'nprocs_per_node': 8, 'pipeline_model_parallel': False, 'pipeline_balance': None, 'pipeline_devices': None, 'pipeline_chunks': 0, 'pipeline_encoder_balance': None, 'pipeline_encoder_devices': None, 'pipeline_decoder_balance': None, 'pipeline_decoder_devices': None, 'pipeline_checkpoint': 'never', 'zero_sharding': 'none', 'fp16': True, 'memory_efficient_fp16': False, 'tpu': False, 'no_reshard_after_forward': False, 'fp32_reduce_scatter': False, 'cpu_offload': False, 'use_sharded_state': False, 'not_fsdp_flatten_parameters': False}, 'dataset': {'_name': None, 'num_workers': 6, 'skip_invalid_size_inputs_valid_test': False, 'max_tokens': None, 'batch_size': 16, 'required_batch_size_multiple': 1, 'required_seq_len_multiple': 1, 'dataset_impl': None, 'data_buffer_size': 100, 'train_subset': 'train', 'valid_subset': 'valid', 'combine_valid_subsets': None, 'ignore_unused_valid_subsets': False, 'validate_interval': 1, 'validate_interval_updates': 0, 'validate_after_updates': 0, 'fixed_validation_seed': None, 'disable_validation': False, 'max_tokens_valid': None, 'batch_size_valid': 16, 'max_valid_steps': None, 'curriculum': 0, 'gen_subset': 'test', 'num_shards': 1, 'shard_id': 0, 'grouped_shuffling': False, 'update_epoch_batch_itr': False, 'update_ordered_indices_seed': False}, 'optimization': {'_name': None, 'max_epoch': 150, 'max_update': 1875000, 'stop_time_hours': 0.0, 'clip_norm': 5.0, 'sentence_avg': False, 'update_freq': [1], 'lr': [0.0001], 'stop_min_lr': -1.0, 'use_bmuf': False, 'skip_remainder_batch': False}, 'checkpoint': {'_name': None, 'save_dir': './affincraft_pretrain_ckpts_lmdb_multi_gpu', 'restore_file': 'checkpoint_last.pt', 'continue_once': None, 'finetune_from_model': None, 'reset_dataloader': False, 'reset_lr_scheduler': False, 'reset_meters': False, 'reset_optimizer': False, 'optimizer_overrides': '{}', 'save_interval': 1, 'save_interval_updates': 0, 'keep_interval_updates': -1, 'keep_interval_updates_pattern': -1, 'keep_last_epochs': 20, 'keep_best_checkpoints': -1, 'no_save': False, 'no_epoch_checkpoints': False, 'no_last_checkpoints': False, 'no_save_optimizer_state': False, 'best_checkpoint_metric': 'loss', 'maximize_best_checkpoint_metric': False, 'patience': -1, 'checkpoint_suffix': '', 'checkpoint_shard_count': 1, 'load_checkpoint_on_all_dp_ranks': False, 'write_checkpoints_asynchronously': False, 'model_parallel_size': 1}, 'bmuf': {'_name': None, 'block_lr': 1.0, 'block_momentum': 0.875, 'global_sync_iter': 50, 'warmup_iterations': 500, 'use_nbm': False, 'average_sync': False, 'distributed_world_size': 8}, 'generation': {'_name': None, 'beam': 5, 'nbest': 1, 'max_len_a': 0.0, 'max_len_b': 200, 'min_len': 1, 'match_source_len': False, 'unnormalized': False, 'no_early_stop': False, 'no_beamable_mm': False, 'lenpen': 1.0, 'unkpen': 0.0, 'replace_unk': None, 'sacrebleu': False, 'score_reference': False, 'prefix_size': 0, 'no_repeat_ngram_size': 0, 'sampling': False, 'sampling_topk': -1, 'sampling_topp': -1.0, 'constraints': None, 'temperature': 1.0, 'diverse_beam_groups': -1, 'diverse_beam_strength': 0.5, 'diversity_rate': -1.0, 'print_alignment': None, 'print_step': False, 'lm_path': None, 'lm_weight': 0.0, 'iter_decode_eos_penalty': 0.0, 'iter_decode_max_iter': 10, 'iter_decode_force_max_iter': False, 'iter_decode_with_beam': 1, 'iter_decode_with_external_reranker': False, 'retain_iter_history': False, 'retain_dropout': False, 'retain_dropout_modules': None, 'decoding_format': None, 'no_seed_provided': False, 'eos_token': None}, 'eval_lm': {'_name': None, 'output_word_probs': False, 'output_word_stats': False, 'context_window': 0, 'softmax_batch': 9223372036854775807}, 'interactive': {'_name': None, 'buffer_size': 0, 'input': '-'}, 'model': Namespace(no_progress_bar=False, log_interval=50, log_format=None, log_file=None, aim_repo=None, aim_run_hash=None, tensorboard_logdir=None, wandb_project=None, azureml_logging=False, seed=42, cpu=False, tpu=False, bf16=False, memory_efficient_bf16=False, fp16=True, memory_efficient_fp16=False, fp16_no_flatten_grads=False, fp16_init_scale=1, fp16_scale_window=128, fp16_scale_tolerance=0.0, on_cpu_convert_precision=False, min_loss_scale=0.0001, threshold_loss_scale=None, amp=False, amp_batch_retries=2, amp_init_scale=128, amp_scale_window=None, user_dir='/data/run01/scw6f3q/zncao/affincraft-nn/graphormer', empty_cache_freq=0, all_gather_list_size=16384, model_parallel_size=1, quantization_config_path=None, profile=False, reset_logging=False, suppress_crashes=False, use_plasma_view=False, plasma_path='/tmp/plasma', criterion='l2_loss_rmsd', tokenizer=None, bpe=None, optimizer='adam', lr_scheduler='polynomial_decay', scoring='bleu', task='graph_prediction', num_workers=6, skip_invalid_size_inputs_valid_test=False, max_tokens=None, batch_size=16, required_batch_size_multiple=1, required_seq_len_multiple=1, dataset_impl=None, data_buffer_size=100, train_subset='train', valid_subset='valid', combine_valid_subsets=None, ignore_unused_valid_subsets=False, validate_interval=1, validate_interval_updates=0, validate_after_updates=0, fixed_validation_seed=None, disable_validation=False, max_tokens_valid=None, batch_size_valid=16, max_valid_steps=None, curriculum=0, gen_subset='test', num_shards=1, shard_id=0, grouped_shuffling=False, update_epoch_batch_itr=False, update_ordered_indices_seed=False, distributed_world_size=8, distributed_num_procs=8, distributed_rank=0, distributed_backend='nccl', distributed_init_method=None, distributed_port=-1, device_id=0, distributed_no_spawn=False, ddp_backend='c10d', ddp_comm_hook='none', bucket_cap_mb=25, fix_batches_to_gpus=False, find_unused_parameters=True, gradient_as_bucket_view=False, fast_stat_sync=False, heartbeat_timeout=-1, broadcast_buffers=False, slowmo_momentum=None, slowmo_base_algorithm='localsgd', localsgd_frequency=3, nprocs_per_node=8, pipeline_model_parallel=False, pipeline_balance=None, pipeline_devices=None, pipeline_chunks=0, pipeline_encoder_balance=None, pipeline_encoder_devices=None, pipeline_decoder_balance=None, pipeline_decoder_devices=None, pipeline_checkpoint='never', zero_sharding='none', no_reshard_after_forward=False, fp32_reduce_scatter=False, cpu_offload=False, use_sharded_state=False, not_fsdp_flatten_parameters=False, arch='graphormer_large', max_epoch=150, max_update=1875000, stop_time_hours=0, clip_norm=5.0, sentence_avg=False, update_freq=[1], lr=[0.0001], stop_min_lr=-1.0, use_bmuf=False, skip_remainder_batch=False, save_dir='./affincraft_pretrain_ckpts_lmdb_multi_gpu', restore_file='checkpoint_last.pt', continue_once=None, finetune_from_model=None, reset_dataloader=False, reset_lr_scheduler=False, reset_meters=False, reset_optimizer=False, optimizer_overrides='{}', save_interval=1, save_interval_updates=0, keep_interval_updates=-1, keep_interval_updates_pattern=-1, keep_last_epochs=20, keep_best_checkpoints=-1, no_save=False, no_epoch_checkpoints=False, no_last_checkpoints=False, no_save_optimizer_state=False, best_checkpoint_metric='loss', maximize_best_checkpoint_metric=False, patience=-1, checkpoint_suffix='', checkpoint_shard_count=1, load_checkpoint_on_all_dp_ranks=False, write_checkpoints_asynchronously=False, store_ema=False, ema_decay=0.9999, ema_start_update=0, ema_seed_model=None, ema_update_freq=1, ema_fp32=False, layerdrop=0.0, embed_scale=-1.0, sandwich_ln=False, dist_head='none', num_dist_head_kernel=128, num_edge_types=8192, sample_weight_estimator=False, sample_weight_estimator_pat='pdbbind', fingerprint=False, dataset_name='pcqm4m', num_classes=1, max_nodes=474, dataset_source='affincraft', num_atoms=4608, num_edges=1536, num_in_degree=512, num_out_degree=512, num_spatial=512, num_edge_dis=128, multi_hop_max_dist=5, spatial_pos_max=1024, edge_type='multi_hop', pretrained_model_name='none', load_pretrained_model_output_layer=False, train_epoch_shuffle=True, user_data_dir='', data_path='', train_pkl_pattern='/ssd/home/scw6f3q/train_lmdb', valid_pkl_pattern='/ssd/home/scw6f3q/lmdb/valid.lmdb', test_pkl_pattern='', merged_pkl_file='', train_pkl_objects=10000, valid_pkl_objects=1000, test_pkl_objects=0, train_pkl_index='', valid_pkl_index='', test_pkl_index='', adam_betas='(0.9, 0.999)', adam_eps=1e-08, weight_decay=0.01, use_old_adam=False, fp16_adam_stats=False, warmup_updates=75000, force_anneal=None, end_learning_rate=1e-09, power=1.0, total_num_update='1875000', pad=1, eos=2, unk=3, encoder_layers=18, encoder_embed_dim=896, encoder_ffn_embed_dim=896, encoder_attention_heads=32, attention_dropout=0.1, act_dropout=0.1, dropout=0.1, no_seed_provided=False, activation_fn='gelu', encoder_normalize_before=True, apply_graphormer_init=False, share_encoder_input_output_embed=False, no_token_positional_embeddings=False, _name='graphormer_large'), 'task': {'_name': 'graph_prediction', 'dataset_name': 'pcqm4m', 'num_classes': 1, 'max_nodes': 474, 'dataset_source': 'affincraft', 'num_atoms': 4608, 'num_edges': 1536, 'num_in_degree': 512, 'num_out_degree': 512, 'num_spatial': 512, 'num_edge_dis': 128, 'multi_hop_max_dist': 5, 'spatial_pos_max': 1024, 'edge_type': 'multi_hop', 'seed': 42, 'pretrained_model_name': 'none', 'load_pretrained_model_output_layer': False, 'train_epoch_shuffle': True, 'user_data_dir': '', 'data_path': '', 'train_pkl_pattern': '/ssd/home/scw6f3q/train_lmdb', 'valid_pkl_pattern': '/ssd/home/scw6f3q/lmdb/valid.lmdb', 'test_pkl_pattern': '', 'merged_pkl_file': '', 'train_pkl_objects': 10000, 'valid_pkl_objects': 1000, 'test_pkl_objects': 0, 'train_pkl_index': '', 'valid_pkl_index': '', 'test_pkl_index': ''}, 'criterion': {'_name': 'l2_loss_rmsd'}, 'optimizer': {'_name': 'adam', 'adam_betas': '(0.9, 0.999)', 'adam_eps': 1e-08, 'weight_decay': 0.01, 'use_old_adam': False, 'fp16_adam_stats': False, 'tpu': False, 'lr': [0.0001]}, 'lr_scheduler': {'_name': 'polynomial_decay', 'warmup_updates': 75000, 'force_anneal': None, 'end_learning_rate': 1e-09, 'power': 1.0, 'total_num_update': 1875000.0, 'lr': [0.0001]}, 'scoring': {'_name': 'bleu', 'pad': 1, 'eos': 2, 'unk': 3}, 'bpe': None, 'tokenizer': None, 'ema': {'_name': None, 'store_ema': False, 'ema_decay': 0.9999, 'ema_start_update': 0, 'ema_seed_model': None, 'ema_update_freq': 1, 'ema_fp32': False}}
LMDB数据集加载完成: /ssd/home/scw6f3q/train_lmdbLMDB数据集加载完成: /ssd/home/scw6f3q/train_lmdbLMDB数据集加载完成: /ssd/home/scw6f3q/train_lmdb
LMDB数据集加载完成: /ssd/home/scw6f3q/train_lmdbLMDB数据集加载完成: /ssd/home/scw6f3q/train_lmdbLMDB数据集加载完成: /ssd/home/scw6f3q/train_lmdbLMDB数据集加载完成: /ssd/home/scw6f3q/train_lmdbLMDB数据集加载完成: /ssd/home/scw6f3q/train_lmdb

样本总数: 1,457,129




样本总数: 1,457,129样本总数: 1,457,129
样本总数: 1,457,129样本总数: 1,457,129样本总数: 1,457,129样本总数: 1,457,129样本总数: 1,457,129






2025-10-29 17:04:30 | INFO | graphormer.tasks.graph_prediction | 训练数据集(LMDB)加载完成，1457129 个样本
LMDB数据集加载完成: /ssd/home/scw6f3q/lmdb/valid.lmdbLMDB数据集加载完成: /ssd/home/scw6f3q/lmdb/valid.lmdb
LMDB数据集加载完成: /ssd/home/scw6f3q/lmdb/valid.lmdb
样本总数: 161,137LMDB数据集加载完成: /ssd/home/scw6f3q/lmdb/valid.lmdbLMDB数据集加载完成: /ssd/home/scw6f3q/lmdb/valid.lmdb
LMDB数据集加载完成: /ssd/home/scw6f3q/lmdb/valid.lmdb样本总数: 161,137LMDB数据集加载完成: /ssd/home/scw6f3q/lmdb/valid.lmdb


样本总数: 161,137

LMDB数据集加载完成: /ssd/home/scw6f3q/lmdb/valid.lmdb
样本总数: 161,137样本总数: 161,137
样本总数: 161,1372025-10-29 17:04:30 | INFO | graphormer.tasks.graph_prediction | 验证数据集(LMDB)加载完成，161137 个样本

样本总数: 161,137


样本总数: 161,137

2025-10-29 17:04:30 | INFO | graphormer.models.graphormer | Namespace(no_progress_bar=False, log_interval=50, log_format=None, log_file=None, aim_repo=None, aim_run_hash=None, tensorboard_logdir=None, wandb_project=None, azureml_logging=False, seed=42, cpu=False, tpu=False, bf16=False, memory_efficient_bf16=False, fp16=True, memory_efficient_fp16=False, fp16_no_flatten_grads=False, fp16_init_scale=1, fp16_scale_window=128, fp16_scale_tolerance=0.0, on_cpu_convert_precision=False, min_loss_scale=0.0001, threshold_loss_scale=None, amp=False, amp_batch_retries=2, amp_init_scale=128, amp_scale_window=None, user_dir='/data/run01/scw6f3q/zncao/affincraft-nn/graphormer', empty_cache_freq=0, all_gather_list_size=16384, model_parallel_size=1, quantization_config_path=None, profile=False, reset_logging=False, suppress_crashes=False, use_plasma_view=False, plasma_path='/tmp/plasma', criterion='l2_loss_rmsd', tokenizer=None, bpe=None, optimizer='adam', lr_scheduler='polynomial_decay', scoring='bleu', task='graph_prediction', num_workers=6, skip_invalid_size_inputs_valid_test=False, max_tokens=None, batch_size=16, required_batch_size_multiple=1, required_seq_len_multiple=1, dataset_impl=None, data_buffer_size=100, train_subset='train', valid_subset='valid', combine_valid_subsets=None, ignore_unused_valid_subsets=False, validate_interval=1, validate_interval_updates=0, validate_after_updates=0, fixed_validation_seed=None, disable_validation=False, max_tokens_valid=None, batch_size_valid=16, max_valid_steps=None, curriculum=0, gen_subset='test', num_shards=1, shard_id=0, grouped_shuffling=False, update_epoch_batch_itr=False, update_ordered_indices_seed=False, distributed_world_size=8, distributed_num_procs=8, distributed_rank=0, distributed_backend='nccl', distributed_init_method=None, distributed_port=-1, device_id=0, distributed_no_spawn=False, ddp_backend='c10d', ddp_comm_hook='none', bucket_cap_mb=25, fix_batches_to_gpus=False, find_unused_parameters=True, gradient_as_bucket_view=False, fast_stat_sync=False, heartbeat_timeout=-1, broadcast_buffers=False, slowmo_momentum=None, slowmo_base_algorithm='localsgd', localsgd_frequency=3, nprocs_per_node=8, pipeline_model_parallel=False, pipeline_balance=None, pipeline_devices=None, pipeline_chunks=0, pipeline_encoder_balance=None, pipeline_encoder_devices=None, pipeline_decoder_balance=None, pipeline_decoder_devices=None, pipeline_checkpoint='never', zero_sharding='none', no_reshard_after_forward=False, fp32_reduce_scatter=False, cpu_offload=False, use_sharded_state=False, not_fsdp_flatten_parameters=False, arch='graphormer_large', max_epoch=150, max_update=1875000, stop_time_hours=0, clip_norm=5.0, sentence_avg=False, update_freq=[1], lr=[0.0001], stop_min_lr=-1.0, use_bmuf=False, skip_remainder_batch=False, save_dir='./affincraft_pretrain_ckpts_lmdb_multi_gpu', restore_file='checkpoint_last.pt', continue_once=None, finetune_from_model=None, reset_dataloader=False, reset_lr_scheduler=False, reset_meters=False, reset_optimizer=False, optimizer_overrides='{}', save_interval=1, save_interval_updates=0, keep_interval_updates=-1, keep_interval_updates_pattern=-1, keep_last_epochs=20, keep_best_checkpoints=-1, no_save=False, no_epoch_checkpoints=False, no_last_checkpoints=False, no_save_optimizer_state=False, best_checkpoint_metric='loss', maximize_best_checkpoint_metric=False, patience=-1, checkpoint_suffix='', checkpoint_shard_count=1, load_checkpoint_on_all_dp_ranks=False, write_checkpoints_asynchronously=False, store_ema=False, ema_decay=0.9999, ema_start_update=0, ema_seed_model=None, ema_update_freq=1, ema_fp32=False, layerdrop=0.0, embed_scale=-1.0, sandwich_ln=False, dist_head='none', num_dist_head_kernel=128, num_edge_types=8192, sample_weight_estimator=False, sample_weight_estimator_pat='pdbbind', fingerprint=False, dataset_name='pcqm4m', num_classes=1, max_nodes=474, dataset_source='affincraft', num_atoms=4608, num_edges=1536, num_in_degree=512, num_out_degree=512, num_spatial=512, num_edge_dis=128, multi_hop_max_dist=5, spatial_pos_max=1024, edge_type='multi_hop', pretrained_model_name='none', load_pretrained_model_output_layer=False, train_epoch_shuffle=True, user_data_dir='', data_path='', train_pkl_pattern='/ssd/home/scw6f3q/train_lmdb', valid_pkl_pattern='/ssd/home/scw6f3q/lmdb/valid.lmdb', test_pkl_pattern='', merged_pkl_file='', train_pkl_objects=10000, valid_pkl_objects=1000, test_pkl_objects=0, train_pkl_index='', valid_pkl_index='', test_pkl_index='', adam_betas='(0.9, 0.999)', adam_eps=1e-08, weight_decay=0.01, use_old_adam=False, fp16_adam_stats=False, warmup_updates=75000, force_anneal=None, end_learning_rate=1e-09, power=1.0, total_num_update='1875000', pad=1, eos=2, unk=3, encoder_layers=18, encoder_embed_dim=896, encoder_ffn_embed_dim=896, encoder_attention_heads=32, attention_dropout=0.1, act_dropout=0.1, dropout=0.1, no_seed_provided=False, activation_fn='gelu', encoder_normalize_before=True, apply_graphormer_init=False, share_encoder_input_output_embed=False, no_token_positional_embeddings=False, _name='graphormer_large')
2025-10-29 17:04:31 | INFO | fairseq_cli.train | GraphormerModel(
  (encoder): GraphormerEncoder(
    (graph_encoder): AffinCraftGraphEncoder(
      (dropout_module): FairseqDropout()
      (graph_node_feature): AffinCraftNodeFeature(
        (node_encoder): Linear(in_features=9, out_features=896, bias=True)
        (graph_token): Embedding(1, 896)
        (local_masif_encoder): Sequential(
          (0): Linear(in_features=80, out_features=448, bias=True)
          (1): GELU(approximate='none')
          (2): Linear(in_features=448, out_features=448, bias=True)
        )
        (global_masif_encoder): Sequential(
          (0): Linear(in_features=448, out_features=896, bias=True)
          (1): GELU(approximate='none')
          (2): Linear(in_features=896, out_features=896, bias=True)
        )
        (attention_weights): Linear(in_features=448, out_features=1, bias=True)
        (gbscore_encoder): Sequential(
          (0): Linear(in_features=400, out_features=896, bias=True)
          (1): GELU(approximate='none')
          (2): Linear(in_features=896, out_features=896, bias=True)
        )
        (feature_fusion): Linear(in_features=2688, out_features=896, bias=True)
      )
      (graph_attn_bias): AffinCraftAttnBias(
        (structural_edge_encoder): Embedding(20, 32, padding_idx=0)
        (plip_intra_protein_encoder): Embedding(15, 32, padding_idx=0)
        (plip_intra_ligand_encoder): Embedding(15, 32, padding_idx=0)
        (plip_inter_molecular_encoder): Embedding(15, 32, padding_idx=0)
        (distance_encoder): Sequential(
          (0): Linear(in_features=1, out_features=32, bias=True)
          (1): ReLU()
          (2): Linear(in_features=32, out_features=32, bias=True)
        )
        (edge_location_encoder): Embedding(4, 32)
        (graph_token_virtual_distance): Embedding(1, 32)
        (angle_encoder): Sequential(
          (0): Linear(in_features=28, out_features=32, bias=True)
          (1): ReLU()
          (2): Linear(in_features=32, out_features=32, bias=True)
        )
        (multi_dist_encoder): Sequential(
          (0): Linear(in_features=28, out_features=32, bias=True)
          (1): ReLU()
          (2): Linear(in_features=32, out_features=32, bias=True)
        )
      )
      (emb_layer_norm): LayerNorm((896,), eps=1e-05, elementwise_affine=True)
      (layers): ModuleList(
        (0-17): 18 x GraphormerGraphEncoderLayer(
          (dropout_module): FairseqDropout()
          (activation_dropout_module): FairseqDropout()
          (self_attn): MultiheadAttention(
            (dropout_module): FairseqDropout()
            (k_proj): Linear(in_features=896, out_features=896, bias=True)
            (v_proj): Linear(in_features=896, out_features=896, bias=True)
            (q_proj): Linear(in_features=896, out_features=896, bias=True)
            (out_proj): Linear(in_features=896, out_features=896, bias=True)
          )
          (self_attn_layer_norm): LayerNorm((896,), eps=1e-05, elementwise_affine=True)
          (fc1): Linear(in_features=896, out_features=896, bias=True)
          (fc2): Linear(in_features=896, out_features=896, bias=True)
          (final_layer_norm): LayerNorm((896,), eps=1e-05, elementwise_affine=True)
        )
      )
    )
    (masked_lm_pooler): Linear(in_features=896, out_features=896, bias=True)
    (lm_head_transform_weight): Linear(in_features=896, out_features=896, bias=True)
    (layer_norm): LayerNorm((896,), eps=1e-05, elementwise_affine=True)
    (embed_out): Linear(in_features=896, out_features=1, bias=False)
  )
)
2025-10-29 17:04:31 | INFO | fairseq_cli.train | task: GraphPredictionTask
2025-10-29 17:04:31 | INFO | fairseq_cli.train | model: GraphormerModel
2025-10-29 17:04:31 | INFO | fairseq_cli.train | criterion: GraphPredictionL2LossWithRMSD
2025-10-29 17:04:31 | INFO | fairseq_cli.train | num. shared model params: 93,510,754 (num. trained: 93,510,754)
2025-10-29 17:04:31 | INFO | fairseq_cli.train | num. expert model params: 0 (num. trained: 0)
2025-10-29 17:04:31 | INFO | graphormer.tasks.graph_prediction | Loaded valid with #samples: 161137
2025-10-29 17:04:31 | INFO | fairseq.utils | ***********************CUDA enviroments for all 8 workers***********************
2025-10-29 17:04:31 | INFO | fairseq.utils | rank   0: capabilities =  8.9  ; total memory = 22.152 GB ; name = NVIDIA GeForce RTX 4090                 
2025-10-29 17:04:31 | INFO | fairseq.utils | rank   1: capabilities =  8.9  ; total memory = 22.152 GB ; name = NVIDIA GeForce RTX 4090                 
2025-10-29 17:04:31 | INFO | fairseq.utils | rank   2: capabilities =  8.9  ; total memory = 22.152 GB ; name = NVIDIA GeForce RTX 4090                 
2025-10-29 17:04:31 | INFO | fairseq.utils | rank   3: capabilities =  8.9  ; total memory = 22.152 GB ; name = NVIDIA GeForce RTX 4090                 
2025-10-29 17:04:31 | INFO | fairseq.utils | rank   4: capabilities =  8.9  ; total memory = 22.152 GB ; name = NVIDIA GeForce RTX 4090                 
2025-10-29 17:04:31 | INFO | fairseq.utils | rank   5: capabilities =  8.9  ; total memory = 22.152 GB ; name = NVIDIA GeForce RTX 4090                 
2025-10-29 17:04:31 | INFO | fairseq.utils | rank   6: capabilities =  8.9  ; total memory = 22.152 GB ; name = NVIDIA GeForce RTX 4090                 
2025-10-29 17:04:31 | INFO | fairseq.utils | rank   7: capabilities =  8.9  ; total memory = 22.152 GB ; name = NVIDIA GeForce RTX 4090                 
2025-10-29 17:04:31 | INFO | fairseq.utils | ***********************CUDA enviroments for all 8 workers***********************
2025-10-29 17:04:31 | INFO | fairseq_cli.train | training on 8 devices (GPUs/TPUs)
2025-10-29 17:04:31 | INFO | fairseq_cli.train | max tokens per device = None and max sentences per device = 16
2025-10-29 17:04:31 | INFO | fairseq.trainer | Preparing to load checkpoint ./affincraft_pretrain_ckpts_lmdb_multi_gpu/checkpoint_last.pt
2025-10-29 17:04:31 | INFO | fairseq.trainer | No existing checkpoint found ./affincraft_pretrain_ckpts_lmdb_multi_gpu/checkpoint_last.pt
2025-10-29 17:04:31 | INFO | fairseq.trainer | loading train data for epoch 1
2025-10-29 17:04:31 | INFO | graphormer.tasks.graph_prediction | Loaded train with #samples: 1457129
2025-10-29 17:04:36 | INFO | fairseq.data.iterators | grouped total_num_itrs = 11384
2025-10-29 17:04:36 | INFO | fairseq.trainer | begin training epoch 1
2025-10-29 17:04:36 | INFO | fairseq_cli.train | Start iterating over samples
2025-10-29 17:05:43 | INFO | train_inner | epoch 001:     50 / 11384 loss=0.875373, wps=1702.6, ups=0.87, wpb=1948.1, bsz=128, num_updates=50, lr=6.66667e-08, gnorm=156.097, clip=100, loss_scale=1, train_wall=61, gb_free=11.7, wall=72
2025-10-29 17:06:33 | INFO | train_inner | epoch 001:    100 / 11384 loss=0.80136, wps=1977.3, ups=1.01, wpb=1957.1, bsz=128, num_updates=100, lr=1.33333e-07, gnorm=166.322, clip=100, loss_scale=1, train_wall=49, gb_free=11.9, wall=121
2025-10-29 17:07:22 | INFO | train_inner | epoch 001:    150 / 11384 loss=0.698405, wps=2011.1, ups=1.02, wpb=1978, bsz=128, num_updates=150, lr=2e-07, gnorm=95.342, clip=100, loss_scale=2, train_wall=49, gb_free=13.5, wall=171
2025-10-29 17:08:10 | INFO | train_inner | epoch 001:    200 / 11384 loss=0.688354, wps=2008.4, ups=1.04, wpb=1924.8, bsz=128, num_updates=200, lr=2.66667e-07, gnorm=82.644, clip=100, loss_scale=2, train_wall=48, gb_free=14.6, wall=219
2025-10-29 17:08:58 | INFO | train_inner | epoch 001:    250 / 11384 loss=0.660611, wps=2013.2, ups=1.03, wpb=1954.2, bsz=128, num_updates=250, lr=3.33333e-07, gnorm=73.103, clip=100, loss_scale=2, train_wall=48, gb_free=16.2, wall=267
2025-10-29 17:09:47 | INFO | train_inner | epoch 001:    300 / 11384 loss=0.622469, wps=2021.9, ups=1.02, wpb=1987.6, bsz=128, num_updates=300, lr=4e-07, gnorm=90.821, clip=100, loss_scale=4, train_wall=49, gb_free=13.1, wall=316
2025-10-29 17:10:37 | INFO | train_inner | epoch 001:    350 / 11384 loss=0.628725, wps=1988.9, ups=1, wpb=1990.8, bsz=128, num_updates=350, lr=4.66667e-07, gnorm=81.946, clip=100, loss_scale=4, train_wall=50, gb_free=12.5, wall=366
2025-10-29 17:11:28 | INFO | train_inner | epoch 001:    400 / 11384 loss=0.689503, wps=1932.3, ups=0.98, wpb=1968.3, bsz=128, num_updates=400, lr=5.33333e-07, gnorm=116.9, clip=100, loss_scale=8, train_wall=51, gb_free=16.4, wall=417
2025-10-29 17:12:17 | INFO | train_inner | epoch 001:    450 / 11384 loss=0.597476, wps=1981.8, ups=1.02, wpb=1935.8, bsz=128, num_updates=450, lr=6e-07, gnorm=86.633, clip=100, loss_scale=8, train_wall=49, gb_free=12.2, wall=466
2025-10-29 17:13:25 | INFO | train_inner | epoch 001:    500 / 11384 loss=0.601446, wps=1420.1, ups=0.73, wpb=1937.9, bsz=128, num_updates=500, lr=6.66667e-07, gnorm=89.378, clip=100, loss_scale=8, train_wall=68, gb_free=17.4, wall=534
2025-10-29 17:14:37 | INFO | train_inner | epoch 001:    550 / 11384 loss=0.60515, wps=1356.7, ups=0.7, wpb=1947.1, bsz=128, num_updates=550, lr=7.33333e-07, gnorm=113.711, clip=100, loss_scale=16, train_wall=71, gb_free=14.8, wall=606
2025-10-29 17:15:29 | INFO | train_inner | epoch 001:    600 / 11384 loss=0.56499, wps=1886.5, ups=0.97, wpb=1949.8, bsz=128, num_updates=600, lr=8e-07, gnorm=88.502, clip=100, loss_scale=16, train_wall=51, gb_free=12.4, wall=658
2025-10-29 17:16:28 | INFO | train_inner | epoch 001:    650 / 11384 loss=0.570334, wps=1649.4, ups=0.85, wpb=1943.3, bsz=128, num_updates=650, lr=8.66667e-07, gnorm=94.158, clip=100, loss_scale=32, train_wall=59, gb_free=15.2, wall=717
2025-10-29 17:17:12 | INFO | fairseq.trainer | NOTE: gradient overflow detected, ignoring gradient, setting loss scale to: 16.0
2025-10-29 17:17:24 | INFO | train_inner | epoch 001:    701 / 11384 loss=0.565751, wps=1741, ups=0.89, wpb=1957, bsz=128, num_updates=700, lr=9.33333e-07, gnorm=82.687, clip=100, loss_scale=16, train_wall=56, gb_free=16.2, wall=773
2025-10-29 17:18:19 | INFO | train_inner | epoch 001:    751 / 11384 loss=0.542417, wps=1751.2, ups=0.91, wpb=1934.8, bsz=128, num_updates=750, lr=1e-06, gnorm=91.129, clip=100, loss_scale=16, train_wall=55, gb_free=10.9, wall=828
2025-10-29 17:21:20 | INFO | train_inner | epoch 001:    801 / 11384 loss=0.570636, wps=546.1, ups=0.28, wpb=1971.3, bsz=128, num_updates=800, lr=1.06667e-06, gnorm=105.417, clip=100, loss_scale=16, train_wall=106, gb_free=16.3, wall=1009
2025-10-29 17:22:15 | INFO | train_inner | epoch 001:    851 / 11384 loss=0.520952, wps=1813.6, ups=0.91, wpb=1982.4, bsz=128, num_updates=850, lr=1.13333e-06, gnorm=85.127, clip=100, loss_scale=32, train_wall=54, gb_free=16.1, wall=1063
2025-10-29 17:23:11 | INFO | fairseq.trainer | NOTE: gradient overflow detected, ignoring gradient, setting loss scale to: 16.0
2025-10-29 17:23:41 | INFO | train_inner | epoch 001:    902 / 11384 loss=0.546275, wps=1133.5, ups=0.58, wpb=1963.1, bsz=128, num_updates=900, lr=1.2e-06, gnorm=103.713, clip=100, loss_scale=16, train_wall=86, gb_free=16.7, wall=1150
2025-10-29 17:25:30 | INFO | train_inner | epoch 001:    952 / 11384 loss=0.525737, wps=900.3, ups=0.46, wpb=1963.6, bsz=128, num_updates=950, lr=1.26667e-06, gnorm=106.121, clip=100, loss_scale=16, train_wall=73, gb_free=15.1, wall=1259
2025-10-29 17:26:21 | INFO | train_inner | epoch 001:   1002 / 11384 loss=0.52779, wps=1925.9, ups=0.98, wpb=1961.9, bsz=128, num_updates=1000, lr=1.33333e-06, gnorm=82.577, clip=100, loss_scale=32, train_wall=51, gb_free=14, wall=1310
2025-10-29 17:27:56 | INFO | fairseq.trainer | NOTE: gradient overflow detected, ignoring gradient, setting loss scale to: 16.0
2025-10-29 17:28:25 | INFO | train_inner | epoch 001:   1053 / 11384 loss=0.500281, wps=786.1, ups=0.41, wpb=1939.9, bsz=128, num_updates=1050, lr=1.4e-06, gnorm=79.128, clip=100, loss_scale=16, train_wall=123, gb_free=11.9, wall=1433
2025-10-29 17:30:14 | INFO | train_inner | epoch 001:   1103 / 11384 loss=0.504899, wps=873.8, ups=0.46, wpb=1912.5, bsz=128, num_updates=1100, lr=1.46667e-06, gnorm=84.649, clip=100, loss_scale=16, train_wall=59, gb_free=15.3, wall=1543
2025-10-29 17:31:35 | INFO | train_inner | epoch 001:   1153 / 11384 loss=0.504118, wps=1211.2, ups=0.62, wpb=1949.3, bsz=128, num_updates=1150, lr=1.53333e-06, gnorm=93.387, clip=100, loss_scale=32, train_wall=80, gb_free=14.7, wall=1623
2025-10-29 17:33:22 | INFO | train_inner | epoch 001:   1203 / 11384 loss=0.488008, wps=911.3, ups=0.47, wpb=1953.7, bsz=128, num_updates=1200, lr=1.6e-06, gnorm=76.681, clip=100, loss_scale=32, train_wall=52, gb_free=16.1, wall=1731
2025-10-29 17:35:15 | INFO | train_inner | epoch 001:   1253 / 11384 loss=0.490809, wps=863.4, ups=0.44, wpb=1948.8, bsz=128, num_updates=1250, lr=1.66667e-06, gnorm=81.045, clip=100, loss_scale=32, train_wall=112, gb_free=16, wall=1843
2025-10-29 17:35:48 | INFO | fairseq.trainer | NOTE: gradient overflow detected, ignoring gradient, setting loss scale to: 32.0
2025-10-29 17:36:08 | INFO | train_inner | epoch 001:   1304 / 11384 loss=0.483578, wps=1834.2, ups=0.94, wpb=1953.1, bsz=128, num_updates=1300, lr=1.73333e-06, gnorm=69.438, clip=100, loss_scale=32, train_wall=53, gb_free=15.8, wall=1897
2025-10-29 17:37:29 | INFO | train_inner | epoch 001:   1354 / 11384 loss=0.483573, wps=1207.1, ups=0.62, wpb=1952.3, bsz=128, num_updates=1350, lr=1.8e-06, gnorm=80.008, clip=100, loss_scale=32, train_wall=80, gb_free=15.4, wall=1978
2025-10-29 17:39:24 | INFO | train_inner | epoch 001:   1404 / 11384 loss=0.486978, wps=828.2, ups=0.43, wpb=1906.6, bsz=128, num_updates=1400, lr=1.86667e-06, gnorm=68.746, clip=100, loss_scale=32, train_wall=114, gb_free=15.9, wall=2093
2025-10-29 17:41:24 | INFO | fairseq.trainer | NOTE: gradient overflow detected, ignoring gradient, setting loss scale to: 32.0
2025-10-29 17:41:51 | INFO | train_inner | epoch 001:   1455 / 11384 loss=0.471567, wps=665.8, ups=0.34, wpb=1959.6, bsz=128, num_updates=1450, lr=1.93333e-06, gnorm=65.549, clip=100, loss_scale=32, train_wall=147, gb_free=15.1, wall=2240
2025-10-29 17:43:07 | INFO | train_inner | epoch 001:   1505 / 11384 loss=0.485437, wps=1254, ups=0.66, wpb=1899.4, bsz=128, num_updates=1500, lr=2e-06, gnorm=68.73, clip=100, loss_scale=32, train_wall=76, gb_free=16.5, wall=2316
2025-10-29 17:44:58 | INFO | train_inner | epoch 001:   1555 / 11384 loss=0.459211, wps=862.9, ups=0.45, wpb=1917.4, bsz=128, num_updates=1550, lr=2.06667e-06, gnorm=59.254, clip=100, loss_scale=32, train_wall=111, gb_free=11.8, wall=2427
2025-10-29 17:45:19 | INFO | fairseq.trainer | NOTE: gradient overflow detected, ignoring gradient, setting loss scale to: 32.0
2025-10-29 17:46:23 | INFO | train_inner | epoch 001:   1606 / 11384 loss=0.491784, wps=1153.8, ups=0.59, wpb=1952.2, bsz=128, num_updates=1600, lr=2.13333e-06, gnorm=69.238, clip=100, loss_scale=32, train_wall=84, gb_free=14.7, wall=2512
2025-10-29 17:47:13 | INFO | train_inner | epoch 001:   1656 / 11384 loss=0.452195, wps=1967.9, ups=0.99, wpb=1992.4, bsz=128, num_updates=1650, lr=2.2e-06, gnorm=60.195, clip=100, loss_scale=32, train_wall=50, gb_free=12.4, wall=2562
2025-10-29 17:48:40 | INFO | train_inner | epoch 001:   1706 / 11384 loss=0.470901, wps=1129.5, ups=0.58, wpb=1960.5, bsz=128, num_updates=1700, lr=2.26667e-06, gnorm=51.551, clip=100, loss_scale=64, train_wall=61, gb_free=12.6, wall=2649
2025-10-29 17:50:15 | INFO | fairseq.trainer | NOTE: gradient overflow detected, ignoring gradient, setting loss scale to: 32.0
2025-10-29 17:50:38 | INFO | train_inner | epoch 001:   1757 / 11384 loss=0.460705, wps=836.5, ups=0.42, wpb=1979, bsz=128, num_updates=1750, lr=2.33333e-06, gnorm=54.572, clip=100, loss_scale=32, train_wall=118, gb_free=16.8, wall=2767
2025-10-29 17:52:37 | INFO | train_inner | epoch 001:   1807 / 11384 loss=0.459858, wps=811.4, ups=0.42, wpb=1918.1, bsz=128, num_updates=1800, lr=2.4e-06, gnorm=51.85, clip=100, loss_scale=32, train_wall=80, gb_free=9.8, wall=2885
2025-10-29 17:54:31 | INFO | train_inner | epoch 001:   1857 / 11384 loss=0.476307, wps=859.9, ups=0.44, wpb=1970, bsz=128, num_updates=1850, lr=2.46667e-06, gnorm=49.776, clip=100, loss_scale=32, train_wall=114, gb_free=14.9, wall=3000
2025-10-29 17:56:11 | INFO | train_inner | epoch 001:   1907 / 11384 loss=0.442821, wps=987.9, ups=0.5, wpb=1966.9, bsz=128, num_updates=1900, lr=2.53333e-06, gnorm=49.36, clip=100, loss_scale=64, train_wall=99, gb_free=14.7, wall=3100
2025-10-29 17:57:26 | INFO | train_inner | epoch 001:   1957 / 11384 loss=0.456497, wps=1314.2, ups=0.66, wpb=1979.5, bsz=128, num_updates=1950, lr=2.6e-06, gnorm=51.06, clip=100, loss_scale=64, train_wall=75, gb_free=11.6, wall=3175
2025-10-29 17:58:53 | INFO | fairseq.trainer | NOTE: gradient overflow detected, ignoring gradient, setting loss scale to: 64.0
2025-10-29 17:58:58 | INFO | train_inner | epoch 001:   2008 / 11384 loss=0.457177, wps=1055.6, ups=0.55, wpb=1933.7, bsz=128, num_updates=2000, lr=2.66667e-06, gnorm=51.967, clip=100, loss_scale=64, train_wall=51, gb_free=16.4, wall=3266
2025-10-29 18:00:56 | INFO | train_inner | epoch 001:   2058 / 11384 loss=0.435237, wps=818, ups=0.42, wpb=1940.3, bsz=128, num_updates=2050, lr=2.73333e-06, gnorm=48.899, clip=100, loss_scale=64, train_wall=53, gb_free=17.5, wall=3385
2025-10-29 18:02:25 | INFO | train_inner | epoch 001:   2108 / 11384 loss=0.468316, wps=1126.1, ups=0.57, wpb=1991.1, bsz=128, num_updates=2100, lr=2.8e-06, gnorm=47.101, clip=100, loss_scale=64, train_wall=88, gb_free=14.5, wall=3473
2025-10-29 18:03:06 | INFO | fairseq.trainer | NOTE: gradient overflow detected, ignoring gradient, setting loss scale to: 64.0
2025-10-29 18:05:11 | INFO | train_inner | epoch 001:   2159 / 11384 loss=0.452135, wps=577.4, ups=0.3, wpb=1919.1, bsz=128, num_updates=2150, lr=2.86667e-06, gnorm=48.948, clip=100, loss_scale=64, train_wall=116, gb_free=16.1, wall=3640
2025-10-29 18:05:21 | INFO | fairseq.trainer | NOTE: gradient overflow detected, ignoring gradient, setting loss scale to: 32.0
2025-10-29 18:06:02 | INFO | train_inner | epoch 001:   2210 / 11384 loss=0.464193, wps=1906.6, ups=0.98, wpb=1946.1, bsz=128, num_updates=2200, lr=2.93333e-06, gnorm=46.959, clip=100, loss_scale=32, train_wall=51, gb_free=14.7, wall=3691
2025-10-29 18:08:44 | INFO | train_inner | epoch 001:   2260 / 11384 loss=0.451206, wps=600.5, ups=0.31, wpb=1941.8, bsz=128, num_updates=2250, lr=3e-06, gnorm=37.709, clip=100, loss_scale=32, train_wall=161, gb_free=16.7, wall=3852
2025-10-29 18:10:31 | INFO | train_inner | epoch 001:   2310 / 11384 loss=0.444572, wps=894.8, ups=0.47, wpb=1922, bsz=128, num_updates=2300, lr=3.06667e-06, gnorm=40.305, clip=100, loss_scale=64, train_wall=107, gb_free=15.8, wall=3960
2025-10-29 18:10:39 | INFO | fairseq.trainer | NOTE: gradient overflow detected, ignoring gradient, setting loss scale to: 32.0
2025-10-29 18:11:48 | INFO | train_inner | epoch 001:   2361 / 11384 loss=0.466121, wps=1284, ups=0.65, wpb=1983, bsz=128, num_updates=2350, lr=3.13333e-06, gnorm=45.08, clip=100, loss_scale=32, train_wall=69, gb_free=14.8, wall=4037
2025-10-29 18:12:47 | INFO | train_inner | epoch 001:   2411 / 11384 loss=0.426949, wps=1649, ups=0.85, wpb=1933.9, bsz=128, num_updates=2400, lr=3.2e-06, gnorm=36.985, clip=100, loss_scale=32, train_wall=56, gb_free=17.2, wall=4096
2025-10-29 18:14:17 | INFO | train_inner | epoch 001:   2461 / 11384 loss=0.459359, wps=1087.6, ups=0.56, wpb=1951.1, bsz=128, num_updates=2450, lr=3.26667e-06, gnorm=43.385, clip=100, loss_scale=64, train_wall=89, gb_free=17.3, wall=4185
2025-10-29 18:15:54 | INFO | train_inner | epoch 001:   2511 / 11384 loss=0.432892, wps=1021.8, ups=0.51, wpb=1996.8, bsz=128, num_updates=2500, lr=3.33333e-06, gnorm=37.118, clip=100, loss_scale=64, train_wall=72, gb_free=15.8, wall=4283
2025-10-29 18:18:01 | INFO | train_inner | epoch 001:   2561 / 11384 loss=0.44154, wps=776.9, ups=0.4, wpb=1965, bsz=128, num_updates=2550, lr=3.4e-06, gnorm=39.649, clip=100, loss_scale=64, train_wall=126, gb_free=6.5, wall=4410
2025-10-29 18:20:04 | INFO | fairseq.trainer | NOTE: gradient overflow detected, ignoring gradient, setting loss scale to: 64.0
2025-10-29 18:20:08 | INFO | train_inner | epoch 001:   2612 / 11384 loss=0.439464, wps=774.1, ups=0.39, wpb=1964.8, bsz=128, num_updates=2600, lr=3.46667e-06, gnorm=34.642, clip=100, loss_scale=64, train_wall=51, gb_free=10.9, wall=4536
2025-10-29 18:21:00 | INFO | train_inner | epoch 001:   2662 / 11384 loss=0.443921, wps=1885.9, ups=0.96, wpb=1957.5, bsz=128, num_updates=2650, lr=3.53333e-06, gnorm=39.33, clip=100, loss_scale=64, train_wall=52, gb_free=17.1, wall=4588
2025-10-29 18:23:04 | INFO | train_inner | epoch 001:   2712 / 11384 loss=0.444408, wps=791.3, ups=0.4, wpb=1962.3, bsz=128, num_updates=2700, lr=3.6e-06, gnorm=37.546, clip=100, loss_scale=64, train_wall=91, gb_free=11.6, wall=4712
2025-10-29 18:25:18 | INFO | train_inner | epoch 001:   2762 / 11384 loss=0.441346, wps=716.6, ups=0.37, wpb=1933.5, bsz=128, num_updates=2750, lr=3.66667e-06, gnorm=38.881, clip=100, loss_scale=128, train_wall=135, gb_free=14.6, wall=4847
2025-10-29 18:25:52 | INFO | fairseq.trainer | NOTE: gradient overflow detected, ignoring gradient, setting loss scale to: 64.0
2025-10-29 18:26:32 | INFO | train_inner | epoch 001:   2813 / 11384 loss=0.440861, wps=1345.8, ups=0.68, wpb=1976.1, bsz=128, num_updates=2800, lr=3.73333e-06, gnorm=41.317, clip=100, loss_scale=64, train_wall=73, gb_free=12, wall=4921
2025-10-29 18:28:09 | INFO | train_inner | epoch 001:   2863 / 11384 loss=0.431161, wps=1013.5, ups=0.52, wpb=1962.6, bsz=128, num_updates=2850, lr=3.8e-06, gnorm=37.053, clip=100, loss_scale=64, train_wall=97, gb_free=14.1, wall=5017
2025-10-29 18:29:45 | INFO | train_inner | epoch 001:   2913 / 11384 loss=0.448726, wps=1000.1, ups=0.52, wpb=1926.4, bsz=128, num_updates=2900, lr=3.86667e-06, gnorm=37.492, clip=100, loss_scale=128, train_wall=53, gb_free=13.6, wall=5114
2025-10-29 18:30:19 | INFO | fairseq.trainer | NOTE: gradient overflow detected, ignoring gradient, setting loss scale to: 64.0
2025-10-29 18:30:37 | INFO | train_inner | epoch 001:   2964 / 11384 loss=0.42405, wps=1899.3, ups=0.96, wpb=1979.5, bsz=128, num_updates=2950, lr=3.93333e-06, gnorm=43.298, clip=100, loss_scale=64, train_wall=52, gb_free=14.9, wall=5166
2025-10-29 18:33:27 | INFO | train_inner | epoch 001:   3014 / 11384 loss=0.418896, wps=577.6, ups=0.29, wpb=1968.3, bsz=128, num_updates=3000, lr=4e-06, gnorm=34.517, clip=100, loss_scale=64, train_wall=170, gb_free=16.4, wall=5336
2025-10-29 18:34:18 | INFO | train_inner | epoch 001:   3064 / 11384 loss=0.418349, wps=1956.5, ups=0.98, wpb=1995.9, bsz=128, num_updates=3050, lr=4.06667e-06, gnorm=39.157, clip=100, loss_scale=64, train_wall=51, gb_free=12, wall=5387
2025-10-29 18:36:23 | INFO | train_inner | epoch 001:   3114 / 11384 loss=0.44132, wps=783.3, ups=0.4, wpb=1955.3, bsz=128, num_updates=3100, lr=4.13333e-06, gnorm=37.656, clip=100, loss_scale=128, train_wall=50, gb_free=16.4, wall=5512
2025-10-29 18:38:08 | INFO | train_inner | epoch 001:   3164 / 11384 loss=0.411333, wps=924.3, ups=0.48, wpb=1936.7, bsz=128, num_updates=3150, lr=4.2e-06, gnorm=36.956, clip=100, loss_scale=128, train_wall=94, gb_free=15.5, wall=5617
2025-10-29 18:40:14 | INFO | fairseq.trainer | NOTE: gradient overflow detected, ignoring gradient, setting loss scale to: 128.0
2025-10-29 18:40:15 | INFO | train_inner | epoch 001:   3215 / 11384 loss=0.430792, wps=772.1, ups=0.39, wpb=1961.3, bsz=128, num_updates=3200, lr=4.26667e-06, gnorm=41.495, clip=100, loss_scale=128, train_wall=113, gb_free=13.5, wall=5744
2025-10-29 18:41:05 | INFO | train_inner | epoch 001:   3265 / 11384 loss=0.421557, wps=1960.5, ups=0.99, wpb=1974.1, bsz=127.9, num_updates=3250, lr=4.33333e-06, gnorm=39.401, clip=100, loss_scale=128, train_wall=50, gb_free=13, wall=5794
2025-10-29 18:42:50 | INFO | train_inner | epoch 001:   3315 / 11384 loss=0.419576, wps=926.9, ups=0.48, wpb=1931.5, bsz=128, num_updates=3300, lr=4.4e-06, gnorm=33.019, clip=100, loss_scale=128, train_wall=104, gb_free=13.5, wall=5898
2025-10-29 18:44:47 | INFO | fairseq.trainer | NOTE: gradient overflow detected, ignoring gradient, setting loss scale to: 128.0
2025-10-29 18:44:48 | INFO | train_inner | epoch 001:   3366 / 11384 loss=0.416668, wps=826.7, ups=0.42, wpb=1964.2, bsz=128, num_updates=3350, lr=4.46667e-06, gnorm=30.771, clip=100, loss_scale=128, train_wall=98, gb_free=7.4, wall=6017
2025-10-29 18:45:39 | INFO | train_inner | epoch 001:   3416 / 11384 loss=0.424126, wps=1928.2, ups=0.99, wpb=1955.6, bsz=128, num_updates=3400, lr=4.53333e-06, gnorm=37.67, clip=100, loss_scale=128, train_wall=50, gb_free=16.2, wall=6068
2025-10-29 18:47:28 | INFO | train_inner | epoch 001:   3466 / 11384 loss=0.402433, wps=883.6, ups=0.46, wpb=1926.5, bsz=128, num_updates=3450, lr=4.6e-06, gnorm=29.727, clip=100, loss_scale=128, train_wall=105, gb_free=15.7, wall=6177
2025-10-29 18:50:12 | INFO | fairseq.trainer | NOTE: gradient overflow detected, ignoring gradient, setting loss scale to: 128.0
2025-10-29 18:50:32 | INFO | train_inner | epoch 001:   3517 / 11384 loss=0.431895, wps=534.6, ups=0.27, wpb=1969.7, bsz=128, num_updates=3500, lr=4.66667e-06, gnorm=38.562, clip=100, loss_scale=128, train_wall=184, gb_free=13.2, wall=6361
2025-10-29 18:52:11 | INFO | fairseq.trainer | NOTE: gradient overflow detected, ignoring gradient, setting loss scale to: 64.0
2025-10-29 18:52:17 | INFO | train_inner | epoch 001:   3568 / 11384 loss=0.431756, wps=936.4, ups=0.48, wpb=1950, bsz=128, num_updates=3550, lr=4.73333e-06, gnorm=33.051, clip=100, loss_scale=64, train_wall=104, gb_free=11.2, wall=6465
2025-10-29 18:54:11 | INFO | train_inner | epoch 001:   3618 / 11384 loss=0.426114, wps=867.4, ups=0.44, wpb=1993.9, bsz=128, num_updates=3600, lr=4.8e-06, gnorm=41.167, clip=100, loss_scale=64, train_wall=105, gb_free=14.8, wall=6580
2025-10-29 18:55:34 | INFO | train_inner | epoch 001:   3668 / 11384 loss=0.405469, wps=1176.6, ups=0.6, wpb=1946, bsz=128, num_updates=3650, lr=4.86667e-06, gnorm=29.033, clip=100, loss_scale=64, train_wall=82, gb_free=9.2, wall=6663
2025-10-29 18:57:31 | INFO | train_inner | epoch 001:   3718 / 11384 loss=0.405014, wps=846.5, ups=0.43, wpb=1983.6, bsz=128, num_updates=3700, lr=4.93333e-06, gnorm=33.875, clip=100, loss_scale=128, train_wall=117, gb_free=15.4, wall=6780
2025-10-29 18:58:22 | INFO | train_inner | epoch 001:   3768 / 11384 loss=0.418593, wps=1956.5, ups=0.99, wpb=1975.7, bsz=128, num_updates=3750, lr=5e-06, gnorm=32.873, clip=100, loss_scale=128, train_wall=50, gb_free=15.6, wall=6831
2025-10-29 18:59:55 | INFO | train_inner | epoch 001:   3818 / 11384 loss=0.383806, wps=1052.7, ups=0.53, wpb=1968.6, bsz=128, num_updates=3800, lr=5.06667e-06, gnorm=28.691, clip=100, loss_scale=128, train_wall=92, gb_free=17, wall=6924
2025-10-29 19:00:01 | INFO | fairseq.trainer | NOTE: gradient overflow detected, ignoring gradient, setting loss scale to: 128.0
2025-10-29 19:01:53 | INFO | train_inner | epoch 001:   3869 / 11384 loss=0.411366, wps=822.1, ups=0.43, wpb=1933.1, bsz=128, num_updates=3850, lr=5.13333e-06, gnorm=33.281, clip=100, loss_scale=128, train_wall=66, gb_free=12.6, wall=7042
2025-10-29 19:03:29 | INFO | train_inner | epoch 001:   3919 / 11384 loss=0.421983, wps=1019.6, ups=0.52, wpb=1965.2, bsz=128, num_updates=3900, lr=5.2e-06, gnorm=33.546, clip=100, loss_scale=128, train_wall=88, gb_free=11.6, wall=7138
2025-10-29 19:06:15 | INFO | train_inner | epoch 001:   3969 / 11384 loss=0.402344, wps=599.5, ups=0.3, wpb=1989.3, bsz=128, num_updates=3950, lr=5.26667e-06, gnorm=33.828, clip=100, loss_scale=256, train_wall=165, gb_free=12.4, wall=7304
2025-10-29 19:06:26 | INFO | fairseq.trainer | NOTE: gradient overflow detected, ignoring gradient, setting loss scale to: 128.0
2025-10-29 19:07:07 | INFO | train_inner | epoch 001:   4020 / 11384 loss=0.407258, wps=1881.6, ups=0.97, wpb=1932.8, bsz=128, num_updates=4000, lr=5.33333e-06, gnorm=35.709, clip=100, loss_scale=128, train_wall=51, gb_free=16.3, wall=7355
2025-10-29 19:09:17 | INFO | train_inner | epoch 001:   4070 / 11384 loss=0.393607, wps=748.3, ups=0.38, wpb=1945.2, bsz=128, num_updates=4050, lr=5.4e-06, gnorm=31.666, clip=100, loss_scale=128, train_wall=130, gb_free=15, wall=7485
2025-10-29 19:10:43 | INFO | fairseq.trainer | NOTE: gradient overflow detected, ignoring gradient, setting loss scale to: 128.0
2025-10-29 19:10:50 | INFO | train_inner | epoch 001:   4121 / 11384 loss=0.396123, wps=1039.5, ups=0.53, wpb=1947.8, bsz=128, num_updates=4100, lr=5.46667e-06, gnorm=32.52, clip=100, loss_scale=128, train_wall=82, gb_free=16.5, wall=7579
2025-10-29 19:11:27 | INFO | fairseq.trainer | NOTE: gradient overflow detected, ignoring gradient, setting loss scale to: 64.0
2025-10-29 19:12:13 | INFO | train_inner | epoch 001:   4172 / 11384 loss=0.400762, wps=1178, ups=0.61, wpb=1940.1, bsz=128, num_updates=4150, lr=5.53333e-06, gnorm=36.482, clip=100, loss_scale=64, train_wall=82, gb_free=13.3, wall=7661
2025-10-29 19:14:24 | INFO | train_inner | epoch 001:   4222 / 11384 loss=0.395692, wps=741.9, ups=0.38, wpb=1947.7, bsz=128, num_updates=4200, lr=5.6e-06, gnorm=37.347, clip=100, loss_scale=64, train_wall=131, gb_free=15.1, wall=7793
2025-10-29 19:15:54 | INFO | train_inner | epoch 001:   4272 / 11384 loss=0.413886, wps=1109.6, ups=0.56, wpb=1992.4, bsz=128, num_updates=4250, lr=5.66667e-06, gnorm=37.328, clip=100, loss_scale=64, train_wall=73, gb_free=10.2, wall=7883
2025-10-29 19:17:20 | INFO | train_inner | epoch 001:   4322 / 11384 loss=0.393439, wps=1124.2, ups=0.58, wpb=1935.8, bsz=128, num_updates=4300, lr=5.73333e-06, gnorm=35.39, clip=100, loss_scale=128, train_wall=86, gb_free=16.5, wall=7969
2025-10-29 19:18:12 | INFO | train_inner | epoch 001:   4372 / 11384 loss=0.416126, wps=1927.2, ups=0.96, wpb=1998.3, bsz=128, num_updates=4350, lr=5.8e-06, gnorm=34.325, clip=100, loss_scale=128, train_wall=52, gb_free=16.3, wall=8020
2025-10-29 19:20:00 | INFO | train_inner | epoch 001:   4422 / 11384 loss=0.419464, wps=897.8, ups=0.46, wpb=1952.4, bsz=128, num_updates=4400, lr=5.86667e-06, gnorm=34.311, clip=100, loss_scale=256, train_wall=82, gb_free=11.6, wall=8129
2025-10-29 19:20:27 | INFO | fairseq.trainer | NOTE: gradient overflow detected, ignoring gradient, setting loss scale to: 128.0
2025-10-29 19:22:34 | INFO | train_inner | epoch 001:   4473 / 11384 loss=0.411935, wps=639.3, ups=0.32, wpb=1968.7, bsz=128, num_updates=4450, lr=5.93333e-06, gnorm=37.768, clip=100, loss_scale=128, train_wall=139, gb_free=17.4, wall=8283
2025-10-29 19:24:07 | INFO | train_inner | epoch 001:   4523 / 11384 loss=0.4239, wps=1065.9, ups=0.54, wpb=1974.5, bsz=128, num_updates=4500, lr=6e-06, gnorm=36.567, clip=100, loss_scale=128, train_wall=92, gb_free=15.4, wall=8376
2025-10-29 19:24:57 | INFO | train_inner | epoch 001:   4573 / 11384 loss=0.409148, wps=1952.4, ups=1, wpb=1956.4, bsz=128, num_updates=4550, lr=6.06667e-06, gnorm=37.307, clip=100, loss_scale=128, train_wall=50, gb_free=10.9, wall=8426
2025-10-29 19:26:53 | INFO | fairseq.trainer | NOTE: gradient overflow detected, ignoring gradient, setting loss scale to: 128.0
2025-10-29 19:27:28 | INFO | train_inner | epoch 001:   4624 / 11384 loss=0.397014, wps=653.5, ups=0.33, wpb=1964.2, bsz=128, num_updates=4600, lr=6.13333e-06, gnorm=35.882, clip=100, loss_scale=128, train_wall=91, gb_free=13.4, wall=8576
2025-10-29 19:28:59 | INFO | train_inner | epoch 001:   4674 / 11384 loss=0.388304, wps=1059, ups=0.54, wpb=1943.2, bsz=128, num_updates=4650, lr=6.2e-06, gnorm=29.855, clip=100, loss_scale=128, train_wall=81, gb_free=16.5, wall=8668
2025-10-29 19:31:00 | INFO | train_inner | epoch 001:   4724 / 11384 loss=0.404642, wps=812.4, ups=0.42, wpb=1953.9, bsz=128, num_updates=4700, lr=6.26667e-06, gnorm=35.442, clip=100, loss_scale=256, train_wall=112, gb_free=16.2, wall=8788
2025-10-29 19:31:10 | INFO | fairseq.trainer | NOTE: gradient overflow detected, ignoring gradient, setting loss scale to: 128.0
2025-10-29 19:31:54 | INFO | train_inner | epoch 001:   4775 / 11384 loss=0.396101, wps=1834.8, ups=0.92, wpb=1997.5, bsz=128, num_updates=4750, lr=6.33333e-06, gnorm=34.393, clip=100, loss_scale=128, train_wall=54, gb_free=12.7, wall=8843
2025-10-29 19:34:53 | INFO | train_inner | epoch 001:   4825 / 11384 loss=0.386563, wps=533.9, ups=0.28, wpb=1917.2, bsz=128, num_updates=4800, lr=6.4e-06, gnorm=31.933, clip=100, loss_scale=128, train_wall=124, gb_free=8.5, wall=9022
2025-10-29 19:36:34 | INFO | fairseq.trainer | NOTE: gradient overflow detected, ignoring gradient, setting loss scale to: 128.0
2025-10-29 19:36:46 | INFO | train_inner | epoch 001:   4876 / 11384 loss=0.411474, wps=849.7, ups=0.45, wpb=1905.1, bsz=128, num_updates=4850, lr=6.46667e-06, gnorm=37.818, clip=100, loss_scale=128, train_wall=84, gb_free=16.3, wall=9134
2025-10-29 19:38:17 | INFO | train_inner | epoch 001:   4926 / 11384 loss=0.392988, wps=1085.6, ups=0.55, wpb=1982.8, bsz=128, num_updates=4900, lr=6.53333e-06, gnorm=30.38, clip=100, loss_scale=128, train_wall=91, gb_free=17.3, wall=9226
2025-10-29 19:40:30 | INFO | train_inner | epoch 001:   4976 / 11384 loss=0.393289, wps=730.1, ups=0.38, wpb=1938.5, bsz=128, num_updates=4950, lr=6.6e-06, gnorm=32.361, clip=100, loss_scale=128, train_wall=71, gb_free=16.7, wall=9359
2025-10-29 19:40:53 | INFO | fairseq.trainer | NOTE: gradient overflow detected, ignoring gradient, setting loss scale to: 128.0
2025-10-29 19:41:23 | INFO | train_inner | epoch 001:   5027 / 11384 loss=0.375245, wps=1799, ups=0.93, wpb=1929.2, bsz=128, num_updates=5000, lr=6.66667e-06, gnorm=32.642, clip=100, loss_scale=128, train_wall=53, gb_free=16.5, wall=9412
2025-10-29 19:42:33 | INFO | train_inner | epoch 001:   5077 / 11384 loss=0.39171, wps=1386.3, ups=0.72, wpb=1924, bsz=128, num_updates=5050, lr=6.73333e-06, gnorm=34.834, clip=100, loss_scale=128, train_wall=69, gb_free=10.9, wall=9482
2025-10-29 19:43:48 | INFO | train_inner | epoch 001:   5127 / 11384 loss=0.382204, wps=1310.9, ups=0.66, wpb=1975.1, bsz=128, num_updates=5100, lr=6.8e-06, gnorm=31.778, clip=100, loss_scale=256, train_wall=75, gb_free=13.7, wall=9557
2025-10-29 19:44:00 | INFO | fairseq.trainer | NOTE: gradient overflow detected, ignoring gradient, setting loss scale to: 128.0
2025-10-29 19:44:11 | INFO | fairseq.trainer | NOTE: gradient overflow detected, ignoring gradient, setting loss scale to: 64.0
2025-10-29 19:44:46 | INFO | train_inner | epoch 001:   5179 / 11384 loss=0.391838, wps=1727.2, ups=0.88, wpb=1972.7, bsz=128, num_updates=5150, lr=6.86667e-06, gnorm=33.943, clip=100, loss_scale=64, train_wall=57, gb_free=13.6, wall=9614
2025-10-29 19:46:00 | INFO | train_inner | epoch 001:   5229 / 11384 loss=0.407284, wps=1315.2, ups=0.67, wpb=1962.6, bsz=128, num_updates=5200, lr=6.93333e-06, gnorm=42.977, clip=100, loss_scale=64, train_wall=74, gb_free=7.7, wall=9689
2025-10-29 19:47:11 | INFO | train_inner | epoch 001:   5279 / 11384 loss=0.391732, wps=1384.8, ups=0.71, wpb=1954.4, bsz=128, num_updates=5250, lr=7e-06, gnorm=33.727, clip=100, loss_scale=128, train_wall=65, gb_free=14.3, wall=9760
2025-10-29 19:48:22 | INFO | train_inner | epoch 001:   5329 / 11384 loss=0.378045, wps=1375.4, ups=0.71, wpb=1943.2, bsz=128, num_updates=5300, lr=7.06667e-06, gnorm=33.197, clip=100, loss_scale=128, train_wall=70, gb_free=16.4, wall=9830
2025-10-29 19:48:48 | INFO | fairseq.trainer | NOTE: gradient overflow detected, ignoring gradient, setting loss scale to: 64.0
2025-10-29 19:49:24 | INFO | train_inner | epoch 001:   5380 / 11384 loss=0.397691, wps=1588.9, ups=0.8, wpb=1976.8, bsz=128, num_updates=5350, lr=7.13333e-06, gnorm=42.222, clip=100, loss_scale=64, train_wall=62, gb_free=11.9, wall=9893
2025-10-29 19:50:30 | INFO | train_inner | epoch 001:   5430 / 11384 loss=0.382423, wps=1484.1, ups=0.76, wpb=1957.8, bsz=128, num_updates=5400, lr=7.2e-06, gnorm=40.47, clip=100, loss_scale=64, train_wall=64, gb_free=12.5, wall=9959
2025-10-29 19:51:31 | INFO | train_inner | epoch 001:   5480 / 11384 loss=0.388218, wps=1621.2, ups=0.82, wpb=1970.5, bsz=128, num_updates=5450, lr=7.26667e-06, gnorm=38.996, clip=100, loss_scale=64, train_wall=61, gb_free=8.1, wall=10019
2025-10-29 19:52:23 | INFO | train_inner | epoch 001:   5530 / 11384 loss=0.385207, wps=1844.8, ups=0.94, wpb=1952.3, bsz=128, num_updates=5500, lr=7.33333e-06, gnorm=34.968, clip=100, loss_scale=128, train_wall=53, gb_free=10.9, wall=10072
2025-10-29 19:53:26 | INFO | train_inner | epoch 001:   5580 / 11384 loss=0.371907, wps=1567.5, ups=0.8, wpb=1963.2, bsz=128, num_updates=5550, lr=7.4e-06, gnorm=31.631, clip=100, loss_scale=128, train_wall=62, gb_free=9.2, wall=10135
2025-10-29 19:54:07 | INFO | fairseq.trainer | NOTE: gradient overflow detected, ignoring gradient, setting loss scale to: 128.0
2025-10-29 19:54:29 | INFO | train_inner | epoch 001:   5631 / 11384 loss=0.393103, wps=1561.1, ups=0.8, wpb=1956.9, bsz=128, num_updates=5600, lr=7.46667e-06, gnorm=38.105, clip=100, loss_scale=128, train_wall=62, gb_free=14.9, wall=10198
2025-10-29 19:55:32 | INFO | train_inner | epoch 001:   5681 / 11384 loss=0.378471, wps=1533.4, ups=0.79, wpb=1940.6, bsz=128, num_updates=5650, lr=7.53333e-06, gnorm=31.058, clip=100, loss_scale=128, train_wall=63, gb_free=11.1, wall=10261
2025-10-29 19:57:00 | INFO | train_inner | epoch 001:   5731 / 11384 loss=0.376711, wps=1115.5, ups=0.57, wpb=1960.8, bsz=128, num_updates=5700, lr=7.6e-06, gnorm=38.454, clip=100, loss_scale=128, train_wall=64, gb_free=16.4, wall=10349
2025-10-29 19:57:44 | INFO | fairseq.trainer | NOTE: gradient overflow detected, ignoring gradient, setting loss scale to: 128.0
2025-10-29 19:58:31 | INFO | train_inner | epoch 001:   5782 / 11384 loss=0.378861, wps=1064.1, ups=0.55, wpb=1929.5, bsz=128, num_updates=5750, lr=7.66667e-06, gnorm=36.758, clip=100, loss_scale=128, train_wall=76, gb_free=13.2, wall=10440
2025-10-29 19:59:29 | INFO | train_inner | epoch 001:   5832 / 11384 loss=0.370776, wps=1670.2, ups=0.87, wpb=1922.7, bsz=128, num_updates=5800, lr=7.73333e-06, gnorm=33.087, clip=100, loss_scale=128, train_wall=57, gb_free=17.2, wall=10497
2025-10-29 20:00:51 | INFO | fairseq.trainer | NOTE: gradient overflow detected, ignoring gradient, setting loss scale to: 128.0
2025-10-29 20:00:56 | INFO | train_inner | epoch 001:   5883 / 11384 loss=0.394565, wps=1124, ups=0.57, wpb=1967.3, bsz=128, num_updates=5850, lr=7.8e-06, gnorm=34.454, clip=100, loss_scale=128, train_wall=87, gb_free=13.6, wall=10585
2025-10-29 20:01:48 | INFO | train_inner | epoch 001:   5933 / 11384 loss=0.366458, wps=1853.9, ups=0.96, wpb=1932.1, bsz=128, num_updates=5900, lr=7.86667e-06, gnorm=34.912, clip=100, loss_scale=128, train_wall=52, gb_free=15.4, wall=10637
2025-10-29 20:02:04 | INFO | fairseq.trainer | NOTE: gradient overflow detected, ignoring gradient, setting loss scale to: 64.0
2025-10-29 20:02:55 | INFO | train_inner | epoch 001:   5984 / 11384 loss=0.354068, wps=1439.1, ups=0.75, wpb=1925, bsz=128, num_updates=5950, lr=7.93333e-06, gnorm=35.46, clip=100, loss_scale=64, train_wall=67, gb_free=15.9, wall=10704
2025-10-29 20:03:53 | INFO | train_inner | epoch 001:   6034 / 11384 loss=0.369594, wps=1677.3, ups=0.86, wpb=1948.1, bsz=128, num_updates=6000, lr=8e-06, gnorm=40.527, clip=100, loss_scale=64, train_wall=58, gb_free=15, wall=10762
2025-10-29 20:04:49 | INFO | train_inner | epoch 001:   6084 / 11384 loss=0.357428, wps=1781.2, ups=0.9, wpb=1982.3, bsz=128, num_updates=6050, lr=8.06667e-06, gnorm=37.616, clip=100, loss_scale=128, train_wall=55, gb_free=16.1, wall=10818
2025-10-29 20:04:52 | INFO | fairseq.trainer | NOTE: gradient overflow detected, ignoring gradient, setting loss scale to: 64.0
2025-10-29 20:05:08 | INFO | fairseq.trainer | NOTE: gradient overflow detected, ignoring gradient, setting loss scale to: 32.0
2025-10-29 20:05:59 | INFO | train_inner | epoch 001:   6136 / 11384 loss=0.362299, wps=1358.9, ups=0.71, wpb=1907.9, bsz=128, num_updates=6100, lr=8.13333e-06, gnorm=41.378, clip=100, loss_scale=32, train_wall=70, gb_free=16.8, wall=10888
2025-10-29 20:06:59 | INFO | train_inner | epoch 001:   6186 / 11384 loss=0.372125, wps=1634.4, ups=0.83, wpb=1972, bsz=128, num_updates=6150, lr=8.2e-06, gnorm=35.622, clip=100, loss_scale=32, train_wall=60, gb_free=12.3, wall=10948
2025-10-29 20:07:53 | INFO | train_inner | epoch 001:   6236 / 11384 loss=0.385025, wps=1817.8, ups=0.93, wpb=1961.4, bsz=128, num_updates=6200, lr=8.26667e-06, gnorm=34.977, clip=100, loss_scale=64, train_wall=54, gb_free=16.8, wall=11002
2025-10-29 20:09:10 | INFO | train_inner | epoch 001:   6286 / 11384 loss=0.396457, wps=1249.8, ups=0.65, wpb=1922.3, bsz=128, num_updates=6250, lr=8.33333e-06, gnorm=39.962, clip=100, loss_scale=64, train_wall=77, gb_free=13.3, wall=11079
2025-10-29 20:10:11 | INFO | train_inner | epoch 001:   6336 / 11384 loss=0.368964, wps=1620.4, ups=0.82, wpb=1967.3, bsz=128, num_updates=6300, lr=8.4e-06, gnorm=32.801, clip=100, loss_scale=64, train_wall=60, gb_free=15.7, wall=11140
2025-10-29 20:11:23 | INFO | train_inner | epoch 001:   6386 / 11384 loss=0.369384, wps=1356.9, ups=0.7, wpb=1948.8, bsz=128, num_updates=6350, lr=8.46667e-06, gnorm=35.992, clip=100, loss_scale=128, train_wall=72, gb_free=15.7, wall=11212
2025-10-29 20:12:12 | INFO | fairseq.trainer | NOTE: gradient overflow detected, ignoring gradient, setting loss scale to: 64.0
2025-10-29 20:12:52 | INFO | train_inner | epoch 001:   6437 / 11384 loss=0.340715, wps=1108, ups=0.56, wpb=1969.9, bsz=128, num_updates=6400, lr=8.53333e-06, gnorm=32.6, clip=100, loss_scale=64, train_wall=89, gb_free=15, wall=11301
2025-10-29 20:14:32 | INFO | train_inner | epoch 001:   6487 / 11384 loss=0.360352, wps=985, ups=0.5, wpb=1975.8, bsz=128, num_updates=6450, lr=8.6e-06, gnorm=35.693, clip=100, loss_scale=64, train_wall=100, gb_free=12, wall=11401
2025-10-29 20:16:02 | INFO | train_inner | epoch 001:   6537 / 11384 loss=0.351918, wps=1094.7, ups=0.56, wpb=1962.7, bsz=128, num_updates=6500, lr=8.66667e-06, gnorm=32.12, clip=100, loss_scale=64, train_wall=89, gb_free=13.3, wall=11491
2025-10-29 20:16:59 | INFO | fairseq.trainer | NOTE: gradient overflow detected, ignoring gradient, setting loss scale to: 64.0
2025-10-29 20:17:01 | INFO | train_inner | epoch 001:   6588 / 11384 loss=0.34981, wps=1648, ups=0.84, wpb=1954.3, bsz=128, num_updates=6550, lr=8.73333e-06, gnorm=34.852, clip=100, loss_scale=64, train_wall=59, gb_free=14, wall=11550
2025-10-29 20:18:11 | INFO | train_inner | epoch 001:   6638 / 11384 loss=0.37333, wps=1388, ups=0.71, wpb=1946.3, bsz=128, num_updates=6600, lr=8.8e-06, gnorm=37.125, clip=100, loss_scale=64, train_wall=70, gb_free=15.8, wall=11620
2025-10-29 20:19:14 | INFO | train_inner | epoch 001:   6688 / 11384 loss=0.35729, wps=1586.8, ups=0.79, wpb=1998.9, bsz=128, num_updates=6650, lr=8.86667e-06, gnorm=35.718, clip=100, loss_scale=64, train_wall=63, gb_free=15.8, wall=11683
2025-10-29 20:20:14 | INFO | train_inner | epoch 001:   6738 / 11384 loss=0.355409, wps=1651.7, ups=0.83, wpb=1980.7, bsz=128, num_updates=6700, lr=8.93333e-06, gnorm=35.295, clip=100, loss_scale=128, train_wall=60, gb_free=13.6, wall=11743
2025-10-29 20:20:56 | INFO | fairseq.trainer | NOTE: gradient overflow detected, ignoring gradient, setting loss scale to: 64.0
2025-10-29 20:21:17 | INFO | train_inner | epoch 001:   6789 / 11384 loss=0.356252, wps=1552.4, ups=0.79, wpb=1953.3, bsz=128, num_updates=6750, lr=9e-06, gnorm=37.775, clip=100, loss_scale=64, train_wall=63, gb_free=15.5, wall=11806
2025-10-29 20:22:17 | INFO | train_inner | epoch 001:   6839 / 11384 loss=0.371448, wps=1631.1, ups=0.83, wpb=1957.2, bsz=128, num_updates=6800, lr=9.06667e-06, gnorm=38.412, clip=100, loss_scale=64, train_wall=60, gb_free=15.1, wall=11866
2025-10-29 20:23:19 | INFO | train_inner | epoch 001:   6889 / 11384 loss=0.374012, wps=1588.7, ups=0.81, wpb=1953.3, bsz=128, num_updates=6850, lr=9.13333e-06, gnorm=35.421, clip=100, loss_scale=64, train_wall=61, gb_free=15.9, wall=11927
2025-10-29 20:24:16 | INFO | fairseq.trainer | NOTE: gradient overflow detected, ignoring gradient, setting loss scale to: 64.0
2025-10-29 20:24:22 | INFO | train_inner | epoch 001:   6940 / 11384 loss=0.363977, wps=1515.7, ups=0.79, wpb=1912.4, bsz=128, num_updates=6900, lr=9.2e-06, gnorm=34.852, clip=100, loss_scale=64, train_wall=63, gb_free=15, wall=11990
2025-10-29 20:25:26 | INFO | train_inner | epoch 001:   6990 / 11384 loss=0.392397, wps=1506, ups=0.77, wpb=1947.5, bsz=128, num_updates=6950, lr=9.26667e-06, gnorm=43.132, clip=100, loss_scale=64, train_wall=64, gb_free=16.2, wall=12055
2025-10-29 20:26:34 | INFO | train_inner | epoch 001:   7040 / 11384 loss=0.377913, wps=1459.7, ups=0.74, wpb=1966.4, bsz=128, num_updates=7000, lr=9.33333e-06, gnorm=35.878, clip=100, loss_scale=64, train_wall=67, gb_free=12.4, wall=12123
2025-10-29 20:27:17 | INFO | fairseq.trainer | NOTE: gradient overflow detected, ignoring gradient, setting loss scale to: 64.0
2025-10-29 20:27:54 | INFO | train_inner | epoch 001:   7091 / 11384 loss=0.351805, wps=1212.5, ups=0.62, wpb=1940.9, bsz=128, num_updates=7050, lr=9.4e-06, gnorm=30.712, clip=100, loss_scale=64, train_wall=80, gb_free=14.8, wall=12203
2025-10-29 20:29:25 | INFO | train_inner | epoch 001:   7141 / 11384 loss=0.362855, wps=1065.3, ups=0.55, wpb=1946.9, bsz=128, num_updates=7100, lr=9.46667e-06, gnorm=36.126, clip=100, loss_scale=64, train_wall=75, gb_free=16.2, wall=12294
2025-10-29 20:30:41 | INFO | train_inner | epoch 001:   7191 / 11384 loss=0.356082, wps=1287.1, ups=0.66, wpb=1954.6, bsz=128, num_updates=7150, lr=9.53333e-06, gnorm=36.085, clip=100, loss_scale=64, train_wall=63, gb_free=11.7, wall=12370
2025-10-29 20:32:05 | INFO | train_inner | epoch 001:   7241 / 11384 loss=0.35387, wps=1170.1, ups=0.6, wpb=1956.7, bsz=128, num_updates=7200, lr=9.6e-06, gnorm=33.634, clip=100, loss_scale=128, train_wall=59, gb_free=17, wall=12454
2025-10-29 20:32:28 | INFO | fairseq.trainer | NOTE: gradient overflow detected, ignoring gradient, setting loss scale to: 64.0
2025-10-29 20:33:10 | INFO | train_inner | epoch 001:   7292 / 11384 loss=0.359981, wps=1512.7, ups=0.77, wpb=1954.3, bsz=128, num_updates=7250, lr=9.66667e-06, gnorm=35.146, clip=100, loss_scale=64, train_wall=61, gb_free=15.4, wall=12518
2025-10-29 20:34:13 | INFO | train_inner | epoch 001:   7342 / 11384 loss=0.359211, wps=1592.4, ups=0.79, wpb=2012.1, bsz=128, num_updates=7300, lr=9.73333e-06, gnorm=41.552, clip=100, loss_scale=64, train_wall=62, gb_free=10.7, wall=12582
2025-10-29 20:35:19 | INFO | train_inner | epoch 001:   7392 / 11384 loss=0.355184, wps=1456.4, ups=0.75, wpb=1936.7, bsz=128, num_updates=7350, lr=9.8e-06, gnorm=34.446, clip=100, loss_scale=128, train_wall=53, gb_free=17, wall=12648
2025-10-29 20:35:34 | INFO | fairseq.trainer | NOTE: gradient overflow detected, ignoring gradient, setting loss scale to: 64.0
2025-10-29 20:36:27 | INFO | train_inner | epoch 001:   7443 / 11384 loss=0.35353, wps=1493, ups=0.74, wpb=2026.1, bsz=128, num_updates=7400, lr=9.86667e-06, gnorm=37.441, clip=100, loss_scale=64, train_wall=62, gb_free=14.1, wall=12716
2025-10-29 20:37:21 | INFO | train_inner | epoch 001:   7493 / 11384 loss=0.362348, wps=1808.7, ups=0.93, wpb=1947.1, bsz=128, num_updates=7450, lr=9.93333e-06, gnorm=33.15, clip=100, loss_scale=64, train_wall=54, gb_free=15.7, wall=12770
2025-10-29 20:38:31 | INFO | train_inner | epoch 001:   7543 / 11384 loss=0.36161, wps=1439.6, ups=0.72, wpb=1996.5, bsz=128, num_updates=7500, lr=1e-05, gnorm=40.39, clip=100, loss_scale=128, train_wall=69, gb_free=7.8, wall=12839
2025-10-29 20:39:15 | INFO | fairseq.trainer | NOTE: gradient overflow detected, ignoring gradient, setting loss scale to: 64.0
2025-10-29 20:39:58 | INFO | train_inner | epoch 001:   7594 / 11384 loss=0.386989, wps=1120.2, ups=0.57, wpb=1957, bsz=128, num_updates=7550, lr=1.00667e-05, gnorm=35.328, clip=100, loss_scale=64, train_wall=87, gb_free=13.7, wall=12927
2025-10-29 20:41:02 | INFO | train_inner | epoch 001:   7644 / 11384 loss=0.347566, wps=1548.2, ups=0.78, wpb=1985, bsz=128, num_updates=7600, lr=1.01333e-05, gnorm=35.124, clip=100, loss_scale=64, train_wall=64, gb_free=14.4, wall=12991
2025-10-29 20:42:03 | INFO | train_inner | epoch 001:   7694 / 11384 loss=0.352271, wps=1615.3, ups=0.82, wpb=1968.5, bsz=128, num_updates=7650, lr=1.02e-05, gnorm=39.178, clip=100, loss_scale=128, train_wall=61, gb_free=16.5, wall=13052
2025-10-29 20:42:25 | INFO | fairseq.trainer | NOTE: gradient overflow detected, ignoring gradient, setting loss scale to: 64.0
2025-10-29 20:43:07 | INFO | train_inner | epoch 001:   7745 / 11384 loss=0.353811, wps=1528.4, ups=0.78, wpb=1971.9, bsz=128, num_updates=7700, lr=1.02667e-05, gnorm=38.049, clip=100, loss_scale=64, train_wall=64, gb_free=13.4, wall=13116
2025-10-29 20:44:13 | INFO | train_inner | epoch 001:   7795 / 11384 loss=0.350103, wps=1459.7, ups=0.76, wpb=1922.2, bsz=128, num_updates=7750, lr=1.03333e-05, gnorm=36.599, clip=100, loss_scale=64, train_wall=66, gb_free=15.9, wall=13182
2025-10-29 20:45:07 | INFO | train_inner | epoch 001:   7845 / 11384 loss=0.339023, wps=1843.5, ups=0.93, wpb=1983.9, bsz=128, num_updates=7800, lr=1.04e-05, gnorm=32.931, clip=100, loss_scale=128, train_wall=54, gb_free=14.3, wall=13236
2025-10-29 20:45:33 | INFO | fairseq.trainer | NOTE: gradient overflow detected, ignoring gradient, setting loss scale to: 64.0
2025-10-29 20:46:17 | INFO | train_inner | epoch 001:   7896 / 11384 loss=0.344988, wps=1431.6, ups=0.72, wpb=1988.8, bsz=128, num_updates=7850, lr=1.04667e-05, gnorm=33.992, clip=100, loss_scale=64, train_wall=69, gb_free=12.8, wall=13305
2025-10-29 20:47:17 | INFO | train_inner | epoch 001:   7946 / 11384 loss=0.356523, wps=1639.4, ups=0.82, wpb=1991.7, bsz=128, num_updates=7900, lr=1.05333e-05, gnorm=39.789, clip=100, loss_scale=64, train_wall=60, gb_free=16.5, wall=13366
2025-10-29 20:48:30 | INFO | train_inner | epoch 001:   7996 / 11384 loss=0.347105, wps=1361.2, ups=0.69, wpb=1985.4, bsz=128, num_updates=7950, lr=1.06e-05, gnorm=35.868, clip=100, loss_scale=128, train_wall=73, gb_free=15.5, wall=13439
2025-10-29 20:48:57 | INFO | fairseq.trainer | NOTE: gradient overflow detected, ignoring gradient, setting loss scale to: 64.0
2025-10-29 20:50:12 | INFO | train_inner | epoch 001:   8047 / 11384 loss=0.348893, wps=957.3, ups=0.49, wpb=1951.8, bsz=128, num_updates=8000, lr=1.06667e-05, gnorm=40.54, clip=100, loss_scale=64, train_wall=97, gb_free=15.6, wall=13541
2025-10-29 20:51:48 | INFO | train_inner | epoch 001:   8097 / 11384 loss=0.357006, wps=1013.4, ups=0.52, wpb=1945.4, bsz=128, num_updates=8050, lr=1.07333e-05, gnorm=38.247, clip=100, loss_scale=64, train_wall=68, gb_free=16.2, wall=13637
2025-10-29 20:53:00 | INFO | train_inner | epoch 001:   8147 / 11384 loss=0.345227, wps=1346.2, ups=0.7, wpb=1933.6, bsz=128, num_updates=8100, lr=1.08e-05, gnorm=36.809, clip=100, loss_scale=128, train_wall=72, gb_free=15.5, wall=13709
2025-10-29 20:53:39 | INFO | fairseq.trainer | NOTE: gradient overflow detected, ignoring gradient, setting loss scale to: 64.0
2025-10-29 20:54:15 | INFO | train_inner | epoch 001:   8198 / 11384 loss=0.361827, wps=1331.2, ups=0.67, wpb=1989.7, bsz=128, num_updates=8150, lr=1.08667e-05, gnorm=39.458, clip=100, loss_scale=64, train_wall=74, gb_free=16.8, wall=13784
2025-10-29 20:55:20 | INFO | train_inner | epoch 001:   8248 / 11384 loss=0.340794, wps=1519.3, ups=0.76, wpb=1991.1, bsz=128, num_updates=8200, lr=1.09333e-05, gnorm=37.883, clip=100, loss_scale=64, train_wall=65, gb_free=13.3, wall=13849
2025-10-29 20:56:23 | INFO | train_inner | epoch 001:   8298 / 11384 loss=0.327522, wps=1565.7, ups=0.8, wpb=1957.3, bsz=128, num_updates=8250, lr=1.1e-05, gnorm=37.116, clip=100, loss_scale=64, train_wall=62, gb_free=15.1, wall=13912
2025-10-29 20:56:41 | INFO | fairseq.trainer | NOTE: gradient overflow detected, ignoring gradient, setting loss scale to: 64.0
2025-10-29 20:57:15 | INFO | train_inner | epoch 001:   8349 / 11384 loss=0.338621, wps=1867, ups=0.96, wpb=1945.3, bsz=128, num_updates=8300, lr=1.10667e-05, gnorm=37.701, clip=100, loss_scale=64, train_wall=52, gb_free=13.4, wall=13964
2025-10-29 20:58:11 | INFO | train_inner | epoch 001:   8399 / 11384 loss=0.328807, wps=1759.3, ups=0.89, wpb=1968.8, bsz=128, num_updates=8350, lr=1.11333e-05, gnorm=38.51, clip=100, loss_scale=64, train_wall=56, gb_free=15, wall=14020
2025-10-29 20:59:14 | INFO | fairseq.trainer | NOTE: gradient overflow detected, ignoring gradient, setting loss scale to: 64.0
2025-10-29 20:59:18 | INFO | train_inner | epoch 001:   8450 / 11384 loss=0.356217, wps=1481.6, ups=0.75, wpb=1975.1, bsz=128, num_updates=8400, lr=1.12e-05, gnorm=42.464, clip=100, loss_scale=64, train_wall=66, gb_free=14.5, wall=14087
2025-10-29 21:00:22 | INFO | train_inner | epoch 001:   8500 / 11384 loss=0.348511, wps=1513.2, ups=0.78, wpb=1951.9, bsz=128, num_updates=8450, lr=1.12667e-05, gnorm=38.195, clip=100, loss_scale=64, train_wall=64, gb_free=17.1, wall=14151
2025-10-29 21:01:18 | INFO | train_inner | epoch 001:   8550 / 11384 loss=0.336282, wps=1748.5, ups=0.9, wpb=1939.7, bsz=128, num_updates=8500, lr=1.13333e-05, gnorm=31.849, clip=100, loss_scale=64, train_wall=55, gb_free=15.1, wall=14207
2025-10-29 21:02:12 | INFO | fairseq.trainer | NOTE: gradient overflow detected, ignoring gradient, setting loss scale to: 64.0
2025-10-29 21:02:35 | INFO | train_inner | epoch 001:   8601 / 11384 loss=0.339599, wps=1226.4, ups=0.65, wpb=1898.3, bsz=128, num_updates=8550, lr=1.14e-05, gnorm=34.496, clip=100, loss_scale=64, train_wall=77, gb_free=15.7, wall=14284
2025-10-29 21:03:37 | INFO | fairseq.trainer | NOTE: gradient overflow detected, ignoring gradient, setting loss scale to: 32.0
2025-10-29 21:04:08 | INFO | train_inner | epoch 001:   8652 / 11384 loss=0.338146, wps=1080.1, ups=0.54, wpb=2010.7, bsz=128, num_updates=8600, lr=1.14667e-05, gnorm=35.344, clip=100, loss_scale=32, train_wall=93, gb_free=14.6, wall=14377
2025-10-29 21:05:30 | INFO | train_inner | epoch 001:   8702 / 11384 loss=0.338799, wps=1197.2, ups=0.61, wpb=1948.9, bsz=128, num_updates=8650, lr=1.15333e-05, gnorm=38.158, clip=100, loss_scale=32, train_wall=81, gb_free=17.1, wall=14459
2025-10-29 21:06:42 | INFO | train_inner | epoch 001:   8752 / 11384 loss=0.336054, wps=1370.9, ups=0.69, wpb=1976.2, bsz=128, num_updates=8700, lr=1.16e-05, gnorm=36.096, clip=100, loss_scale=32, train_wall=72, gb_free=14.7, wall=14531
2025-10-29 21:07:49 | INFO | train_inner | epoch 001:   8802 / 11384 loss=0.339551, wps=1455.3, ups=0.75, wpb=1949.7, bsz=128, num_updates=8750, lr=1.16667e-05, gnorm=43.002, clip=100, loss_scale=64, train_wall=67, gb_free=14.5, wall=14598
2025-10-29 21:07:51 | INFO | fairseq.trainer | NOTE: gradient overflow detected, ignoring gradient, setting loss scale to: 32.0
2025-10-29 21:09:10 | INFO | train_inner | epoch 001:   8853 / 11384 loss=0.344385, wps=1215.3, ups=0.62, wpb=1957, bsz=128, num_updates=8800, lr=1.17333e-05, gnorm=38.608, clip=100, loss_scale=32, train_wall=80, gb_free=14.3, wall=14678
2025-10-29 21:10:06 | INFO | train_inner | epoch 001:   8903 / 11384 loss=0.342528, wps=1748.7, ups=0.89, wpb=1957.8, bsz=128, num_updates=8850, lr=1.18e-05, gnorm=32.18, clip=100, loss_scale=32, train_wall=56, gb_free=12, wall=14734
2025-10-29 21:11:18 | INFO | train_inner | epoch 001:   8953 / 11384 loss=0.334198, wps=1388.8, ups=0.69, wpb=2008.9, bsz=128, num_updates=8900, lr=1.18667e-05, gnorm=39.108, clip=100, loss_scale=64, train_wall=72, gb_free=12.4, wall=14807
2025-10-29 21:12:27 | INFO | train_inner | epoch 001:   9003 / 11384 loss=0.333925, wps=1419.9, ups=0.72, wpb=1967, bsz=128, num_updates=8950, lr=1.19333e-05, gnorm=33.964, clip=100, loss_scale=64, train_wall=54, gb_free=17.1, wall=14876
2025-10-29 21:13:26 | INFO | train_inner | epoch 001:   9053 / 11384 loss=0.347216, wps=1641.4, ups=0.85, wpb=1937.5, bsz=128, num_updates=9000, lr=1.2e-05, gnorm=38.131, clip=100, loss_scale=64, train_wall=53, gb_free=14.5, wall=14935
2025-10-29 21:13:52 | INFO | fairseq.trainer | NOTE: gradient overflow detected, ignoring gradient, setting loss scale to: 64.0
2025-10-29 21:14:39 | INFO | train_inner | epoch 001:   9104 / 11384 loss=0.341861, wps=1340.6, ups=0.69, wpb=1952.4, bsz=128, num_updates=9050, lr=1.20667e-05, gnorm=39.176, clip=100, loss_scale=64, train_wall=66, gb_free=16.5, wall=15008
2025-10-29 21:15:15 | INFO | fairseq.trainer | NOTE: gradient overflow detected, ignoring gradient, setting loss scale to: 32.0
2025-10-29 21:15:42 | INFO | train_inner | epoch 001:   9155 / 11384 loss=0.330781, wps=1588.6, ups=0.8, wpb=1978.8, bsz=128, num_updates=9100, lr=1.21333e-05, gnorm=36.1, clip=100, loss_scale=32, train_wall=62, gb_free=14.3, wall=15070
2025-10-29 21:16:48 | INFO | train_inner | epoch 001:   9205 / 11384 loss=0.336696, wps=1497.7, ups=0.76, wpb=1982.4, bsz=128, num_updates=9150, lr=1.22e-05, gnorm=37.243, clip=100, loss_scale=32, train_wall=66, gb_free=14.6, wall=15137
2025-10-29 21:17:47 | INFO | train_inner | epoch 001:   9255 / 11384 loss=0.325839, wps=1628.4, ups=0.84, wpb=1937.8, bsz=128, num_updates=9200, lr=1.22667e-05, gnorm=35.668, clip=100, loss_scale=32, train_wall=59, gb_free=12, wall=15196
2025-10-29 21:19:02 | INFO | train_inner | epoch 001:   9305 / 11384 loss=0.322557, wps=1347.6, ups=0.67, wpb=2002.9, bsz=128, num_updates=9250, lr=1.23333e-05, gnorm=39.345, clip=100, loss_scale=64, train_wall=74, gb_free=16.1, wall=15271
2025-10-29 21:19:49 | INFO | fairseq.trainer | NOTE: gradient overflow detected, ignoring gradient, setting loss scale to: 32.0
2025-10-29 21:20:14 | INFO | train_inner | epoch 001:   9356 / 11384 loss=0.32311, wps=1353.4, ups=0.69, wpb=1965.1, bsz=128, num_updates=9300, lr=1.24e-05, gnorm=39.152, clip=100, loss_scale=32, train_wall=72, gb_free=11.5, wall=15343
2025-10-29 21:21:45 | INFO | train_inner | epoch 001:   9406 / 11384 loss=0.347581, wps=1104.6, ups=0.55, wpb=2007.6, bsz=128, num_updates=9350, lr=1.24667e-05, gnorm=37.087, clip=100, loss_scale=32, train_wall=91, gb_free=16.8, wall=15434
2025-10-29 21:22:37 | INFO | train_inner | epoch 001:   9456 / 11384 loss=0.345535, wps=1848.5, ups=0.96, wpb=1918.8, bsz=128, num_updates=9400, lr=1.25333e-05, gnorm=43.154, clip=100, loss_scale=32, train_wall=52, gb_free=13, wall=15486
2025-10-29 21:24:09 | INFO | train_inner | epoch 001:   9506 / 11384 loss=0.336593, wps=1069.8, ups=0.55, wpb=1955.5, bsz=128, num_updates=9450, lr=1.26e-05, gnorm=40.346, clip=100, loss_scale=64, train_wall=80, gb_free=17.2, wall=15577
2025-10-29 21:25:17 | INFO | train_inner | epoch 001:   9556 / 11384 loss=0.333914, wps=1434.7, ups=0.73, wpb=1956.9, bsz=128, num_updates=9500, lr=1.26667e-05, gnorm=38.285, clip=100, loss_scale=64, train_wall=68, gb_free=12.8, wall=15646
2025-10-29 21:26:26 | INFO | train_inner | epoch 001:   9606 / 11384 loss=0.325981, wps=1402.7, ups=0.72, wpb=1942.8, bsz=128, num_updates=9550, lr=1.27333e-05, gnorm=38.472, clip=100, loss_scale=128, train_wall=69, gb_free=16, wall=15715
2025-10-29 21:27:32 | INFO | train_inner | epoch 001:   9656 / 11384 loss=0.326587, wps=1526.2, ups=0.77, wpb=1992.1, bsz=128, num_updates=9600, lr=1.28e-05, gnorm=37.815, clip=100, loss_scale=128, train_wall=65, gb_free=11.7, wall=15780
2025-10-29 21:28:00 | INFO | fairseq.trainer | NOTE: gradient overflow detected, ignoring gradient, setting loss scale to: 64.0
2025-10-29 21:28:45 | INFO | train_inner | epoch 001:   9707 / 11384 loss=0.310251, wps=1433.1, ups=0.73, wpb=1968.2, bsz=128, num_updates=9650, lr=1.28667e-05, gnorm=33.591, clip=100, loss_scale=64, train_wall=57, gb_free=5.1, wall=15854
2025-10-29 21:29:12 | INFO | fairseq.trainer | NOTE: gradient overflow detected, ignoring gradient, setting loss scale to: 32.0
2025-10-29 21:30:08 | INFO | train_inner | epoch 001:   9758 / 11384 loss=0.319081, wps=1196.5, ups=0.6, wpb=1987.5, bsz=128, num_updates=9700, lr=1.29333e-05, gnorm=41.472, clip=100, loss_scale=32, train_wall=64, gb_free=15.9, wall=15937
2025-10-29 21:31:08 | INFO | train_inner | epoch 001:   9808 / 11384 loss=0.331517, wps=1609.1, ups=0.83, wpb=1928.5, bsz=128, num_updates=9750, lr=1.3e-05, gnorm=38.791, clip=100, loss_scale=32, train_wall=60, gb_free=12.8, wall=15997
2025-10-29 21:32:18 | INFO | train_inner | epoch 001:   9858 / 11384 loss=0.318006, wps=1390.8, ups=0.72, wpb=1943.9, bsz=128, num_updates=9800, lr=1.30667e-05, gnorm=38.649, clip=100, loss_scale=64, train_wall=70, gb_free=17.7, wall=16067
2025-10-29 21:33:29 | INFO | train_inner | epoch 001:   9908 / 11384 loss=0.34213, wps=1366.3, ups=0.7, wpb=1947.6, bsz=128, num_updates=9850, lr=1.31333e-05, gnorm=40.98, clip=100, loss_scale=64, train_wall=71, gb_free=11.3, wall=16138
2025-10-29 21:34:29 | INFO | train_inner | epoch 001:   9958 / 11384 loss=0.330333, wps=1647.3, ups=0.85, wpb=1947.2, bsz=128, num_updates=9900, lr=1.32e-05, gnorm=36.863, clip=100, loss_scale=64, train_wall=59, gb_free=14, wall=16198
2025-10-29 21:35:45 | INFO | train_inner | epoch 001:  10008 / 11384 loss=0.321018, wps=1292.5, ups=0.66, wpb=1970.9, bsz=128, num_updates=9950, lr=1.32667e-05, gnorm=37.245, clip=100, loss_scale=128, train_wall=76, gb_free=12.6, wall=16274
2025-10-29 21:35:49 | INFO | fairseq.trainer | NOTE: gradient overflow detected, ignoring gradient, setting loss scale to: 64.0
2025-10-29 21:36:12 | INFO | fairseq.trainer | NOTE: gradient overflow detected, ignoring gradient, setting loss scale to: 32.0
2025-10-29 21:36:48 | INFO | train_inner | epoch 001:  10060 / 11384 loss=0.332402, wps=1553.3, ups=0.8, wpb=1944.5, bsz=128, num_updates=10000, lr=1.33333e-05, gnorm=46.235, clip=100, loss_scale=32, train_wall=62, gb_free=15.8, wall=16336
2025-10-29 21:37:55 | INFO | train_inner | epoch 001:  10110 / 11384 loss=0.319996, wps=1430.8, ups=0.74, wpb=1933.3, bsz=128, num_updates=10050, lr=1.34e-05, gnorm=34.525, clip=100, loss_scale=32, train_wall=60, gb_free=16, wall=16404
2025-10-29 21:39:10 | INFO | train_inner | epoch 001:  10160 / 11384 loss=0.316025, wps=1308.6, ups=0.67, wpb=1963.3, bsz=128, num_updates=10100, lr=1.34667e-05, gnorm=36.47, clip=100, loss_scale=64, train_wall=61, gb_free=12.3, wall=16479
2025-10-29 21:40:18 | INFO | train_inner | epoch 001:  10210 / 11384 loss=0.331326, wps=1451.6, ups=0.74, wpb=1953.2, bsz=128, num_updates=10150, lr=1.35333e-05, gnorm=32.924, clip=100, loss_scale=64, train_wall=67, gb_free=14.4, wall=16546
2025-10-29 21:41:48 | INFO | train_inner | epoch 001:  10260 / 11384 loss=0.323304, wps=1087.7, ups=0.55, wpb=1961.8, bsz=128, num_updates=10200, lr=1.36e-05, gnorm=36.857, clip=100, loss_scale=64, train_wall=81, gb_free=13.3, wall=16637
2025-10-29 21:43:09 | INFO | train_inner | epoch 001:  10310 / 11384 loss=0.319354, wps=1199.1, ups=0.61, wpb=1956, bsz=128, num_updates=10250, lr=1.36667e-05, gnorm=35.754, clip=100, loss_scale=128, train_wall=81, gb_free=13, wall=16718
2025-10-29 21:43:33 | INFO | fairseq.trainer | NOTE: gradient overflow detected, ignoring gradient, setting loss scale to: 64.0
2025-10-29 21:44:23 | INFO | train_inner | epoch 001:  10361 / 11384 loss=0.322202, wps=1324.5, ups=0.68, wpb=1956.2, bsz=128, num_updates=10300, lr=1.37333e-05, gnorm=37.142, clip=100, loss_scale=64, train_wall=74, gb_free=15.5, wall=16792
2025-10-29 21:45:37 | INFO | train_inner | epoch 001:  10411 / 11384 loss=0.31478, wps=1331.1, ups=0.68, wpb=1962.4, bsz=128, num_updates=10350, lr=1.38e-05, gnorm=37.897, clip=100, loss_scale=64, train_wall=73, gb_free=15.9, wall=16866
2025-10-29 21:45:49 | INFO | fairseq.trainer | NOTE: gradient overflow detected, ignoring gradient, setting loss scale to: 32.0
2025-10-29 21:46:42 | INFO | train_inner | epoch 001:  10462 / 11384 loss=0.324488, wps=1515.3, ups=0.77, wpb=1979.2, bsz=128, num_updates=10400, lr=1.38667e-05, gnorm=38.614, clip=100, loss_scale=32, train_wall=55, gb_free=11.8, wall=16931
2025-10-29 21:47:42 | INFO | train_inner | epoch 001:  10512 / 11384 loss=0.32082, wps=1613.6, ups=0.83, wpb=1944.3, bsz=128, num_updates=10450, lr=1.39333e-05, gnorm=38.154, clip=100, loss_scale=32, train_wall=60, gb_free=17, wall=16991
2025-10-29 21:48:53 | INFO | train_inner | epoch 001:  10562 / 11384 loss=0.317845, wps=1382.6, ups=0.71, wpb=1951.6, bsz=128, num_updates=10500, lr=1.4e-05, gnorm=37.841, clip=100, loss_scale=64, train_wall=57, gb_free=9.9, wall=17062
2025-10-29 21:49:58 | INFO | train_inner | epoch 001:  10612 / 11384 loss=0.313864, wps=1518.7, ups=0.77, wpb=1971.2, bsz=128, num_updates=10550, lr=1.40667e-05, gnorm=37.495, clip=100, loss_scale=64, train_wall=56, gb_free=15.6, wall=17127
2025-10-29 21:50:53 | INFO | train_inner | epoch 001:  10662 / 11384 loss=0.327246, wps=1779.3, ups=0.91, wpb=1957.8, bsz=128, num_updates=10600, lr=1.41333e-05, gnorm=35.863, clip=100, loss_scale=64, train_wall=55, gb_free=13.5, wall=17182
2025-10-29 21:51:37 | INFO | fairseq.trainer | NOTE: gradient overflow detected, ignoring gradient, setting loss scale to: 64.0
2025-10-29 21:52:07 | INFO | train_inner | epoch 001:  10713 / 11384 loss=0.314552, wps=1345.8, ups=0.68, wpb=1980.6, bsz=128, num_updates=10650, lr=1.42e-05, gnorm=37.503, clip=100, loss_scale=64, train_wall=59, gb_free=15.9, wall=17256
2025-10-29 21:52:09 | INFO | fairseq.trainer | NOTE: gradient overflow detected, ignoring gradient, setting loss scale to: 32.0
2025-10-29 21:53:06 | INFO | train_inner | epoch 001:  10764 / 11384 loss=0.30893, wps=1674.7, ups=0.85, wpb=1977.4, bsz=128, num_updates=10700, lr=1.42667e-05, gnorm=38.908, clip=100, loss_scale=32, train_wall=55, gb_free=16.7, wall=17315
2025-10-29 21:54:14 | INFO | train_inner | epoch 001:  10814 / 11384 loss=0.331693, wps=1453.3, ups=0.74, wpb=1977.1, bsz=128, num_updates=10750, lr=1.43333e-05, gnorm=44.789, clip=100, loss_scale=32, train_wall=65, gb_free=15.3, wall=17383
2025-10-29 21:55:29 | INFO | train_inner | epoch 001:  10864 / 11384 loss=0.314623, wps=1309.4, ups=0.67, wpb=1965.9, bsz=128, num_updates=10800, lr=1.44e-05, gnorm=36.849, clip=100, loss_scale=64, train_wall=53, gb_free=5.7, wall=17458
2025-10-29 21:56:45 | INFO | train_inner | epoch 001:  10914 / 11384 loss=0.320804, wps=1315.8, ups=0.66, wpb=1985.9, bsz=128, num_updates=10850, lr=1.44667e-05, gnorm=41.02, clip=100, loss_scale=64, train_wall=57, gb_free=12.8, wall=17533
2025-10-29 21:57:49 | INFO | train_inner | epoch 001:  10964 / 11384 loss=0.315308, wps=1540.9, ups=0.78, wpb=1972.3, bsz=128, num_updates=10900, lr=1.45333e-05, gnorm=32.54, clip=100, loss_scale=64, train_wall=59, gb_free=16.7, wall=17597
2025-10-29 21:58:15 | INFO | fairseq.trainer | NOTE: gradient overflow detected, ignoring gradient, setting loss scale to: 64.0
2025-10-29 21:59:06 | INFO | train_inner | epoch 001:  11015 / 11384 loss=0.309199, wps=1240.8, ups=0.64, wpb=1931.9, bsz=128, num_updates=10950, lr=1.46e-05, gnorm=34.231, clip=100, loss_scale=64, train_wall=53, gb_free=14.3, wall=17675
2025-10-29 22:00:26 | INFO | train_inner | epoch 001:  11065 / 11384 loss=0.289308, wps=1235.9, ups=0.63, wpb=1964.9, bsz=128, num_updates=11000, lr=1.46667e-05, gnorm=36.923, clip=100, loss_scale=64, train_wall=68, gb_free=15.2, wall=17755
2025-10-29 22:01:29 | INFO | fairseq.trainer | NOTE: gradient overflow detected, ignoring gradient, setting loss scale to: 32.0
2025-10-29 22:01:56 | INFO | train_inner | epoch 001:  11116 / 11384 loss=0.323391, wps=1096.5, ups=0.56, wpb=1972.7, bsz=128, num_updates=11050, lr=1.47333e-05, gnorm=38.065, clip=100, loss_scale=32, train_wall=90, gb_free=16.4, wall=17845
2025-10-29 22:03:02 | INFO | train_inner | epoch 001:  11166 / 11384 loss=0.306021, wps=1458.6, ups=0.76, wpb=1931.6, bsz=128, num_updates=11100, lr=1.48e-05, gnorm=36.895, clip=100, loss_scale=32, train_wall=66, gb_free=16.5, wall=17911
2025-10-29 22:04:13 | INFO | train_inner | epoch 001:  11216 / 11384 loss=0.310343, wps=1371.4, ups=0.71, wpb=1939.9, bsz=128, num_updates=11150, lr=1.48667e-05, gnorm=37.327, clip=100, loss_scale=32, train_wall=70, gb_free=12.3, wall=17982
2025-10-29 22:05:16 | INFO | train_inner | epoch 001:  11266 / 11384 loss=0.318595, wps=1564.7, ups=0.79, wpb=1984.1, bsz=128, num_updates=11200, lr=1.49333e-05, gnorm=39.288, clip=100, loss_scale=64, train_wall=63, gb_free=11.6, wall=18045
2025-10-29 22:06:21 | INFO | train_inner | epoch 001:  11316 / 11384 loss=0.312058, wps=1492.9, ups=0.77, wpb=1948.5, bsz=128, num_updates=11250, lr=1.5e-05, gnorm=36.272, clip=100, loss_scale=64, train_wall=65, gb_free=9.8, wall=18110
2025-10-29 22:07:17 | INFO | train_inner | epoch 001:  11366 / 11384 loss=0.312377, wps=1776.9, ups=0.9, wpb=1972.5, bsz=128, num_updates=11300, lr=1.50667e-05, gnorm=38.978, clip=100, loss_scale=128, train_wall=55, gb_free=15.4, wall=18166
2025-10-29 22:07:18 | INFO | fairseq.trainer | NOTE: gradient overflow detected, ignoring gradient, setting loss scale to: 64.0
2025-10-29 22:07:35 | INFO | fairseq_cli.train | begin validation on "valid" subset
2025-10-29 22:37:38 | INFO | valid | epoch 001 | valid on 'valid' subset | loss 0.291145 | wps 1477.9 | wpb 1953.6 | bsz 128 | num_updates 11317
2025-10-29 22:37:38 | INFO | fairseq.checkpoint_utils | Preparing to save checkpoint for epoch 1 @ 11317 updates
