gcc-12.2.0 loaded successful
WARNING: underlay of /etc/localtime required more than 50 (88) bind mounts
WARNING: underlay of /usr/bin/nvidia-smi required more than 50 (410) bind mounts
W1011 11:45:37.074705 40949 torch/distributed/run.py:792] 
W1011 11:45:37.074705 40949 torch/distributed/run.py:792] *****************************************
W1011 11:45:37.074705 40949 torch/distributed/run.py:792] Setting OMP_NUM_THREADS environment variable for each process to be 1 in default, to avoid your system being overloaded, please further tune the variable for optimal performance in your application as needed. 
W1011 11:45:37.074705 40949 torch/distributed/run.py:792] *****************************************
2025-10-11 11:46:31.618694: E external/local_xla/xla/stream_executor/cuda/cuda_fft.cc:467] Unable to register cuFFT factory: Attempting to register factory for plugin cuFFT when one has already been registered
2025-10-11 11:46:31.618696: E external/local_xla/xla/stream_executor/cuda/cuda_fft.cc:467] Unable to register cuFFT factory: Attempting to register factory for plugin cuFFT when one has already been registered
2025-10-11 11:46:31.618696: E external/local_xla/xla/stream_executor/cuda/cuda_fft.cc:467] Unable to register cuFFT factory: Attempting to register factory for plugin cuFFT when one has already been registered
2025-10-11 11:46:31.618704: E external/local_xla/xla/stream_executor/cuda/cuda_fft.cc:467] Unable to register cuFFT factory: Attempting to register factory for plugin cuFFT when one has already been registered
2025-10-11 11:46:31.618682: E external/local_xla/xla/stream_executor/cuda/cuda_fft.cc:467] Unable to register cuFFT factory: Attempting to register factory for plugin cuFFT when one has already been registered
2025-10-11 11:46:31.618698: E external/local_xla/xla/stream_executor/cuda/cuda_fft.cc:467] Unable to register cuFFT factory: Attempting to register factory for plugin cuFFT when one has already been registered
2025-10-11 11:46:31.618682: E external/local_xla/xla/stream_executor/cuda/cuda_fft.cc:467] Unable to register cuFFT factory: Attempting to register factory for plugin cuFFT when one has already been registered
2025-10-11 11:46:31.618691: E external/local_xla/xla/stream_executor/cuda/cuda_fft.cc:467] Unable to register cuFFT factory: Attempting to register factory for plugin cuFFT when one has already been registered
WARNING: All log messages before absl::InitializeLog() is called are written to STDERR
WARNING: All log messages before absl::InitializeLog() is called are written to STDERR
WARNING: All log messages before absl::InitializeLog() is called are written to STDERR
WARNING: All log messages before absl::InitializeLog() is called are written to STDERR
WARNING: All log messages before absl::InitializeLog() is called are written to STDERR
WARNING: All log messages before absl::InitializeLog() is called are written to STDERR
WARNING: All log messages before absl::InitializeLog() is called are written to STDERR
WARNING: All log messages before absl::InitializeLog() is called are written to STDERR
E0000 00:00:1760154394.140192   40961 cuda_dnn.cc:8579] Unable to register cuDNN factory: Attempting to register factory for plugin cuDNN when one has already been registered
E0000 00:00:1760154394.140194   40960 cuda_dnn.cc:8579] Unable to register cuDNN factory: Attempting to register factory for plugin cuDNN when one has already been registered
E0000 00:00:1760154394.140195   40956 cuda_dnn.cc:8579] Unable to register cuDNN factory: Attempting to register factory for plugin cuDNN when one has already been registered
E0000 00:00:1760154394.140191   40954 cuda_dnn.cc:8579] Unable to register cuDNN factory: Attempting to register factory for plugin cuDNN when one has already been registered
E0000 00:00:1760154394.140182   40958 cuda_dnn.cc:8579] Unable to register cuDNN factory: Attempting to register factory for plugin cuDNN when one has already been registered
E0000 00:00:1760154394.140190   40959 cuda_dnn.cc:8579] Unable to register cuDNN factory: Attempting to register factory for plugin cuDNN when one has already been registered
E0000 00:00:1760154394.140191   40955 cuda_dnn.cc:8579] Unable to register cuDNN factory: Attempting to register factory for plugin cuDNN when one has already been registered
E0000 00:00:1760154394.140205   40957 cuda_dnn.cc:8579] Unable to register cuDNN factory: Attempting to register factory for plugin cuDNN when one has already been registered
E0000 00:00:1760154394.751676   40956 cuda_blas.cc:1407] Unable to register cuBLAS factory: Attempting to register factory for plugin cuBLAS when one has already been registered
E0000 00:00:1760154394.751674   40959 cuda_blas.cc:1407] Unable to register cuBLAS factory: Attempting to register factory for plugin cuBLAS when one has already been registered
E0000 00:00:1760154394.751672   40955 cuda_blas.cc:1407] Unable to register cuBLAS factory: Attempting to register factory for plugin cuBLAS when one has already been registered
E0000 00:00:1760154394.751672   40958 cuda_blas.cc:1407] Unable to register cuBLAS factory: Attempting to register factory for plugin cuBLAS when one has already been registered
E0000 00:00:1760154394.751692   40957 cuda_blas.cc:1407] Unable to register cuBLAS factory: Attempting to register factory for plugin cuBLAS when one has already been registered
E0000 00:00:1760154394.751694   40961 cuda_blas.cc:1407] Unable to register cuBLAS factory: Attempting to register factory for plugin cuBLAS when one has already been registered
E0000 00:00:1760154394.751697   40954 cuda_blas.cc:1407] Unable to register cuBLAS factory: Attempting to register factory for plugin cuBLAS when one has already been registered
E0000 00:00:1760154394.752139   40960 cuda_blas.cc:1407] Unable to register cuBLAS factory: Attempting to register factory for plugin cuBLAS when one has already been registered
W0000 00:00:1760154400.902636   40961 computation_placer.cc:177] computation placer already registered. Please check linkage and avoid linking the same target more than once.
W0000 00:00:1760154400.902632   40955 computation_placer.cc:177] computation placer already registered. Please check linkage and avoid linking the same target more than once.
W0000 00:00:1760154400.902633   40956 computation_placer.cc:177] computation placer already registered. Please check linkage and avoid linking the same target more than once.
W0000 00:00:1760154400.902638   40957 computation_placer.cc:177] computation placer already registered. Please check linkage and avoid linking the same target more than once.
W0000 00:00:1760154400.902644   40959 computation_placer.cc:177] computation placer already registered. Please check linkage and avoid linking the same target more than once.
W0000 00:00:1760154400.902660   40954 computation_placer.cc:177] computation placer already registered. Please check linkage and avoid linking the same target more than once.
W0000 00:00:1760154400.902660   40958 computation_placer.cc:177] computation placer already registered. Please check linkage and avoid linking the same target more than once.
W0000 00:00:1760154400.902633   40960 computation_placer.cc:177] computation placer already registered. Please check linkage and avoid linking the same target more than once.
W0000 00:00:1760154400.902718   40961 computation_placer.cc:177] computation placer already registered. Please check linkage and avoid linking the same target more than once.
W0000 00:00:1760154400.902764   40955 computation_placer.cc:177] computation placer already registered. Please check linkage and avoid linking the same target more than once.
W0000 00:00:1760154400.902785   40956 computation_placer.cc:177] computation placer already registered. Please check linkage and avoid linking the same target more than once.
W0000 00:00:1760154400.902823   40957 computation_placer.cc:177] computation placer already registered. Please check linkage and avoid linking the same target more than once.
W0000 00:00:1760154400.902865   40959 computation_placer.cc:177] computation placer already registered. Please check linkage and avoid linking the same target more than once.
W0000 00:00:1760154400.902891   40954 computation_placer.cc:177] computation placer already registered. Please check linkage and avoid linking the same target more than once.
W0000 00:00:1760154400.902914   40958 computation_placer.cc:177] computation placer already registered. Please check linkage and avoid linking the same target more than once.
W0000 00:00:1760154400.902938   40960 computation_placer.cc:177] computation placer already registered. Please check linkage and avoid linking the same target more than once.
W0000 00:00:1760154400.902947   40961 computation_placer.cc:177] computation placer already registered. Please check linkage and avoid linking the same target more than once.
W0000 00:00:1760154400.902960   40955 computation_placer.cc:177] computation placer already registered. Please check linkage and avoid linking the same target more than once.
W0000 00:00:1760154400.902971   40956 computation_placer.cc:177] computation placer already registered. Please check linkage and avoid linking the same target more than once.
W0000 00:00:1760154400.902982   40957 computation_placer.cc:177] computation placer already registered. Please check linkage and avoid linking the same target more than once.
W0000 00:00:1760154400.902993   40959 computation_placer.cc:177] computation placer already registered. Please check linkage and avoid linking the same target more than once.
W0000 00:00:1760154400.903025   40954 computation_placer.cc:177] computation placer already registered. Please check linkage and avoid linking the same target more than once.
W0000 00:00:1760154400.903038   40958 computation_placer.cc:177] computation placer already registered. Please check linkage and avoid linking the same target more than once.
W0000 00:00:1760154400.903043   40960 computation_placer.cc:177] computation placer already registered. Please check linkage and avoid linking the same target more than once.
W0000 00:00:1760154400.903058   40961 computation_placer.cc:177] computation placer already registered. Please check linkage and avoid linking the same target more than once.
W0000 00:00:1760154400.903071   40955 computation_placer.cc:177] computation placer already registered. Please check linkage and avoid linking the same target more than once.
W0000 00:00:1760154400.903081   40956 computation_placer.cc:177] computation placer already registered. Please check linkage and avoid linking the same target more than once.
W0000 00:00:1760154400.903094   40957 computation_placer.cc:177] computation placer already registered. Please check linkage and avoid linking the same target more than once.
W0000 00:00:1760154400.903103   40959 computation_placer.cc:177] computation placer already registered. Please check linkage and avoid linking the same target more than once.
W0000 00:00:1760154400.903116   40954 computation_placer.cc:177] computation placer already registered. Please check linkage and avoid linking the same target more than once.
W0000 00:00:1760154400.903126   40958 computation_placer.cc:177] computation placer already registered. Please check linkage and avoid linking the same target more than once.
W0000 00:00:1760154400.903131   40960 computation_placer.cc:177] computation placer already registered. Please check linkage and avoid linking the same target more than once.
2025-10-11 11:46:41.215184: I tensorflow/core/platform/cpu_feature_guard.cc:210] This TensorFlow binary is optimized to use available CPU instructions in performance-critical operations.
To enable the following instructions: AVX2 FMA, in other operations, rebuild TensorFlow with the appropriate compiler flags.
2025-10-11 11:46:41.215180: I tensorflow/core/platform/cpu_feature_guard.cc:210] This TensorFlow binary is optimized to use available CPU instructions in performance-critical operations.
To enable the following instructions: AVX2 FMA, in other operations, rebuild TensorFlow with the appropriate compiler flags.
2025-10-11 11:46:41.215186: I tensorflow/core/platform/cpu_feature_guard.cc:210] This TensorFlow binary is optimized to use available CPU instructions in performance-critical operations.
To enable the following instructions: AVX2 FMA, in other operations, rebuild TensorFlow with the appropriate compiler flags.
2025-10-11 11:46:41.215199: I tensorflow/core/platform/cpu_feature_guard.cc:210] This TensorFlow binary is optimized to use available CPU instructions in performance-critical operations.
To enable the following instructions: AVX2 FMA, in other operations, rebuild TensorFlow with the appropriate compiler flags.
2025-10-11 11:46:41.215202: I tensorflow/core/platform/cpu_feature_guard.cc:210] This TensorFlow binary is optimized to use available CPU instructions in performance-critical operations.
To enable the following instructions: AVX2 FMA, in other operations, rebuild TensorFlow with the appropriate compiler flags.
2025-10-11 11:46:41.215188: I tensorflow/core/platform/cpu_feature_guard.cc:210] This TensorFlow binary is optimized to use available CPU instructions in performance-critical operations.
To enable the following instructions: AVX2 FMA, in other operations, rebuild TensorFlow with the appropriate compiler flags.
2025-10-11 11:46:41.215205: I tensorflow/core/platform/cpu_feature_guard.cc:210] This TensorFlow binary is optimized to use available CPU instructions in performance-critical operations.
To enable the following instructions: AVX2 FMA, in other operations, rebuild TensorFlow with the appropriate compiler flags.
2025-10-11 11:46:41.215506: I tensorflow/core/platform/cpu_feature_guard.cc:210] This TensorFlow binary is optimized to use available CPU instructions in performance-critical operations.
To enable the following instructions: AVX2 FMA, in other operations, rebuild TensorFlow with the appropriate compiler flags.
usage: fairseq-train [-h] [--no-progress-bar] [--log-interval LOG_INTERVAL]
                     [--log-format {json,none,simple,tqdm}]
                     [--log-file LOG_FILE] [--aim-repo AIM_REPO]
                     [--aim-run-hash AIM_RUN_HASH]
                     [--tensorboard-logdir TENSORBOARD_LOGDIR]
                     [--wandb-project WANDB_PROJECT] [--azureml-logging]
                     [--seed SEED] [--cpu] [--tpu] [--bf16]
                     [--memory-efficient-bf16] [--fp16]
                     [--memory-efficient-fp16] [--fp16-no-flatten-grads]
                     [--fp16-init-scale FP16_INIT_SCALE]
                     [--fp16-scale-window FP16_SCALE_WINDOW]
                     [--fp16-scale-tolerance FP16_SCALE_TOLERANCE]
                     [--on-cpu-convert-precision]
                     [--min-loss-scale MIN_LOSS_SCALE]
                     [--threshold-loss-scale THRESHOLD_LOSS_SCALE] [--amp]
                     [--amp-batch-retries AMP_BATCH_RETRIES]
                     [--amp-init-scale AMP_INIT_SCALE]
                     [--amp-scale-window AMP_SCALE_WINDOW]
                     [--user-dir USER_DIR]
                     [--empty-cache-freq EMPTY_CACHE_FREQ]
                     [--all-gather-list-size ALL_GATHER_LIST_SIZE]
                     [--model-parallel-size MODEL_PARALLEL_SIZE]
                     [--quantization-config-path QUANTIZATION_CONFIG_PATH]
                     [--profile] [--reset-logging] [--suppress-crashes]
                     [--use-plasma-view] [--plasma-path PLASMA_PATH]
                     [--criterion {adaptive_loss,composite_loss,cross_entropy,ctc,fastspeech2,hubert,label_smoothed_cross_entropy,latency_augmented_label_smoothed_cross_entropy,label_smoothed_cross_entropy_with_alignment,label_smoothed_cross_entropy_with_ctc,legacy_masked_lm_loss,masked_lm,model,nat_loss,sentence_prediction,sentence_prediction_adapters,sentence_ranking,tacotron2,speech_to_unit,speech_to_spectrogram,speech_unit_lm_criterion,wav2vec,vocab_parallel_cross_entropy,binary_logloss,binary_logloss_with_flag,l1_loss,l1_loss_with_flag,l2_loss,l2_loss_rmsd,l2_loss_with_flag,l2_loss_rmsd_with_flag,mae_deltapos,multiclass_cross_entropy,multiclass_cross_entropy_with_flag}]
                     [--tokenizer {moses,nltk,space}]
                     [--bpe {byte_bpe,bytes,characters,fastbpe,gpt2,bert,hf_byte_bpe,sentencepiece,subword_nmt}]
                     [--optimizer {adadelta,adafactor,adagrad,adam,adamax,composite,cpu_adam,lamb,nag,sgd}]
                     [--lr-scheduler {cosine,fixed,inverse_sqrt,manual,pass_through,polynomial_decay,reduce_lr_on_plateau,step,tri_stage,triangular}]
                     [--scoring {bert_score,sacrebleu,bleu,chrf,meteor,wer}]
                     [--task TASK] [--num-workers NUM_WORKERS]
                     [--skip-invalid-size-inputs-valid-test]
                     [--max-tokens MAX_TOKENS] [--batch-size BATCH_SIZE]
                     [--required-batch-size-multiple REQUIRED_BATCH_SIZE_MULTIPLE]
                     [--required-seq-len-multiple REQUIRED_SEQ_LEN_MULTIPLE]
                     [--dataset-impl {raw,lazy,cached,mmap,fasta,huffman}]
                     [--data-buffer-size DATA_BUFFER_SIZE]
                     [--train-subset TRAIN_SUBSET]
                     [--valid-subset VALID_SUBSET] [--combine-valid-subsets]
                     [--ignore-unused-valid-subsets]
                     [--validate-interval VALIDATE_INTERVAL]
                     [--validate-interval-updates VALIDATE_INTERVAL_UPDATES]
                     [--validate-after-updates VALIDATE_AFTER_UPDATES]
                     [--fixed-validation-seed FIXED_VALIDATION_SEED]
                     [--disable-validation]
                     [--max-tokens-valid MAX_TOKENS_VALID]
                     [--batch-size-valid BATCH_SIZE_VALID]
                     [--max-valid-steps MAX_VALID_STEPS]
                     [--curriculum CURRICULUM] [--gen-subset GEN_SUBSET]
                     [--num-shards NUM_SHARDS] [--shard-id SHARD_ID]
                     [--grouped-shuffling]
                     [--update-epoch-batch-itr UPDATE_EPOCH_BATCH_ITR]
                     [--update-ordered-indices-seed]
                     [--distributed-world-size DISTRIBUTED_WORLD_SIZE]
                     [--distributed-num-procs DISTRIBUTED_NUM_PROCS]
                     [--distributed-rank DISTRIBUTED_RANK]
                     [--distributed-backend DISTRIBUTED_BACKEND]
                     [--distributed-init-method DISTRIBUTED_INIT_METHOD]
                     [--distributed-port DISTRIBUTED_PORT]
                     [--device-id DEVICE_ID] [--distributed-no-spawn]
                     [--ddp-backend {c10d,fully_sharded,legacy_ddp,no_c10d,pytorch_ddp,slowmo}]
                     [--ddp-comm-hook {none,fp16}]
                     [--bucket-cap-mb BUCKET_CAP_MB] [--fix-batches-to-gpus]
                     [--find-unused-parameters] [--gradient-as-bucket-view]
                     [--fast-stat-sync]
                     [--heartbeat-timeout HEARTBEAT_TIMEOUT]
                     [--broadcast-buffers] [--slowmo-momentum SLOWMO_MOMENTUM]
                     [--slowmo-base-algorithm SLOWMO_BASE_ALGORITHM]
                     [--localsgd-frequency LOCALSGD_FREQUENCY]
                     [--nprocs-per-node NPROCS_PER_NODE]
                     [--pipeline-model-parallel]
                     [--pipeline-balance PIPELINE_BALANCE]
                     [--pipeline-devices PIPELINE_DEVICES]
                     [--pipeline-chunks PIPELINE_CHUNKS]
                     [--pipeline-encoder-balance PIPELINE_ENCODER_BALANCE]
                     [--pipeline-encoder-devices PIPELINE_ENCODER_DEVICES]
                     [--pipeline-decoder-balance PIPELINE_DECODER_BALANCE]
                     [--pipeline-decoder-devices PIPELINE_DECODER_DEVICES]
                     [--pipeline-checkpoint {always,never,except_last}]
                     [--zero-sharding {none,os}] [--no-reshard-after-forward]
                     [--fp32-reduce-scatter] [--cpu-offload]
                     [--use-sharded-state] [--not-fsdp-flatten-parameters]
                     [--arch ARCH] [--max-epoch MAX_EPOCH]
                     [--max-update MAX_UPDATE]
                     [--stop-time-hours STOP_TIME_HOURS]
                     [--clip-norm CLIP_NORM] [--sentence-avg]
                     [--update-freq UPDATE_FREQ] [--lr LR]
                     [--stop-min-lr STOP_MIN_LR] [--use-bmuf]
                     [--skip-remainder-batch] [--save-dir SAVE_DIR]
                     [--restore-file RESTORE_FILE]
                     [--continue-once CONTINUE_ONCE]
                     [--finetune-from-model FINETUNE_FROM_MODEL]
                     [--reset-dataloader] [--reset-lr-scheduler]
                     [--reset-meters] [--reset-optimizer]
                     [--optimizer-overrides OPTIMIZER_OVERRIDES]
                     [--save-interval SAVE_INTERVAL]
                     [--save-interval-updates SAVE_INTERVAL_UPDATES]
                     [--keep-interval-updates KEEP_INTERVAL_UPDATES]
                     [--keep-interval-updates-pattern KEEP_INTERVAL_UPDATES_PATTERN]
                     [--keep-last-epochs KEEP_LAST_EPOCHS]
                     [--keep-best-checkpoints KEEP_BEST_CHECKPOINTS]
                     [--no-save] [--no-epoch-checkpoints]
                     [--no-last-checkpoints] [--no-save-optimizer-state]
                     [--best-checkpoint-metric BEST_CHECKPOINT_METRIC]
                     [--maximize-best-checkpoint-metric] [--patience PATIENCE]
                     [--checkpoint-suffix CHECKPOINT_SUFFIX]
                     [--checkpoint-shard-count CHECKPOINT_SHARD_COUNT]
                     [--load-checkpoint-on-all-dp-ranks]
                     [--write-checkpoints-asynchronously] [--store-ema]
                     [--ema-decay EMA_DECAY]
                     [--ema-start-update EMA_START_UPDATE]
                     [--ema-seed-model EMA_SEED_MODEL]
                     [--ema-update-freq EMA_UPDATE_FREQ] [--ema-fp32]
fairseq-train: error: argument --fp16-init-scale: invalid int value: '1e-1'
usage: fairseq-train [-h] [--no-progress-bar] [--log-interval LOG_INTERVAL]
                     [--log-format {json,none,simple,tqdm}]
                     [--log-file LOG_FILE] [--aim-repo AIM_REPO]
                     [--aim-run-hash AIM_RUN_HASH]
                     [--tensorboard-logdir TENSORBOARD_LOGDIR]
                     [--wandb-project WANDB_PROJECT] [--azureml-logging]
                     [--seed SEED] [--cpu] [--tpu] [--bf16]
                     [--memory-efficient-bf16] [--fp16]
                     [--memory-efficient-fp16] [--fp16-no-flatten-grads]
                     [--fp16-init-scale FP16_INIT_SCALE]
                     [--fp16-scale-window FP16_SCALE_WINDOW]
                     [--fp16-scale-tolerance FP16_SCALE_TOLERANCE]
                     [--on-cpu-convert-precision]
                     [--min-loss-scale MIN_LOSS_SCALE]
                     [--threshold-loss-scale THRESHOLD_LOSS_SCALE] [--amp]
                     [--amp-batch-retries AMP_BATCH_RETRIES]
                     [--amp-init-scale AMP_INIT_SCALE]
                     [--amp-scale-window AMP_SCALE_WINDOW]
                     [--user-dir USER_DIR]
                     [--empty-cache-freq EMPTY_CACHE_FREQ]
                     [--all-gather-list-size ALL_GATHER_LIST_SIZE]
                     [--model-parallel-size MODEL_PARALLEL_SIZE]
                     [--quantization-config-path QUANTIZATION_CONFIG_PATH]
                     [--profile] [--reset-logging] [--suppress-crashes]
                     [--use-plasma-view] [--plasma-path PLASMA_PATH]
                     [--criterion {adaptive_loss,composite_loss,cross_entropy,ctc,fastspeech2,hubert,label_smoothed_cross_entropy,latency_augmented_label_smoothed_cross_entropy,label_smoothed_cross_entropy_with_alignment,label_smoothed_cross_entropy_with_ctc,legacy_masked_lm_loss,masked_lm,model,nat_loss,sentence_prediction,sentence_prediction_adapters,sentence_ranking,tacotron2,speech_to_unit,speech_to_spectrogram,speech_unit_lm_criterion,wav2vec,vocab_parallel_cross_entropy,binary_logloss,binary_logloss_with_flag,l1_loss,l1_loss_with_flag,l2_loss,l2_loss_rmsd,l2_loss_with_flag,l2_loss_rmsd_with_flag,mae_deltapos,multiclass_cross_entropy,multiclass_cross_entropy_with_flag}]
                     [--tokenizer {moses,nltk,space}]
                     [--bpe {byte_bpe,bytes,characters,fastbpe,gpt2,bert,hf_byte_bpe,sentencepiece,subword_nmt}]
                     [--optimizer {adadelta,adafactor,adagrad,adam,adamax,composite,cpu_adam,lamb,nag,sgd}]
                     [--lr-scheduler {cosine,fixed,inverse_sqrt,manual,pass_through,polynomial_decay,reduce_lr_on_plateau,step,tri_stage,triangular}]
                     [--scoring {bert_score,sacrebleu,bleu,chrf,meteor,wer}]
                     [--task TASK] [--num-workers NUM_WORKERS]
                     [--skip-invalid-size-inputs-valid-test]
                     [--max-tokens MAX_TOKENS] [--batch-size BATCH_SIZE]
                     [--required-batch-size-multiple REQUIRED_BATCH_SIZE_MULTIPLE]
                     [--required-seq-len-multiple REQUIRED_SEQ_LEN_MULTIPLE]
                     [--dataset-impl {raw,lazy,cached,mmap,fasta,huffman}]
                     [--data-buffer-size DATA_BUFFER_SIZE]
                     [--train-subset TRAIN_SUBSET]
                     [--valid-subset VALID_SUBSET] [--combine-valid-subsets]
                     [--ignore-unused-valid-subsets]
                     [--validate-interval VALIDATE_INTERVAL]
                     [--validate-interval-updates VALIDATE_INTERVAL_UPDATES]
                     [--validate-after-updates VALIDATE_AFTER_UPDATES]
                     [--fixed-validation-seed FIXED_VALIDATION_SEED]
                     [--disable-validation]
                     [--max-tokens-valid MAX_TOKENS_VALID]
                     [--batch-size-valid BATCH_SIZE_VALID]
                     [--max-valid-steps MAX_VALID_STEPS]
                     [--curriculum CURRICULUM] [--gen-subset GEN_SUBSET]
                     [--num-shards NUM_SHARDS] [--shard-id SHARD_ID]
                     [--grouped-shuffling]
                     [--update-epoch-batch-itr UPDATE_EPOCH_BATCH_ITR]
                     [--update-ordered-indices-seed]
                     [--distributed-world-size DISTRIBUTED_WORLD_SIZE]
                     [--distributed-num-procs DISTRIBUTED_NUM_PROCS]
                     [--distributed-rank DISTRIBUTED_RANK]
                     [--distributed-backend DISTRIBUTED_BACKEND]
                     [--distributed-init-method DISTRIBUTED_INIT_METHOD]
                     [--distributed-port DISTRIBUTED_PORT]
                     [--device-id DEVICE_ID] [--distributed-no-spawn]
                     [--ddp-backend {c10d,fully_sharded,legacy_ddp,no_c10d,pytorch_ddp,slowmo}]
                     [--ddp-comm-hook {none,fp16}]
                     [--bucket-cap-mb BUCKET_CAP_MB] [--fix-batches-to-gpus]
                     [--find-unused-parameters] [--gradient-as-bucket-view]
                     [--fast-stat-sync]
                     [--heartbeat-timeout HEARTBEAT_TIMEOUT]
                     [--broadcast-buffers] [--slowmo-momentum SLOWMO_MOMENTUM]
                     [--slowmo-base-algorithm SLOWMO_BASE_ALGORITHM]
                     [--localsgd-frequency LOCALSGD_FREQUENCY]
                     [--nprocs-per-node NPROCS_PER_NODE]
                     [--pipeline-model-parallel]
                     [--pipeline-balance PIPELINE_BALANCE]
                     [--pipeline-devices PIPELINE_DEVICES]
                     [--pipeline-chunks PIPELINE_CHUNKS]
                     [--pipeline-encoder-balance PIPELINE_ENCODER_BALANCE]
                     [--pipeline-encoder-devices PIPELINE_ENCODER_DEVICES]
                     [--pipeline-decoder-balance PIPELINE_DECODER_BALANCE]
                     [--pipeline-decoder-devices PIPELINE_DECODER_DEVICES]
                     [--pipeline-checkpoint {always,never,except_last}]
                     [--zero-sharding {none,os}] [--no-reshard-after-forward]
                     [--fp32-reduce-scatter] [--cpu-offload]
                     [--use-sharded-state] [--not-fsdp-flatten-parameters]
                     [--arch ARCH] [--max-epoch MAX_EPOCH]
                     [--max-update MAX_UPDATE]
                     [--stop-time-hours STOP_TIME_HOURS]
                     [--clip-norm CLIP_NORM] [--sentence-avg]
                     [--update-freq UPDATE_FREQ] [--lr LR]
                     [--stop-min-lr STOP_MIN_LR] [--use-bmuf]
                     [--skip-remainder-batch] [--save-dir SAVE_DIR]
                     [--restore-file RESTORE_FILE]
                     [--continue-once CONTINUE_ONCE]
                     [--finetune-from-model FINETUNE_FROM_MODEL]
                     [--reset-dataloader] [--reset-lr-scheduler]
                     [--reset-meters] [--reset-optimizer]
                     [--optimizer-overrides OPTIMIZER_OVERRIDES]
                     [--save-interval SAVE_INTERVAL]
                     [--save-interval-updates SAVE_INTERVAL_UPDATES]
                     [--keep-interval-updates KEEP_INTERVAL_UPDATES]
                     [--keep-interval-updates-pattern KEEP_INTERVAL_UPDATES_PATTERN]
                     [--keep-last-epochs KEEP_LAST_EPOCHS]
                     [--keep-best-checkpoints KEEP_BEST_CHECKPOINTS]
                     [--no-save] [--no-epoch-checkpoints]
                     [--no-last-checkpoints] [--no-save-optimizer-state]
                     [--best-checkpoint-metric BEST_CHECKPOINT_METRIC]
                     [--maximize-best-checkpoint-metric] [--patience PATIENCE]
                     [--checkpoint-suffix CHECKPOINT_SUFFIX]
                     [--checkpoint-shard-count CHECKPOINT_SHARD_COUNT]
                     [--load-checkpoint-on-all-dp-ranks]
                     [--write-checkpoints-asynchronously] [--store-ema]
                     [--ema-decay EMA_DECAY]
                     [--ema-start-update EMA_START_UPDATE]
                     [--ema-seed-model EMA_SEED_MODEL]
                     [--ema-update-freq EMA_UPDATE_FREQ] [--ema-fp32]
fairseq-train: error: argument --fp16-init-scale: invalid int value: '1e-1'
usage: fairseq-train [-h] [--no-progress-bar] [--log-interval LOG_INTERVAL]
                     [--log-format {json,none,simple,tqdm}]
                     [--log-file LOG_FILE] [--aim-repo AIM_REPO]
                     [--aim-run-hash AIM_RUN_HASH]
                     [--tensorboard-logdir TENSORBOARD_LOGDIR]
                     [--wandb-project WANDB_PROJECT] [--azureml-logging]
                     [--seed SEED] [--cpu] [--tpu] [--bf16]
                     [--memory-efficient-bf16] [--fp16]
                     [--memory-efficient-fp16] [--fp16-no-flatten-grads]
                     [--fp16-init-scale FP16_INIT_SCALE]
                     [--fp16-scale-window FP16_SCALE_WINDOW]
                     [--fp16-scale-tolerance FP16_SCALE_TOLERANCE]
                     [--on-cpu-convert-precision]
                     [--min-loss-scale MIN_LOSS_SCALE]
                     [--threshold-loss-scale THRESHOLD_LOSS_SCALE] [--amp]
                     [--amp-batch-retries AMP_BATCH_RETRIES]
                     [--amp-init-scale AMP_INIT_SCALE]
                     [--amp-scale-window AMP_SCALE_WINDOW]
                     [--user-dir USER_DIR]
                     [--empty-cache-freq EMPTY_CACHE_FREQ]
                     [--all-gather-list-size ALL_GATHER_LIST_SIZE]
                     [--model-parallel-size MODEL_PARALLEL_SIZE]
                     [--quantization-config-path QUANTIZATION_CONFIG_PATH]
                     [--profile] [--reset-logging] [--suppress-crashes]
                     [--use-plasma-view] [--plasma-path PLASMA_PATH]
                     [--criterion {adaptive_loss,composite_loss,cross_entropy,ctc,fastspeech2,hubert,label_smoothed_cross_entropy,latency_augmented_label_smoothed_cross_entropy,label_smoothed_cross_entropy_with_alignment,label_smoothed_cross_entropy_with_ctc,legacy_masked_lm_loss,masked_lm,model,nat_loss,sentence_prediction,sentence_prediction_adapters,sentence_ranking,tacotron2,speech_to_unit,speech_to_spectrogram,speech_unit_lm_criterion,wav2vec,vocab_parallel_cross_entropy,binary_logloss,binary_logloss_with_flag,l1_loss,l1_loss_with_flag,l2_loss,l2_loss_rmsd,l2_loss_with_flag,l2_loss_rmsd_with_flag,mae_deltapos,multiclass_cross_entropy,multiclass_cross_entropy_with_flag}]
                     [--tokenizer {moses,nltk,space}]
                     [--bpe {byte_bpe,bytes,characters,fastbpe,gpt2,bert,hf_byte_bpe,sentencepiece,subword_nmt}]
                     [--optimizer {adadelta,adafactor,adagrad,adam,adamax,composite,cpu_adam,lamb,nag,sgd}]
                     [--lr-scheduler {cosine,fixed,inverse_sqrt,manual,pass_through,polynomial_decay,reduce_lr_on_plateau,step,tri_stage,triangular}]
                     [--scoring {bert_score,sacrebleu,bleu,chrf,meteor,wer}]
                     [--task TASK] [--num-workers NUM_WORKERS]
                     [--skip-invalid-size-inputs-valid-test]
                     [--max-tokens MAX_TOKENS] [--batch-size BATCH_SIZE]
                     [--required-batch-size-multiple REQUIRED_BATCH_SIZE_MULTIPLE]
                     [--required-seq-len-multiple REQUIRED_SEQ_LEN_MULTIPLE]
                     [--dataset-impl {raw,lazy,cached,mmap,fasta,huffman}]
                     [--data-buffer-size DATA_BUFFER_SIZE]
                     [--train-subset TRAIN_SUBSET]
                     [--valid-subset VALID_SUBSET] [--combine-valid-subsets]
                     [--ignore-unused-valid-subsets]
                     [--validate-interval VALIDATE_INTERVAL]
                     [--validate-interval-updates VALIDATE_INTERVAL_UPDATES]
                     [--validate-after-updates VALIDATE_AFTER_UPDATES]
                     [--fixed-validation-seed FIXED_VALIDATION_SEED]
                     [--disable-validation]
                     [--max-tokens-valid MAX_TOKENS_VALID]
                     [--batch-size-valid BATCH_SIZE_VALID]
                     [--max-valid-steps MAX_VALID_STEPS]
                     [--curriculum CURRICULUM] [--gen-subset GEN_SUBSET]
                     [--num-shards NUM_SHARDS] [--shard-id SHARD_ID]
                     [--grouped-shuffling]
                     [--update-epoch-batch-itr UPDATE_EPOCH_BATCH_ITR]
                     [--update-ordered-indices-seed]
                     [--distributed-world-size DISTRIBUTED_WORLD_SIZE]
                     [--distributed-num-procs DISTRIBUTED_NUM_PROCS]
                     [--distributed-rank DISTRIBUTED_RANK]
                     [--distributed-backend DISTRIBUTED_BACKEND]
                     [--distributed-init-method DISTRIBUTED_INIT_METHOD]
                     [--distributed-port DISTRIBUTED_PORT]
                     [--device-id DEVICE_ID] [--distributed-no-spawn]
                     [--ddp-backend {c10d,fully_sharded,legacy_ddp,no_c10d,pytorch_ddp,slowmo}]
                     [--ddp-comm-hook {none,fp16}]
                     [--bucket-cap-mb BUCKET_CAP_MB] [--fix-batches-to-gpus]
                     [--find-unused-parameters] [--gradient-as-bucket-view]
                     [--fast-stat-sync]
                     [--heartbeat-timeout HEARTBEAT_TIMEOUT]
                     [--broadcast-buffers] [--slowmo-momentum SLOWMO_MOMENTUM]
                     [--slowmo-base-algorithm SLOWMO_BASE_ALGORITHM]
                     [--localsgd-frequency LOCALSGD_FREQUENCY]
                     [--nprocs-per-node NPROCS_PER_NODE]
                     [--pipeline-model-parallel]
                     [--pipeline-balance PIPELINE_BALANCE]
                     [--pipeline-devices PIPELINE_DEVICES]
                     [--pipeline-chunks PIPELINE_CHUNKS]
                     [--pipeline-encoder-balance PIPELINE_ENCODER_BALANCE]
                     [--pipeline-encoder-devices PIPELINE_ENCODER_DEVICES]
                     [--pipeline-decoder-balance PIPELINE_DECODER_BALANCE]
                     [--pipeline-decoder-devices PIPELINE_DECODER_DEVICES]
                     [--pipeline-checkpoint {always,never,except_last}]
                     [--zero-sharding {none,os}] [--no-reshard-after-forward]
                     [--fp32-reduce-scatter] [--cpu-offload]
                     [--use-sharded-state] [--not-fsdp-flatten-parameters]
                     [--arch ARCH] [--max-epoch MAX_EPOCH]
                     [--max-update MAX_UPDATE]
                     [--stop-time-hours STOP_TIME_HOURS]
                     [--clip-norm CLIP_NORM] [--sentence-avg]
                     [--update-freq UPDATE_FREQ] [--lr LR]
                     [--stop-min-lr STOP_MIN_LR] [--use-bmuf]
                     [--skip-remainder-batch] [--save-dir SAVE_DIR]
                     [--restore-file RESTORE_FILE]
                     [--continue-once CONTINUE_ONCE]
                     [--finetune-from-model FINETUNE_FROM_MODEL]
                     [--reset-dataloader] [--reset-lr-scheduler]
                     [--reset-meters] [--reset-optimizer]
                     [--optimizer-overrides OPTIMIZER_OVERRIDES]
                     [--save-interval SAVE_INTERVAL]
                     [--save-interval-updates SAVE_INTERVAL_UPDATES]
                     [--keep-interval-updates KEEP_INTERVAL_UPDATES]
                     [--keep-interval-updates-pattern KEEP_INTERVAL_UPDATES_PATTERN]
                     [--keep-last-epochs KEEP_LAST_EPOCHS]
                     [--keep-best-checkpoints KEEP_BEST_CHECKPOINTS]
                     [--no-save] [--no-epoch-checkpoints]
                     [--no-last-checkpoints] [--no-save-optimizer-state]
                     [--best-checkpoint-metric BEST_CHECKPOINT_METRIC]
                     [--maximize-best-checkpoint-metric] [--patience PATIENCE]
                     [--checkpoint-suffix CHECKPOINT_SUFFIX]
                     [--checkpoint-shard-count CHECKPOINT_SHARD_COUNT]
                     [--load-checkpoint-on-all-dp-ranks]
                     [--write-checkpoints-asynchronously] [--store-ema]
                     [--ema-decay EMA_DECAY]
                     [--ema-start-update EMA_START_UPDATE]
                     [--ema-seed-model EMA_SEED_MODEL]
                     [--ema-update-freq EMA_UPDATE_FREQ] [--ema-fp32]
fairseq-train: error: argument --fp16-init-scale: invalid int value: '1e-1'
usage: fairseq-train [-h] [--no-progress-bar] [--log-interval LOG_INTERVAL]
                     [--log-format {json,none,simple,tqdm}]
                     [--log-file LOG_FILE] [--aim-repo AIM_REPO]
                     [--aim-run-hash AIM_RUN_HASH]
                     [--tensorboard-logdir TENSORBOARD_LOGDIR]
                     [--wandb-project WANDB_PROJECT] [--azureml-logging]
                     [--seed SEED] [--cpu] [--tpu] [--bf16]
                     [--memory-efficient-bf16] [--fp16]
                     [--memory-efficient-fp16] [--fp16-no-flatten-grads]
                     [--fp16-init-scale FP16_INIT_SCALE]
                     [--fp16-scale-window FP16_SCALE_WINDOW]
                     [--fp16-scale-tolerance FP16_SCALE_TOLERANCE]
                     [--on-cpu-convert-precision]
                     [--min-loss-scale MIN_LOSS_SCALE]
                     [--threshold-loss-scale THRESHOLD_LOSS_SCALE] [--amp]
                     [--amp-batch-retries AMP_BATCH_RETRIES]
                     [--amp-init-scale AMP_INIT_SCALE]
                     [--amp-scale-window AMP_SCALE_WINDOW]
                     [--user-dir USER_DIR]
                     [--empty-cache-freq EMPTY_CACHE_FREQ]
                     [--all-gather-list-size ALL_GATHER_LIST_SIZE]
                     [--model-parallel-size MODEL_PARALLEL_SIZE]
                     [--quantization-config-path QUANTIZATION_CONFIG_PATH]
                     [--profile] [--reset-logging] [--suppress-crashes]
                     [--use-plasma-view] [--plasma-path PLASMA_PATH]
                     [--criterion {adaptive_loss,composite_loss,cross_entropy,ctc,fastspeech2,hubert,label_smoothed_cross_entropy,latency_augmented_label_smoothed_cross_entropy,label_smoothed_cross_entropy_with_alignment,label_smoothed_cross_entropy_with_ctc,legacy_masked_lm_loss,masked_lm,model,nat_loss,sentence_prediction,sentence_prediction_adapters,sentence_ranking,tacotron2,speech_to_unit,speech_to_spectrogram,speech_unit_lm_criterion,wav2vec,vocab_parallel_cross_entropy,binary_logloss,binary_logloss_with_flag,l1_loss,l1_loss_with_flag,l2_loss,l2_loss_rmsd,l2_loss_with_flag,l2_loss_rmsd_with_flag,mae_deltapos,multiclass_cross_entropy,multiclass_cross_entropy_with_flag}]
                     [--tokenizer {moses,nltk,space}]
                     [--bpe {byte_bpe,bytes,characters,fastbpe,gpt2,bert,hf_byte_bpe,sentencepiece,subword_nmt}]
                     [--optimizer {adadelta,adafactor,adagrad,adam,adamax,composite,cpu_adam,lamb,nag,sgd}]
                     [--lr-scheduler {cosine,fixed,inverse_sqrt,manual,pass_through,polynomial_decay,reduce_lr_on_plateau,step,tri_stage,triangular}]
                     [--scoring {bert_score,sacrebleu,bleu,chrf,meteor,wer}]
                     [--task TASK] [--num-workers NUM_WORKERS]
                     [--skip-invalid-size-inputs-valid-test]
                     [--max-tokens MAX_TOKENS] [--batch-size BATCH_SIZE]
                     [--required-batch-size-multiple REQUIRED_BATCH_SIZE_MULTIPLE]
                     [--required-seq-len-multiple REQUIRED_SEQ_LEN_MULTIPLE]
                     [--dataset-impl {raw,lazy,cached,mmap,fasta,huffman}]
                     [--data-buffer-size DATA_BUFFER_SIZE]
                     [--train-subset TRAIN_SUBSET]
                     [--valid-subset VALID_SUBSET] [--combine-valid-subsets]
                     [--ignore-unused-valid-subsets]
                     [--validate-interval VALIDATE_INTERVAL]
                     [--validate-interval-updates VALIDATE_INTERVAL_UPDATES]
                     [--validate-after-updates VALIDATE_AFTER_UPDATES]
                     [--fixed-validation-seed FIXED_VALIDATION_SEED]
                     [--disable-validation]
                     [--max-tokens-valid MAX_TOKENS_VALID]
                     [--batch-size-valid BATCH_SIZE_VALID]
                     [--max-valid-steps MAX_VALID_STEPS]
                     [--curriculum CURRICULUM] [--gen-subset GEN_SUBSET]
                     [--num-shards NUM_SHARDS] [--shard-id SHARD_ID]
                     [--grouped-shuffling]
                     [--update-epoch-batch-itr UPDATE_EPOCH_BATCH_ITR]
                     [--update-ordered-indices-seed]
                     [--distributed-world-size DISTRIBUTED_WORLD_SIZE]
                     [--distributed-num-procs DISTRIBUTED_NUM_PROCS]
                     [--distributed-rank DISTRIBUTED_RANK]
                     [--distributed-backend DISTRIBUTED_BACKEND]
                     [--distributed-init-method DISTRIBUTED_INIT_METHOD]
                     [--distributed-port DISTRIBUTED_PORT]
                     [--device-id DEVICE_ID] [--distributed-no-spawn]
                     [--ddp-backend {c10d,fully_sharded,legacy_ddp,no_c10d,pytorch_ddp,slowmo}]
                     [--ddp-comm-hook {none,fp16}]
                     [--bucket-cap-mb BUCKET_CAP_MB] [--fix-batches-to-gpus]
                     [--find-unused-parameters] [--gradient-as-bucket-view]
                     [--fast-stat-sync]
                     [--heartbeat-timeout HEARTBEAT_TIMEOUT]
                     [--broadcast-buffers] [--slowmo-momentum SLOWMO_MOMENTUM]
                     [--slowmo-base-algorithm SLOWMO_BASE_ALGORITHM]
                     [--localsgd-frequency LOCALSGD_FREQUENCY]
                     [--nprocs-per-node NPROCS_PER_NODE]
                     [--pipeline-model-parallel]
                     [--pipeline-balance PIPELINE_BALANCE]
                     [--pipeline-devices PIPELINE_DEVICES]
                     [--pipeline-chunks PIPELINE_CHUNKS]
                     [--pipeline-encoder-balance PIPELINE_ENCODER_BALANCE]
                     [--pipeline-encoder-devices PIPELINE_ENCODER_DEVICES]
                     [--pipeline-decoder-balance PIPELINE_DECODER_BALANCE]
                     [--pipeline-decoder-devices PIPELINE_DECODER_DEVICES]
                     [--pipeline-checkpoint {always,never,except_last}]
                     [--zero-sharding {none,os}] [--no-reshard-after-forward]
                     [--fp32-reduce-scatter] [--cpu-offload]
                     [--use-sharded-state] [--not-fsdp-flatten-parameters]
                     [--arch ARCH] [--max-epoch MAX_EPOCH]
                     [--max-update MAX_UPDATE]
                     [--stop-time-hours STOP_TIME_HOURS]
                     [--clip-norm CLIP_NORM] [--sentence-avg]
                     [--update-freq UPDATE_FREQ] [--lr LR]
                     [--stop-min-lr STOP_MIN_LR] [--use-bmuf]
                     [--skip-remainder-batch] [--save-dir SAVE_DIR]
                     [--restore-file RESTORE_FILE]
                     [--continue-once CONTINUE_ONCE]
                     [--finetune-from-model FINETUNE_FROM_MODEL]
                     [--reset-dataloader] [--reset-lr-scheduler]
                     [--reset-meters] [--reset-optimizer]
                     [--optimizer-overrides OPTIMIZER_OVERRIDES]
                     [--save-interval SAVE_INTERVAL]
                     [--save-interval-updates SAVE_INTERVAL_UPDATES]
                     [--keep-interval-updates KEEP_INTERVAL_UPDATES]
                     [--keep-interval-updates-pattern KEEP_INTERVAL_UPDATES_PATTERN]
                     [--keep-last-epochs KEEP_LAST_EPOCHS]
                     [--keep-best-checkpoints KEEP_BEST_CHECKPOINTS]
                     [--no-save] [--no-epoch-checkpoints]
                     [--no-last-checkpoints] [--no-save-optimizer-state]
                     [--best-checkpoint-metric BEST_CHECKPOINT_METRIC]
                     [--maximize-best-checkpoint-metric] [--patience PATIENCE]
                     [--checkpoint-suffix CHECKPOINT_SUFFIX]
                     [--checkpoint-shard-count CHECKPOINT_SHARD_COUNT]
                     [--load-checkpoint-on-all-dp-ranks]
                     [--write-checkpoints-asynchronously] [--store-ema]
                     [--ema-decay EMA_DECAY]
                     [--ema-start-update EMA_START_UPDATE]
                     [--ema-seed-model EMA_SEED_MODEL]
                     [--ema-update-freq EMA_UPDATE_FREQ] [--ema-fp32]
fairseq-train: error: argument --fp16-init-scale: invalid int value: '1e-1'
usage: fairseq-train [-h] [--no-progress-bar] [--log-interval LOG_INTERVAL]
                     [--log-format {json,none,simple,tqdm}]
                     [--log-file LOG_FILE] [--aim-repo AIM_REPO]
                     [--aim-run-hash AIM_RUN_HASH]
                     [--tensorboard-logdir TENSORBOARD_LOGDIR]
                     [--wandb-project WANDB_PROJECT] [--azureml-logging]
                     [--seed SEED] [--cpu] [--tpu] [--bf16]
                     [--memory-efficient-bf16] [--fp16]
                     [--memory-efficient-fp16] [--fp16-no-flatten-grads]
                     [--fp16-init-scale FP16_INIT_SCALE]
                     [--fp16-scale-window FP16_SCALE_WINDOW]
                     [--fp16-scale-tolerance FP16_SCALE_TOLERANCE]
                     [--on-cpu-convert-precision]
                     [--min-loss-scale MIN_LOSS_SCALE]
                     [--threshold-loss-scale THRESHOLD_LOSS_SCALE] [--amp]
                     [--amp-batch-retries AMP_BATCH_RETRIES]
                     [--amp-init-scale AMP_INIT_SCALE]
                     [--amp-scale-window AMP_SCALE_WINDOW]
                     [--user-dir USER_DIR]
                     [--empty-cache-freq EMPTY_CACHE_FREQ]
                     [--all-gather-list-size ALL_GATHER_LIST_SIZE]
                     [--model-parallel-size MODEL_PARALLEL_SIZE]
                     [--quantization-config-path QUANTIZATION_CONFIG_PATH]
                     [--profile] [--reset-logging] [--suppress-crashes]
                     [--use-plasma-view] [--plasma-path PLASMA_PATH]
                     [--criterion {adaptive_loss,composite_loss,cross_entropy,ctc,fastspeech2,hubert,label_smoothed_cross_entropy,latency_augmented_label_smoothed_cross_entropy,label_smoothed_cross_entropy_with_alignment,label_smoothed_cross_entropy_with_ctc,legacy_masked_lm_loss,masked_lm,model,nat_loss,sentence_prediction,sentence_prediction_adapters,sentence_ranking,tacotron2,speech_to_unit,speech_to_spectrogram,speech_unit_lm_criterion,wav2vec,vocab_parallel_cross_entropy,binary_logloss,binary_logloss_with_flag,l1_loss,l1_loss_with_flag,l2_loss,l2_loss_rmsd,l2_loss_with_flag,l2_loss_rmsd_with_flag,mae_deltapos,multiclass_cross_entropy,multiclass_cross_entropy_with_flag}]
                     [--tokenizer {moses,nltk,space}]
                     [--bpe {byte_bpe,bytes,characters,fastbpe,gpt2,bert,hf_byte_bpe,sentencepiece,subword_nmt}]
                     [--optimizer {adadelta,adafactor,adagrad,adam,adamax,composite,cpu_adam,lamb,nag,sgd}]
                     [--lr-scheduler {cosine,fixed,inverse_sqrt,manual,pass_through,polynomial_decay,reduce_lr_on_plateau,step,tri_stage,triangular}]
                     [--scoring {bert_score,sacrebleu,bleu,chrf,meteor,wer}]
                     [--task TASK] [--num-workers NUM_WORKERS]
                     [--skip-invalid-size-inputs-valid-test]
                     [--max-tokens MAX_TOKENS] [--batch-size BATCH_SIZE]
                     [--required-batch-size-multiple REQUIRED_BATCH_SIZE_MULTIPLE]
                     [--required-seq-len-multiple REQUIRED_SEQ_LEN_MULTIPLE]
                     [--dataset-impl {raw,lazy,cached,mmap,fasta,huffman}]
                     [--data-buffer-size DATA_BUFFER_SIZE]
                     [--train-subset TRAIN_SUBSET]
                     [--valid-subset VALID_SUBSET] [--combine-valid-subsets]
                     [--ignore-unused-valid-subsets]
                     [--validate-interval VALIDATE_INTERVAL]
                     [--validate-interval-updates VALIDATE_INTERVAL_UPDATES]
                     [--validate-after-updates VALIDATE_AFTER_UPDATES]
                     [--fixed-validation-seed FIXED_VALIDATION_SEED]
                     [--disable-validation]
                     [--max-tokens-valid MAX_TOKENS_VALID]
                     [--batch-size-valid BATCH_SIZE_VALID]
                     [--max-valid-steps MAX_VALID_STEPS]
                     [--curriculum CURRICULUM] [--gen-subset GEN_SUBSET]
                     [--num-shards NUM_SHARDS] [--shard-id SHARD_ID]
                     [--grouped-shuffling]
                     [--update-epoch-batch-itr UPDATE_EPOCH_BATCH_ITR]
                     [--update-ordered-indices-seed]
                     [--distributed-world-size DISTRIBUTED_WORLD_SIZE]
                     [--distributed-num-procs DISTRIBUTED_NUM_PROCS]
                     [--distributed-rank DISTRIBUTED_RANK]
                     [--distributed-backend DISTRIBUTED_BACKEND]
                     [--distributed-init-method DISTRIBUTED_INIT_METHOD]
                     [--distributed-port DISTRIBUTED_PORT]
                     [--device-id DEVICE_ID] [--distributed-no-spawn]
                     [--ddp-backend {c10d,fully_sharded,legacy_ddp,no_c10d,pytorch_ddp,slowmo}]
                     [--ddp-comm-hook {none,fp16}]
                     [--bucket-cap-mb BUCKET_CAP_MB] [--fix-batches-to-gpus]
                     [--find-unused-parameters] [--gradient-as-bucket-view]
                     [--fast-stat-sync]
                     [--heartbeat-timeout HEARTBEAT_TIMEOUT]
                     [--broadcast-buffers] [--slowmo-momentum SLOWMO_MOMENTUM]
                     [--slowmo-base-algorithm SLOWMO_BASE_ALGORITHM]
                     [--localsgd-frequency LOCALSGD_FREQUENCY]
                     [--nprocs-per-node NPROCS_PER_NODE]
                     [--pipeline-model-parallel]
                     [--pipeline-balance PIPELINE_BALANCE]
                     [--pipeline-devices PIPELINE_DEVICES]
                     [--pipeline-chunks PIPELINE_CHUNKS]
                     [--pipeline-encoder-balance PIPELINE_ENCODER_BALANCE]
                     [--pipeline-encoder-devices PIPELINE_ENCODER_DEVICES]
                     [--pipeline-decoder-balance PIPELINE_DECODER_BALANCE]
                     [--pipeline-decoder-devices PIPELINE_DECODER_DEVICES]
                     [--pipeline-checkpoint {always,never,except_last}]
                     [--zero-sharding {none,os}] [--no-reshard-after-forward]
                     [--fp32-reduce-scatter] [--cpu-offload]
                     [--use-sharded-state] [--not-fsdp-flatten-parameters]
                     [--arch ARCH] [--max-epoch MAX_EPOCH]
                     [--max-update MAX_UPDATE]
                     [--stop-time-hours STOP_TIME_HOURS]
                     [--clip-norm CLIP_NORM] [--sentence-avg]
                     [--update-freq UPDATE_FREQ] [--lr LR]
                     [--stop-min-lr STOP_MIN_LR] [--use-bmuf]
                     [--skip-remainder-batch] [--save-dir SAVE_DIR]
                     [--restore-file RESTORE_FILE]
                     [--continue-once CONTINUE_ONCE]
                     [--finetune-from-model FINETUNE_FROM_MODEL]
                     [--reset-dataloader] [--reset-lr-scheduler]
                     [--reset-meters] [--reset-optimizer]
                     [--optimizer-overrides OPTIMIZER_OVERRIDES]
                     [--save-interval SAVE_INTERVAL]
                     [--save-interval-updates SAVE_INTERVAL_UPDATES]
                     [--keep-interval-updates KEEP_INTERVAL_UPDATES]
                     [--keep-interval-updates-pattern KEEP_INTERVAL_UPDATES_PATTERN]
                     [--keep-last-epochs KEEP_LAST_EPOCHS]
                     [--keep-best-checkpoints KEEP_BEST_CHECKPOINTS]
                     [--no-save] [--no-epoch-checkpoints]
                     [--no-last-checkpoints] [--no-save-optimizer-state]
                     [--best-checkpoint-metric BEST_CHECKPOINT_METRIC]
                     [--maximize-best-checkpoint-metric] [--patience PATIENCE]
                     [--checkpoint-suffix CHECKPOINT_SUFFIX]
                     [--checkpoint-shard-count CHECKPOINT_SHARD_COUNT]
                     [--load-checkpoint-on-all-dp-ranks]
                     [--write-checkpoints-asynchronously] [--store-ema]
                     [--ema-decay EMA_DECAY]
                     [--ema-start-update EMA_START_UPDATE]
                     [--ema-seed-model EMA_SEED_MODEL]
                     [--ema-update-freq EMA_UPDATE_FREQ] [--ema-fp32]
fairseq-train: error: argument --fp16-init-scale: invalid int value: '1e-1'
usage: fairseq-train [-h] [--no-progress-bar] [--log-interval LOG_INTERVAL]
                     [--log-format {json,none,simple,tqdm}]
                     [--log-file LOG_FILE] [--aim-repo AIM_REPO]
                     [--aim-run-hash AIM_RUN_HASH]
                     [--tensorboard-logdir TENSORBOARD_LOGDIR]
                     [--wandb-project WANDB_PROJECT] [--azureml-logging]
                     [--seed SEED] [--cpu] [--tpu] [--bf16]
                     [--memory-efficient-bf16] [--fp16]
                     [--memory-efficient-fp16] [--fp16-no-flatten-grads]
                     [--fp16-init-scale FP16_INIT_SCALE]
                     [--fp16-scale-window FP16_SCALE_WINDOW]
                     [--fp16-scale-tolerance FP16_SCALE_TOLERANCE]
                     [--on-cpu-convert-precision]
                     [--min-loss-scale MIN_LOSS_SCALE]
                     [--threshold-loss-scale THRESHOLD_LOSS_SCALE] [--amp]
                     [--amp-batch-retries AMP_BATCH_RETRIES]
                     [--amp-init-scale AMP_INIT_SCALE]
                     [--amp-scale-window AMP_SCALE_WINDOW]
                     [--user-dir USER_DIR]
                     [--empty-cache-freq EMPTY_CACHE_FREQ]
                     [--all-gather-list-size ALL_GATHER_LIST_SIZE]
                     [--model-parallel-size MODEL_PARALLEL_SIZE]
                     [--quantization-config-path QUANTIZATION_CONFIG_PATH]
                     [--profile] [--reset-logging] [--suppress-crashes]
                     [--use-plasma-view] [--plasma-path PLASMA_PATH]
                     [--criterion {adaptive_loss,composite_loss,cross_entropy,ctc,fastspeech2,hubert,label_smoothed_cross_entropy,latency_augmented_label_smoothed_cross_entropy,label_smoothed_cross_entropy_with_alignment,label_smoothed_cross_entropy_with_ctc,legacy_masked_lm_loss,masked_lm,model,nat_loss,sentence_prediction,sentence_prediction_adapters,sentence_ranking,tacotron2,speech_to_unit,speech_to_spectrogram,speech_unit_lm_criterion,wav2vec,vocab_parallel_cross_entropy,binary_logloss,binary_logloss_with_flag,l1_loss,l1_loss_with_flag,l2_loss,l2_loss_rmsd,l2_loss_with_flag,l2_loss_rmsd_with_flag,mae_deltapos,multiclass_cross_entropy,multiclass_cross_entropy_with_flag}]
                     [--tokenizer {moses,nltk,space}]
                     [--bpe {byte_bpe,bytes,characters,fastbpe,gpt2,bert,hf_byte_bpe,sentencepiece,subword_nmt}]
                     [--optimizer {adadelta,adafactor,adagrad,adam,adamax,composite,cpu_adam,lamb,nag,sgd}]
                     [--lr-scheduler {cosine,fixed,inverse_sqrt,manual,pass_through,polynomial_decay,reduce_lr_on_plateau,step,tri_stage,triangular}]
                     [--scoring {bert_score,sacrebleu,bleu,chrf,meteor,wer}]
                     [--task TASK] [--num-workers NUM_WORKERS]
                     [--skip-invalid-size-inputs-valid-test]
                     [--max-tokens MAX_TOKENS] [--batch-size BATCH_SIZE]
                     [--required-batch-size-multiple REQUIRED_BATCH_SIZE_MULTIPLE]
                     [--required-seq-len-multiple REQUIRED_SEQ_LEN_MULTIPLE]
                     [--dataset-impl {raw,lazy,cached,mmap,fasta,huffman}]
                     [--data-buffer-size DATA_BUFFER_SIZE]
                     [--train-subset TRAIN_SUBSET]
                     [--valid-subset VALID_SUBSET] [--combine-valid-subsets]
                     [--ignore-unused-valid-subsets]
                     [--validate-interval VALIDATE_INTERVAL]
                     [--validate-interval-updates VALIDATE_INTERVAL_UPDATES]
                     [--validate-after-updates VALIDATE_AFTER_UPDATES]
                     [--fixed-validation-seed FIXED_VALIDATION_SEED]
                     [--disable-validation]
                     [--max-tokens-valid MAX_TOKENS_VALID]
                     [--batch-size-valid BATCH_SIZE_VALID]
                     [--max-valid-steps MAX_VALID_STEPS]
                     [--curriculum CURRICULUM] [--gen-subset GEN_SUBSET]
                     [--num-shards NUM_SHARDS] [--shard-id SHARD_ID]
                     [--grouped-shuffling]
                     [--update-epoch-batch-itr UPDATE_EPOCH_BATCH_ITR]
                     [--update-ordered-indices-seed]
                     [--distributed-world-size DISTRIBUTED_WORLD_SIZE]
                     [--distributed-num-procs DISTRIBUTED_NUM_PROCS]
                     [--distributed-rank DISTRIBUTED_RANK]
                     [--distributed-backend DISTRIBUTED_BACKEND]
                     [--distributed-init-method DISTRIBUTED_INIT_METHOD]
                     [--distributed-port DISTRIBUTED_PORT]
                     [--device-id DEVICE_ID] [--distributed-no-spawn]
                     [--ddp-backend {c10d,fully_sharded,legacy_ddp,no_c10d,pytorch_ddp,slowmo}]
                     [--ddp-comm-hook {none,fp16}]
                     [--bucket-cap-mb BUCKET_CAP_MB] [--fix-batches-to-gpus]
                     [--find-unused-parameters] [--gradient-as-bucket-view]
                     [--fast-stat-sync]
                     [--heartbeat-timeout HEARTBEAT_TIMEOUT]
                     [--broadcast-buffers] [--slowmo-momentum SLOWMO_MOMENTUM]
                     [--slowmo-base-algorithm SLOWMO_BASE_ALGORITHM]
                     [--localsgd-frequency LOCALSGD_FREQUENCY]
                     [--nprocs-per-node NPROCS_PER_NODE]
                     [--pipeline-model-parallel]
                     [--pipeline-balance PIPELINE_BALANCE]
                     [--pipeline-devices PIPELINE_DEVICES]
                     [--pipeline-chunks PIPELINE_CHUNKS]
                     [--pipeline-encoder-balance PIPELINE_ENCODER_BALANCE]
                     [--pipeline-encoder-devices PIPELINE_ENCODER_DEVICES]
                     [--pipeline-decoder-balance PIPELINE_DECODER_BALANCE]
                     [--pipeline-decoder-devices PIPELINE_DECODER_DEVICES]
                     [--pipeline-checkpoint {always,never,except_last}]
                     [--zero-sharding {none,os}] [--no-reshard-after-forward]
                     [--fp32-reduce-scatter] [--cpu-offload]
                     [--use-sharded-state] [--not-fsdp-flatten-parameters]
                     [--arch ARCH] [--max-epoch MAX_EPOCH]
                     [--max-update MAX_UPDATE]
                     [--stop-time-hours STOP_TIME_HOURS]
                     [--clip-norm CLIP_NORM] [--sentence-avg]
                     [--update-freq UPDATE_FREQ] [--lr LR]
                     [--stop-min-lr STOP_MIN_LR] [--use-bmuf]
                     [--skip-remainder-batch] [--save-dir SAVE_DIR]
                     [--restore-file RESTORE_FILE]
                     [--continue-once CONTINUE_ONCE]
                     [--finetune-from-model FINETUNE_FROM_MODEL]
                     [--reset-dataloader] [--reset-lr-scheduler]
                     [--reset-meters] [--reset-optimizer]
                     [--optimizer-overrides OPTIMIZER_OVERRIDES]
                     [--save-interval SAVE_INTERVAL]
                     [--save-interval-updates SAVE_INTERVAL_UPDATES]
                     [--keep-interval-updates KEEP_INTERVAL_UPDATES]
                     [--keep-interval-updates-pattern KEEP_INTERVAL_UPDATES_PATTERN]
                     [--keep-last-epochs KEEP_LAST_EPOCHS]
                     [--keep-best-checkpoints KEEP_BEST_CHECKPOINTS]
                     [--no-save] [--no-epoch-checkpoints]
                     [--no-last-checkpoints] [--no-save-optimizer-state]
                     [--best-checkpoint-metric BEST_CHECKPOINT_METRIC]
                     [--maximize-best-checkpoint-metric] [--patience PATIENCE]
                     [--checkpoint-suffix CHECKPOINT_SUFFIX]
                     [--checkpoint-shard-count CHECKPOINT_SHARD_COUNT]
                     [--load-checkpoint-on-all-dp-ranks]
                     [--write-checkpoints-asynchronously] [--store-ema]
                     [--ema-decay EMA_DECAY]
                     [--ema-start-update EMA_START_UPDATE]
                     [--ema-seed-model EMA_SEED_MODEL]
                     [--ema-update-freq EMA_UPDATE_FREQ] [--ema-fp32]
fairseq-train: error: argument --fp16-init-scale: invalid int value: '1e-1'
usage: fairseq-train [-h] [--no-progress-bar] [--log-interval LOG_INTERVAL]
                     [--log-format {json,none,simple,tqdm}]
                     [--log-file LOG_FILE] [--aim-repo AIM_REPO]
                     [--aim-run-hash AIM_RUN_HASH]
                     [--tensorboard-logdir TENSORBOARD_LOGDIR]
                     [--wandb-project WANDB_PROJECT] [--azureml-logging]
                     [--seed SEED] [--cpu] [--tpu] [--bf16]
                     [--memory-efficient-bf16] [--fp16]
                     [--memory-efficient-fp16] [--fp16-no-flatten-grads]
                     [--fp16-init-scale FP16_INIT_SCALE]
                     [--fp16-scale-window FP16_SCALE_WINDOW]
                     [--fp16-scale-tolerance FP16_SCALE_TOLERANCE]
                     [--on-cpu-convert-precision]
                     [--min-loss-scale MIN_LOSS_SCALE]
                     [--threshold-loss-scale THRESHOLD_LOSS_SCALE] [--amp]
                     [--amp-batch-retries AMP_BATCH_RETRIES]
                     [--amp-init-scale AMP_INIT_SCALE]
                     [--amp-scale-window AMP_SCALE_WINDOW]
                     [--user-dir USER_DIR]
                     [--empty-cache-freq EMPTY_CACHE_FREQ]
                     [--all-gather-list-size ALL_GATHER_LIST_SIZE]
                     [--model-parallel-size MODEL_PARALLEL_SIZE]
                     [--quantization-config-path QUANTIZATION_CONFIG_PATH]
                     [--profile] [--reset-logging] [--suppress-crashes]
                     [--use-plasma-view] [--plasma-path PLASMA_PATH]
                     [--criterion {adaptive_loss,composite_loss,cross_entropy,ctc,fastspeech2,hubert,label_smoothed_cross_entropy,latency_augmented_label_smoothed_cross_entropy,label_smoothed_cross_entropy_with_alignment,label_smoothed_cross_entropy_with_ctc,legacy_masked_lm_loss,masked_lm,model,nat_loss,sentence_prediction,sentence_prediction_adapters,sentence_ranking,tacotron2,speech_to_unit,speech_to_spectrogram,speech_unit_lm_criterion,wav2vec,vocab_parallel_cross_entropy,binary_logloss,binary_logloss_with_flag,l1_loss,l1_loss_with_flag,l2_loss,l2_loss_rmsd,l2_loss_with_flag,l2_loss_rmsd_with_flag,mae_deltapos,multiclass_cross_entropy,multiclass_cross_entropy_with_flag}]
                     [--tokenizer {moses,nltk,space}]
                     [--bpe {byte_bpe,bytes,characters,fastbpe,gpt2,bert,hf_byte_bpe,sentencepiece,subword_nmt}]
                     [--optimizer {adadelta,adafactor,adagrad,adam,adamax,composite,cpu_adam,lamb,nag,sgd}]
                     [--lr-scheduler {cosine,fixed,inverse_sqrt,manual,pass_through,polynomial_decay,reduce_lr_on_plateau,step,tri_stage,triangular}]
                     [--scoring {bert_score,sacrebleu,bleu,chrf,meteor,wer}]
                     [--task TASK] [--num-workers NUM_WORKERS]
                     [--skip-invalid-size-inputs-valid-test]
                     [--max-tokens MAX_TOKENS] [--batch-size BATCH_SIZE]
                     [--required-batch-size-multiple REQUIRED_BATCH_SIZE_MULTIPLE]
                     [--required-seq-len-multiple REQUIRED_SEQ_LEN_MULTIPLE]
                     [--dataset-impl {raw,lazy,cached,mmap,fasta,huffman}]
                     [--data-buffer-size DATA_BUFFER_SIZE]
                     [--train-subset TRAIN_SUBSET]
                     [--valid-subset VALID_SUBSET] [--combine-valid-subsets]
                     [--ignore-unused-valid-subsets]
                     [--validate-interval VALIDATE_INTERVAL]
                     [--validate-interval-updates VALIDATE_INTERVAL_UPDATES]
                     [--validate-after-updates VALIDATE_AFTER_UPDATES]
                     [--fixed-validation-seed FIXED_VALIDATION_SEED]
                     [--disable-validation]
                     [--max-tokens-valid MAX_TOKENS_VALID]
                     [--batch-size-valid BATCH_SIZE_VALID]
                     [--max-valid-steps MAX_VALID_STEPS]
                     [--curriculum CURRICULUM] [--gen-subset GEN_SUBSET]
                     [--num-shards NUM_SHARDS] [--shard-id SHARD_ID]
                     [--grouped-shuffling]
                     [--update-epoch-batch-itr UPDATE_EPOCH_BATCH_ITR]
                     [--update-ordered-indices-seed]
                     [--distributed-world-size DISTRIBUTED_WORLD_SIZE]
                     [--distributed-num-procs DISTRIBUTED_NUM_PROCS]
                     [--distributed-rank DISTRIBUTED_RANK]
                     [--distributed-backend DISTRIBUTED_BACKEND]
                     [--distributed-init-method DISTRIBUTED_INIT_METHOD]
                     [--distributed-port DISTRIBUTED_PORT]
                     [--device-id DEVICE_ID] [--distributed-no-spawn]
                     [--ddp-backend {c10d,fully_sharded,legacy_ddp,no_c10d,pytorch_ddp,slowmo}]
                     [--ddp-comm-hook {none,fp16}]
                     [--bucket-cap-mb BUCKET_CAP_MB] [--fix-batches-to-gpus]
                     [--find-unused-parameters] [--gradient-as-bucket-view]
                     [--fast-stat-sync]
                     [--heartbeat-timeout HEARTBEAT_TIMEOUT]
                     [--broadcast-buffers] [--slowmo-momentum SLOWMO_MOMENTUM]
                     [--slowmo-base-algorithm SLOWMO_BASE_ALGORITHM]
                     [--localsgd-frequency LOCALSGD_FREQUENCY]
                     [--nprocs-per-node NPROCS_PER_NODE]
                     [--pipeline-model-parallel]
                     [--pipeline-balance PIPELINE_BALANCE]
                     [--pipeline-devices PIPELINE_DEVICES]
                     [--pipeline-chunks PIPELINE_CHUNKS]
                     [--pipeline-encoder-balance PIPELINE_ENCODER_BALANCE]
                     [--pipeline-encoder-devices PIPELINE_ENCODER_DEVICES]
                     [--pipeline-decoder-balance PIPELINE_DECODER_BALANCE]
                     [--pipeline-decoder-devices PIPELINE_DECODER_DEVICES]
                     [--pipeline-checkpoint {always,never,except_last}]
                     [--zero-sharding {none,os}] [--no-reshard-after-forward]
                     [--fp32-reduce-scatter] [--cpu-offload]
                     [--use-sharded-state] [--not-fsdp-flatten-parameters]
                     [--arch ARCH] [--max-epoch MAX_EPOCH]
                     [--max-update MAX_UPDATE]
                     [--stop-time-hours STOP_TIME_HOURS]
                     [--clip-norm CLIP_NORM] [--sentence-avg]
                     [--update-freq UPDATE_FREQ] [--lr LR]
                     [--stop-min-lr STOP_MIN_LR] [--use-bmuf]
                     [--skip-remainder-batch] [--save-dir SAVE_DIR]
                     [--restore-file RESTORE_FILE]
                     [--continue-once CONTINUE_ONCE]
                     [--finetune-from-model FINETUNE_FROM_MODEL]
                     [--reset-dataloader] [--reset-lr-scheduler]
                     [--reset-meters] [--reset-optimizer]
                     [--optimizer-overrides OPTIMIZER_OVERRIDES]
                     [--save-interval SAVE_INTERVAL]
                     [--save-interval-updates SAVE_INTERVAL_UPDATES]
                     [--keep-interval-updates KEEP_INTERVAL_UPDATES]
                     [--keep-interval-updates-pattern KEEP_INTERVAL_UPDATES_PATTERN]
                     [--keep-last-epochs KEEP_LAST_EPOCHS]
                     [--keep-best-checkpoints KEEP_BEST_CHECKPOINTS]
                     [--no-save] [--no-epoch-checkpoints]
                     [--no-last-checkpoints] [--no-save-optimizer-state]
                     [--best-checkpoint-metric BEST_CHECKPOINT_METRIC]
                     [--maximize-best-checkpoint-metric] [--patience PATIENCE]
                     [--checkpoint-suffix CHECKPOINT_SUFFIX]
                     [--checkpoint-shard-count CHECKPOINT_SHARD_COUNT]
                     [--load-checkpoint-on-all-dp-ranks]
                     [--write-checkpoints-asynchronously] [--store-ema]
                     [--ema-decay EMA_DECAY]
                     [--ema-start-update EMA_START_UPDATE]
                     [--ema-seed-model EMA_SEED_MODEL]
                     [--ema-update-freq EMA_UPDATE_FREQ] [--ema-fp32]
fairseq-train: error: argument --fp16-init-scale: invalid int value: '1e-1'
usage: fairseq-train [-h] [--no-progress-bar] [--log-interval LOG_INTERVAL]
                     [--log-format {json,none,simple,tqdm}]
                     [--log-file LOG_FILE] [--aim-repo AIM_REPO]
                     [--aim-run-hash AIM_RUN_HASH]
                     [--tensorboard-logdir TENSORBOARD_LOGDIR]
                     [--wandb-project WANDB_PROJECT] [--azureml-logging]
                     [--seed SEED] [--cpu] [--tpu] [--bf16]
                     [--memory-efficient-bf16] [--fp16]
                     [--memory-efficient-fp16] [--fp16-no-flatten-grads]
                     [--fp16-init-scale FP16_INIT_SCALE]
                     [--fp16-scale-window FP16_SCALE_WINDOW]
                     [--fp16-scale-tolerance FP16_SCALE_TOLERANCE]
                     [--on-cpu-convert-precision]
                     [--min-loss-scale MIN_LOSS_SCALE]
                     [--threshold-loss-scale THRESHOLD_LOSS_SCALE] [--amp]
                     [--amp-batch-retries AMP_BATCH_RETRIES]
                     [--amp-init-scale AMP_INIT_SCALE]
                     [--amp-scale-window AMP_SCALE_WINDOW]
                     [--user-dir USER_DIR]
                     [--empty-cache-freq EMPTY_CACHE_FREQ]
                     [--all-gather-list-size ALL_GATHER_LIST_SIZE]
                     [--model-parallel-size MODEL_PARALLEL_SIZE]
                     [--quantization-config-path QUANTIZATION_CONFIG_PATH]
                     [--profile] [--reset-logging] [--suppress-crashes]
                     [--use-plasma-view] [--plasma-path PLASMA_PATH]
                     [--criterion {adaptive_loss,composite_loss,cross_entropy,ctc,fastspeech2,hubert,label_smoothed_cross_entropy,latency_augmented_label_smoothed_cross_entropy,label_smoothed_cross_entropy_with_alignment,label_smoothed_cross_entropy_with_ctc,legacy_masked_lm_loss,masked_lm,model,nat_loss,sentence_prediction,sentence_prediction_adapters,sentence_ranking,tacotron2,speech_to_unit,speech_to_spectrogram,speech_unit_lm_criterion,wav2vec,vocab_parallel_cross_entropy,binary_logloss,binary_logloss_with_flag,l1_loss,l1_loss_with_flag,l2_loss,l2_loss_rmsd,l2_loss_with_flag,l2_loss_rmsd_with_flag,mae_deltapos,multiclass_cross_entropy,multiclass_cross_entropy_with_flag}]
                     [--tokenizer {moses,nltk,space}]
                     [--bpe {byte_bpe,bytes,characters,fastbpe,gpt2,bert,hf_byte_bpe,sentencepiece,subword_nmt}]
                     [--optimizer {adadelta,adafactor,adagrad,adam,adamax,composite,cpu_adam,lamb,nag,sgd}]
                     [--lr-scheduler {cosine,fixed,inverse_sqrt,manual,pass_through,polynomial_decay,reduce_lr_on_plateau,step,tri_stage,triangular}]
                     [--scoring {bert_score,sacrebleu,bleu,chrf,meteor,wer}]
                     [--task TASK] [--num-workers NUM_WORKERS]
                     [--skip-invalid-size-inputs-valid-test]
                     [--max-tokens MAX_TOKENS] [--batch-size BATCH_SIZE]
                     [--required-batch-size-multiple REQUIRED_BATCH_SIZE_MULTIPLE]
                     [--required-seq-len-multiple REQUIRED_SEQ_LEN_MULTIPLE]
                     [--dataset-impl {raw,lazy,cached,mmap,fasta,huffman}]
                     [--data-buffer-size DATA_BUFFER_SIZE]
                     [--train-subset TRAIN_SUBSET]
                     [--valid-subset VALID_SUBSET] [--combine-valid-subsets]
                     [--ignore-unused-valid-subsets]
                     [--validate-interval VALIDATE_INTERVAL]
                     [--validate-interval-updates VALIDATE_INTERVAL_UPDATES]
                     [--validate-after-updates VALIDATE_AFTER_UPDATES]
                     [--fixed-validation-seed FIXED_VALIDATION_SEED]
                     [--disable-validation]
                     [--max-tokens-valid MAX_TOKENS_VALID]
                     [--batch-size-valid BATCH_SIZE_VALID]
                     [--max-valid-steps MAX_VALID_STEPS]
                     [--curriculum CURRICULUM] [--gen-subset GEN_SUBSET]
                     [--num-shards NUM_SHARDS] [--shard-id SHARD_ID]
                     [--grouped-shuffling]
                     [--update-epoch-batch-itr UPDATE_EPOCH_BATCH_ITR]
                     [--update-ordered-indices-seed]
                     [--distributed-world-size DISTRIBUTED_WORLD_SIZE]
                     [--distributed-num-procs DISTRIBUTED_NUM_PROCS]
                     [--distributed-rank DISTRIBUTED_RANK]
                     [--distributed-backend DISTRIBUTED_BACKEND]
                     [--distributed-init-method DISTRIBUTED_INIT_METHOD]
                     [--distributed-port DISTRIBUTED_PORT]
                     [--device-id DEVICE_ID] [--distributed-no-spawn]
                     [--ddp-backend {c10d,fully_sharded,legacy_ddp,no_c10d,pytorch_ddp,slowmo}]
                     [--ddp-comm-hook {none,fp16}]
                     [--bucket-cap-mb BUCKET_CAP_MB] [--fix-batches-to-gpus]
                     [--find-unused-parameters] [--gradient-as-bucket-view]
                     [--fast-stat-sync]
                     [--heartbeat-timeout HEARTBEAT_TIMEOUT]
                     [--broadcast-buffers] [--slowmo-momentum SLOWMO_MOMENTUM]
                     [--slowmo-base-algorithm SLOWMO_BASE_ALGORITHM]
                     [--localsgd-frequency LOCALSGD_FREQUENCY]
                     [--nprocs-per-node NPROCS_PER_NODE]
                     [--pipeline-model-parallel]
                     [--pipeline-balance PIPELINE_BALANCE]
                     [--pipeline-devices PIPELINE_DEVICES]
                     [--pipeline-chunks PIPELINE_CHUNKS]
                     [--pipeline-encoder-balance PIPELINE_ENCODER_BALANCE]
                     [--pipeline-encoder-devices PIPELINE_ENCODER_DEVICES]
                     [--pipeline-decoder-balance PIPELINE_DECODER_BALANCE]
                     [--pipeline-decoder-devices PIPELINE_DECODER_DEVICES]
                     [--pipeline-checkpoint {always,never,except_last}]
                     [--zero-sharding {none,os}] [--no-reshard-after-forward]
                     [--fp32-reduce-scatter] [--cpu-offload]
                     [--use-sharded-state] [--not-fsdp-flatten-parameters]
                     [--arch ARCH] [--max-epoch MAX_EPOCH]
                     [--max-update MAX_UPDATE]
                     [--stop-time-hours STOP_TIME_HOURS]
                     [--clip-norm CLIP_NORM] [--sentence-avg]
                     [--update-freq UPDATE_FREQ] [--lr LR]
                     [--stop-min-lr STOP_MIN_LR] [--use-bmuf]
                     [--skip-remainder-batch] [--save-dir SAVE_DIR]
                     [--restore-file RESTORE_FILE]
                     [--continue-once CONTINUE_ONCE]
                     [--finetune-from-model FINETUNE_FROM_MODEL]
                     [--reset-dataloader] [--reset-lr-scheduler]
                     [--reset-meters] [--reset-optimizer]
                     [--optimizer-overrides OPTIMIZER_OVERRIDES]
                     [--save-interval SAVE_INTERVAL]
                     [--save-interval-updates SAVE_INTERVAL_UPDATES]
                     [--keep-interval-updates KEEP_INTERVAL_UPDATES]
                     [--keep-interval-updates-pattern KEEP_INTERVAL_UPDATES_PATTERN]
                     [--keep-last-epochs KEEP_LAST_EPOCHS]
                     [--keep-best-checkpoints KEEP_BEST_CHECKPOINTS]
                     [--no-save] [--no-epoch-checkpoints]
                     [--no-last-checkpoints] [--no-save-optimizer-state]
                     [--best-checkpoint-metric BEST_CHECKPOINT_METRIC]
                     [--maximize-best-checkpoint-metric] [--patience PATIENCE]
                     [--checkpoint-suffix CHECKPOINT_SUFFIX]
                     [--checkpoint-shard-count CHECKPOINT_SHARD_COUNT]
                     [--load-checkpoint-on-all-dp-ranks]
                     [--write-checkpoints-asynchronously] [--store-ema]
                     [--ema-decay EMA_DECAY]
                     [--ema-start-update EMA_START_UPDATE]
                     [--ema-seed-model EMA_SEED_MODEL]
                     [--ema-update-freq EMA_UPDATE_FREQ] [--ema-fp32]
fairseq-train: error: argument --fp16-init-scale: invalid int value: '1e-1'
W1011 11:49:59.189315 40949 torch/distributed/elastic/multiprocessing/api.py:897] Sending process 40961 closing signal SIGTERM
E1011 11:49:59.303619 40949 torch/distributed/elastic/multiprocessing/api.py:869] failed (exitcode: 2) local_rank: 0 (pid: 40954) of binary: /data/run01/scw6f3q/zncao/affincraft/bin/python
Traceback (most recent call last):
  File "/data/run01/scw6f3q/zncao/affincraft/bin/torchrun", line 8, in <module>
    sys.exit(main())
  File "/data/run01/scw6f3q/zncao/affincraft/lib/python3.9/site-packages/torch/distributed/elastic/multiprocessing/errors/__init__.py", line 355, in wrapper
    return f(*args, **kwargs)
  File "/data/run01/scw6f3q/zncao/affincraft/lib/python3.9/site-packages/torch/distributed/run.py", line 918, in main
    run(args)
  File "/data/run01/scw6f3q/zncao/affincraft/lib/python3.9/site-packages/torch/distributed/run.py", line 909, in run
    elastic_launch(
  File "/data/run01/scw6f3q/zncao/affincraft/lib/python3.9/site-packages/torch/distributed/launcher/api.py", line 138, in __call__
    return launch_agent(self._config, self._entrypoint, list(args))
  File "/data/run01/scw6f3q/zncao/affincraft/lib/python3.9/site-packages/torch/distributed/launcher/api.py", line 269, in launch_agent
    raise ChildFailedError(
torch.distributed.elastic.multiprocessing.errors.ChildFailedError: 
============================================================
/data/run01/scw6f3q/zncao/affincraft/bin/fairseq-train FAILED
------------------------------------------------------------
Failures:
[1]:
  time      : 2025-10-11_11:49:59
  host      : g0930.para.ai
  rank      : 1 (local_rank: 1)
  exitcode  : 2 (pid: 40955)
  error_file: <N/A>
  traceback : To enable traceback see: https://pytorch.org/docs/stable/elastic/errors.html
[2]:
  time      : 2025-10-11_11:49:59
  host      : g0930.para.ai
  rank      : 2 (local_rank: 2)
  exitcode  : 2 (pid: 40956)
  error_file: <N/A>
  traceback : To enable traceback see: https://pytorch.org/docs/stable/elastic/errors.html
[3]:
  time      : 2025-10-11_11:49:59
  host      : g0930.para.ai
  rank      : 3 (local_rank: 3)
  exitcode  : 2 (pid: 40957)
  error_file: <N/A>
  traceback : To enable traceback see: https://pytorch.org/docs/stable/elastic/errors.html
[4]:
  time      : 2025-10-11_11:49:59
  host      : g0930.para.ai
  rank      : 4 (local_rank: 4)
  exitcode  : 2 (pid: 40958)
  error_file: <N/A>
  traceback : To enable traceback see: https://pytorch.org/docs/stable/elastic/errors.html
[5]:
  time      : 2025-10-11_11:49:59
  host      : g0930.para.ai
  rank      : 5 (local_rank: 5)
  exitcode  : 2 (pid: 40959)
  error_file: <N/A>
  traceback : To enable traceback see: https://pytorch.org/docs/stable/elastic/errors.html
[6]:
  time      : 2025-10-11_11:49:59
  host      : g0930.para.ai
  rank      : 6 (local_rank: 6)
  exitcode  : 2 (pid: 40960)
  error_file: <N/A>
  traceback : To enable traceback see: https://pytorch.org/docs/stable/elastic/errors.html
------------------------------------------------------------
Root Cause (first observed failure):
[0]:
  time      : 2025-10-11_11:49:59
  host      : g0930.para.ai
  rank      : 0 (local_rank: 0)
  exitcode  : 2 (pid: 40954)
  error_file: <N/A>
  traceback : To enable traceback see: https://pytorch.org/docs/stable/elastic/errors.html
============================================================
