[INFO] Job starting at Fri Nov 14 12:19:07 CST 2025
==========================================
 🎯 AffinCraft GPU 任务启动 (LMDB格式)
 节点:        g0510
 作业ID:      4534071
 GPUs:        0,1,2,3,4,5,6,7
 启动时间:    Fri Nov 14 12:19:07 CST 2025
==========================================
CUDA_VISIBLE_DEVICES: 0,1,2,3,4,5,6,7
[INFO] Python path: /data/run01/scw6f3q/zncao/affincraft/bin/python
[INFO] Torch version: 2.6.0+cu126
[INFO] CUDA available: True
===================================================================
          AffinCraft - 多GPU分布式预训练 (LMDB格式)          
===================================================================
硬件配置:           8 GPUs × 1 node(s)
DataLoader workers: 2 per GPU
训练数据:           /ssd/home/scw6f3q/train_lmdb
验证数据:           /ssd/home/scw6f3q/valid_lmdb
检查点保存目录:     /data/run01/scw6f3q/zncao/affincraft-nn/ckpt_pretrian
梯度累积步数:       1
全局有效批次大小:   64
-------------------------------------------------------------------
目标训练轮数:       100
估算总更新步数:     2277000
学习率预热步数:     91000
===================================================================
2025-11-14 12:22:27 | INFO | fairseq.tasks.text_to_speech | Please install tensorboardX: pip install tensorboardX
2025-11-14 12:22:27 | INFO | fairseq.tasks.text_to_speech | Please install tensorboardX: pip install tensorboardX
2025-11-14 12:22:27 | INFO | fairseq.tasks.text_to_speech | Please install tensorboardX: pip install tensorboardX
2025-11-14 12:22:27 | INFO | fairseq.tasks.text_to_speech | Please install tensorboardX: pip install tensorboardX
2025-11-14 12:22:27 | INFO | fairseq.tasks.text_to_speech | Please install tensorboardX: pip install tensorboardX
2025-11-14 12:22:27 | INFO | fairseq.tasks.text_to_speech | Please install tensorboardX: pip install tensorboardX
2025-11-14 12:22:27 | INFO | fairseq.tasks.text_to_speech | Please install tensorboardX: pip install tensorboardX
2025-11-14 12:22:27 | INFO | fairseq.tasks.text_to_speech | Please install tensorboardX: pip install tensorboardX
2025-11-14 12:23:06 | INFO | fairseq.distributed.utils | distributed init (rank 4): env://
2025-11-14 12:23:06 | INFO | fairseq.distributed.utils | distributed init (rank 3): env://
2025-11-14 12:23:06 | INFO | fairseq.distributed.utils | distributed init (rank 7): env://
2025-11-14 12:23:06 | INFO | fairseq.distributed.utils | initialized host g0510 as rank 4
2025-11-14 12:23:06 | INFO | fairseq.distributed.utils | distributed init (rank 2): env://
2025-11-14 12:23:06 | INFO | fairseq.distributed.utils | [DEBUG] Rank 4: setting device to 4
2025-11-14 12:23:06 | INFO | fairseq.distributed.utils | initialized host g0510 as rank 7
2025-11-14 12:23:06 | INFO | fairseq.distributed.utils | [DEBUG] Rank 7: setting device to 7
2025-11-14 12:23:06 | INFO | fairseq.distributed.utils | initialized host g0510 as rank 3
2025-11-14 12:23:06 | INFO | fairseq.distributed.utils | [DEBUG] Rank 3: setting device to 3
2025-11-14 12:23:06 | INFO | fairseq.distributed.utils | initialized host g0510 as rank 2
2025-11-14 12:23:06 | INFO | fairseq.distributed.utils | [DEBUG] Rank 2: setting device to 2
2025-11-14 12:23:06 | INFO | fairseq.distributed.utils | distributed init (rank 1): env://
2025-11-14 12:23:06 | INFO | fairseq.distributed.utils | initialized host g0510 as rank 1
2025-11-14 12:23:06 | INFO | fairseq.distributed.utils | [DEBUG] Rank 1: setting device to 1
2025-11-14 12:23:06 | INFO | fairseq.distributed.utils | distributed init (rank 5): env://
2025-11-14 12:23:06 | INFO | fairseq.distributed.utils | initialized host g0510 as rank 5
2025-11-14 12:23:06 | INFO | fairseq.distributed.utils | [DEBUG] Rank 5: setting device to 5
2025-11-14 12:23:06 | INFO | fairseq.distributed.utils | distributed init (rank 0): env://
2025-11-14 12:23:06 | INFO | fairseq.distributed.utils | initialized host g0510 as rank 0
2025-11-14 12:23:06 | INFO | fairseq.distributed.utils | [DEBUG] Rank 0: setting device to 0
2025-11-14 12:23:06 | INFO | fairseq.distributed.utils | distributed init (rank 6): env://
2025-11-14 12:23:06 | INFO | fairseq.distributed.utils | initialized host g0510 as rank 6
2025-11-14 12:23:06 | INFO | fairseq.distributed.utils | [DEBUG] Rank 6: setting device to 6
2025-11-14 12:23:08 | INFO | fairseq_cli.train | {'_name': None, 'common': {'_name': None, 'no_progress_bar': False, 'log_interval': 200, 'log_format': None, 'log_file': None, 'tensorboard_logdir': None, 'wandb_project': None, 'azureml_logging': False, 'seed': 42, 'cpu': False, 'tpu': False, 'bf16': False, 'memory_efficient_bf16': False, 'fp16': False, 'memory_efficient_fp16': False, 'fp16_no_flatten_grads': False, 'fp16_init_scale': 128, 'fp16_scale_window': None, 'fp16_scale_tolerance': 0.0, 'on_cpu_convert_precision': False, 'min_loss_scale': 0.0001, 'threshold_loss_scale': None, 'amp': False, 'amp_batch_retries': 2, 'amp_init_scale': 128, 'amp_scale_window': None, 'user_dir': '/data/run01/scw6f3q/zncao/affincraft-nn/graphormer', 'empty_cache_freq': 0, 'all_gather_list_size': 16384, 'model_parallel_size': 1, 'quantization_config_path': None, 'profile': False, 'reset_logging': False, 'suppress_crashes': False, 'use_plasma_view': False, 'plasma_path': '/tmp/plasma'}, 'common_eval': {'_name': None, 'path': None, 'post_process': None, 'quiet': False, 'model_overrides': '{}', 'results_path': None}, 'distributed_training': {'_name': None, 'distributed_world_size': 8, 'distributed_num_procs': 8, 'distributed_rank': 0, 'distributed_backend': 'nccl', 'distributed_init_method': 'env://', 'distributed_port': -1, 'device_id': 0, 'distributed_no_spawn': True, 'ddp_backend': 'c10d', 'ddp_comm_hook': 'none', 'bucket_cap_mb': 25, 'fix_batches_to_gpus': False, 'find_unused_parameters': True, 'gradient_as_bucket_view': False, 'fast_stat_sync': False, 'heartbeat_timeout': -1, 'broadcast_buffers': False, 'slowmo_momentum': None, 'slowmo_base_algorithm': 'localsgd', 'localsgd_frequency': 3, 'nprocs_per_node': 8, 'pipeline_model_parallel': False, 'pipeline_balance': None, 'pipeline_devices': None, 'pipeline_chunks': 0, 'pipeline_encoder_balance': None, 'pipeline_encoder_devices': None, 'pipeline_decoder_balance': None, 'pipeline_decoder_devices': None, 'pipeline_checkpoint': 'never', 'zero_sharding': 'none', 'fp16': False, 'memory_efficient_fp16': False, 'tpu': False, 'no_reshard_after_forward': False, 'fp32_reduce_scatter': False, 'cpu_offload': False, 'use_sharded_state': False, 'not_fsdp_flatten_parameters': False}, 'dataset': {'_name': None, 'num_workers': 2, 'skip_invalid_size_inputs_valid_test': False, 'max_tokens': None, 'batch_size': 8, 'required_batch_size_multiple': 1, 'required_seq_len_multiple': 1, 'dataset_impl': None, 'data_buffer_size': 20, 'train_subset': 'train', 'valid_subset': 'valid', 'combine_valid_subsets': None, 'ignore_unused_valid_subsets': False, 'validate_interval': 1, 'validate_interval_updates': 0, 'validate_after_updates': 0, 'fixed_validation_seed': None, 'disable_validation': False, 'max_tokens_valid': None, 'batch_size_valid': 8, 'max_valid_steps': None, 'curriculum': 0, 'gen_subset': 'test', 'num_shards': 1, 'shard_id': 0, 'grouped_shuffling': False, 'update_epoch_batch_itr': False, 'update_ordered_indices_seed': False}, 'optimization': {'_name': None, 'max_epoch': 100, 'max_update': 2277000, 'stop_time_hours': 0.0, 'clip_norm': 5.0, 'sentence_avg': False, 'update_freq': [1], 'lr': [5e-05], 'stop_min_lr': -1.0, 'use_bmuf': False, 'skip_remainder_batch': False}, 'checkpoint': {'_name': None, 'save_dir': '/data/run01/scw6f3q/zncao/affincraft-nn/ckpt_pretrian', 'restore_file': 'checkpoint_last.pt', 'finetune_from_model': None, 'reset_dataloader': False, 'reset_lr_scheduler': False, 'reset_meters': False, 'reset_optimizer': False, 'optimizer_overrides': '{}', 'save_interval': 1, 'save_interval_updates': 0, 'keep_interval_updates': -1, 'keep_interval_updates_pattern': -1, 'keep_last_epochs': 20, 'keep_best_checkpoints': -1, 'no_save': False, 'no_epoch_checkpoints': False, 'no_last_checkpoints': False, 'no_save_optimizer_state': False, 'best_checkpoint_metric': 'loss', 'maximize_best_checkpoint_metric': False, 'patience': -1, 'checkpoint_suffix': '', 'checkpoint_shard_count': 1, 'load_checkpoint_on_all_dp_ranks': False, 'write_checkpoints_asynchronously': False, 'model_parallel_size': 1}, 'bmuf': {'_name': None, 'block_lr': 1.0, 'block_momentum': 0.875, 'global_sync_iter': 50, 'warmup_iterations': 500, 'use_nbm': False, 'average_sync': False, 'distributed_world_size': 8}, 'generation': {'_name': None, 'beam': 5, 'nbest': 1, 'max_len_a': 0.0, 'max_len_b': 200, 'min_len': 1, 'match_source_len': False, 'unnormalized': False, 'no_early_stop': False, 'no_beamable_mm': False, 'lenpen': 1.0, 'unkpen': 0.0, 'replace_unk': None, 'sacrebleu': False, 'score_reference': False, 'prefix_size': 0, 'no_repeat_ngram_size': 0, 'sampling': False, 'sampling_topk': -1, 'sampling_topp': -1.0, 'constraints': None, 'temperature': 1.0, 'diverse_beam_groups': -1, 'diverse_beam_strength': 0.5, 'diversity_rate': -1.0, 'print_alignment': None, 'print_step': False, 'lm_path': None, 'lm_weight': 0.0, 'iter_decode_eos_penalty': 0.0, 'iter_decode_max_iter': 10, 'iter_decode_force_max_iter': False, 'iter_decode_with_beam': 1, 'iter_decode_with_external_reranker': False, 'retain_iter_history': False, 'retain_dropout': False, 'retain_dropout_modules': None, 'decoding_format': None, 'no_seed_provided': False}, 'eval_lm': {'_name': None, 'output_word_probs': False, 'output_word_stats': False, 'context_window': 0, 'softmax_batch': 9223372036854775807}, 'interactive': {'_name': None, 'buffer_size': 0, 'input': '-'}, 'model': Namespace(no_progress_bar=False, log_interval=200, log_format=None, log_file=None, tensorboard_logdir=None, wandb_project=None, azureml_logging=False, seed=42, cpu=False, tpu=False, bf16=False, memory_efficient_bf16=False, fp16=False, memory_efficient_fp16=False, fp16_no_flatten_grads=False, fp16_init_scale=128, fp16_scale_window=None, fp16_scale_tolerance=0.0, on_cpu_convert_precision=False, min_loss_scale=0.0001, threshold_loss_scale=None, amp=False, amp_batch_retries=2, amp_init_scale=128, amp_scale_window=None, user_dir='/data/run01/scw6f3q/zncao/affincraft-nn/graphormer', empty_cache_freq=0, all_gather_list_size=16384, model_parallel_size=1, quantization_config_path=None, profile=False, reset_logging=False, suppress_crashes=False, use_plasma_view=False, plasma_path='/tmp/plasma', criterion='l2_loss_rmsd_fp32', tokenizer=None, bpe=None, optimizer='adam', lr_scheduler='polynomial_decay', simul_type=None, scoring='bleu', task='graph_prediction', num_workers=2, skip_invalid_size_inputs_valid_test=False, max_tokens=None, batch_size=8, required_batch_size_multiple=1, required_seq_len_multiple=1, dataset_impl=None, data_buffer_size=20, train_subset='train', valid_subset='valid', combine_valid_subsets=None, ignore_unused_valid_subsets=False, validate_interval=1, validate_interval_updates=0, validate_after_updates=0, fixed_validation_seed=None, disable_validation=False, max_tokens_valid=None, batch_size_valid=8, max_valid_steps=None, curriculum=0, gen_subset='test', num_shards=1, shard_id=0, grouped_shuffling=False, update_epoch_batch_itr=False, update_ordered_indices_seed=False, distributed_world_size=8, distributed_num_procs=8, distributed_rank=0, distributed_backend='nccl', distributed_init_method=None, distributed_port=-1, device_id=0, distributed_no_spawn=False, ddp_backend='c10d', ddp_comm_hook='none', bucket_cap_mb=25, fix_batches_to_gpus=False, find_unused_parameters=True, gradient_as_bucket_view=False, fast_stat_sync=False, heartbeat_timeout=-1, broadcast_buffers=False, slowmo_momentum=None, slowmo_base_algorithm='localsgd', localsgd_frequency=3, nprocs_per_node=8, pipeline_model_parallel=False, pipeline_balance=None, pipeline_devices=None, pipeline_chunks=0, pipeline_encoder_balance=None, pipeline_encoder_devices=None, pipeline_decoder_balance=None, pipeline_decoder_devices=None, pipeline_checkpoint='never', zero_sharding='none', no_reshard_after_forward=False, fp32_reduce_scatter=False, cpu_offload=False, use_sharded_state=False, not_fsdp_flatten_parameters=False, arch='graphormer_large', max_epoch=100, max_update=2277000, stop_time_hours=0, clip_norm=5.0, sentence_avg=False, update_freq=[1], lr=[5e-05], stop_min_lr=-1.0, use_bmuf=False, skip_remainder_batch=False, save_dir='/data/run01/scw6f3q/zncao/affincraft-nn/ckpt_pretrian', restore_file='checkpoint_last.pt', finetune_from_model=None, reset_dataloader=False, reset_lr_scheduler=False, reset_meters=False, reset_optimizer=False, optimizer_overrides='{}', save_interval=1, save_interval_updates=0, keep_interval_updates=-1, keep_interval_updates_pattern=-1, keep_last_epochs=20, keep_best_checkpoints=-1, no_save=False, no_epoch_checkpoints=False, no_last_checkpoints=False, no_save_optimizer_state=False, best_checkpoint_metric='loss', maximize_best_checkpoint_metric=False, patience=-1, checkpoint_suffix='', checkpoint_shard_count=1, load_checkpoint_on_all_dp_ranks=False, write_checkpoints_asynchronously=False, store_ema=False, ema_decay=0.9999, ema_start_update=0, ema_seed_model=None, ema_update_freq=1, ema_fp32=False, layerdrop=0.0, embed_scale=-1.0, sandwich_ln=False, dist_head='none', num_dist_head_kernel=128, num_edge_types=8192, sample_weight_estimator=False, sample_weight_estimator_pat='pdbbind', fingerprint=False, dataset_name='pcqm4m', num_classes=1, max_nodes=460, dataset_source='affincraft', num_atoms=4608, num_edges=1536, num_in_degree=512, num_out_degree=512, num_spatial=512, num_edge_dis=128, multi_hop_max_dist=5, spatial_pos_max=1024, edge_type='multi_hop', pretrained_model_name='none', load_pretrained_model_output_layer=False, train_epoch_shuffle=True, user_data_dir='', data_path='', train_pkl_pattern='/ssd/home/scw6f3q/train_lmdb', valid_pkl_pattern='/ssd/home/scw6f3q/valid_lmdb', test_pkl_pattern='', merged_pkl_file='', train_pkl_objects=10000, valid_pkl_objects=1000, test_pkl_objects=0, train_pkl_index='', valid_pkl_index='', test_pkl_index='', adam_betas='(0.9, 0.999)', adam_eps=1e-08, weight_decay=0.01, use_old_adam=False, fp16_adam_stats=False, warmup_updates=91000, force_anneal=None, end_learning_rate=1e-09, power=1.0, total_num_update='2277000', pad=1, eos=2, unk=3, encoder_layers=18, encoder_embed_dim=896, encoder_ffn_embed_dim=896, encoder_attention_heads=32, attention_dropout=0.05, act_dropout=0.05, dropout=0.05, no_seed_provided=False, activation_fn='gelu', encoder_normalize_before=True, apply_graphormer_init=False, share_encoder_input_output_embed=False, no_token_positional_embeddings=False, _name='graphormer_large'), 'task': {'_name': 'graph_prediction', 'dataset_name': 'pcqm4m', 'num_classes': 1, 'max_nodes': 460, 'dataset_source': 'affincraft', 'num_atoms': 4608, 'num_edges': 1536, 'num_in_degree': 512, 'num_out_degree': 512, 'num_spatial': 512, 'num_edge_dis': 128, 'multi_hop_max_dist': 5, 'spatial_pos_max': 1024, 'edge_type': 'multi_hop', 'seed': 42, 'pretrained_model_name': 'none', 'load_pretrained_model_output_layer': False, 'train_epoch_shuffle': True, 'user_data_dir': '', 'data_path': '', 'train_pkl_pattern': '/ssd/home/scw6f3q/train_lmdb', 'valid_pkl_pattern': '/ssd/home/scw6f3q/valid_lmdb', 'test_pkl_pattern': '', 'merged_pkl_file': '', 'train_pkl_objects': 10000, 'valid_pkl_objects': 1000, 'test_pkl_objects': 0, 'train_pkl_index': '', 'valid_pkl_index': '', 'test_pkl_index': ''}, 'criterion': {'_name': 'l2_loss_rmsd_fp32'}, 'optimizer': {'_name': 'adam', 'adam_betas': '(0.9, 0.999)', 'adam_eps': 1e-08, 'weight_decay': 0.01, 'use_old_adam': False, 'fp16_adam_stats': False, 'tpu': False, 'lr': [5e-05]}, 'lr_scheduler': {'_name': 'polynomial_decay', 'warmup_updates': 91000, 'force_anneal': None, 'end_learning_rate': 1e-09, 'power': 1.0, 'total_num_update': 2277000.0, 'lr': [5e-05]}, 'scoring': {'_name': 'bleu', 'pad': 1, 'eos': 2, 'unk': 3}, 'bpe': None, 'tokenizer': None, 'ema': {'_name': None, 'store_ema': False, 'ema_decay': 0.9999, 'ema_start_update': 0, 'ema_seed_model': None, 'ema_update_freq': 1, 'ema_fp32': False}, 'simul_type': None}
✅ LMDB 数据集加载完成: /ssd/home/scw6f3q/train_lmdb
✅ LMDB 数据集加载完成: /ssd/home/scw6f3q/train_lmdb✅ LMDB 数据集加载完成: /ssd/home/scw6f3q/train_lmdb样本总数: 1,457,129✅ LMDB 数据集加载完成: /ssd/home/scw6f3q/train_lmdb
✅ LMDB 数据集加载完成: /ssd/home/scw6f3q/train_lmdb✅ LMDB 数据集加载完成: /ssd/home/scw6f3q/train_lmdb✅ LMDB 数据集加载完成: /ssd/home/scw6f3q/train_lmdb

样本总数: 1,457,129
样本总数: 1,457,129
样本总数: 1,457,129


样本总数: 1,457,129样本总数: 1,457,129


✅ LMDB 数据集加载完成: /ssd/home/scw6f3q/train_lmdb样本总数: 1,457,1292025-11-14 12:23:08 | INFO | graphormer.tasks.graph_prediction | 训练数据集(LMDB)加载完成，1457129 个样本


样本总数: 1,457,129

✅ LMDB 数据集加载完成: /ssd/home/scw6f3q/valid_lmdb✅ LMDB 数据集加载完成: /ssd/home/scw6f3q/valid_lmdb✅ LMDB 数据集加载完成: /ssd/home/scw6f3q/valid_lmdb
✅ LMDB 数据集加载完成: /ssd/home/scw6f3q/valid_lmdb✅ LMDB 数据集加载完成: /ssd/home/scw6f3q/valid_lmdb
✅ LMDB 数据集加载完成: /ssd/home/scw6f3q/valid_lmdb✅ LMDB 数据集加载完成: /ssd/home/scw6f3q/valid_lmdb✅ LMDB 数据集加载完成: /ssd/home/scw6f3q/valid_lmdb
样本总数: 80,568

样本总数: 80,568


样本总数: 80,568
样本总数: 80,568样本总数: 80,568
样本总数: 80,568样本总数: 80,568样本总数: 80,568





2025-11-14 12:23:08 | INFO | graphormer.tasks.graph_prediction | 验证数据集(LMDB)加载完成，80568 个样本
2025-11-14 12:23:08 | INFO | graphormer.models.graphormer | Namespace(no_progress_bar=False, log_interval=200, log_format=None, log_file=None, tensorboard_logdir=None, wandb_project=None, azureml_logging=False, seed=42, cpu=False, tpu=False, bf16=False, memory_efficient_bf16=False, fp16=False, memory_efficient_fp16=False, fp16_no_flatten_grads=False, fp16_init_scale=128, fp16_scale_window=None, fp16_scale_tolerance=0.0, on_cpu_convert_precision=False, min_loss_scale=0.0001, threshold_loss_scale=None, amp=False, amp_batch_retries=2, amp_init_scale=128, amp_scale_window=None, user_dir='/data/run01/scw6f3q/zncao/affincraft-nn/graphormer', empty_cache_freq=0, all_gather_list_size=16384, model_parallel_size=1, quantization_config_path=None, profile=False, reset_logging=False, suppress_crashes=False, use_plasma_view=False, plasma_path='/tmp/plasma', criterion='l2_loss_rmsd_fp32', tokenizer=None, bpe=None, optimizer='adam', lr_scheduler='polynomial_decay', simul_type=None, scoring='bleu', task='graph_prediction', num_workers=2, skip_invalid_size_inputs_valid_test=False, max_tokens=None, batch_size=8, required_batch_size_multiple=1, required_seq_len_multiple=1, dataset_impl=None, data_buffer_size=20, train_subset='train', valid_subset='valid', combine_valid_subsets=None, ignore_unused_valid_subsets=False, validate_interval=1, validate_interval_updates=0, validate_after_updates=0, fixed_validation_seed=None, disable_validation=False, max_tokens_valid=None, batch_size_valid=8, max_valid_steps=None, curriculum=0, gen_subset='test', num_shards=1, shard_id=0, grouped_shuffling=False, update_epoch_batch_itr=False, update_ordered_indices_seed=False, distributed_world_size=8, distributed_num_procs=8, distributed_rank=0, distributed_backend='nccl', distributed_init_method=None, distributed_port=-1, device_id=0, distributed_no_spawn=False, ddp_backend='c10d', ddp_comm_hook='none', bucket_cap_mb=25, fix_batches_to_gpus=False, find_unused_parameters=True, gradient_as_bucket_view=False, fast_stat_sync=False, heartbeat_timeout=-1, broadcast_buffers=False, slowmo_momentum=None, slowmo_base_algorithm='localsgd', localsgd_frequency=3, nprocs_per_node=8, pipeline_model_parallel=False, pipeline_balance=None, pipeline_devices=None, pipeline_chunks=0, pipeline_encoder_balance=None, pipeline_encoder_devices=None, pipeline_decoder_balance=None, pipeline_decoder_devices=None, pipeline_checkpoint='never', zero_sharding='none', no_reshard_after_forward=False, fp32_reduce_scatter=False, cpu_offload=False, use_sharded_state=False, not_fsdp_flatten_parameters=False, arch='graphormer_large', max_epoch=100, max_update=2277000, stop_time_hours=0, clip_norm=5.0, sentence_avg=False, update_freq=[1], lr=[5e-05], stop_min_lr=-1.0, use_bmuf=False, skip_remainder_batch=False, save_dir='/data/run01/scw6f3q/zncao/affincraft-nn/ckpt_pretrian', restore_file='checkpoint_last.pt', finetune_from_model=None, reset_dataloader=False, reset_lr_scheduler=False, reset_meters=False, reset_optimizer=False, optimizer_overrides='{}', save_interval=1, save_interval_updates=0, keep_interval_updates=-1, keep_interval_updates_pattern=-1, keep_last_epochs=20, keep_best_checkpoints=-1, no_save=False, no_epoch_checkpoints=False, no_last_checkpoints=False, no_save_optimizer_state=False, best_checkpoint_metric='loss', maximize_best_checkpoint_metric=False, patience=-1, checkpoint_suffix='', checkpoint_shard_count=1, load_checkpoint_on_all_dp_ranks=False, write_checkpoints_asynchronously=False, store_ema=False, ema_decay=0.9999, ema_start_update=0, ema_seed_model=None, ema_update_freq=1, ema_fp32=False, layerdrop=0.0, embed_scale=-1.0, sandwich_ln=False, dist_head='none', num_dist_head_kernel=128, num_edge_types=8192, sample_weight_estimator=False, sample_weight_estimator_pat='pdbbind', fingerprint=False, dataset_name='pcqm4m', num_classes=1, max_nodes=460, dataset_source='affincraft', num_atoms=4608, num_edges=1536, num_in_degree=512, num_out_degree=512, num_spatial=512, num_edge_dis=128, multi_hop_max_dist=5, spatial_pos_max=1024, edge_type='multi_hop', pretrained_model_name='none', load_pretrained_model_output_layer=False, train_epoch_shuffle=True, user_data_dir='', data_path='', train_pkl_pattern='/ssd/home/scw6f3q/train_lmdb', valid_pkl_pattern='/ssd/home/scw6f3q/valid_lmdb', test_pkl_pattern='', merged_pkl_file='', train_pkl_objects=10000, valid_pkl_objects=1000, test_pkl_objects=0, train_pkl_index='', valid_pkl_index='', test_pkl_index='', adam_betas='(0.9, 0.999)', adam_eps=1e-08, weight_decay=0.01, use_old_adam=False, fp16_adam_stats=False, warmup_updates=91000, force_anneal=None, end_learning_rate=1e-09, power=1.0, total_num_update='2277000', pad=1, eos=2, unk=3, encoder_layers=18, encoder_embed_dim=896, encoder_ffn_embed_dim=896, encoder_attention_heads=32, attention_dropout=0.05, act_dropout=0.05, dropout=0.05, no_seed_provided=False, activation_fn='gelu', encoder_normalize_before=True, apply_graphormer_init=False, share_encoder_input_output_embed=False, no_token_positional_embeddings=False, _name='graphormer_large')
2025-11-14 12:23:09 | INFO | fairseq_cli.train | GraphormerModel(
  (encoder): GraphormerEncoder(
    (graph_encoder): AffinCraftGraphEncoder(
      (dropout_module): FairseqDropout()
      (graph_node_feature): AffinCraftNodeFeature(
        (node_encoder): Linear(in_features=9, out_features=896, bias=True)
        (graph_token): Embedding(1, 896)
        (local_masif_encoder): Sequential(
          (0): Linear(in_features=80, out_features=448, bias=True)
          (1): GELU(approximate='none')
          (2): Linear(in_features=448, out_features=448, bias=True)
        )
        (global_masif_encoder): Sequential(
          (0): Linear(in_features=448, out_features=896, bias=True)
          (1): GELU(approximate='none')
          (2): Linear(in_features=896, out_features=896, bias=True)
        )
        (attention_weights): Linear(in_features=448, out_features=1, bias=True)
        (gbscore_encoder): Sequential(
          (0): Linear(in_features=400, out_features=896, bias=True)
          (1): GELU(approximate='none')
          (2): Linear(in_features=896, out_features=896, bias=True)
        )
        (feature_fusion): Linear(in_features=2688, out_features=896, bias=True)
      )
      (graph_attn_bias): AffinCraftAttnBias(
        (structural_edge_encoder): Embedding(20, 32, padding_idx=0)
        (plip_intra_protein_encoder): Embedding(15, 32, padding_idx=0)
        (plip_intra_ligand_encoder): Embedding(15, 32, padding_idx=0)
        (plip_inter_molecular_encoder): Embedding(15, 32, padding_idx=0)
        (distance_encoder): Sequential(
          (0): Linear(in_features=1, out_features=32, bias=True)
          (1): ReLU()
          (2): Linear(in_features=32, out_features=32, bias=True)
        )
        (edge_location_encoder): Embedding(4, 32)
        (graph_token_virtual_distance): Embedding(1, 32)
        (angle_encoder): Sequential(
          (0): Linear(in_features=28, out_features=32, bias=True)
          (1): ReLU()
          (2): Linear(in_features=32, out_features=32, bias=True)
        )
        (multi_dist_encoder): Sequential(
          (0): Linear(in_features=28, out_features=32, bias=True)
          (1): ReLU()
          (2): Linear(in_features=32, out_features=32, bias=True)
        )
      )
      (emb_layer_norm): LayerNorm((896,), eps=1e-05, elementwise_affine=True)
      (layers): ModuleList(
        (0-17): 18 x GraphormerGraphEncoderLayer(
          (dropout_module): FairseqDropout()
          (activation_dropout_module): FairseqDropout()
          (self_attn): MultiheadAttention(
            (dropout_module): FairseqDropout()
            (k_proj): Linear(in_features=896, out_features=896, bias=True)
            (v_proj): Linear(in_features=896, out_features=896, bias=True)
            (q_proj): Linear(in_features=896, out_features=896, bias=True)
            (out_proj): Linear(in_features=896, out_features=896, bias=True)
          )
          (self_attn_layer_norm): LayerNorm((896,), eps=1e-05, elementwise_affine=True)
          (fc1): Linear(in_features=896, out_features=896, bias=True)
          (fc2): Linear(in_features=896, out_features=896, bias=True)
          (final_layer_norm): LayerNorm((896,), eps=1e-05, elementwise_affine=True)
        )
      )
    )
    (masked_lm_pooler): Linear(in_features=896, out_features=896, bias=True)
    (lm_head_transform_weight): Linear(in_features=896, out_features=896, bias=True)
    (layer_norm): LayerNorm((896,), eps=1e-05, elementwise_affine=True)
    (embed_out): Linear(in_features=896, out_features=1, bias=False)
  )
)
2025-11-14 12:23:09 | INFO | fairseq_cli.train | task: GraphPredictionTask
2025-11-14 12:23:09 | INFO | fairseq_cli.train | model: GraphormerModel
2025-11-14 12:23:09 | INFO | fairseq_cli.train | criterion: GraphPredictionL2LossWithRMSD_FP32
2025-11-14 12:23:09 | INFO | fairseq_cli.train | num. shared model params: 93,510,754 (num. trained: 93,510,754)
2025-11-14 12:23:09 | INFO | fairseq_cli.train | num. expert model params: 0 (num. trained: 0)
2025-11-14 12:23:09 | INFO | graphormer.tasks.graph_prediction | Loaded valid with #samples: 80568
2025-11-14 12:23:09 | INFO | fairseq.utils | ***********************CUDA enviroments for all 8 workers***********************
2025-11-14 12:23:09 | INFO | fairseq.utils | rank   0: capabilities =  8.9  ; total memory = 23.643 GB ; name = NVIDIA GeForce RTX 4090                 
2025-11-14 12:23:09 | INFO | fairseq.utils | rank   1: capabilities =  8.9  ; total memory = 22.152 GB ; name = NVIDIA GeForce RTX 4090                 
2025-11-14 12:23:09 | INFO | fairseq.utils | rank   2: capabilities =  8.9  ; total memory = 22.152 GB ; name = NVIDIA GeForce RTX 4090                 
2025-11-14 12:23:09 | INFO | fairseq.utils | rank   3: capabilities =  8.9  ; total memory = 22.152 GB ; name = NVIDIA GeForce RTX 4090                 
2025-11-14 12:23:09 | INFO | fairseq.utils | rank   4: capabilities =  8.9  ; total memory = 22.152 GB ; name = NVIDIA GeForce RTX 4090                 
2025-11-14 12:23:09 | INFO | fairseq.utils | rank   5: capabilities =  8.9  ; total memory = 22.152 GB ; name = NVIDIA GeForce RTX 4090                 
2025-11-14 12:23:09 | INFO | fairseq.utils | rank   6: capabilities =  8.9  ; total memory = 22.152 GB ; name = NVIDIA GeForce RTX 4090                 
2025-11-14 12:23:09 | INFO | fairseq.utils | rank   7: capabilities =  8.9  ; total memory = 22.152 GB ; name = NVIDIA GeForce RTX 4090                 
2025-11-14 12:23:09 | INFO | fairseq.utils | ***********************CUDA enviroments for all 8 workers***********************
2025-11-14 12:23:09 | INFO | fairseq_cli.train | training on 8 devices (GPUs/TPUs)
2025-11-14 12:23:09 | INFO | fairseq_cli.train | max tokens per device = None and max sentences per device = 8
2025-11-14 12:23:09 | INFO | fairseq.trainer | Preparing to load checkpoint /data/run01/scw6f3q/zncao/affincraft-nn/ckpt_pretrian/checkpoint_last.pt
2025-11-14 12:23:09 | INFO | fairseq.trainer | No existing checkpoint found /data/run01/scw6f3q/zncao/affincraft-nn/ckpt_pretrian/checkpoint_last.pt
2025-11-14 12:23:09 | INFO | fairseq.trainer | loading train data for epoch 1
2025-11-14 12:23:10 | INFO | graphormer.tasks.graph_prediction | Loaded train with #samples: 1457129
2025-11-14 12:23:13 | INFO | fairseq.trainer | NOTE: your device may support faster training with --fp16 or --amp
2025-11-14 12:23:13 | INFO | fairseq.trainer | begin training epoch 1
2025-11-14 12:23:13 | INFO | fairseq_cli.train | Start iterating over samples
2025-11-14 12:23:13 | INFO | fairseq.data.iterators | grouped total_num_itrs = 22768
[TRAINER] Registering gradient clamp hooks for all model parameters
[TRAINER] Registering gradient clamp hooks for all model parameters
[TRAINER] Registering gradient clamp hooks for all model parameters
[TRAINER] Registering gradient clamp hooks for all model parameters
[TRAINER] Registering gradient clamp hooks for all model parameters
[TRAINER] Registering gradient clamp hooks for all model parameters
[TRAINER] Registering gradient clamp hooks for all model parameters
[TRAINER] Registering gradient clamp hooks for all model parameters
2025-11-14 12:27:25 | INFO | train_inner | epoch 001:    200 / 22768 loss=0.774939, wps=1414.2, ups=0.81, wpb=1734.9, bsz=64, num_updates=200, lr=1.0989e-07, gnorm=148.888, clip=100, train_wall=249, gb_free=19.2, wall=256
2025-11-14 12:31:27 | INFO | train_inner | epoch 001:    400 / 22768 loss=0.650959, wps=1431.2, ups=0.83, wpb=1732.3, bsz=64, num_updates=400, lr=2.1978e-07, gnorm=89.693, clip=100, train_wall=241, gb_free=19.9, wall=498
2025-11-14 12:35:33 | INFO | train_inner | epoch 001:    600 / 22768 loss=0.636958, wps=1430, ups=0.81, wpb=1755.2, bsz=64, num_updates=600, lr=3.2967e-07, gnorm=96.999, clip=100, train_wall=245, gb_free=19.9, wall=743
2025-11-14 12:39:34 | INFO | train_inner | epoch 001:    800 / 22768 loss=0.598152, wps=1429.4, ups=0.83, wpb=1723.9, bsz=64, num_updates=800, lr=4.3956e-07, gnorm=106.709, clip=100, train_wall=240, gb_free=19, wall=984
2025-11-14 12:43:38 | INFO | train_inner | epoch 001:   1000 / 22768 loss=0.580237, wps=1432.2, ups=0.82, wpb=1747.3, bsz=64, num_updates=1000, lr=5.49451e-07, gnorm=116.211, clip=100, train_wall=243, gb_free=19.7, wall=1228
2025-11-14 12:47:42 | INFO | train_inner | epoch 001:   1200 / 22768 loss=0.540557, wps=1436.9, ups=0.82, wpb=1751.2, bsz=64, num_updates=1200, lr=6.59341e-07, gnorm=116.436, clip=100, train_wall=243, gb_free=19.1, wall=1472
2025-11-14 12:51:45 | INFO | train_inner | epoch 001:   1400 / 22768 loss=0.54041, wps=1434.3, ups=0.82, wpb=1742.7, bsz=64, num_updates=1400, lr=7.69231e-07, gnorm=134.964, clip=100, train_wall=242, gb_free=17.3, wall=1715
2025-11-14 12:55:49 | INFO | train_inner | epoch 001:   1600 / 22768 loss=0.509032, wps=1422.8, ups=0.82, wpb=1739.2, bsz=64, num_updates=1600, lr=8.79121e-07, gnorm=108.242, clip=100, train_wall=244, gb_free=19.3, wall=1960
2025-11-14 13:00:53 | INFO | train_inner | epoch 001:   1800 / 22768 loss=0.49574, wps=1143.9, ups=0.66, wpb=1736.4, bsz=64, num_updates=1800, lr=9.89011e-07, gnorm=114.158, clip=100, train_wall=303, gb_free=18.2, wall=2263
2025-11-14 13:05:12 | INFO | train_inner | epoch 001:   2000 / 22768 loss=0.504793, wps=1336.9, ups=0.77, wpb=1732, bsz=64, num_updates=2000, lr=1.0989e-06, gnorm=100.043, clip=100, train_wall=258, gb_free=17.6, wall=2522
2025-11-14 13:09:37 | INFO | train_inner | epoch 001:   2200 / 22768 loss=0.487305, wps=1332.7, ups=0.75, wpb=1765.6, bsz=64, num_updates=2200, lr=1.20879e-06, gnorm=92.415, clip=100, train_wall=264, gb_free=18.3, wall=2787
2025-11-14 13:13:41 | INFO | train_inner | epoch 001:   2400 / 22768 loss=0.480262, wps=1428.5, ups=0.82, wpb=1742.9, bsz=64, num_updates=2400, lr=1.31868e-06, gnorm=80.337, clip=100, train_wall=243, gb_free=20.4, wall=3031
2025-11-14 13:17:59 | INFO | train_inner | epoch 001:   2600 / 22768 loss=0.483092, wps=1344.4, ups=0.78, wpb=1734.3, bsz=64, num_updates=2600, lr=1.42857e-06, gnorm=75.07, clip=100, train_wall=256, gb_free=19.9, wall=3289
2025-11-14 13:22:03 | INFO | train_inner | epoch 001:   2800 / 22768 loss=0.460892, wps=1425.2, ups=0.82, wpb=1740.5, bsz=64, num_updates=2800, lr=1.53846e-06, gnorm=68.043, clip=100, train_wall=243, gb_free=17, wall=3534
2025-11-14 13:26:10 | INFO | train_inner | epoch 001:   3000 / 22768 loss=0.468487, wps=1418.7, ups=0.81, wpb=1750.2, bsz=64, num_updates=3000, lr=1.64835e-06, gnorm=61.538, clip=100, train_wall=246, gb_free=20.3, wall=3780
2025-11-14 13:30:16 | INFO | train_inner | epoch 001:   3200 / 22768 loss=0.459373, wps=1408.6, ups=0.81, wpb=1732.9, bsz=64, num_updates=3200, lr=1.75824e-06, gnorm=48.521, clip=100, train_wall=245, gb_free=19.1, wall=4026
2025-11-14 13:34:19 | INFO | train_inner | epoch 001:   3400 / 22768 loss=0.4496, wps=1430.9, ups=0.82, wpb=1742.7, bsz=64, num_updates=3400, lr=1.86813e-06, gnorm=46.301, clip=100, train_wall=243, gb_free=19.5, wall=4270
2025-11-14 13:38:24 | INFO | train_inner | epoch 001:   3600 / 22768 loss=0.457501, wps=1431.1, ups=0.82, wpb=1747.8, bsz=64, num_updates=3600, lr=1.97802e-06, gnorm=49.37, clip=100, train_wall=243, gb_free=19.4, wall=4514
2025-11-14 13:42:24 | INFO | train_inner | epoch 001:   3800 / 22768 loss=0.450173, wps=1428.9, ups=0.83, wpb=1717.5, bsz=64, num_updates=3800, lr=2.08791e-06, gnorm=45.756, clip=100, train_wall=239, gb_free=19.9, wall=4755
2025-11-14 13:46:26 | INFO | train_inner | epoch 001:   4000 / 22768 loss=0.427311, wps=1423.6, ups=0.82, wpb=1726.1, bsz=64, num_updates=4000, lr=2.1978e-06, gnorm=42.042, clip=100, train_wall=241, gb_free=16.6, wall=4997
2025-11-14 13:50:31 | INFO | train_inner | epoch 001:   4200 / 22768 loss=0.441289, wps=1437.2, ups=0.82, wpb=1755.2, bsz=64, num_updates=4200, lr=2.30769e-06, gnorm=46.532, clip=100, train_wall=243, gb_free=19.3, wall=5241
2025-11-14 13:54:32 | INFO | train_inner | epoch 001:   4400 / 22768 loss=0.430654, wps=1437.4, ups=0.83, wpb=1737.6, bsz=64, num_updates=4400, lr=2.41758e-06, gnorm=41.821, clip=100, train_wall=241, gb_free=15.6, wall=5483
2025-11-14 13:58:38 | INFO | train_inner | epoch 001:   4600 / 22768 loss=0.438893, wps=1412.7, ups=0.81, wpb=1735.2, bsz=64, num_updates=4600, lr=2.52747e-06, gnorm=42.029, clip=100, train_wall=245, gb_free=19.9, wall=5729
2025-11-14 14:02:55 | INFO | train_inner | epoch 001:   4800 / 22768 loss=0.434907, wps=1346.6, ups=0.78, wpb=1732.9, bsz=64, num_updates=4800, lr=2.63736e-06, gnorm=42.502, clip=100, train_wall=257, gb_free=17.8, wall=5986
2025-11-14 14:06:57 | INFO | train_inner | epoch 001:   5000 / 22768 loss=0.414265, wps=1448.4, ups=0.83, wpb=1751.8, bsz=64, num_updates=5000, lr=2.74725e-06, gnorm=40.452, clip=100, train_wall=241, gb_free=19.5, wall=6228
2025-11-14 14:11:02 | INFO | train_inner | epoch 001:   5200 / 22768 loss=0.429246, wps=1437.6, ups=0.82, wpb=1755.7, bsz=64, num_updates=5200, lr=2.85714e-06, gnorm=41.496, clip=100, train_wall=243, gb_free=18.7, wall=6472
2025-11-14 14:15:05 | INFO | train_inner | epoch 001:   5400 / 22768 loss=0.424938, wps=1425.7, ups=0.82, wpb=1732.8, bsz=64, num_updates=5400, lr=2.96703e-06, gnorm=40.863, clip=100, train_wall=242, gb_free=19.9, wall=6715
2025-11-14 14:19:08 | INFO | train_inner | epoch 001:   5600 / 22768 loss=0.430527, wps=1423.3, ups=0.82, wpb=1731.7, bsz=64, num_updates=5600, lr=3.07692e-06, gnorm=39.334, clip=100, train_wall=242, gb_free=17.6, wall=6959
2025-11-14 14:23:12 | INFO | train_inner | epoch 001:   5800 / 22768 loss=0.417442, wps=1430.7, ups=0.82, wpb=1747.9, bsz=64, num_updates=5800, lr=3.18681e-06, gnorm=42.503, clip=100, train_wall=244, gb_free=19.7, wall=7203
2025-11-14 14:27:17 | INFO | train_inner | epoch 001:   6000 / 22768 loss=0.423329, wps=1435, ups=0.82, wpb=1752.7, bsz=64, num_updates=6000, lr=3.2967e-06, gnorm=38.457, clip=100, train_wall=243, gb_free=18.7, wall=7447
2025-11-14 14:31:19 | INFO | train_inner | epoch 001:   6200 / 22768 loss=0.411966, wps=1447, ups=0.83, wpb=1753.7, bsz=64, num_updates=6200, lr=3.40659e-06, gnorm=39.631, clip=100, train_wall=242, gb_free=19.1, wall=7690
2025-11-14 14:35:21 | INFO | train_inner | epoch 001:   6400 / 22768 loss=0.411347, wps=1442.6, ups=0.83, wpb=1742.9, bsz=64, num_updates=6400, lr=3.51648e-06, gnorm=41.633, clip=100, train_wall=241, gb_free=19.1, wall=7931
2025-11-14 14:39:23 | INFO | train_inner | epoch 001:   6600 / 22768 loss=0.415585, wps=1424.6, ups=0.82, wpb=1727.1, bsz=64, num_updates=6600, lr=3.62637e-06, gnorm=39.432, clip=100, train_wall=242, gb_free=19, wall=8174
2025-11-14 14:43:22 | INFO | train_inner | epoch 001:   6800 / 22768 loss=0.41708, wps=1449.1, ups=0.84, wpb=1730.2, bsz=64, num_updates=6800, lr=3.73626e-06, gnorm=40.842, clip=100, train_wall=238, gb_free=19.8, wall=8413
2025-11-14 14:47:23 | INFO | train_inner | epoch 001:   7000 / 22768 loss=0.418377, wps=1446.9, ups=0.83, wpb=1740.9, bsz=64, num_updates=7000, lr=3.84615e-06, gnorm=43.843, clip=100, train_wall=240, gb_free=19.7, wall=8653
2025-11-14 14:51:24 | INFO | train_inner | epoch 001:   7200 / 22768 loss=0.401165, wps=1441, ups=0.83, wpb=1739.3, bsz=64, num_updates=7200, lr=3.95604e-06, gnorm=42.686, clip=100, train_wall=241, gb_free=19, wall=8895
2025-11-14 14:55:26 | INFO | train_inner | epoch 001:   7400 / 22768 loss=0.396991, wps=1438.7, ups=0.83, wpb=1738.3, bsz=64, num_updates=7400, lr=4.06593e-06, gnorm=42.93, clip=100, train_wall=241, gb_free=19.2, wall=9136
2025-11-14 14:59:29 | INFO | train_inner | epoch 001:   7600 / 22768 loss=0.397698, wps=1442.8, ups=0.82, wpb=1754.8, bsz=64, num_updates=7600, lr=4.17582e-06, gnorm=40.361, clip=100, train_wall=242, gb_free=18.1, wall=9380
2025-11-14 15:03:31 | INFO | train_inner | epoch 001:   7800 / 22768 loss=0.406615, wps=1434.2, ups=0.83, wpb=1734.2, bsz=64, num_updates=7800, lr=4.28571e-06, gnorm=41.203, clip=100, train_wall=241, gb_free=18.3, wall=9621
2025-11-14 15:07:32 | INFO | train_inner | epoch 001:   8000 / 22768 loss=0.396706, wps=1442.6, ups=0.83, wpb=1740.8, bsz=64, num_updates=8000, lr=4.3956e-06, gnorm=40.744, clip=100, train_wall=241, gb_free=20, wall=9863
2025-11-14 15:11:34 | INFO | train_inner | epoch 001:   8200 / 22768 loss=0.404229, wps=1435.6, ups=0.83, wpb=1734.6, bsz=64, num_updates=8200, lr=4.50549e-06, gnorm=46.959, clip=100, train_wall=241, gb_free=18.7, wall=10104
2025-11-14 15:15:37 | INFO | train_inner | epoch 001:   8400 / 22768 loss=0.395484, wps=1437.7, ups=0.82, wpb=1751.2, bsz=64, num_updates=8400, lr=4.61538e-06, gnorm=42.864, clip=100, train_wall=243, gb_free=19.3, wall=10348
2025-11-14 15:19:42 | INFO | train_inner | epoch 001:   8600 / 22768 loss=0.382925, wps=1438.2, ups=0.82, wpb=1756.1, bsz=64, num_updates=8600, lr=4.72527e-06, gnorm=47.517, clip=100, train_wall=243, gb_free=20, wall=10592
2025-11-14 15:23:47 | INFO | train_inner | epoch 001:   8800 / 22768 loss=0.398412, wps=1415.8, ups=0.81, wpb=1738.4, bsz=64, num_updates=8800, lr=4.83516e-06, gnorm=41.855, clip=100, train_wall=245, gb_free=20.3, wall=10838
2025-11-14 15:27:48 | INFO | train_inner | epoch 001:   9000 / 22768 loss=0.385405, wps=1431.8, ups=0.83, wpb=1721.5, bsz=64, num_updates=9000, lr=4.94505e-06, gnorm=44.058, clip=100, train_wall=240, gb_free=20.3, wall=11078
2025-11-14 15:31:49 | INFO | train_inner | epoch 001:   9200 / 22768 loss=0.387486, wps=1444.1, ups=0.83, wpb=1739.2, bsz=64, num_updates=9200, lr=5.05495e-06, gnorm=40.532, clip=100, train_wall=240, gb_free=19.3, wall=11319
2025-11-14 15:35:50 | INFO | train_inner | epoch 001:   9400 / 22768 loss=0.390738, wps=1428.8, ups=0.83, wpb=1726.1, bsz=64, num_updates=9400, lr=5.16484e-06, gnorm=44.984, clip=100, train_wall=241, gb_free=20.5, wall=11561
2025-11-14 15:39:54 | INFO | train_inner | epoch 001:   9600 / 22768 loss=0.392013, wps=1446.1, ups=0.82, wpb=1759.4, bsz=64, num_updates=9600, lr=5.27473e-06, gnorm=43.785, clip=100, train_wall=242, gb_free=18.3, wall=11804
2025-11-14 15:43:55 | INFO | train_inner | epoch 001:   9800 / 22768 loss=0.380984, wps=1441.2, ups=0.83, wpb=1739.4, bsz=64, num_updates=9800, lr=5.38462e-06, gnorm=41.136, clip=100, train_wall=241, gb_free=19.9, wall=12046
2025-11-14 15:47:56 | INFO | train_inner | epoch 001:  10000 / 22768 loss=0.38366, wps=1458, ups=0.83, wpb=1754.6, bsz=64, num_updates=10000, lr=5.49451e-06, gnorm=43.315, clip=100, train_wall=240, gb_free=18.8, wall=12286
2025-11-14 15:51:58 | INFO | train_inner | epoch 001:  10200 / 22768 loss=0.384757, wps=1444, ups=0.82, wpb=1751.5, bsz=64, num_updates=10200, lr=5.6044e-06, gnorm=44.887, clip=100, train_wall=242, gb_free=18.5, wall=12529
2025-11-14 15:56:00 | INFO | train_inner | epoch 001:  10400 / 22768 loss=0.373316, wps=1447, ups=0.83, wpb=1744.7, bsz=64, num_updates=10400, lr=5.71429e-06, gnorm=41.691, clip=100, train_wall=240, gb_free=19.4, wall=12770
2025-11-14 16:00:01 | INFO | train_inner | epoch 001:  10600 / 22768 loss=0.371007, wps=1450.9, ups=0.83, wpb=1754.5, bsz=64, num_updates=10600, lr=5.82418e-06, gnorm=44.145, clip=100, train_wall=241, gb_free=18.4, wall=13012
2025-11-14 16:04:04 | INFO | train_inner | epoch 001:  10800 / 22768 loss=0.377991, wps=1439, ups=0.83, wpb=1743.8, bsz=64, num_updates=10800, lr=5.93407e-06, gnorm=44.415, clip=100, train_wall=242, gb_free=19.7, wall=13254
2025-11-14 16:08:05 | INFO | train_inner | epoch 001:  11000 / 22768 loss=0.365557, wps=1443.7, ups=0.83, wpb=1737.8, bsz=64, num_updates=11000, lr=6.04396e-06, gnorm=45.114, clip=100, train_wall=240, gb_free=19, wall=13495
2025-11-14 16:12:08 | INFO | train_inner | epoch 001:  11200 / 22768 loss=0.373621, wps=1430.8, ups=0.82, wpb=1744.6, bsz=64, num_updates=11200, lr=6.15385e-06, gnorm=45.758, clip=100, train_wall=243, gb_free=19.7, wall=13739
2025-11-14 16:16:11 | INFO | train_inner | epoch 001:  11400 / 22768 loss=0.3733, wps=1445.6, ups=0.82, wpb=1753.8, bsz=64, num_updates=11400, lr=6.26374e-06, gnorm=44.416, clip=100, train_wall=242, gb_free=20.1, wall=13982
2025-11-14 16:20:11 | INFO | train_inner | epoch 001:  11600 / 22768 loss=0.373996, wps=1431.3, ups=0.83, wpb=1714.5, bsz=64, num_updates=11600, lr=6.37363e-06, gnorm=43.914, clip=100, train_wall=239, gb_free=19.1, wall=14221
2025-11-14 16:24:18 | INFO | train_inner | epoch 001:  11800 / 22768 loss=0.364924, wps=1411.3, ups=0.81, wpb=1745.8, bsz=64, num_updates=11800, lr=6.48352e-06, gnorm=46.24, clip=100, train_wall=247, gb_free=19.5, wall=14469
2025-11-14 16:28:18 | INFO | train_inner | epoch 001:  12000 / 22768 loss=0.365691, wps=1445, ups=0.83, wpb=1733.9, bsz=64, num_updates=12000, lr=6.59341e-06, gnorm=46.746, clip=100, train_wall=239, gb_free=19.3, wall=14709
2025-11-14 16:32:20 | INFO | train_inner | epoch 001:  12200 / 22768 loss=0.356346, wps=1433.7, ups=0.83, wpb=1734, bsz=64, num_updates=12200, lr=6.7033e-06, gnorm=45.217, clip=100, train_wall=241, gb_free=12.6, wall=14950
2025-11-14 16:36:20 | INFO | train_inner | epoch 001:  12400 / 22768 loss=0.373403, wps=1447.3, ups=0.83, wpb=1738.4, bsz=64, num_updates=12400, lr=6.81319e-06, gnorm=46.67, clip=100, train_wall=239, gb_free=19.8, wall=15191
2025-11-14 16:40:24 | INFO | train_inner | epoch 001:  12600 / 22768 loss=0.355155, wps=1435.5, ups=0.82, wpb=1748.4, bsz=64, num_updates=12600, lr=6.92308e-06, gnorm=45.008, clip=100, train_wall=243, gb_free=19.6, wall=15434
2025-11-14 16:44:29 | INFO | train_inner | epoch 001:  12800 / 22768 loss=0.360734, wps=1435.7, ups=0.82, wpb=1759.7, bsz=64, num_updates=12800, lr=7.03297e-06, gnorm=44.128, clip=100, train_wall=244, gb_free=12.6, wall=15679
2025-11-14 16:48:32 | INFO | train_inner | epoch 001:  13000 / 22768 loss=0.357875, wps=1434.7, ups=0.82, wpb=1746, bsz=64, num_updates=13000, lr=7.14286e-06, gnorm=41.008, clip=100, train_wall=243, gb_free=19.4, wall=15923
2025-11-14 16:52:36 | INFO | train_inner | epoch 001:  13200 / 22768 loss=0.359224, wps=1427.3, ups=0.82, wpb=1738.4, bsz=64, num_updates=13200, lr=7.25275e-06, gnorm=46.626, clip=100, train_wall=243, gb_free=19.9, wall=16166
2025-11-14 16:56:49 | INFO | train_inner | epoch 001:  13400 / 22768 loss=0.351501, wps=1370.2, ups=0.79, wpb=1735.1, bsz=64, num_updates=13400, lr=7.36264e-06, gnorm=43.321, clip=100, train_wall=252, gb_free=18.4, wall=16420
2025-11-14 17:00:58 | INFO | train_inner | epoch 001:  13600 / 22768 loss=0.349612, wps=1398.8, ups=0.8, wpb=1743.5, bsz=64, num_updates=13600, lr=7.47253e-06, gnorm=43.476, clip=100, train_wall=248, gb_free=19.7, wall=16669
2025-11-14 17:05:03 | INFO | train_inner | epoch 001:  13800 / 22768 loss=0.358217, wps=1425, ups=0.82, wpb=1743.5, bsz=64, num_updates=13800, lr=7.58242e-06, gnorm=45.09, clip=100, train_wall=244, gb_free=19.8, wall=16914
2025-11-14 17:09:11 | INFO | train_inner | epoch 001:  14000 / 22768 loss=0.35018, wps=1410, ups=0.81, wpb=1746.6, bsz=64, num_updates=14000, lr=7.69231e-06, gnorm=43.717, clip=100, train_wall=247, gb_free=19.8, wall=17161
2025-11-14 17:13:17 | INFO | train_inner | epoch 001:  14200 / 22768 loss=0.351029, wps=1431.3, ups=0.81, wpb=1759.3, bsz=64, num_updates=14200, lr=7.8022e-06, gnorm=40.739, clip=100, train_wall=245, gb_free=19.6, wall=17407
2025-11-14 17:17:23 | INFO | train_inner | epoch 001:  14400 / 22768 loss=0.355428, wps=1416.2, ups=0.81, wpb=1745.9, bsz=64, num_updates=14400, lr=7.91209e-06, gnorm=44.309, clip=100, train_wall=245, gb_free=17.8, wall=17654
2025-11-14 17:21:30 | INFO | train_inner | epoch 001:  14600 / 22768 loss=0.356316, wps=1429.7, ups=0.81, wpb=1764.2, bsz=64, num_updates=14600, lr=8.02198e-06, gnorm=43.494, clip=100, train_wall=246, gb_free=19.5, wall=17901
2025-11-14 17:25:40 | INFO | train_inner | epoch 001:  14800 / 22768 loss=0.34445, wps=1405.7, ups=0.8, wpb=1755, bsz=64, num_updates=14800, lr=8.13187e-06, gnorm=46.128, clip=100, train_wall=249, gb_free=18.4, wall=18150
2025-11-14 17:29:48 | INFO | train_inner | epoch 001:  15000 / 22768 loss=0.339657, wps=1405.6, ups=0.81, wpb=1743.3, bsz=64, num_updates=15000, lr=8.24176e-06, gnorm=42.544, clip=100, train_wall=246, gb_free=19, wall=18398
2025-11-14 17:33:51 | INFO | train_inner | epoch 001:  15200 / 22768 loss=0.336541, wps=1410.4, ups=0.82, wpb=1714.4, bsz=64, num_updates=15200, lr=8.35165e-06, gnorm=44.446, clip=100, train_wall=242, gb_free=12.6, wall=18641
2025-11-14 17:37:57 | INFO | train_inner | epoch 001:  15400 / 22768 loss=0.32719, wps=1412.7, ups=0.81, wpb=1741.6, bsz=64, num_updates=15400, lr=8.46154e-06, gnorm=42.046, clip=100, train_wall=246, gb_free=19.3, wall=18888
2025-11-14 17:42:10 | INFO | train_inner | epoch 001:  15600 / 22768 loss=0.337319, wps=1380, ups=0.79, wpb=1741.5, bsz=64, num_updates=15600, lr=8.57143e-06, gnorm=42.294, clip=100, train_wall=251, gb_free=18.9, wall=19141
2025-11-14 17:46:20 | INFO | train_inner | epoch 001:  15800 / 22768 loss=0.338252, wps=1405.9, ups=0.8, wpb=1755.6, bsz=64, num_updates=15800, lr=8.68132e-06, gnorm=46.832, clip=100, train_wall=249, gb_free=20.1, wall=19390
2025-11-14 17:50:24 | INFO | train_inner | epoch 001:  16000 / 22768 loss=0.328341, wps=1423.9, ups=0.82, wpb=1736.2, bsz=64, num_updates=16000, lr=8.79121e-06, gnorm=44.299, clip=100, train_wall=243, gb_free=19.1, wall=19634
2025-11-14 17:54:29 | INFO | train_inner | epoch 001:  16200 / 22768 loss=0.332226, wps=1422.1, ups=0.81, wpb=1748, bsz=64, num_updates=16200, lr=8.9011e-06, gnorm=46.871, clip=100, train_wall=245, gb_free=18.9, wall=19880
2025-11-14 17:58:39 | INFO | train_inner | epoch 001:  16400 / 22768 loss=0.321059, wps=1397.9, ups=0.8, wpb=1746.5, bsz=64, num_updates=16400, lr=9.01099e-06, gnorm=43.778, clip=100, train_wall=249, gb_free=19.6, wall=20130
2025-11-14 18:02:47 | INFO | train_inner | epoch 001:  16600 / 22768 loss=0.334963, wps=1387.1, ups=0.81, wpb=1715, bsz=64, num_updates=16600, lr=9.12088e-06, gnorm=45.572, clip=100, train_wall=246, gb_free=20.2, wall=20377
2025-11-14 18:06:50 | INFO | train_inner | epoch 001:  16800 / 22768 loss=0.32618, wps=1422.3, ups=0.82, wpb=1734.4, bsz=64, num_updates=16800, lr=9.23077e-06, gnorm=44.74, clip=100, train_wall=243, gb_free=19.2, wall=20621
2025-11-14 18:10:55 | INFO | train_inner | epoch 001:  17000 / 22768 loss=0.32093, wps=1428.3, ups=0.82, wpb=1746.8, bsz=64, num_updates=17000, lr=9.34066e-06, gnorm=46.951, clip=100, train_wall=244, gb_free=18.8, wall=20866
2025-11-14 18:15:01 | INFO | train_inner | epoch 001:  17200 / 22768 loss=0.329253, wps=1426.4, ups=0.81, wpb=1757, bsz=64, num_updates=17200, lr=9.45055e-06, gnorm=44.311, clip=100, train_wall=245, gb_free=18.1, wall=21112
2025-11-14 18:19:07 | INFO | train_inner | epoch 001:  17400 / 22768 loss=0.323858, wps=1418.8, ups=0.82, wpb=1740, bsz=64, num_updates=17400, lr=9.56044e-06, gnorm=45.119, clip=100, train_wall=244, gb_free=19.6, wall=21357
2025-11-14 18:23:15 | INFO | train_inner | epoch 001:  17600 / 22768 loss=0.31964, wps=1416.7, ups=0.81, wpb=1759.3, bsz=64, num_updates=17600, lr=9.67033e-06, gnorm=46.032, clip=100, train_wall=248, gb_free=19.8, wall=21606
2025-11-14 18:27:26 | INFO | train_inner | epoch 001:  17800 / 22768 loss=0.313595, wps=1378, ups=0.8, wpb=1732.5, bsz=64, num_updates=17800, lr=9.78022e-06, gnorm=44.125, clip=100, train_wall=251, gb_free=19.1, wall=21857
2025-11-14 18:31:33 | INFO | train_inner | epoch 001:  18000 / 22768 loss=0.311374, wps=1399.3, ups=0.81, wpb=1722.3, bsz=64, num_updates=18000, lr=9.89011e-06, gnorm=47.419, clip=100, train_wall=245, gb_free=19.8, wall=22103
2025-11-14 18:35:35 | INFO | train_inner | epoch 001:  18200 / 22768 loss=0.311532, wps=1436.7, ups=0.82, wpb=1742.5, bsz=64, num_updates=18200, lr=1e-05, gnorm=46.099, clip=100, train_wall=242, gb_free=19.6, wall=22346
2025-11-14 18:39:41 | INFO | train_inner | epoch 001:  18400 / 22768 loss=0.313426, wps=1423.5, ups=0.81, wpb=1749.6, bsz=64, num_updates=18400, lr=1.01099e-05, gnorm=46.161, clip=100, train_wall=245, gb_free=19.7, wall=22592
2025-11-14 18:43:47 | INFO | train_inner | epoch 001:  18600 / 22768 loss=0.325054, wps=1420.1, ups=0.81, wpb=1743.4, bsz=64, num_updates=18600, lr=1.02198e-05, gnorm=44.75, clip=100, train_wall=245, gb_free=18.1, wall=22837
2025-11-14 18:47:53 | INFO | train_inner | epoch 001:  18800 / 22768 loss=0.310144, wps=1415, ups=0.81, wpb=1740, bsz=64, num_updates=18800, lr=1.03297e-05, gnorm=44.738, clip=100, train_wall=245, gb_free=16.5, wall=23083
2025-11-14 18:51:58 | INFO | train_inner | epoch 001:  19000 / 22768 loss=0.312786, wps=1414.6, ups=0.81, wpb=1736.3, bsz=64, num_updates=19000, lr=1.04396e-05, gnorm=43.648, clip=100, train_wall=245, gb_free=19.6, wall=23329
2025-11-14 18:56:02 | INFO | train_inner | epoch 001:  19200 / 22768 loss=0.303963, wps=1423.2, ups=0.82, wpb=1735.6, bsz=64, num_updates=19200, lr=1.05495e-05, gnorm=43.683, clip=100, train_wall=243, gb_free=19.2, wall=23573
2025-11-14 19:00:10 | INFO | train_inner | epoch 001:  19400 / 22768 loss=0.29881, wps=1401, ups=0.81, wpb=1737.3, bsz=64, num_updates=19400, lr=1.06593e-05, gnorm=44.849, clip=100, train_wall=247, gb_free=19.9, wall=23821
2025-11-14 19:04:20 | INFO | train_inner | epoch 001:  19600 / 22768 loss=0.30694, wps=1393.9, ups=0.8, wpb=1745.4, bsz=64, num_updates=19600, lr=1.07692e-05, gnorm=44.305, clip=100, train_wall=250, gb_free=18, wall=24071
2025-11-14 19:08:30 | INFO | train_inner | epoch 001:  19800 / 22768 loss=0.304456, wps=1397.8, ups=0.8, wpb=1742, bsz=64, num_updates=19800, lr=1.08791e-05, gnorm=46.29, clip=100, train_wall=248, gb_free=18.9, wall=24320
2025-11-14 19:12:40 | INFO | train_inner | epoch 001:  20000 / 22768 loss=0.294735, wps=1398.8, ups=0.8, wpb=1751, bsz=64, num_updates=20000, lr=1.0989e-05, gnorm=43.925, clip=100, train_wall=249, gb_free=20, wall=24571
2025-11-14 19:16:46 | INFO | train_inner | epoch 001:  20200 / 22768 loss=0.307338, wps=1416.6, ups=0.81, wpb=1742.9, bsz=64, num_updates=20200, lr=1.10989e-05, gnorm=50.382, clip=100, train_wall=245, gb_free=19.6, wall=24817
2025-11-14 19:20:50 | INFO | train_inner | epoch 001:  20400 / 22768 loss=0.299999, wps=1421.6, ups=0.82, wpb=1734.3, bsz=64, num_updates=20400, lr=1.12088e-05, gnorm=44.539, clip=100, train_wall=243, gb_free=18.9, wall=25061
2025-11-14 19:24:58 | INFO | train_inner | epoch 001:  20600 / 22768 loss=0.299203, wps=1418.5, ups=0.81, wpb=1756.2, bsz=64, num_updates=20600, lr=1.13187e-05, gnorm=45.165, clip=100, train_wall=247, gb_free=19.7, wall=25308
2025-11-14 19:29:07 | INFO | train_inner | epoch 001:  20800 / 22768 loss=0.29596, wps=1400, ups=0.8, wpb=1743.5, bsz=64, num_updates=20800, lr=1.14286e-05, gnorm=45.089, clip=100, train_wall=248, gb_free=16.2, wall=25557
2025-11-14 19:33:12 | INFO | train_inner | epoch 001:  21000 / 22768 loss=0.281607, wps=1421.1, ups=0.81, wpb=1745.4, bsz=64, num_updates=21000, lr=1.15385e-05, gnorm=46.159, clip=100, train_wall=245, gb_free=19.3, wall=25803
2025-11-14 19:37:21 | INFO | train_inner | epoch 001:  21200 / 22768 loss=0.296486, wps=1410.4, ups=0.8, wpb=1754.9, bsz=64, num_updates=21200, lr=1.16484e-05, gnorm=46.718, clip=100, train_wall=248, gb_free=18.8, wall=26052
2025-11-14 19:41:27 | INFO | train_inner | epoch 001:  21400 / 22768 loss=0.289862, wps=1423.9, ups=0.82, wpb=1746.3, bsz=64, num_updates=21400, lr=1.17582e-05, gnorm=46.567, clip=100, train_wall=244, gb_free=17.1, wall=26297
2025-11-14 19:45:32 | INFO | train_inner | epoch 001:  21600 / 22768 loss=0.286256, wps=1421.1, ups=0.82, wpb=1741.3, bsz=64, num_updates=21600, lr=1.18681e-05, gnorm=45.762, clip=100, train_wall=244, gb_free=18, wall=26542
2025-11-14 19:49:41 | INFO | train_inner | epoch 001:  21800 / 22768 loss=0.289848, wps=1381.8, ups=0.8, wpb=1726.5, bsz=64, num_updates=21800, lr=1.1978e-05, gnorm=47.378, clip=100, train_wall=249, gb_free=19.1, wall=26792
2025-11-14 19:53:54 | INFO | train_inner | epoch 001:  22000 / 22768 loss=0.287731, wps=1384.2, ups=0.79, wpb=1748.3, bsz=64, num_updates=22000, lr=1.20879e-05, gnorm=45.214, clip=100, train_wall=251, gb_free=19.3, wall=27045
2025-11-14 19:58:06 | INFO | train_inner | epoch 001:  22200 / 22768 loss=0.270324, wps=1383, ups=0.79, wpb=1744.8, bsz=64, num_updates=22200, lr=1.21978e-05, gnorm=44.907, clip=100, train_wall=251, gb_free=17.2, wall=27297
2025-11-14 20:02:12 | INFO | train_inner | epoch 001:  22400 / 22768 loss=0.287909, wps=1410.7, ups=0.81, wpb=1732.6, bsz=64, num_updates=22400, lr=1.23077e-05, gnorm=45.392, clip=100, train_wall=245, gb_free=19.9, wall=27543
2025-11-14 20:06:20 | INFO | train_inner | epoch 001:  22600 / 22768 loss=0.287708, wps=1403.4, ups=0.81, wpb=1739.4, bsz=64, num_updates=22600, lr=1.24176e-05, gnorm=44.199, clip=100, train_wall=247, gb_free=18.1, wall=27791

================================================================================

================================================================================

================================================================================[TIMEOUT] Batch stuck for 900s at update 22767

[TIMEOUT] Batch stuck for 900s at update 22767[TIMEOUT] Sample index: 0/1

[TIMEOUT] Sample index: 0/1
[TIMEOUT] No pdb_id field found[TIMEOUT] Batch stuck for 900s at update 22767
[TIMEOUT] No pdb_id field found
[TIMEOUT] Will skip this batch and continue training
[TIMEOUT] Sample index: 0/1
[TIMEOUT] Will skip this batch and continue training
================================================================================


[TIMEOUT] No pdb_id field found================================================================================


[TIMEOUT] Will skip this batch and continue training
================================================================================


================================================================================

================================================================================[TIMEOUT] Batch stuck for 900s at update 22767


================================================================================[TIMEOUT] Batch stuck for 900s at update 22767

[TIMEOUT] Sample index: 0/1[TIMEOUT] Sample index: 0/1

[TIMEOUT] No pdb_id field found[TIMEOUT] No pdb_id field found

[TIMEOUT] Batch stuck for 900s at update 22767[TIMEOUT] Will skip this batch and continue training[TIMEOUT] Will skip this batch and continue training


[TIMEOUT] Sample index: 0/1================================================================================
================================================================================



[TIMEOUT] No pdb_id field found
[TIMEOUT] Will skip this batch and continue training
================================================================================

